24-Apr-20 23:02:12.586126 | DEBUG    | MAIN LOGGER                    | Config logger                                                                   
24-Apr-20 23:02:12.587130 | DEBUG    | MAIN LOGGER                    | IN create_and_config_files_and_folders()                                        
24-Apr-20 23:02:12.587130 | DEBUG    | MAIN LOGGER                    | get_default_folder_projects_dirpath() -> str: C:/Users/hayar/OneDrive/Документы\AutoExecDoc Projects
24-Apr-20 23:02:12.588137 | DEBUG    | MAIN LOGGER                    | IN create_and_config_db_settings()                                              
24-Apr-20 23:02:12.588137 | DEBUG    | MAIN LOGGER                    | get_db_settings_dirpath() -> str: d:\work\project\AutoExecDoc\db\settings.db    
24-Apr-20 23:02:12.625138 | DEBUG    | MAIN LOGGER                    | IN config_controllers()                                                         
24-Apr-20 23:02:12.625138 | DEBUG    | MAIN LOGGER                    | IN connect_statusbar(statusbar)                                                 
24-Apr-20 23:02:12.626140 | DEBUG    | MAIN LOGGER                    | set_message_for_statusbar(Проект не открыт)                                     
24-Apr-20 23:02:12.626140 | DEBUG    | MAIN LOGGER                    | IN connect_structureexecdoc(tr_sed, title_sed)                                  
24-Apr-20 23:02:12.627138 | DEBUG    | MAIN LOGGER                    | IN clear_tr_sed()                                                               
24-Apr-20 23:02:12.628138 | DEBUG    | MAIN LOGGER                    | IN connect_pages_template(lw_pt)                                                
24-Apr-20 23:02:12.628138 | DEBUG    | MAIN LOGGER                    | IN connect_inputforms(sa_if, sa_ifl)                                            
24-Apr-20 23:02:12.629140 | DEBUG    | MAIN LOGGER                    | IN connecting_actions()                                                         
24-Apr-20 23:02:13.682027 | DEBUG    | MAIN LOGGER                    | IN new_project()                                                                
24-Apr-20 23:02:13.682027 | DEBUG    | MAIN LOGGER                    | IN select_folder_for_new_project() -> str                                       
24-Apr-20 23:02:13.682027 | DEBUG    | MAIN LOGGER                    | get_default_folder_projects_dirpath() -> str: C:/Users/hayar/OneDrive/Документы\AutoExecDoc Projects
24-Apr-20 23:02:25.254527 | DEBUG    | MAIN LOGGER                    | select_folder_for_new_project() -> C:/Users/hayar/OneDrive/Документы/AutoExecDoc Projects/Привет Андрей
24-Apr-20 23:02:25.255529 | DEBUG    | MAIN LOGGER                    | IN set_project_dirpaths(folder_path: str): folder_path = C:/Users/hayar/OneDrive/Документы/AutoExecDoc Projects/Привет Андрей
24-Apr-20 23:02:25.255529 | DEBUG    | MAIN LOGGER                    | set_project_dirpath(dirpath: str): dirpath = C:/Users/hayar/OneDrive/Документы/AutoExecDoc Projects/Привет Андрей
24-Apr-20 23:02:25.255529 | DEBUG    | MAIN LOGGER                    | get_project_dirpath() -> str: C:/Users/hayar/OneDrive/Документы/AutoExecDoc Projects/Привет Андрей
24-Apr-20 23:02:25.256529 | DEBUG    | MAIN LOGGER                    | set_db_project_dirpath(dirpath: str): dirpath = C:/Users/hayar/OneDrive/Документы/AutoExecDoc Projects/Привет Андрей\project.db
24-Apr-20 23:02:25.256529 | DEBUG    | MAIN LOGGER                    | IN config_new_project()                                                         
24-Apr-20 23:02:25.256529 | DEBUG    | MAIN LOGGER                    | get_project_dirpath() -> str: C:/Users/hayar/OneDrive/Документы/AutoExecDoc Projects/Привет Андрей
24-Apr-20 23:02:25.256529 | DEBUG    | MAIN LOGGER                    | IN add_new_project_to_db()                                                      
24-Apr-20 23:02:25.257529 | DEBUG    | MAIN LOGGER                    | get_db_settings_dirpath() -> str: d:\work\project\AutoExecDoc\db\settings.db    
24-Apr-20 23:02:25.258529 | DEBUG    | MAIN LOGGER                    | get_project_dirpath() -> str: C:/Users/hayar/OneDrive/Документы/AutoExecDoc Projects/Привет Андрей
24-Apr-20 23:02:25.259531 | DEBUG    | MAIN LOGGER                    | get_project_dirpath() -> str: C:/Users/hayar/OneDrive/Документы/AutoExecDoc Projects/Привет Андрей
24-Apr-20 23:02:25.263529 | DEBUG    | MAIN LOGGER                    | IN create_and_config_db_project()                                               
24-Apr-20 23:02:25.264530 | DEBUG    | MAIN LOGGER                    | get_db_project_dirpath() -> str: C:/Users/hayar/OneDrive/Документы/AutoExecDoc Projects/Привет Андрей\project.db
24-Apr-20 23:02:25.264530 | DEBUG    | MAIN LOGGER                    | IN add_tables_and_datas_to_empty_db_project()                                   
24-Apr-20 23:02:25.265533 | DEBUG    | MAIN LOGGER                    | get_db_project_dirpath() -> str: C:/Users/hayar/OneDrive/Документы/AutoExecDoc Projects/Привет Андрей\project.db
24-Apr-20 23:02:25.272533 | DEBUG    | MAIN LOGGER                    | IN update_structure_exec_doc()                                                  
24-Apr-20 23:02:25.273534 | DEBUG    | MAIN LOGGER                    | IN clear_tr_sed()                                                               
24-Apr-20 23:02:25.274533 | DEBUG    | MAIN LOGGER                    | get_current_name() -> str: Привет Андрей                                        
24-Apr-20 23:02:25.275534 | DEBUG    | MAIN LOGGER                    | IN get_project_node()                                                           
24-Apr-20 23:02:25.275534 | DEBUG    | MAIN LOGGER                    | get_db_project_dirpath() -> str: C:/Users/hayar/OneDrive/Документы/AutoExecDoc Projects/Привет Андрей\project.db
24-Apr-20 23:02:25.277533 | DEBUG    | MAIN LOGGER                    | IN dfs(parent_node): parent_node = {'id_node': 0, 'name_node': 'Проект', 'id_parent': None, 'order_node': '0', 'type_node': 'PROJECT', 'template_name': None, 'folder_form': None, 'name_json': 'project', 'included': None}
24-Apr-20 23:02:25.278531 | DEBUG    | MAIN LOGGER                    | IN get_childs({'id_node': 0, 'name_node': 'Проект', 'id_parent': None, 'order_node': '0', 'type_node': 'PROJECT', 'template_name': None, 'folder_form': None, 'name_json': 'project', 'included': None}: int) 
24-Apr-20 23:02:25.279534 | DEBUG    | MAIN LOGGER                    | get_db_project_dirpath() -> str: C:/Users/hayar/OneDrive/Документы/AutoExecDoc Projects/Привет Андрей\project.db
24-Apr-20 23:02:25.280535 | DEBUG    | MAIN LOGGER                    | IN set_item_in_nodes_to_items(node): node = {'id_node': 10, 'name_node': 'Титульный лист', 'id_parent': 0, 'order_node': '1', 'type_node': 'FORM', 'template_name': 'main', 'folder_form': '1-ТЛ', 'name_json': '1-ТЛ', 'included': '1'}
24-Apr-20 23:02:25.281534 | DEBUG    | MAIN LOGGER                    | IN set_state_included_for_childs(node, state): node = {'id_node': 10, 'name_node': 'Титульный лист', 'id_parent': 0, 'order_node': '1', 'type_node': 'FORM', 'template_name': 'main', 'folder_form': '1-ТЛ', 'name_json': '1-ТЛ', 'included': '1'}, state = False
24-Apr-20 23:02:25.282535 | DEBUG    | MAIN LOGGER                    | set_included_for_node(node, state): node = {'id_node': 10, 'name_node': 'Титульный лист', 'id_parent': 0, 'order_node': '1', 'type_node': 'FORM', 'template_name': 'main', 'folder_form': '1-ТЛ', 'name_json': '1-ТЛ', 'included': '1'}, state = False
24-Apr-20 23:02:25.282535 | DEBUG    | MAIN LOGGER                    | get_db_project_dirpath() -> str: C:/Users/hayar/OneDrive/Документы/AutoExecDoc Projects/Привет Андрей\project.db
24-Apr-20 23:02:25.286534 | DEBUG    | MAIN LOGGER                    | IN set_state_included_for_childs(node, state): node = {'id_node': 10, 'name_node': 'Титульный лист', 'id_parent': 0, 'order_node': '1', 'type_node': 'FORM', 'template_name': 'main', 'folder_form': '1-ТЛ', 'name_json': '1-ТЛ', 'included': '1'}, state = True
24-Apr-20 23:02:25.287533 | DEBUG    | MAIN LOGGER                    | set_included_for_node(node, state): node = {'id_node': 10, 'name_node': 'Титульный лист', 'id_parent': 0, 'order_node': '1', 'type_node': 'FORM', 'template_name': 'main', 'folder_form': '1-ТЛ', 'name_json': '1-ТЛ', 'included': '1'}, state = True
24-Apr-20 23:02:25.288535 | DEBUG    | MAIN LOGGER                    | get_db_project_dirpath() -> str: C:/Users/hayar/OneDrive/Документы/AutoExecDoc Projects/Привет Андрей\project.db
24-Apr-20 23:02:25.293539 | DEBUG    | MAIN LOGGER                    | IN dfs(parent_node): parent_node = {'id_node': 10, 'name_node': 'Титульный лист', 'id_parent': 0, 'order_node': '1', 'type_node': 'FORM', 'template_name': 'main', 'folder_form': '1-ТЛ', 'name_json': '1-ТЛ', 'included': '1'}
24-Apr-20 23:02:25.294540 | DEBUG    | MAIN LOGGER                    | IN get_childs({'id_node': 10, 'name_node': 'Титульный лист', 'id_parent': 0, 'order_node': '1', 'type_node': 'FORM', 'template_name': 'main', 'folder_form': '1-ТЛ', 'name_json': '1-ТЛ', 'included': '1'}: int) 
24-Apr-20 23:02:25.295539 | DEBUG    | MAIN LOGGER                    | get_db_project_dirpath() -> str: C:/Users/hayar/OneDrive/Документы/AutoExecDoc Projects/Привет Андрей\project.db
24-Apr-20 23:02:25.297536 | DEBUG    | MAIN LOGGER                    | IN set_item_in_nodes_to_items(node): node = {'id_node': 11, 'name_node': 'Реестр документации', 'id_parent': 0, 'order_node': '2', 'type_node': 'FORM', 'template_name': 'main', 'folder_form': '2-РД', 'name_json': None, 'included': '1'}
24-Apr-20 23:02:25.298541 | DEBUG    | MAIN LOGGER                    | IN set_state_included_for_childs(node, state): node = {'id_node': 11, 'name_node': 'Реестр документации', 'id_parent': 0, 'order_node': '2', 'type_node': 'FORM', 'template_name': 'main', 'folder_form': '2-РД', 'name_json': None, 'included': '1'}, state = False
24-Apr-20 23:02:25.298541 | DEBUG    | MAIN LOGGER                    | set_included_for_node(node, state): node = {'id_node': 11, 'name_node': 'Реестр документации', 'id_parent': 0, 'order_node': '2', 'type_node': 'FORM', 'template_name': 'main', 'folder_form': '2-РД', 'name_json': None, 'included': '1'}, state = False
24-Apr-20 23:02:25.299541 | DEBUG    | MAIN LOGGER                    | get_db_project_dirpath() -> str: C:/Users/hayar/OneDrive/Документы/AutoExecDoc Projects/Привет Андрей\project.db
24-Apr-20 23:02:25.304537 | DEBUG    | MAIN LOGGER                    | IN set_state_included_for_childs(node, state): node = {'id_node': 11, 'name_node': 'Реестр документации', 'id_parent': 0, 'order_node': '2', 'type_node': 'FORM', 'template_name': 'main', 'folder_form': '2-РД', 'name_json': None, 'included': '1'}, state = True
24-Apr-20 23:02:25.305540 | DEBUG    | MAIN LOGGER                    | set_included_for_node(node, state): node = {'id_node': 11, 'name_node': 'Реестр документации', 'id_parent': 0, 'order_node': '2', 'type_node': 'FORM', 'template_name': 'main', 'folder_form': '2-РД', 'name_json': None, 'included': '1'}, state = True
24-Apr-20 23:02:25.305540 | DEBUG    | MAIN LOGGER                    | get_db_project_dirpath() -> str: C:/Users/hayar/OneDrive/Документы/AutoExecDoc Projects/Привет Андрей\project.db
24-Apr-20 23:02:25.311540 | DEBUG    | MAIN LOGGER                    | IN dfs(parent_node): parent_node = {'id_node': 11, 'name_node': 'Реестр документации', 'id_parent': 0, 'order_node': '2', 'type_node': 'FORM', 'template_name': 'main', 'folder_form': '2-РД', 'name_json': None, 'included': '1'}
24-Apr-20 23:02:25.312542 | DEBUG    | MAIN LOGGER                    | IN get_childs({'id_node': 11, 'name_node': 'Реестр документации', 'id_parent': 0, 'order_node': '2', 'type_node': 'FORM', 'template_name': 'main', 'folder_form': '2-РД', 'name_json': None, 'included': '1'}: int) 
24-Apr-20 23:02:25.312542 | DEBUG    | MAIN LOGGER                    | get_db_project_dirpath() -> str: C:/Users/hayar/OneDrive/Документы/AutoExecDoc Projects/Привет Андрей\project.db
24-Apr-20 23:02:25.314540 | DEBUG    | MAIN LOGGER                    | IN set_item_in_nodes_to_items(node): node = {'id_node': 12, 'name_node': 'Паспорт трассы', 'id_parent': 0, 'order_node': '3', 'type_node': 'GROUP', 'template_name': None, 'folder_form': None, 'name_json': None, 'included': '1'}
24-Apr-20 23:02:25.315542 | DEBUG    | MAIN LOGGER                    | IN set_state_included_for_childs(node, state): node = {'id_node': 12, 'name_node': 'Паспорт трассы', 'id_parent': 0, 'order_node': '3', 'type_node': 'GROUP', 'template_name': None, 'folder_form': None, 'name_json': None, 'included': '1'}, state = False
24-Apr-20 23:02:25.316544 | DEBUG    | MAIN LOGGER                    | set_included_for_node(node, state): node = {'id_node': 12, 'name_node': 'Паспорт трассы', 'id_parent': 0, 'order_node': '3', 'type_node': 'GROUP', 'template_name': None, 'folder_form': None, 'name_json': None, 'included': '1'}, state = False
24-Apr-20 23:02:25.316544 | DEBUG    | MAIN LOGGER                    | get_db_project_dirpath() -> str: C:/Users/hayar/OneDrive/Документы/AutoExecDoc Projects/Привет Андрей\project.db
24-Apr-20 23:02:25.321542 | DEBUG    | MAIN LOGGER                    | IN set_state_included_for_childs(node, state): node = {'id_node': 12, 'name_node': 'Паспорт трассы', 'id_parent': 0, 'order_node': '3', 'type_node': 'GROUP', 'template_name': None, 'folder_form': None, 'name_json': None, 'included': '1'}, state = True
24-Apr-20 23:02:25.322769 | DEBUG    | MAIN LOGGER                    | set_included_for_node(node, state): node = {'id_node': 12, 'name_node': 'Паспорт трассы', 'id_parent': 0, 'order_node': '3', 'type_node': 'GROUP', 'template_name': None, 'folder_form': None, 'name_json': None, 'included': '1'}, state = True
24-Apr-20 23:02:25.323765 | DEBUG    | MAIN LOGGER                    | get_db_project_dirpath() -> str: C:/Users/hayar/OneDrive/Документы/AutoExecDoc Projects/Привет Андрей\project.db
24-Apr-20 23:02:25.328765 | DEBUG    | MAIN LOGGER                    | IN dfs(parent_node): parent_node = {'id_node': 12, 'name_node': 'Паспорт трассы', 'id_parent': 0, 'order_node': '3', 'type_node': 'GROUP', 'template_name': None, 'folder_form': None, 'name_json': None, 'included': '1'}
24-Apr-20 23:02:25.328765 | DEBUG    | MAIN LOGGER                    | IN get_childs({'id_node': 12, 'name_node': 'Паспорт трассы', 'id_parent': 0, 'order_node': '3', 'type_node': 'GROUP', 'template_name': None, 'folder_form': None, 'name_json': None, 'included': '1'}: int) 
24-Apr-20 23:02:25.329767 | DEBUG    | MAIN LOGGER                    | get_db_project_dirpath() -> str: C:/Users/hayar/OneDrive/Документы/AutoExecDoc Projects/Привет Андрей\project.db
24-Apr-20 23:02:25.331767 | DEBUG    | MAIN LOGGER                    | IN set_item_in_nodes_to_items(node): node = {'id_node': 1201, 'name_node': 'ПТ-1', 'id_parent': 12, 'order_node': '1', 'type_node': 'FORM', 'template_name': 'main', 'folder_form': '3-ПТ1', 'name_json': None, 'included': '1'}
24-Apr-20 23:02:25.332768 | DEBUG    | MAIN LOGGER                    | IN set_state_included_for_childs(node, state): node = {'id_node': 1201, 'name_node': 'ПТ-1', 'id_parent': 12, 'order_node': '1', 'type_node': 'FORM', 'template_name': 'main', 'folder_form': '3-ПТ1', 'name_json': None, 'included': '1'}, state = False
24-Apr-20 23:02:25.333768 | DEBUG    | MAIN LOGGER                    | set_included_for_node(node, state): node = {'id_node': 1201, 'name_node': 'ПТ-1', 'id_parent': 12, 'order_node': '1', 'type_node': 'FORM', 'template_name': 'main', 'folder_form': '3-ПТ1', 'name_json': None, 'included': '1'}, state = False
24-Apr-20 23:02:25.333768 | DEBUG    | MAIN LOGGER                    | get_db_project_dirpath() -> str: C:/Users/hayar/OneDrive/Документы/AutoExecDoc Projects/Привет Андрей\project.db
24-Apr-20 23:02:25.338367 | DEBUG    | MAIN LOGGER                    | IN set_state_included_for_childs(node, state): node = {'id_node': 1201, 'name_node': 'ПТ-1', 'id_parent': 12, 'order_node': '1', 'type_node': 'FORM', 'template_name': 'main', 'folder_form': '3-ПТ1', 'name_json': None, 'included': '1'}, state = True
24-Apr-20 23:02:25.339371 | DEBUG    | MAIN LOGGER                    | set_included_for_node(node, state): node = {'id_node': 1201, 'name_node': 'ПТ-1', 'id_parent': 12, 'order_node': '1', 'type_node': 'FORM', 'template_name': 'main', 'folder_form': '3-ПТ1', 'name_json': None, 'included': '1'}, state = True
24-Apr-20 23:02:25.340369 | DEBUG    | MAIN LOGGER                    | get_db_project_dirpath() -> str: C:/Users/hayar/OneDrive/Документы/AutoExecDoc Projects/Привет Андрей\project.db
24-Apr-20 23:02:25.345368 | DEBUG    | MAIN LOGGER                    | IN dfs(parent_node): parent_node = {'id_node': 1201, 'name_node': 'ПТ-1', 'id_parent': 12, 'order_node': '1', 'type_node': 'FORM', 'template_name': 'main', 'folder_form': '3-ПТ1', 'name_json': None, 'included': '1'}
24-Apr-20 23:02:25.346369 | DEBUG    | MAIN LOGGER                    | IN get_childs({'id_node': 1201, 'name_node': 'ПТ-1', 'id_parent': 12, 'order_node': '1', 'type_node': 'FORM', 'template_name': 'main', 'folder_form': '3-ПТ1', 'name_json': None, 'included': '1'}: int) 
24-Apr-20 23:02:25.347369 | DEBUG    | MAIN LOGGER                    | get_db_project_dirpath() -> str: C:/Users/hayar/OneDrive/Документы/AutoExecDoc Projects/Привет Андрей\project.db
24-Apr-20 23:02:25.349370 | DEBUG    | MAIN LOGGER                    | IN set_item_in_nodes_to_items(node): node = {'id_node': 1202, 'name_node': 'ПТ-2', 'id_parent': 12, 'order_node': '2', 'type_node': 'FORM', 'template_name': 'main', 'folder_form': '3-ПТ2', 'name_json': None, 'included': '1'}
24-Apr-20 23:02:25.350370 | DEBUG    | MAIN LOGGER                    | IN set_state_included_for_childs(node, state): node = {'id_node': 1202, 'name_node': 'ПТ-2', 'id_parent': 12, 'order_node': '2', 'type_node': 'FORM', 'template_name': 'main', 'folder_form': '3-ПТ2', 'name_json': None, 'included': '1'}, state = False
24-Apr-20 23:02:25.351374 | DEBUG    | MAIN LOGGER                    | set_included_for_node(node, state): node = {'id_node': 1202, 'name_node': 'ПТ-2', 'id_parent': 12, 'order_node': '2', 'type_node': 'FORM', 'template_name': 'main', 'folder_form': '3-ПТ2', 'name_json': None, 'included': '1'}, state = False
24-Apr-20 23:02:25.351374 | DEBUG    | MAIN LOGGER                    | get_db_project_dirpath() -> str: C:/Users/hayar/OneDrive/Документы/AutoExecDoc Projects/Привет Андрей\project.db
24-Apr-20 23:02:25.356371 | DEBUG    | MAIN LOGGER                    | IN set_state_included_for_childs(node, state): node = {'id_node': 1202, 'name_node': 'ПТ-2', 'id_parent': 12, 'order_node': '2', 'type_node': 'FORM', 'template_name': 'main', 'folder_form': '3-ПТ2', 'name_json': None, 'included': '1'}, state = True
24-Apr-20 23:02:25.356371 | DEBUG    | MAIN LOGGER                    | set_included_for_node(node, state): node = {'id_node': 1202, 'name_node': 'ПТ-2', 'id_parent': 12, 'order_node': '2', 'type_node': 'FORM', 'template_name': 'main', 'folder_form': '3-ПТ2', 'name_json': None, 'included': '1'}, state = True
24-Apr-20 23:02:25.357372 | DEBUG    | MAIN LOGGER                    | get_db_project_dirpath() -> str: C:/Users/hayar/OneDrive/Документы/AutoExecDoc Projects/Привет Андрей\project.db
24-Apr-20 23:02:25.362371 | DEBUG    | MAIN LOGGER                    | IN dfs(parent_node): parent_node = {'id_node': 1202, 'name_node': 'ПТ-2', 'id_parent': 12, 'order_node': '2', 'type_node': 'FORM', 'template_name': 'main', 'folder_form': '3-ПТ2', 'name_json': None, 'included': '1'}
24-Apr-20 23:02:25.363375 | DEBUG    | MAIN LOGGER                    | IN get_childs({'id_node': 1202, 'name_node': 'ПТ-2', 'id_parent': 12, 'order_node': '2', 'type_node': 'FORM', 'template_name': 'main', 'folder_form': '3-ПТ2', 'name_json': None, 'included': '1'}: int) 
24-Apr-20 23:02:25.364380 | DEBUG    | MAIN LOGGER                    | get_db_project_dirpath() -> str: C:/Users/hayar/OneDrive/Документы/AutoExecDoc Projects/Привет Андрей\project.db
24-Apr-20 23:02:25.367373 | DEBUG    | MAIN LOGGER                    | IN set_item_in_nodes_to_items(node): node = {'id_node': 1203, 'name_node': 'ПТ-3', 'id_parent': 12, 'order_node': '3', 'type_node': 'FORM', 'template_name': 'main', 'folder_form': '3-ПТ3', 'name_json': None, 'included': '1'}
24-Apr-20 23:02:25.368395 | DEBUG    | MAIN LOGGER                    | IN set_state_included_for_childs(node, state): node = {'id_node': 1203, 'name_node': 'ПТ-3', 'id_parent': 12, 'order_node': '3', 'type_node': 'FORM', 'template_name': 'main', 'folder_form': '3-ПТ3', 'name_json': None, 'included': '1'}, state = False
24-Apr-20 23:02:25.369378 | DEBUG    | MAIN LOGGER                    | set_included_for_node(node, state): node = {'id_node': 1203, 'name_node': 'ПТ-3', 'id_parent': 12, 'order_node': '3', 'type_node': 'FORM', 'template_name': 'main', 'folder_form': '3-ПТ3', 'name_json': None, 'included': '1'}, state = False
24-Apr-20 23:02:25.370374 | DEBUG    | MAIN LOGGER                    | get_db_project_dirpath() -> str: C:/Users/hayar/OneDrive/Документы/AutoExecDoc Projects/Привет Андрей\project.db
24-Apr-20 23:02:25.375374 | DEBUG    | MAIN LOGGER                    | IN set_state_included_for_childs(node, state): node = {'id_node': 1203, 'name_node': 'ПТ-3', 'id_parent': 12, 'order_node': '3', 'type_node': 'FORM', 'template_name': 'main', 'folder_form': '3-ПТ3', 'name_json': None, 'included': '1'}, state = True
24-Apr-20 23:02:25.375374 | DEBUG    | MAIN LOGGER                    | set_included_for_node(node, state): node = {'id_node': 1203, 'name_node': 'ПТ-3', 'id_parent': 12, 'order_node': '3', 'type_node': 'FORM', 'template_name': 'main', 'folder_form': '3-ПТ3', 'name_json': None, 'included': '1'}, state = True
24-Apr-20 23:02:25.376375 | DEBUG    | MAIN LOGGER                    | get_db_project_dirpath() -> str: C:/Users/hayar/OneDrive/Документы/AutoExecDoc Projects/Привет Андрей\project.db
24-Apr-20 23:02:25.381375 | DEBUG    | MAIN LOGGER                    | IN dfs(parent_node): parent_node = {'id_node': 1203, 'name_node': 'ПТ-3', 'id_parent': 12, 'order_node': '3', 'type_node': 'FORM', 'template_name': 'main', 'folder_form': '3-ПТ3', 'name_json': None, 'included': '1'}
24-Apr-20 23:02:25.382376 | DEBUG    | MAIN LOGGER                    | IN get_childs({'id_node': 1203, 'name_node': 'ПТ-3', 'id_parent': 12, 'order_node': '3', 'type_node': 'FORM', 'template_name': 'main', 'folder_form': '3-ПТ3', 'name_json': None, 'included': '1'}: int) 
24-Apr-20 23:02:25.383377 | DEBUG    | MAIN LOGGER                    | get_db_project_dirpath() -> str: C:/Users/hayar/OneDrive/Документы/AutoExecDoc Projects/Привет Андрей\project.db
24-Apr-20 23:02:25.384376 | DEBUG    | MAIN LOGGER                    | IN create_pages_template()                                                      
24-Apr-20 23:02:25.385375 | DEBUG    | MAIN LOGGER                    | IN add_forms_folders_to_new_project()                                           
24-Apr-20 23:02:25.385375 | DEBUG    | MAIN LOGGER                    | get_project_dirpath() -> str: C:/Users/hayar/OneDrive/Документы/AutoExecDoc Projects/Привет Андрей
24-Apr-20 23:02:25.386376 | DEBUG    | MAIN LOGGER                    | get_project_dirpath() -> str: C:/Users/hayar/OneDrive/Документы/AutoExecDoc Projects/Привет Андрей
24-Apr-20 23:02:25.387378 | DEBUG    | MAIN LOGGER                    | get_templates_dirpath() -> str: d:\work\project\AutoExecDoc\templates           
24-Apr-20 23:02:25.388383 | DEBUG    | MAIN LOGGER                    | forms: ['1-ТЛ', '2-РД', '3-ПТ1', '3-ПТ2', '3-ПТ3']                              
24-Apr-20 23:02:25.388383 | DEBUG    | MAIN LOGGER                    | json_content: ['project.json']                                                  
24-Apr-20 23:02:25.404382 | DEBUG    | MAIN LOGGER                    | IN set_true_actives_project()                                                   
24-Apr-20 23:02:25.405390 | DEBUG    | MAIN LOGGER                    | set_message_for_statusbar(Проект c именем Привет Андрей создан и открыт.)       
24-Apr-20 23:02:27.667836 | DEBUG    | MAIN LOGGER                    | IN update_pages_template(node) : node = {'id_node': 1202, 'name_node': 'ПТ-2', 'id_parent': 12, 'order_node': '2', 'type_node': 'FORM', 'template_name': 'main', 'folder_form': '3-ПТ2', 'name_json': None, 'included': '1'}
24-Apr-20 23:02:27.668832 | DEBUG    | MAIN LOGGER                    | get_pages(node) -> list: node = {'id_node': 1202, 'name_node': 'ПТ-2', 'id_parent': 12, 'order_node': '2', 'type_node': 'FORM', 'template_name': 'main', 'folder_form': '3-ПТ2', 'name_json': None, 'included': '1'}
24-Apr-20 23:02:27.668832 | DEBUG    | MAIN LOGGER                    | get_db_project_dirpath() -> str: C:/Users/hayar/OneDrive/Документы/AutoExecDoc Projects/Привет Андрей\project.db
24-Apr-20 23:02:28.288301 | DEBUG    | MAIN LOGGER                    | IN update_pages_template(node) : node = {'id_node': 1203, 'name_node': 'ПТ-3', 'id_parent': 12, 'order_node': '3', 'type_node': 'FORM', 'template_name': 'main', 'folder_form': '3-ПТ3', 'name_json': None, 'included': '1'}
24-Apr-20 23:02:28.288682 | DEBUG    | MAIN LOGGER                    | get_pages(node) -> list: node = {'id_node': 1203, 'name_node': 'ПТ-3', 'id_parent': 12, 'order_node': '3', 'type_node': 'FORM', 'template_name': 'main', 'folder_form': '3-ПТ3', 'name_json': None, 'included': '1'}
24-Apr-20 23:02:28.289685 | DEBUG    | MAIN LOGGER                    | get_db_project_dirpath() -> str: C:/Users/hayar/OneDrive/Документы/AutoExecDoc Projects/Привет Андрей\project.db
24-Apr-20 23:02:30.066936 | DEBUG    | MAIN LOGGER                    | IN update_scrollarea()                                                          
24-Apr-20 23:02:30.067939 | DEBUG    | MAIN LOGGER                    | IN delete_all_widgets_in_sa()                                                   
24-Apr-20 23:02:30.067939 | DEBUG    | MAIN LOGGER                    | IN clear_temp_folder()                                                          
24-Apr-20 23:02:30.068938 | DEBUG    | MAIN LOGGER                    | get_project_dirpath() -> str: C:/Users/hayar/OneDrive/Документы/AutoExecDoc Projects/Привет Андрей
24-Apr-20 23:02:30.068938 | DEBUG    | MAIN LOGGER                    | IN add_page_for_datas(page)                                                     
24-Apr-20 23:02:30.069938 | DEBUG    | MAIN LOGGER                    | get_node_parent_from_pages(page) -> object: page = {'id_page': 6, 'id_node_parent': 1203, 'name_page': 'Л.1. Скелетная схема ВОЛП и основные данные цепей кабеля.', 'folder_page': '3-ПТ3-1', 'included': None}
24-Apr-20 23:02:30.069938 | DEBUG    | MAIN LOGGER                    | get_db_project_dirpath() -> str: C:/Users/hayar/OneDrive/Документы/AutoExecDoc Projects/Привет Андрей\project.db
24-Apr-20 23:02:30.070938 | DEBUG    | MAIN LOGGER                    | get_project_dirpath() -> str: C:/Users/hayar/OneDrive/Документы/AutoExecDoc Projects/Привет Андрей
24-Apr-20 23:02:30.071937 | DEBUG    | MAIN LOGGER                    | IN get_data_from_json_file(filepath) -> dict: filepath = C:\Users\hayar\OneDrive\Документы\AutoExecDoc Projects\Привет Андрей\forms\3-ПТ3\3-ПТ3-1\3-ПТ3-1.json
24-Apr-20 23:02:30.075957 | DEBUG    | MAIN LOGGER                    | IN add_nodes_for_datas()                                                        
24-Apr-20 23:02:30.076970 | DEBUG    | MAIN LOGGER                    | get_node_parent_from_pages(page) -> object: page = {'id_page': 6, 'id_node_parent': 1203, 'name_page': 'Л.1. Скелетная схема ВОЛП и основные данные цепей кабеля.', 'folder_page': '3-ПТ3-1', 'included': None}
24-Apr-20 23:02:30.077941 | DEBUG    | MAIN LOGGER                    | get_db_project_dirpath() -> str: C:/Users/hayar/OneDrive/Документы/AutoExecDoc Projects/Привет Андрей\project.db
24-Apr-20 23:02:30.078939 | DEBUG    | MAIN LOGGER                    | get_node_parent(node) -> object: node = {'id_node': 1203, 'name_node': 'ПТ-3', 'id_parent': 12, 'order_node': '3', 'type_node': 'FORM', 'template_name': 'main', 'folder_form': '3-ПТ3', 'name_json': None, 'included': '1'}
24-Apr-20 23:02:30.079946 | DEBUG    | MAIN LOGGER                    | get_db_project_dirpath() -> str: C:/Users/hayar/OneDrive/Документы/AutoExecDoc Projects/Привет Андрей\project.db
24-Apr-20 23:02:30.080941 | DEBUG    | MAIN LOGGER                    | get_node_parent(node) -> object: node = {'id_node': 12, 'name_node': 'Паспорт трассы', 'id_parent': 0, 'order_node': '3', 'type_node': 'GROUP', 'template_name': None, 'folder_form': None, 'name_json': None, 'included': '1'}
24-Apr-20 23:02:30.081940 | DEBUG    | MAIN LOGGER                    | get_db_project_dirpath() -> str: C:/Users/hayar/OneDrive/Документы/AutoExecDoc Projects/Привет Андрей\project.db
24-Apr-20 23:02:30.082941 | DEBUG    | MAIN LOGGER                    | get_project_dirpath() -> str: C:/Users/hayar/OneDrive/Документы/AutoExecDoc Projects/Привет Андрей
24-Apr-20 23:02:30.082941 | DEBUG    | MAIN LOGGER                    | IN get_data_from_json_file(filepath) -> dict: filepath = C:\Users\hayar\OneDrive\Документы\AutoExecDoc Projects\Привет Андрей\forms\project.json
24-Apr-20 23:02:30.084947 | DEBUG    | MAIN LOGGER                    | get_node_parent(node) -> object: node = {'id_node': 0, 'name_node': 'Проект', 'id_parent': None, 'order_node': '0', 'type_node': 'PROJECT', 'template_name': None, 'folder_form': None, 'name_json': 'project', 'included': None}
24-Apr-20 23:02:30.085941 | DEBUG    | MAIN LOGGER                    | get_db_project_dirpath() -> str: C:/Users/hayar/OneDrive/Документы/AutoExecDoc Projects/Привет Андрей\project.db
24-Apr-20 23:02:30.086944 | DEBUG    | MAIN LOGGER                    | IN add_sections_in_sa()                                                         
24-Apr-20 23:02:30.088942 | DEBUG    | MAIN LOGGER                    | get_config_content(name_content) -> list: name_content = скелетная_схема_ВОЛП   
24-Apr-20 23:02:30.089943 | DEBUG    | MAIN LOGGER                    | get_db_project_dirpath() -> str: C:/Users/hayar/OneDrive/Документы/AutoExecDoc Projects/Привет Андрей\project.db
24-Apr-20 23:02:30.090943 | DEBUG    | MAIN LOGGER                    | FormImage(self, section_index, config_content, config_image, value): section_index = 0, config_content = {'id_content': 1230, 'name_content': 'скелетная_схема_ВОЛП', 'type_content': 'IMAGE', 'title_content': 'Скелетная схема ВОЛП', 'description_content': None, 'enable': None}, config_image = [], value = None
24-Apr-20 23:02:30.101947 | DEBUG    | MAIN LOGGER                    | get_config_content(name_content) -> list: name_content = название_объекта       
24-Apr-20 23:02:30.102947 | DEBUG    | MAIN LOGGER                    | get_db_project_dirpath() -> str: C:/Users/hayar/OneDrive/Документы/AutoExecDoc Projects/Привет Андрей\project.db
24-Apr-20 23:02:30.103944 | DEBUG    | MAIN LOGGER                    | FormText(self, section_index, config_content, value): section_index = 1, config_content = {'id_content': 1003, 'name_content': 'название_объекта', 'type_content': 'TEXT', 'title_content': 'Название объекта', 'description_content': None, 'enable': None}, value = None
24-Apr-20 23:02:30.105946 | DEBUG    | MAIN LOGGER                    | get_config_content(name_content) -> list: name_content = участок                
24-Apr-20 23:02:30.105946 | DEBUG    | MAIN LOGGER                    | get_db_project_dirpath() -> str: C:/Users/hayar/OneDrive/Документы/AutoExecDoc Projects/Привет Андрей\project.db
24-Apr-20 23:02:30.107947 | DEBUG    | MAIN LOGGER                    | FormText(self, section_index, config_content, value): section_index = 1, config_content = {'id_content': 1004, 'name_content': 'участок', 'type_content': 'TEXT', 'title_content': 'Участок', 'description_content': None, 'enable': None}, value = None
24-Apr-20 23:02:30.109951 | DEBUG    | MAIN LOGGER                    | get_config_content(name_content) -> list: name_content = название_компании      
24-Apr-20 23:02:30.110948 | DEBUG    | MAIN LOGGER                    | get_db_project_dirpath() -> str: C:/Users/hayar/OneDrive/Документы/AutoExecDoc Projects/Привет Андрей\project.db
24-Apr-20 23:02:30.111631 | DEBUG    | MAIN LOGGER                    | FormText(self, section_index, config_content, value): section_index = 1, config_content = {'id_content': 1001, 'name_content': 'название_компании', 'type_content': 'TEXT', 'title_content': 'Название компании', 'description_content': None, 'enable': None}, value = None
24-Apr-20 23:02:31.609850 | DEBUG    | MAIN LOGGER                    | select_image(self, config_content): config_content = {'id_content': 1230, 'name_content': 'скелетная_схема_ВОЛП', 'type_content': 'IMAGE', 'title_content': 'Скелетная схема ВОЛП', 'description_content': None, 'enable': None}
24-Apr-20 23:02:31.610841 | DEBUG    | MAIN LOGGER                    | IN select_image_for_formimage_in_project() -> str                               
24-Apr-20 23:02:31.611836 | DEBUG    | MAIN LOGGER                    | get_default_folder_projects_dirpath() -> str: C:/Users/hayar/OneDrive/Документы\AutoExecDoc Projects
24-Apr-20 23:02:36.268690 | DEBUG    | MAIN LOGGER                    | select_image_for_formimage_in_project() -> C:/Users/hayar/Downloads/attach_1007166727_5229210949209140059.jpeg
24-Apr-20 23:02:36.269690 | DEBUG    | MAIN LOGGER                    | IN move_image_to_temp(image_dirpath, name): image_dirpath = C:/Users/hayar/Downloads/attach_1007166727_5229210949209140059.jpeg, name = скелетная_схема_ВОЛП
24-Apr-20 23:02:36.269690 | DEBUG    | MAIN LOGGER                    | get_project_dirpath() -> str: C:/Users/hayar/OneDrive/Документы/AutoExecDoc Projects/Привет Андрей
24-Apr-20 23:02:36.271691 | DEBUG    | MAIN LOGGER                    | get_data() -> object                                                            
24-Apr-20 23:02:48.725205 | DEBUG    | MAIN LOGGER                    | IN update_pages_template(node) : node = {'id_node': 11, 'name_node': 'Реестр документации', 'id_parent': 0, 'order_node': '2', 'type_node': 'FORM', 'template_name': 'main', 'folder_form': '2-РД', 'name_json': None, 'included': '1'}
24-Apr-20 23:02:48.726205 | DEBUG    | MAIN LOGGER                    | get_pages(node) -> list: node = {'id_node': 11, 'name_node': 'Реестр документации', 'id_parent': 0, 'order_node': '2', 'type_node': 'FORM', 'template_name': 'main', 'folder_form': '2-РД', 'name_json': None, 'included': '1'}
24-Apr-20 23:02:48.726205 | DEBUG    | MAIN LOGGER                    | get_db_project_dirpath() -> str: C:/Users/hayar/OneDrive/Документы/AutoExecDoc Projects/Привет Андрей\project.db
24-Apr-20 23:02:51.873959 | DEBUG    | MAIN LOGGER                    | IN update_scrollarea()                                                          
24-Apr-20 23:02:51.874966 | DEBUG    | MAIN LOGGER                    | IN delete_all_widgets_in_sa()                                                   
24-Apr-20 23:02:51.874966 | DEBUG    | MAIN LOGGER                    | IN clear_temp_folder()                                                          
24-Apr-20 23:02:51.875959 | DEBUG    | MAIN LOGGER                    | get_project_dirpath() -> str: C:/Users/hayar/OneDrive/Документы/AutoExecDoc Projects/Привет Андрей
24-Apr-20 23:02:51.876967 | DEBUG    | MAIN LOGGER                    | IN add_page_for_datas(page)                                                     
24-Apr-20 23:02:51.876967 | DEBUG    | MAIN LOGGER                    | get_node_parent_from_pages(page) -> object: page = {'id_page': 3, 'id_node_parent': 11, 'name_page': 'Л.1. Реестр исполнительной документации ВОЛС.', 'folder_page': '2-РД-1', 'included': None}
24-Apr-20 23:02:51.877969 | DEBUG    | MAIN LOGGER                    | get_db_project_dirpath() -> str: C:/Users/hayar/OneDrive/Документы/AutoExecDoc Projects/Привет Андрей\project.db
24-Apr-20 23:02:51.878959 | DEBUG    | MAIN LOGGER                    | get_project_dirpath() -> str: C:/Users/hayar/OneDrive/Документы/AutoExecDoc Projects/Привет Андрей
24-Apr-20 23:02:51.878959 | DEBUG    | MAIN LOGGER                    | IN get_data_from_json_file(filepath) -> dict: filepath = C:\Users\hayar\OneDrive\Документы\AutoExecDoc Projects\Привет Андрей\forms\2-РД\2-РД-1\2-РД-1.json
24-Apr-20 23:02:51.880960 | DEBUG    | MAIN LOGGER                    | IN add_nodes_for_datas()                                                        
24-Apr-20 23:02:51.881960 | DEBUG    | MAIN LOGGER                    | get_node_parent_from_pages(page) -> object: page = {'id_page': 3, 'id_node_parent': 11, 'name_page': 'Л.1. Реестр исполнительной документации ВОЛС.', 'folder_page': '2-РД-1', 'included': None}
24-Apr-20 23:02:51.881960 | DEBUG    | MAIN LOGGER                    | get_db_project_dirpath() -> str: C:/Users/hayar/OneDrive/Документы/AutoExecDoc Projects/Привет Андрей\project.db
24-Apr-20 23:02:51.882961 | DEBUG    | MAIN LOGGER                    | get_node_parent(node) -> object: node = {'id_node': 11, 'name_node': 'Реестр документации', 'id_parent': 0, 'order_node': '2', 'type_node': 'FORM', 'template_name': 'main', 'folder_form': '2-РД', 'name_json': None, 'included': '1'}
24-Apr-20 23:02:51.883963 | DEBUG    | MAIN LOGGER                    | get_db_project_dirpath() -> str: C:/Users/hayar/OneDrive/Документы/AutoExecDoc Projects/Привет Андрей\project.db
24-Apr-20 23:02:51.884962 | DEBUG    | MAIN LOGGER                    | get_project_dirpath() -> str: C:/Users/hayar/OneDrive/Документы/AutoExecDoc Projects/Привет Андрей
24-Apr-20 23:02:51.884962 | DEBUG    | MAIN LOGGER                    | IN get_data_from_json_file(filepath) -> dict: filepath = C:\Users\hayar\OneDrive\Документы\AutoExecDoc Projects\Привет Андрей\forms\project.json
24-Apr-20 23:02:51.886066 | DEBUG    | MAIN LOGGER                    | get_node_parent(node) -> object: node = {'id_node': 0, 'name_node': 'Проект', 'id_parent': None, 'order_node': '0', 'type_node': 'PROJECT', 'template_name': None, 'folder_form': None, 'name_json': 'project', 'included': None}
24-Apr-20 23:02:51.886066 | DEBUG    | MAIN LOGGER                    | get_db_project_dirpath() -> str: C:/Users/hayar/OneDrive/Документы/AutoExecDoc Projects/Привет Андрей\project.db
24-Apr-20 23:02:51.887056 | DEBUG    | MAIN LOGGER                    | IN add_sections_in_sa()                                                         
24-Apr-20 23:02:51.889056 | DEBUG    | MAIN LOGGER                    | get_config_content(name_content) -> list: name_content = реестр_ид_паспорт_трассы
24-Apr-20 23:02:51.890056 | DEBUG    | MAIN LOGGER                    | get_db_project_dirpath() -> str: C:/Users/hayar/OneDrive/Документы/AutoExecDoc Projects/Привет Андрей\project.db
24-Apr-20 23:02:51.891059 | DEBUG    | MAIN LOGGER                    | get_config_content(name_content) -> list: name_content = реестр_ид_эл_паспорт_трассы
24-Apr-20 23:02:51.892055 | DEBUG    | MAIN LOGGER                    | get_db_project_dirpath() -> str: C:/Users/hayar/OneDrive/Документы/AutoExecDoc Projects/Привет Андрей\project.db
24-Apr-20 23:02:51.893057 | DEBUG    | MAIN LOGGER                    | get_config_content(name_content) -> list: name_content = рабочая_документация   
24-Apr-20 23:02:51.893057 | DEBUG    | MAIN LOGGER                    | get_db_project_dirpath() -> str: C:/Users/hayar/OneDrive/Документы/AutoExecDoc Projects/Привет Андрей\project.db
24-Apr-20 23:02:51.897056 | DEBUG    | MAIN LOGGER                    | get_config_content(name_content) -> list: name_content = название_объекта       
24-Apr-20 23:02:51.898057 | DEBUG    | MAIN LOGGER                    | get_db_project_dirpath() -> str: C:/Users/hayar/OneDrive/Документы/AutoExecDoc Projects/Привет Андрей\project.db
24-Apr-20 23:02:51.900060 | DEBUG    | MAIN LOGGER                    | FormText(self, section_index, config_content, value): section_index = 1, config_content = {'id_content': 1003, 'name_content': 'название_объекта', 'type_content': 'TEXT', 'title_content': 'Название объекта', 'description_content': None, 'enable': None}, value = None
24-Apr-20 23:02:51.902060 | DEBUG    | MAIN LOGGER                    | get_config_content(name_content) -> list: name_content = участок                
24-Apr-20 23:02:51.903058 | DEBUG    | MAIN LOGGER                    | get_db_project_dirpath() -> str: C:/Users/hayar/OneDrive/Документы/AutoExecDoc Projects/Привет Андрей\project.db
24-Apr-20 23:02:51.904059 | DEBUG    | MAIN LOGGER                    | FormText(self, section_index, config_content, value): section_index = 1, config_content = {'id_content': 1004, 'name_content': 'участок', 'type_content': 'TEXT', 'title_content': 'Участок', 'description_content': None, 'enable': None}, value = None
24-Apr-20 23:02:51.905927 | DEBUG    | MAIN LOGGER                    | get_config_content(name_content) -> list: name_content = название_компании      
24-Apr-20 23:02:51.906927 | DEBUG    | MAIN LOGGER                    | get_db_project_dirpath() -> str: C:/Users/hayar/OneDrive/Документы/AutoExecDoc Projects/Привет Андрей\project.db
24-Apr-20 23:02:51.907928 | DEBUG    | MAIN LOGGER                    | FormText(self, section_index, config_content, value): section_index = 1, config_content = {'id_content': 1001, 'name_content': 'название_компании', 'type_content': 'TEXT', 'title_content': 'Название компании', 'description_content': None, 'enable': None}, value = None
24-Apr-20 23:02:55.217809 | DEBUG    | MAIN LOGGER                    | IN update_pages_template(node) : node = {'id_node': 1203, 'name_node': 'ПТ-3', 'id_parent': 12, 'order_node': '3', 'type_node': 'FORM', 'template_name': 'main', 'folder_form': '3-ПТ3', 'name_json': None, 'included': '1'}
24-Apr-20 23:02:55.218811 | DEBUG    | MAIN LOGGER                    | get_pages(node) -> list: node = {'id_node': 1203, 'name_node': 'ПТ-3', 'id_parent': 12, 'order_node': '3', 'type_node': 'FORM', 'template_name': 'main', 'folder_form': '3-ПТ3', 'name_json': None, 'included': '1'}
24-Apr-20 23:02:55.218811 | DEBUG    | MAIN LOGGER                    | get_db_project_dirpath() -> str: C:/Users/hayar/OneDrive/Документы/AutoExecDoc Projects/Привет Андрей\project.db
24-Apr-20 23:02:56.311906 | DEBUG    | MAIN LOGGER                    | IN update_scrollarea()                                                          
24-Apr-20 23:02:56.312912 | DEBUG    | MAIN LOGGER                    | IN delete_all_widgets_in_sa()                                                   
24-Apr-20 23:02:56.312912 | DEBUG    | MAIN LOGGER                    | IN clear_temp_folder()                                                          
24-Apr-20 23:02:56.312912 | DEBUG    | MAIN LOGGER                    | get_project_dirpath() -> str: C:/Users/hayar/OneDrive/Документы/AutoExecDoc Projects/Привет Андрей
24-Apr-20 23:02:56.313906 | DEBUG    | MAIN LOGGER                    | IN add_page_for_datas(page)                                                     
24-Apr-20 23:02:56.314905 | DEBUG    | MAIN LOGGER                    | get_node_parent_from_pages(page) -> object: page = {'id_page': 6, 'id_node_parent': 1203, 'name_page': 'Л.1. Скелетная схема ВОЛП и основные данные цепей кабеля.', 'folder_page': '3-ПТ3-1', 'included': None}
24-Apr-20 23:02:56.314905 | DEBUG    | MAIN LOGGER                    | get_db_project_dirpath() -> str: C:/Users/hayar/OneDrive/Документы/AutoExecDoc Projects/Привет Андрей\project.db
24-Apr-20 23:02:56.315905 | DEBUG    | MAIN LOGGER                    | get_project_dirpath() -> str: C:/Users/hayar/OneDrive/Документы/AutoExecDoc Projects/Привет Андрей
24-Apr-20 23:02:56.316906 | DEBUG    | MAIN LOGGER                    | IN get_data_from_json_file(filepath) -> dict: filepath = C:\Users\hayar\OneDrive\Документы\AutoExecDoc Projects\Привет Андрей\forms\3-ПТ3\3-ПТ3-1\3-ПТ3-1.json
24-Apr-20 23:02:56.316906 | DEBUG    | MAIN LOGGER                    | IN add_nodes_for_datas()                                                        
24-Apr-20 23:02:56.317914 | DEBUG    | MAIN LOGGER                    | get_node_parent_from_pages(page) -> object: page = {'id_page': 6, 'id_node_parent': 1203, 'name_page': 'Л.1. Скелетная схема ВОЛП и основные данные цепей кабеля.', 'folder_page': '3-ПТ3-1', 'included': None}
24-Apr-20 23:02:56.318916 | DEBUG    | MAIN LOGGER                    | get_db_project_dirpath() -> str: C:/Users/hayar/OneDrive/Документы/AutoExecDoc Projects/Привет Андрей\project.db
24-Apr-20 23:02:56.319906 | DEBUG    | MAIN LOGGER                    | get_node_parent(node) -> object: node = {'id_node': 1203, 'name_node': 'ПТ-3', 'id_parent': 12, 'order_node': '3', 'type_node': 'FORM', 'template_name': 'main', 'folder_form': '3-ПТ3', 'name_json': None, 'included': '1'}
24-Apr-20 23:02:56.320914 | DEBUG    | MAIN LOGGER                    | get_db_project_dirpath() -> str: C:/Users/hayar/OneDrive/Документы/AutoExecDoc Projects/Привет Андрей\project.db
24-Apr-20 23:02:56.321909 | DEBUG    | MAIN LOGGER                    | get_node_parent(node) -> object: node = {'id_node': 12, 'name_node': 'Паспорт трассы', 'id_parent': 0, 'order_node': '3', 'type_node': 'GROUP', 'template_name': None, 'folder_form': None, 'name_json': None, 'included': '1'}
24-Apr-20 23:02:56.321909 | DEBUG    | MAIN LOGGER                    | get_db_project_dirpath() -> str: C:/Users/hayar/OneDrive/Документы/AutoExecDoc Projects/Привет Андрей\project.db
24-Apr-20 23:02:56.322908 | DEBUG    | MAIN LOGGER                    | get_project_dirpath() -> str: C:/Users/hayar/OneDrive/Документы/AutoExecDoc Projects/Привет Андрей
24-Apr-20 23:02:56.323907 | DEBUG    | MAIN LOGGER                    | IN get_data_from_json_file(filepath) -> dict: filepath = C:\Users\hayar\OneDrive\Документы\AutoExecDoc Projects\Привет Андрей\forms\project.json
24-Apr-20 23:02:56.324912 | DEBUG    | MAIN LOGGER                    | get_node_parent(node) -> object: node = {'id_node': 0, 'name_node': 'Проект', 'id_parent': None, 'order_node': '0', 'type_node': 'PROJECT', 'template_name': None, 'folder_form': None, 'name_json': 'project', 'included': None}
24-Apr-20 23:02:56.324912 | DEBUG    | MAIN LOGGER                    | get_db_project_dirpath() -> str: C:/Users/hayar/OneDrive/Документы/AutoExecDoc Projects/Привет Андрей\project.db
24-Apr-20 23:02:56.326910 | DEBUG    | MAIN LOGGER                    | IN add_sections_in_sa()                                                         
24-Apr-20 23:02:56.328908 | DEBUG    | MAIN LOGGER                    | get_config_content(name_content) -> list: name_content = скелетная_схема_ВОЛП   
24-Apr-20 23:02:56.328908 | DEBUG    | MAIN LOGGER                    | get_db_project_dirpath() -> str: C:/Users/hayar/OneDrive/Документы/AutoExecDoc Projects/Привет Андрей\project.db
24-Apr-20 23:02:56.329910 | DEBUG    | MAIN LOGGER                    | FormImage(self, section_index, config_content, config_image, value): section_index = 0, config_content = {'id_content': 1230, 'name_content': 'скелетная_схема_ВОЛП', 'type_content': 'IMAGE', 'title_content': 'Скелетная схема ВОЛП', 'description_content': None, 'enable': None}, config_image = [], value = None
24-Apr-20 23:02:56.334975 | DEBUG    | MAIN LOGGER                    | get_config_content(name_content) -> list: name_content = название_объекта       
24-Apr-20 23:02:56.335966 | DEBUG    | MAIN LOGGER                    | get_db_project_dirpath() -> str: C:/Users/hayar/OneDrive/Документы/AutoExecDoc Projects/Привет Андрей\project.db
24-Apr-20 23:02:56.336967 | DEBUG    | MAIN LOGGER                    | FormText(self, section_index, config_content, value): section_index = 1, config_content = {'id_content': 1003, 'name_content': 'название_объекта', 'type_content': 'TEXT', 'title_content': 'Название объекта', 'description_content': None, 'enable': None}, value = None
24-Apr-20 23:02:56.339977 | DEBUG    | MAIN LOGGER                    | get_config_content(name_content) -> list: name_content = участок                
24-Apr-20 23:02:56.339977 | DEBUG    | MAIN LOGGER                    | get_db_project_dirpath() -> str: C:/Users/hayar/OneDrive/Документы/AutoExecDoc Projects/Привет Андрей\project.db
24-Apr-20 23:02:56.341967 | DEBUG    | MAIN LOGGER                    | FormText(self, section_index, config_content, value): section_index = 1, config_content = {'id_content': 1004, 'name_content': 'участок', 'type_content': 'TEXT', 'title_content': 'Участок', 'description_content': None, 'enable': None}, value = None
24-Apr-20 23:02:56.342976 | DEBUG    | MAIN LOGGER                    | get_config_content(name_content) -> list: name_content = название_компании      
24-Apr-20 23:02:56.343968 | DEBUG    | MAIN LOGGER                    | get_db_project_dirpath() -> str: C:/Users/hayar/OneDrive/Документы/AutoExecDoc Projects/Привет Андрей\project.db
24-Apr-20 23:02:56.345075 | DEBUG    | MAIN LOGGER                    | FormText(self, section_index, config_content, value): section_index = 1, config_content = {'id_content': 1001, 'name_content': 'название_компании', 'type_content': 'TEXT', 'title_content': 'Название компании', 'description_content': None, 'enable': None}, value = None
