2024-12-02 23:29:59,341 - DEBUG - [34m Config logger[00m
2024-12-02 23:29:59,341 - DEBUG - [34m self.current_directory = D:\work\project\AutoExecDoc\main.dist[00m
2024-12-02 23:29:59,341 - DEBUG - [34m FileFolderManager create_and_setting_files_and_folders()[00m
2024-12-02 23:29:59,341 - DEBUG - [34m DirPathManager get_default_folder_projects_dirpath() -> str: C:/Users/hayar/Documents\AutoExecDoc Projects[00m
2024-12-02 23:29:59,341 - DEBUG - [34m SettingsDatabase create_and_setting_db_settings()[00m
2024-12-02 23:29:59,341 - DEBUG - [34m DirPathManager get_db_settings_dirpath() -> str: D:\work\project\AutoExecDoc\main.dist\db\settings.db[00m
2024-12-02 23:29:59,341 - DEBUG - [34m OfficePackets resetting_office_packets()[00m
2024-12-02 23:29:59,341 - DEBUG - [34m MsWordThread __init__()[00m
2024-12-02 23:29:59,341 - DEBUG - [34m OfficePackets run_libreoffice()[00m
2024-12-02 23:29:59,341 - DEBUG - [34m SettingsDatabase get_conn() -> object[00m
2024-12-02 23:29:59,341 - DEBUG - [34m DirPathManager get_db_settings_dirpath() -> str: D:\work\project\AutoExecDoc\main.dist\db\settings.db[00m
2024-12-02 23:29:59,357 - DEBUG - [34m SettingsDatabase get_fetchone(cursor, conn) -> list[00m
2024-12-02 23:29:59,357 - DEBUG - [34m SettingsDatabase get_libreoffice_path():
result = {'value_setting': 'C:\\Program Files\\LibreOffice\\program\\soffice.exe'}[00m
2024-12-02 23:29:59,357 - DEBUG - [34m MsWordThread initialize_msword()[00m
2024-12-02 23:29:59,677 - DEBUG - [34m MsWordThread get_active_msword()[00m
2024-12-02 23:29:59,710 - DEBUG - [34m Icons get_icons(size):
size = 16[00m
2024-12-02 23:29:59,725 - DEBUG - [34m MainWindow config()[00m
2024-12-02 23:29:59,725 - DEBUG - [34m MainWindow update_menu_recent_projects()[00m
2024-12-02 23:29:59,725 - DEBUG - [34m SettingsDatabase get_conn() -> object[00m
2024-12-02 23:29:59,725 - DEBUG - [34m DirPathManager get_db_settings_dirpath() -> str: D:\work\project\AutoExecDoc\main.dist\db\settings.db[00m
2024-12-02 23:29:59,725 - DEBUG - [34m SettingsDatabase get_fetchall(cursor, conn) -> list[00m
2024-12-02 23:29:59,725 - DEBUG - [34m SettingsDatabase get_last_projects():
result = [{'id_project': 0, 'name_project': 'Мини-пример ИД', 'directory_project': 'C:/Users/hayar/Documents/AutoExecDoc Projects/Мини-пример ИД', 'date_create_project': '2024-09-02 21:50:23', 'date_last_open_project': '2024-11-15 20:18:00'}][00m
2024-12-02 23:29:59,725 - DEBUG - [34m MainWindow config_controllers()[00m
2024-12-02 23:29:59,725 - DEBUG - [34m StatusBar connect_statusbar(statusbar)[00m
2024-12-02 23:29:59,725 - DEBUG - [34m Icons get_icons(size):
size = 16[00m
2024-12-02 23:29:59,725 - DEBUG - [34m StatusBar config_statusbar()[00m
2024-12-02 23:29:59,725 - DEBUG - [34m StatusBar config_msword()[00m
2024-12-02 23:29:59,725 - DEBUG - [34m StatusBar get_red_circle() -> QLabel:
label = <PySide6.QtWidgets.QLabel(0x224552361f0) at 0x0000022456604E00>[00m
2024-12-02 23:29:59,725 - DEBUG - [34m StatusBar get_yellow_circle() -> QLabel:
label = <PySide6.QtWidgets.QLabel(0x22455203da0) at 0x000002245660B100>[00m
2024-12-02 23:29:59,725 - DEBUG - [34m StatusBar get_green_circle() -> QLabel:
label = <PySide6.QtWidgets.QLabel(0x224552039e0) at 0x000002245660B180>[00m
2024-12-02 23:29:59,725 - DEBUG - [34m StatusBar config_libreoffice()[00m
2024-12-02 23:29:59,725 - DEBUG - [34m StatusBar get_red_circle() -> QLabel:
label = <PySide6.QtWidgets.QLabel(0x22457d1e1e0) at 0x000002245660B2C0>[00m
2024-12-02 23:29:59,725 - DEBUG - [34m StatusBar get_yellow_circle() -> QLabel:
label = <PySide6.QtWidgets.QLabel(0x22455204040) at 0x000002245660B400>[00m
2024-12-02 23:29:59,725 - DEBUG - [34m StatusBar get_green_circle() -> QLabel:
label = <PySide6.QtWidgets.QLabel(0x22457e56b60) at 0x000002245660B480>[00m
2024-12-02 23:29:59,725 - DEBUG - [34m StatusBar config_update_statusbar()[00m
2024-12-02 23:29:59,725 - DEBUG - [34m OfficePackets get_status_msword():
self.__status_msword = False[00m
2024-12-02 23:29:59,725 - DEBUG - [34m StatusBar update_status_status_msword_label(status_msword):
status_msword = False[00m
2024-12-02 23:29:59,725 - DEBUG - [34m OfficePackets get_status_libreoffice():
self.__status_libreoffice = False[00m
2024-12-02 23:29:59,725 - DEBUG - [34m StatusBar update_status_libreoffice_label(status_libreoffice):
status_libreoffice = False[00m
2024-12-02 23:29:59,725 - DEBUG - [34m StatusBar set_message(message):
message = Проект не открыт[00m
2024-12-02 23:29:59,725 - DEBUG - [34m SettingsDatabase get_conn() -> object[00m
2024-12-02 23:29:59,725 - DEBUG - [34m DirPathManager get_db_settings_dirpath() -> str: D:\work\project\AutoExecDoc\main.dist\db\settings.db[00m
2024-12-02 23:29:59,725 - DEBUG - [34m SettingsDatabase get_fetchone(cursor, conn) -> list[00m
2024-12-02 23:29:59,725 - DEBUG - [34m SettingsDatabase get_app_converter():
result = {'value_setting': 'MSWORD'}[00m
2024-12-02 23:29:59,725 - DEBUG - [34m StatusBar update_name_app_converter()[00m
2024-12-02 23:29:59,725 - DEBUG - [34m StatusBar connecting_actions()[00m
2024-12-02 23:29:59,725 - DEBUG - [34m TWStructureExecDoc connect_structureexecdoc(tr_sed)[00m
2024-12-02 23:29:59,725 - DEBUG - [34m Icons get_icons(size):
size = 16[00m
2024-12-02 23:29:59,725 - DEBUG - [34m TWStructureExecDoc clear_tr_sed()[00m
2024-12-02 23:29:59,725 - DEBUG - [34m LWPagesTemplate connect_pages_template(lw_pt):
lw_pt = <PySide6.QtWidgets.QListWidget(0x22457c761e0, name="lw_pages_template") at 0x00000224565F77C0>[00m
2024-12-02 23:29:59,725 - DEBUG - [34m Icons get_icons(size):
size = 16[00m
2024-12-02 23:29:59,725 - DEBUG - [34m LWPagesTemplate clear_pt()[00m
2024-12-02 23:29:59,725 - DEBUG - [34m ComboxTemplates connect_combox_templates(combox_templates):
combox_templates = <PySide6.QtWidgets.QComboBox(0x22457c72ce0, name="combox_templates") at 0x00000224565F7700>[00m
2024-12-02 23:29:59,725 - DEBUG - [34m TabWInputForms connect_inputforms(tab_widget)[00m
2024-12-02 23:29:59,725 - DEBUG - [34m Icons get_icons(size):
size = 16[00m
2024-12-02 23:29:59,725 - DEBUG - [34m PdfView connect_pdfview()[00m
2024-12-02 23:29:59,725 - DEBUG - [34m PdfView config_pdf_view_in_mainwindow()[00m
2024-12-02 23:29:59,741 - DEBUG - [34m MainWindow connecting_actions()[00m
2024-12-02 23:29:59,742 - DEBUG - [34m CommonWithOsmb run()[00m
2024-12-02 23:29:59,742 - DEBUG - [34m Icons get_icons(size):
size = 16[00m
2024-12-02 23:29:59,742 - DEBUG - [34m ResizeQt __init__(osbm)[00m
2024-12-02 23:29:59,742 - DEBUG - [34m DialogWindows run()[00m
2024-12-02 23:29:59,742 - DEBUG - [34m Icons get_icons(size):
size = 16[00m
2024-12-02 23:29:59,822 - DEBUG - [34m OfficePackets update_status_msword(status):
status = None[00m
2024-12-02 23:29:59,822 - DEBUG - [34m StatusBar update_status_status_msword_label(status_msword):
status_msword = None[00m
2024-12-02 23:30:00,226 - DEBUG - [34m OfficePackets update_status_msword(status):
status = True[00m
2024-12-02 23:30:00,226 - DEBUG - [34m StatusBar update_status_status_msword_label(status_msword):
status_msword = True[00m
2024-12-02 23:30:03,817 - DEBUG - [34m MainWindow ()[00m
2024-12-02 23:30:03,817 - DEBUG - [34m PdfView set_empty_pdf_view()[00m
2024-12-02 23:30:03,817 - DEBUG - [34m DirPathManager get_temp_dirpath() -> str:[00m
2024-12-02 23:30:03,817 - DEBUG - [34m FileFolderManager clear_temp_folder(is_del_folder):
is_del_folder = True,
temp_dirpath = C:\Users\hayar\AppData\Local\Temp\tmp2moox5tq[00m
2024-12-02 23:30:03,817 - DEBUG - [34m DirPathManager get_temp_dirpath() -> str:[00m
2024-12-02 23:30:03,817 - DEBUG - [34m OfficePackets terminate_msword()[00m
2024-12-02 23:30:03,817 - DEBUG - [34m MsWordThread terminate_msword()[00m
2024-12-02 23:30:03,817 - ERROR - [31m Error in OfficePackets.terminate_msword():
 (-2147220995, 'Объект не подключен к серверу', (None, None, None, 0, None))  ? Traceback (most recent call last):
  File "D:\work\project\AutoExecDoc\main.dist\package\modules\officepackets.py", line 121, in terminate_msword
  File "D:\work\project\AutoExecDoc\main.dist\package\modules\officepackets.py", line 56, in terminate_msword
_ctypes.COMError: (-2147220995, 'Объект не подключен к серверу', (None, None, None, 0, None))
[00m
