24-Apr-18 02:39:13.918372 | DEBUG    | MAIN LOGGER                    | Config logger                                                                   
24-Apr-18 02:39:13.919373 | DEBUG    | MAIN LOGGER                    | IN create_and_config_files_and_folders()                                        
24-Apr-18 02:39:13.920374 | DEBUG    | MAIN LOGGER                    | get_default_folder_projects_dirpath() -> str: C:/Users/hayar/OneDrive/Документы\AutoExecDoc Projects
24-Apr-18 02:39:13.921237 | DEBUG    | MAIN LOGGER                    | IN create_and_config_db_settings()                                              
24-Apr-18 02:39:13.922284 | DEBUG    | MAIN LOGGER                    | get_db_settings_dirpath() -> str: d:\work\project\AutoExecDoc\db\settings.db    
24-Apr-18 02:39:13.966657 | DEBUG    | MAIN LOGGER                    | IN view_test_pdf(self):                                                         
24-Apr-18 02:39:13.967652 | DEBUG    | MAIN LOGGER                    | get_documents_dirpath() -> str: C:/Users/hayar/OneDrive/Документы               
24-Apr-18 02:39:13.968641 | DEBUG    | MAIN LOGGER                    | IN load_pdf_for_view(self, file_path): file_path = C:\Users\hayar\OneDrive\Документы\test.pdf
24-Apr-18 02:39:14.022204 | DEBUG    | MAIN LOGGER                    | IN connect_statusbar()                                                          
24-Apr-18 02:39:14.023403 | DEBUG    | MAIN LOGGER                    | set_statusbar()                                                                 
24-Apr-18 02:39:14.023403 | DEBUG    | MAIN LOGGER                    | get_statusbar()                                                                 
24-Apr-18 02:39:14.024384 | DEBUG    | MAIN LOGGER                    | set_message_for_statusbar(Проект не открыт)                                     
24-Apr-18 02:39:14.025396 | DEBUG    | MAIN LOGGER                    | IN connect_structureexecdoc()                                                   
24-Apr-18 02:39:14.026385 | DEBUG    | MAIN LOGGER                    | set_tr_sed()                                                                    
24-Apr-18 02:39:14.026385 | DEBUG    | MAIN LOGGER                    | IN clear_tr_sed()                                                               
24-Apr-18 02:39:14.027396 | DEBUG    | MAIN LOGGER                    | get_tr_sed() -> object                                                          
24-Apr-18 02:39:14.028386 | DEBUG    | MAIN LOGGER                    | IN connect_pagestemplate(lw_pt)                                                 
24-Apr-18 02:39:14.029385 | DEBUG    | MAIN LOGGER                    | set_lw_pt()                                                                     
24-Apr-18 02:39:14.030386 | DEBUG    | MAIN LOGGER                    | IN connect_pagestemplate(sa_i, sa_il)                                           
24-Apr-18 02:39:14.031385 | DEBUG    | MAIN LOGGER                    | set_sa()                                                                        
24-Apr-18 02:39:14.034386 | DEBUG    | MAIN LOGGER                    | IN add_widget(widget)                                                           
24-Apr-18 02:39:14.035386 | DEBUG    | MAIN LOGGER                    | get_sa_il() -> object                                                           
24-Apr-18 02:39:14.036386 | DEBUG    | MAIN LOGGER                    | IN connecting_actions()                                                         
24-Apr-18 02:39:14.864012 | DEBUG    | MAIN LOGGER                    | IN open_project()                                                               
24-Apr-18 02:39:14.865037 | DEBUG    | MAIN LOGGER                    | is_active_status() -> bool: False                                               
24-Apr-18 02:39:14.866024 | DEBUG    | MAIN LOGGER                    | get_default_folder_projects_dirpath() -> str: C:/Users/hayar/OneDrive/Документы\AutoExecDoc Projects
24-Apr-18 02:39:16.462277 | DEBUG    | MAIN LOGGER                    | select_folder_for_open_project() -> C:/Users/hayar/OneDrive/Документы/AutoExecDoc Projects/яблоко
24-Apr-18 02:39:16.463290 | DEBUG    | MAIN LOGGER                    | IN set_project_dirpaths(folder_path: str): folder_path = C:/Users/hayar/OneDrive/Документы/AutoExecDoc Projects/яблоко
24-Apr-18 02:39:16.463290 | DEBUG    | MAIN LOGGER                    | set_project_dirpath(dirpath: str): dirpath = C:/Users/hayar/OneDrive/Документы/AutoExecDoc Projects/яблоко
24-Apr-18 02:39:16.464279 | DEBUG    | MAIN LOGGER                    | get_project_dirpath() -> str: C:/Users/hayar/OneDrive/Документы/AutoExecDoc Projects/яблоко
24-Apr-18 02:39:16.465280 | DEBUG    | MAIN LOGGER                    | set_db_project_dirpath(dirpath: str): dirpath = C:/Users/hayar/OneDrive/Документы/AutoExecDoc Projects/яблоко\project.db
24-Apr-18 02:39:16.465280 | DEBUG    | MAIN LOGGER                    | IN config_open_project()                                                        
24-Apr-18 02:39:16.466409 | DEBUG    | MAIN LOGGER                    | get_project_dirpath() -> str: C:/Users/hayar/OneDrive/Документы/AutoExecDoc Projects/яблоко
24-Apr-18 02:39:16.467279 | DEBUG    | MAIN LOGGER                    | set_current_name(name: str): name = яблоко                                      
24-Apr-18 02:39:16.468280 | DEBUG    | MAIN LOGGER                    | IN add_or_update_open_project_to_db()                                           
24-Apr-18 02:39:16.469281 | DEBUG    | MAIN LOGGER                    | get_db_settings_dirpath() -> str: d:\work\project\AutoExecDoc\db\settings.db    
24-Apr-18 02:39:16.471282 | DEBUG    | MAIN LOGGER                    | get_project_dirpath() -> str: C:/Users/hayar/OneDrive/Документы/AutoExecDoc Projects/яблоко
24-Apr-18 02:39:16.472291 | DEBUG    | MAIN LOGGER                    | get_project_dirpath() -> str: C:/Users/hayar/OneDrive/Документы/AutoExecDoc Projects/яблоко
24-Apr-18 02:39:16.473280 | DEBUG    | MAIN LOGGER                    | IN update_project_to_db()                                                       
24-Apr-18 02:39:16.474279 | DEBUG    | MAIN LOGGER                    | get_db_settings_dirpath() -> str: d:\work\project\AutoExecDoc\db\settings.db    
24-Apr-18 02:39:16.474279 | DEBUG    | MAIN LOGGER                    | get_project_dirpath() -> str: C:/Users/hayar/OneDrive/Документы/AutoExecDoc Projects/яблоко
24-Apr-18 02:39:16.475291 | DEBUG    | MAIN LOGGER                    | get_project_dirpath() -> str: C:/Users/hayar/OneDrive/Документы/AutoExecDoc Projects/яблоко
24-Apr-18 02:39:16.482285 | DEBUG    | MAIN LOGGER                    | IN create_and_config_db_project()                                               
24-Apr-18 02:39:16.483282 | DEBUG    | MAIN LOGGER                    | get_db_project_dirpath() -> str: C:/Users/hayar/OneDrive/Документы/AutoExecDoc Projects/яблоко\project.db
24-Apr-18 02:39:16.485038 | DEBUG    | MAIN LOGGER                    | IN create_structure_exec_doc()                                                  
24-Apr-18 02:39:16.486032 | DEBUG    | MAIN LOGGER                    | IN get_project_node()                                                           
24-Apr-18 02:39:16.486032 | DEBUG    | MAIN LOGGER                    | get_db_project_dirpath() -> str: C:/Users/hayar/OneDrive/Документы/AutoExecDoc Projects/яблоко\project.db
24-Apr-18 02:39:16.488033 | DEBUG    | MAIN LOGGER                    | IN get_childs({'id_node': 0, 'name_node': 'Проект', 'id_parent': None, 'type_node': 'PROJECT', 'id_left': None, 'id_right': None, 'template_name': ''}: int) 
24-Apr-18 02:39:16.489032 | DEBUG    | MAIN LOGGER                    | get_db_project_dirpath() -> str: C:/Users/hayar/OneDrive/Документы/AutoExecDoc Projects/яблоко\project.db
24-Apr-18 02:39:16.491033 | DEBUG    | MAIN LOGGER                    | get_nodes_to_items()                                                            
24-Apr-18 02:39:16.492033 | DEBUG    | MAIN LOGGER                    | get_nodes_to_items()                                                            
