24-Apr-21 15:09:13.549555 | DEBUG    | MAIN LOGGER                    | Config logger                                                                   
24-Apr-21 15:09:13.551560 | DEBUG    | MAIN LOGGER                    | IN create_and_config_files_and_folders()                                        
24-Apr-21 15:09:13.552576 | DEBUG    | MAIN LOGGER                    | get_default_folder_projects_dirpath() -> str: C:/Users/hayar/OneDrive/Документы\AutoExecDoc Projects
24-Apr-21 15:09:13.553556 | DEBUG    | MAIN LOGGER                    | IN create_and_config_db_settings()                                              
24-Apr-21 15:09:13.554557 | DEBUG    | MAIN LOGGER                    | get_db_settings_dirpath() -> str: d:\work\project\AutoExecDoc\db\settings.db    
24-Apr-21 15:09:13.650597 | DEBUG    | MAIN LOGGER                    | IN config_controllers()                                                         
24-Apr-21 15:09:13.652078 | DEBUG    | MAIN LOGGER                    | IN connect_statusbar(statusbar)                                                 
24-Apr-21 15:09:13.653595 | DEBUG    | MAIN LOGGER                    | set_message_for_statusbar(Проект не открыт)                                     
24-Apr-21 15:09:13.654592 | DEBUG    | MAIN LOGGER                    | IN connect_structureexecdoc(tr_sed, title_sed)                                  
24-Apr-21 15:09:13.655595 | DEBUG    | MAIN LOGGER                    | IN clear_tr_sed()                                                               
24-Apr-21 15:09:13.657594 | DEBUG    | MAIN LOGGER                    | IN connect_pages_template(lw_pt)                                                
24-Apr-21 15:09:13.659597 | DEBUG    | MAIN LOGGER                    | IN connect_inputforms(sa_if, sa_ifl)                                            
24-Apr-21 15:09:13.660595 | DEBUG    | MAIN LOGGER                    | IN connecting_actions()                                                         
24-Apr-21 15:09:15.232523 | DEBUG    | MAIN LOGGER                    | IN open_project()                                                               
24-Apr-21 15:09:15.232523 | DEBUG    | MAIN LOGGER                    | get_default_folder_projects_dirpath() -> str: C:/Users/hayar/OneDrive/Документы\AutoExecDoc Projects
24-Apr-21 15:09:20.563489 | DEBUG    | MAIN LOGGER                    | select_folder_for_open_project() -> C:/Users/hayar/OneDrive/Документы/AutoExecDoc Projects/РАРАРАР
24-Apr-21 15:09:20.563489 | DEBUG    | MAIN LOGGER                    | IN set_project_dirpaths(folder_path: str): folder_path = C:/Users/hayar/OneDrive/Документы/AutoExecDoc Projects/РАРАРАР
24-Apr-21 15:09:20.567495 | DEBUG    | MAIN LOGGER                    | set_project_dirpath(dirpath: str): dirpath = C:/Users/hayar/OneDrive/Документы/AutoExecDoc Projects/РАРАРАР
24-Apr-21 15:09:20.567495 | DEBUG    | MAIN LOGGER                    | get_project_dirpath() -> str: C:/Users/hayar/OneDrive/Документы/AutoExecDoc Projects/РАРАРАР
24-Apr-21 15:09:20.567495 | DEBUG    | MAIN LOGGER                    | set_db_project_dirpath(dirpath: str): dirpath = C:/Users/hayar/OneDrive/Документы/AutoExecDoc Projects/РАРАРАР\project.db
24-Apr-21 15:09:20.571505 | DEBUG    | MAIN LOGGER                    | IN config_open_project()                                                        
24-Apr-21 15:09:20.571505 | DEBUG    | MAIN LOGGER                    | get_project_dirpath() -> str: C:/Users/hayar/OneDrive/Документы/AutoExecDoc Projects/РАРАРАР
24-Apr-21 15:09:20.571505 | DEBUG    | MAIN LOGGER                    | IN add_or_update_open_project_to_db()                                           
24-Apr-21 15:09:20.571505 | DEBUG    | MAIN LOGGER                    | get_db_settings_dirpath() -> str: d:\work\project\AutoExecDoc\db\settings.db    
24-Apr-21 15:09:20.575492 | DEBUG    | MAIN LOGGER                    | get_project_dirpath() -> str: C:/Users/hayar/OneDrive/Документы/AutoExecDoc Projects/РАРАРАР
24-Apr-21 15:09:20.579503 | DEBUG    | MAIN LOGGER                    | get_project_dirpath() -> str: C:/Users/hayar/OneDrive/Документы/AutoExecDoc Projects/РАРАРАР
24-Apr-21 15:09:20.579503 | DEBUG    | MAIN LOGGER                    | IN update_project_to_db()                                                       
24-Apr-21 15:09:20.583496 | DEBUG    | MAIN LOGGER                    | get_db_settings_dirpath() -> str: d:\work\project\AutoExecDoc\db\settings.db    
24-Apr-21 15:09:20.583496 | DEBUG    | MAIN LOGGER                    | get_project_dirpath() -> str: C:/Users/hayar/OneDrive/Документы/AutoExecDoc Projects/РАРАРАР
24-Apr-21 15:09:20.587495 | DEBUG    | MAIN LOGGER                    | get_project_dirpath() -> str: C:/Users/hayar/OneDrive/Документы/AutoExecDoc Projects/РАРАРАР
24-Apr-21 15:09:20.595514 | DEBUG    | MAIN LOGGER                    | IN create_and_config_db_project()                                               
24-Apr-21 15:09:20.599502 | DEBUG    | MAIN LOGGER                    | get_db_project_dirpath() -> str: C:/Users/hayar/OneDrive/Документы/AutoExecDoc Projects/РАРАРАР\project.db
24-Apr-21 15:09:20.599502 | DEBUG    | MAIN LOGGER                    | IN update_structure_exec_doc()                                                  
24-Apr-21 15:09:20.599502 | DEBUG    | MAIN LOGGER                    | IN clear_tr_sed()                                                               
24-Apr-21 15:09:20.603499 | DEBUG    | MAIN LOGGER                    | get_current_name() -> str: РАРАРАР                                              
24-Apr-21 15:09:20.603499 | DEBUG    | MAIN LOGGER                    | IN get_project_node() -> object                                                 
24-Apr-21 15:09:20.607509 | DEBUG    | MAIN LOGGER                    | get_db_project_dirpath() -> str: C:/Users/hayar/OneDrive/Документы/AutoExecDoc Projects/РАРАРАР\project.db
24-Apr-21 15:09:20.607509 | DEBUG    | MAIN LOGGER                    | IN dfs(parent_node): parent_node = {'id_node': 0, 'name_node': 'Проект', 'id_parent': None, 'order_node': '0', 'type_node': 'PROJECT', 'template_name': None, 'folder_form': None, 'name_json': 'project', 'included': None}
24-Apr-21 15:09:20.611504 | DEBUG    | MAIN LOGGER                    | IN get_childs(parent_node) -> list: parent_node = {'id_node': 0, 'name_node': 'Проект', 'id_parent': None, 'order_node': '0', 'type_node': 'PROJECT', 'template_name': None, 'folder_form': None, 'name_json': 'project', 'included': None}
24-Apr-21 15:09:20.611504 | DEBUG    | MAIN LOGGER                    | get_db_project_dirpath() -> str: C:/Users/hayar/OneDrive/Документы/AutoExecDoc Projects/РАРАРАР\project.db
24-Apr-21 15:09:20.615504 | DEBUG    | MAIN LOGGER                    | IN set_item_in_nodes_to_items(node): node = {'id_node': 10, 'name_node': 'Титульный лист', 'id_parent': 0, 'order_node': '1', 'type_node': 'FORM', 'template_name': 'main', 'folder_form': '1-ТЛ', 'name_json': '1-ТЛ', 'included': '1'}
24-Apr-21 15:09:20.615504 | DEBUG    | MAIN LOGGER                    | IN set_state_included_for_childs(node, state): node = {'id_node': 10, 'name_node': 'Титульный лист', 'id_parent': 0, 'order_node': '1', 'type_node': 'FORM', 'template_name': 'main', 'folder_form': '1-ТЛ', 'name_json': '1-ТЛ', 'included': '1'}, state = False
24-Apr-21 15:09:20.619507 | DEBUG    | MAIN LOGGER                    | IN set_included_for_node(node, state): node = {'id_node': 10, 'name_node': 'Титульный лист', 'id_parent': 0, 'order_node': '1', 'type_node': 'FORM', 'template_name': 'main', 'folder_form': '1-ТЛ', 'name_json': '1-ТЛ', 'included': '1'}, state = False
24-Apr-21 15:09:20.619507 | DEBUG    | MAIN LOGGER                    | get_db_project_dirpath() -> str: C:/Users/hayar/OneDrive/Документы/AutoExecDoc Projects/РАРАРАР\project.db
24-Apr-21 15:09:20.634249 | DEBUG    | MAIN LOGGER                    | IN set_state_included_for_childs(node, state): node = {'id_node': 10, 'name_node': 'Титульный лист', 'id_parent': 0, 'order_node': '1', 'type_node': 'FORM', 'template_name': 'main', 'folder_form': '1-ТЛ', 'name_json': '1-ТЛ', 'included': '1'}, state = True
24-Apr-21 15:09:20.634249 | DEBUG    | MAIN LOGGER                    | IN set_included_for_node(node, state): node = {'id_node': 10, 'name_node': 'Титульный лист', 'id_parent': 0, 'order_node': '1', 'type_node': 'FORM', 'template_name': 'main', 'folder_form': '1-ТЛ', 'name_json': '1-ТЛ', 'included': '1'}, state = True
24-Apr-21 15:09:20.638251 | DEBUG    | MAIN LOGGER                    | get_db_project_dirpath() -> str: C:/Users/hayar/OneDrive/Документы/AutoExecDoc Projects/РАРАРАР\project.db
24-Apr-21 15:09:20.646253 | DEBUG    | MAIN LOGGER                    | IN dfs(parent_node): parent_node = {'id_node': 10, 'name_node': 'Титульный лист', 'id_parent': 0, 'order_node': '1', 'type_node': 'FORM', 'template_name': 'main', 'folder_form': '1-ТЛ', 'name_json': '1-ТЛ', 'included': '1'}
24-Apr-21 15:09:20.646253 | DEBUG    | MAIN LOGGER                    | IN get_childs(parent_node) -> list: parent_node = {'id_node': 10, 'name_node': 'Титульный лист', 'id_parent': 0, 'order_node': '1', 'type_node': 'FORM', 'template_name': 'main', 'folder_form': '1-ТЛ', 'name_json': '1-ТЛ', 'included': '1'}
24-Apr-21 15:09:20.650255 | DEBUG    | MAIN LOGGER                    | get_db_project_dirpath() -> str: C:/Users/hayar/OneDrive/Документы/AutoExecDoc Projects/РАРАРАР\project.db
24-Apr-21 15:09:20.655496 | DEBUG    | MAIN LOGGER                    | IN set_item_in_nodes_to_items(node): node = {'id_node': 11, 'name_node': 'Реестр документации', 'id_parent': 0, 'order_node': '2', 'type_node': 'FORM', 'template_name': 'main', 'folder_form': '2-РД', 'name_json': None, 'included': '1'}
24-Apr-21 15:09:20.655496 | DEBUG    | MAIN LOGGER                    | IN set_state_included_for_childs(node, state): node = {'id_node': 11, 'name_node': 'Реестр документации', 'id_parent': 0, 'order_node': '2', 'type_node': 'FORM', 'template_name': 'main', 'folder_form': '2-РД', 'name_json': None, 'included': '1'}, state = False
24-Apr-21 15:09:20.659478 | DEBUG    | MAIN LOGGER                    | IN set_included_for_node(node, state): node = {'id_node': 11, 'name_node': 'Реестр документации', 'id_parent': 0, 'order_node': '2', 'type_node': 'FORM', 'template_name': 'main', 'folder_form': '2-РД', 'name_json': None, 'included': '1'}, state = False
24-Apr-21 15:09:20.659478 | DEBUG    | MAIN LOGGER                    | get_db_project_dirpath() -> str: C:/Users/hayar/OneDrive/Документы/AutoExecDoc Projects/РАРАРАР\project.db
24-Apr-21 15:09:20.667471 | DEBUG    | MAIN LOGGER                    | IN set_state_included_for_childs(node, state): node = {'id_node': 11, 'name_node': 'Реестр документации', 'id_parent': 0, 'order_node': '2', 'type_node': 'FORM', 'template_name': 'main', 'folder_form': '2-РД', 'name_json': None, 'included': '1'}, state = True
24-Apr-21 15:09:20.671477 | DEBUG    | MAIN LOGGER                    | IN set_included_for_node(node, state): node = {'id_node': 11, 'name_node': 'Реестр документации', 'id_parent': 0, 'order_node': '2', 'type_node': 'FORM', 'template_name': 'main', 'folder_form': '2-РД', 'name_json': None, 'included': '1'}, state = True
24-Apr-21 15:09:20.671477 | DEBUG    | MAIN LOGGER                    | get_db_project_dirpath() -> str: C:/Users/hayar/OneDrive/Документы/AutoExecDoc Projects/РАРАРАР\project.db
24-Apr-21 15:09:20.683476 | DEBUG    | MAIN LOGGER                    | IN dfs(parent_node): parent_node = {'id_node': 11, 'name_node': 'Реестр документации', 'id_parent': 0, 'order_node': '2', 'type_node': 'FORM', 'template_name': 'main', 'folder_form': '2-РД', 'name_json': None, 'included': '1'}
24-Apr-21 15:09:20.683476 | DEBUG    | MAIN LOGGER                    | IN get_childs(parent_node) -> list: parent_node = {'id_node': 11, 'name_node': 'Реестр документации', 'id_parent': 0, 'order_node': '2', 'type_node': 'FORM', 'template_name': 'main', 'folder_form': '2-РД', 'name_json': None, 'included': '1'}
24-Apr-21 15:09:20.687482 | DEBUG    | MAIN LOGGER                    | get_db_project_dirpath() -> str: C:/Users/hayar/OneDrive/Документы/AutoExecDoc Projects/РАРАРАР\project.db
24-Apr-21 15:09:20.691479 | DEBUG    | MAIN LOGGER                    | IN set_item_in_nodes_to_items(node): node = {'id_node': 12, 'name_node': 'Паспорт трассы', 'id_parent': 0, 'order_node': '3', 'type_node': 'GROUP', 'template_name': None, 'folder_form': None, 'name_json': None, 'included': '1'}
24-Apr-21 15:09:20.691479 | DEBUG    | MAIN LOGGER                    | IN set_state_included_for_childs(node, state): node = {'id_node': 12, 'name_node': 'Паспорт трассы', 'id_parent': 0, 'order_node': '3', 'type_node': 'GROUP', 'template_name': None, 'folder_form': None, 'name_json': None, 'included': '1'}, state = False
24-Apr-21 15:09:20.691479 | DEBUG    | MAIN LOGGER                    | IN set_included_for_node(node, state): node = {'id_node': 12, 'name_node': 'Паспорт трассы', 'id_parent': 0, 'order_node': '3', 'type_node': 'GROUP', 'template_name': None, 'folder_form': None, 'name_json': None, 'included': '1'}, state = False
24-Apr-21 15:09:20.695481 | DEBUG    | MAIN LOGGER                    | get_db_project_dirpath() -> str: C:/Users/hayar/OneDrive/Документы/AutoExecDoc Projects/РАРАРАР\project.db
24-Apr-21 15:09:20.703481 | DEBUG    | MAIN LOGGER                    | IN set_state_included_for_childs(node, state): node = {'id_node': 12, 'name_node': 'Паспорт трассы', 'id_parent': 0, 'order_node': '3', 'type_node': 'GROUP', 'template_name': None, 'folder_form': None, 'name_json': None, 'included': '1'}, state = True
24-Apr-21 15:09:20.703481 | DEBUG    | MAIN LOGGER                    | IN set_included_for_node(node, state): node = {'id_node': 12, 'name_node': 'Паспорт трассы', 'id_parent': 0, 'order_node': '3', 'type_node': 'GROUP', 'template_name': None, 'folder_form': None, 'name_json': None, 'included': '1'}, state = True
24-Apr-21 15:09:20.703481 | DEBUG    | MAIN LOGGER                    | get_db_project_dirpath() -> str: C:/Users/hayar/OneDrive/Документы/AutoExecDoc Projects/РАРАРАР\project.db
24-Apr-21 15:09:20.715488 | DEBUG    | MAIN LOGGER                    | IN dfs(parent_node): parent_node = {'id_node': 12, 'name_node': 'Паспорт трассы', 'id_parent': 0, 'order_node': '3', 'type_node': 'GROUP', 'template_name': None, 'folder_form': None, 'name_json': None, 'included': '1'}
24-Apr-21 15:09:20.715488 | DEBUG    | MAIN LOGGER                    | IN get_childs(parent_node) -> list: parent_node = {'id_node': 12, 'name_node': 'Паспорт трассы', 'id_parent': 0, 'order_node': '3', 'type_node': 'GROUP', 'template_name': None, 'folder_form': None, 'name_json': None, 'included': '1'}
24-Apr-21 15:09:20.715488 | DEBUG    | MAIN LOGGER                    | get_db_project_dirpath() -> str: C:/Users/hayar/OneDrive/Документы/AutoExecDoc Projects/РАРАРАР\project.db
24-Apr-21 15:09:20.723487 | DEBUG    | MAIN LOGGER                    | IN set_item_in_nodes_to_items(node): node = {'id_node': 1201, 'name_node': 'ПТ-1', 'id_parent': 12, 'order_node': '1', 'type_node': 'FORM', 'template_name': 'main', 'folder_form': '3-ПТ1', 'name_json': None, 'included': '1'}
24-Apr-21 15:09:20.723487 | DEBUG    | MAIN LOGGER                    | IN set_state_included_for_childs(node, state): node = {'id_node': 1201, 'name_node': 'ПТ-1', 'id_parent': 12, 'order_node': '1', 'type_node': 'FORM', 'template_name': 'main', 'folder_form': '3-ПТ1', 'name_json': None, 'included': '1'}, state = False
24-Apr-21 15:09:20.727497 | DEBUG    | MAIN LOGGER                    | IN set_included_for_node(node, state): node = {'id_node': 1201, 'name_node': 'ПТ-1', 'id_parent': 12, 'order_node': '1', 'type_node': 'FORM', 'template_name': 'main', 'folder_form': '3-ПТ1', 'name_json': None, 'included': '1'}, state = False
24-Apr-21 15:09:20.727497 | DEBUG    | MAIN LOGGER                    | get_db_project_dirpath() -> str: C:/Users/hayar/OneDrive/Документы/AutoExecDoc Projects/РАРАРАР\project.db
24-Apr-21 15:09:20.735501 | DEBUG    | MAIN LOGGER                    | IN set_state_included_for_childs(node, state): node = {'id_node': 1201, 'name_node': 'ПТ-1', 'id_parent': 12, 'order_node': '1', 'type_node': 'FORM', 'template_name': 'main', 'folder_form': '3-ПТ1', 'name_json': None, 'included': '1'}, state = True
24-Apr-21 15:09:20.739491 | DEBUG    | MAIN LOGGER                    | IN set_included_for_node(node, state): node = {'id_node': 1201, 'name_node': 'ПТ-1', 'id_parent': 12, 'order_node': '1', 'type_node': 'FORM', 'template_name': 'main', 'folder_form': '3-ПТ1', 'name_json': None, 'included': '1'}, state = True
24-Apr-21 15:09:20.739491 | DEBUG    | MAIN LOGGER                    | get_db_project_dirpath() -> str: C:/Users/hayar/OneDrive/Документы/AutoExecDoc Projects/РАРАРАР\project.db
24-Apr-21 15:09:20.747493 | DEBUG    | MAIN LOGGER                    | IN dfs(parent_node): parent_node = {'id_node': 1201, 'name_node': 'ПТ-1', 'id_parent': 12, 'order_node': '1', 'type_node': 'FORM', 'template_name': 'main', 'folder_form': '3-ПТ1', 'name_json': None, 'included': '1'}
24-Apr-21 15:09:20.751494 | DEBUG    | MAIN LOGGER                    | IN get_childs(parent_node) -> list: parent_node = {'id_node': 1201, 'name_node': 'ПТ-1', 'id_parent': 12, 'order_node': '1', 'type_node': 'FORM', 'template_name': 'main', 'folder_form': '3-ПТ1', 'name_json': None, 'included': '1'}
24-Apr-21 15:09:20.751494 | DEBUG    | MAIN LOGGER                    | get_db_project_dirpath() -> str: C:/Users/hayar/OneDrive/Документы/AutoExecDoc Projects/РАРАРАР\project.db
24-Apr-21 15:09:20.755496 | DEBUG    | MAIN LOGGER                    | IN set_item_in_nodes_to_items(node): node = {'id_node': 1202, 'name_node': 'ПТ-2', 'id_parent': 12, 'order_node': '2', 'type_node': 'FORM', 'template_name': 'main', 'folder_form': '3-ПТ2', 'name_json': None, 'included': '1'}
24-Apr-21 15:09:20.759508 | DEBUG    | MAIN LOGGER                    | IN set_state_included_for_childs(node, state): node = {'id_node': 1202, 'name_node': 'ПТ-2', 'id_parent': 12, 'order_node': '2', 'type_node': 'FORM', 'template_name': 'main', 'folder_form': '3-ПТ2', 'name_json': None, 'included': '1'}, state = False
24-Apr-21 15:09:20.759508 | DEBUG    | MAIN LOGGER                    | IN set_included_for_node(node, state): node = {'id_node': 1202, 'name_node': 'ПТ-2', 'id_parent': 12, 'order_node': '2', 'type_node': 'FORM', 'template_name': 'main', 'folder_form': '3-ПТ2', 'name_json': None, 'included': '1'}, state = False
24-Apr-21 15:09:20.763497 | DEBUG    | MAIN LOGGER                    | get_db_project_dirpath() -> str: C:/Users/hayar/OneDrive/Документы/AutoExecDoc Projects/РАРАРАР\project.db
24-Apr-21 15:09:20.771500 | DEBUG    | MAIN LOGGER                    | IN set_state_included_for_childs(node, state): node = {'id_node': 1202, 'name_node': 'ПТ-2', 'id_parent': 12, 'order_node': '2', 'type_node': 'FORM', 'template_name': 'main', 'folder_form': '3-ПТ2', 'name_json': None, 'included': '1'}, state = True
24-Apr-21 15:09:20.771500 | DEBUG    | MAIN LOGGER                    | IN set_included_for_node(node, state): node = {'id_node': 1202, 'name_node': 'ПТ-2', 'id_parent': 12, 'order_node': '2', 'type_node': 'FORM', 'template_name': 'main', 'folder_form': '3-ПТ2', 'name_json': None, 'included': '1'}, state = True
24-Apr-21 15:09:20.771500 | DEBUG    | MAIN LOGGER                    | get_db_project_dirpath() -> str: C:/Users/hayar/OneDrive/Документы/AutoExecDoc Projects/РАРАРАР\project.db
24-Apr-21 15:09:20.783504 | DEBUG    | MAIN LOGGER                    | IN dfs(parent_node): parent_node = {'id_node': 1202, 'name_node': 'ПТ-2', 'id_parent': 12, 'order_node': '2', 'type_node': 'FORM', 'template_name': 'main', 'folder_form': '3-ПТ2', 'name_json': None, 'included': '1'}
24-Apr-21 15:09:20.783504 | DEBUG    | MAIN LOGGER                    | IN get_childs(parent_node) -> list: parent_node = {'id_node': 1202, 'name_node': 'ПТ-2', 'id_parent': 12, 'order_node': '2', 'type_node': 'FORM', 'template_name': 'main', 'folder_form': '3-ПТ2', 'name_json': None, 'included': '1'}
24-Apr-21 15:09:20.787594 | DEBUG    | MAIN LOGGER                    | get_db_project_dirpath() -> str: C:/Users/hayar/OneDrive/Документы/AutoExecDoc Projects/РАРАРАР\project.db
24-Apr-21 15:09:20.791561 | DEBUG    | MAIN LOGGER                    | IN set_item_in_nodes_to_items(node): node = {'id_node': 1203, 'name_node': 'ПТ-3', 'id_parent': 12, 'order_node': '3', 'type_node': 'FORM', 'template_name': 'main', 'folder_form': '3-ПТ3', 'name_json': None, 'included': '1'}
24-Apr-21 15:09:20.795567 | DEBUG    | MAIN LOGGER                    | IN set_state_included_for_childs(node, state): node = {'id_node': 1203, 'name_node': 'ПТ-3', 'id_parent': 12, 'order_node': '3', 'type_node': 'FORM', 'template_name': 'main', 'folder_form': '3-ПТ3', 'name_json': None, 'included': '1'}, state = False
24-Apr-21 15:09:20.799562 | DEBUG    | MAIN LOGGER                    | IN set_included_for_node(node, state): node = {'id_node': 1203, 'name_node': 'ПТ-3', 'id_parent': 12, 'order_node': '3', 'type_node': 'FORM', 'template_name': 'main', 'folder_form': '3-ПТ3', 'name_json': None, 'included': '1'}, state = False
24-Apr-21 15:09:20.799562 | DEBUG    | MAIN LOGGER                    | get_db_project_dirpath() -> str: C:/Users/hayar/OneDrive/Документы/AutoExecDoc Projects/РАРАРАР\project.db
24-Apr-21 15:09:20.807563 | DEBUG    | MAIN LOGGER                    | IN set_state_included_for_childs(node, state): node = {'id_node': 1203, 'name_node': 'ПТ-3', 'id_parent': 12, 'order_node': '3', 'type_node': 'FORM', 'template_name': 'main', 'folder_form': '3-ПТ3', 'name_json': None, 'included': '1'}, state = True
24-Apr-21 15:09:20.807563 | DEBUG    | MAIN LOGGER                    | IN set_included_for_node(node, state): node = {'id_node': 1203, 'name_node': 'ПТ-3', 'id_parent': 12, 'order_node': '3', 'type_node': 'FORM', 'template_name': 'main', 'folder_form': '3-ПТ3', 'name_json': None, 'included': '1'}, state = True
24-Apr-21 15:09:20.811564 | DEBUG    | MAIN LOGGER                    | get_db_project_dirpath() -> str: C:/Users/hayar/OneDrive/Документы/AutoExecDoc Projects/РАРАРАР\project.db
24-Apr-21 15:09:20.819566 | DEBUG    | MAIN LOGGER                    | IN dfs(parent_node): parent_node = {'id_node': 1203, 'name_node': 'ПТ-3', 'id_parent': 12, 'order_node': '3', 'type_node': 'FORM', 'template_name': 'main', 'folder_form': '3-ПТ3', 'name_json': None, 'included': '1'}
24-Apr-21 15:09:20.819566 | DEBUG    | MAIN LOGGER                    | IN get_childs(parent_node) -> list: parent_node = {'id_node': 1203, 'name_node': 'ПТ-3', 'id_parent': 12, 'order_node': '3', 'type_node': 'FORM', 'template_name': 'main', 'folder_form': '3-ПТ3', 'name_json': None, 'included': '1'}
24-Apr-21 15:09:20.823567 | DEBUG    | MAIN LOGGER                    | get_db_project_dirpath() -> str: C:/Users/hayar/OneDrive/Документы/AutoExecDoc Projects/РАРАРАР\project.db
24-Apr-21 15:09:20.827569 | DEBUG    | MAIN LOGGER                    | IN set_true_actives_project()                                                   
24-Apr-21 15:09:20.827569 | DEBUG    | MAIN LOGGER                    | set_message_for_statusbar(Проект c именем РАРАРАР открыт.)                      
24-Apr-21 15:09:23.278108 | DEBUG    | MAIN LOGGER                    | IN update_pages_template(node) : node = {'id_node': 1202, 'name_node': 'ПТ-2', 'id_parent': 12, 'order_node': '2', 'type_node': 'FORM', 'template_name': 'main', 'folder_form': '3-ПТ2', 'name_json': None, 'included': '1'}
24-Apr-21 15:09:23.278108 | DEBUG    | MAIN LOGGER                    | IN get_pages(node) -> list: node = {'id_node': 1202, 'name_node': 'ПТ-2', 'id_parent': 12, 'order_node': '2', 'type_node': 'FORM', 'template_name': 'main', 'folder_form': '3-ПТ2', 'name_json': None, 'included': '1'}
24-Apr-21 15:09:23.282110 | DEBUG    | MAIN LOGGER                    | get_db_project_dirpath() -> str: C:/Users/hayar/OneDrive/Документы/AutoExecDoc Projects/РАРАРАР\project.db
24-Apr-21 15:09:25.284711 | DEBUG    | MAIN LOGGER                    | IN update_scrollarea()                                                          
24-Apr-21 15:09:25.288701 | DEBUG    | MAIN LOGGER                    | IN delete_all_widgets_in_sa()                                                   
24-Apr-21 15:09:25.288701 | DEBUG    | MAIN LOGGER                    | IN clear_temp_folder()                                                          
24-Apr-21 15:09:25.292697 | DEBUG    | MAIN LOGGER                    | get_project_dirpath() -> str: C:/Users/hayar/OneDrive/Документы/AutoExecDoc Projects/РАРАРАР
24-Apr-21 15:09:25.292697 | DEBUG    | MAIN LOGGER                    | IN add_page_for_datas(page)                                                     
24-Apr-21 15:09:25.296704 | DEBUG    | MAIN LOGGER                    | IN get_node_parent_from_pages(page) -> object: page = {'id_page': 5, 'id_node_parent': 1202, 'name_page': 'Л.1. Паспорт трассы волоконно-оптической линии связи на участке.', 'folder_page': '3-ПТ2-1', 'included': None}
24-Apr-21 15:09:25.300751 | DEBUG    | MAIN LOGGER                    | get_db_project_dirpath() -> str: C:/Users/hayar/OneDrive/Документы/AutoExecDoc Projects/РАРАРАР\project.db
24-Apr-21 15:09:25.304753 | DEBUG    | MAIN LOGGER                    | get_project_dirpath() -> str: C:/Users/hayar/OneDrive/Документы/AutoExecDoc Projects/РАРАРАР
24-Apr-21 15:09:25.308756 | DEBUG    | MAIN LOGGER                    | IN get_data_from_json_file(filepath) -> dict: filepath = C:\Users\hayar\OneDrive\Документы\AutoExecDoc Projects\РАРАРАР\forms\3-ПТ2\3-ПТ2-1\3-ПТ2-1.json
24-Apr-21 15:09:25.312754 | DEBUG    | MAIN LOGGER                    | IN add_nodes_for_datas()                                                        
24-Apr-21 15:09:25.324758 | DEBUG    | MAIN LOGGER                    | IN get_node_parent_from_pages(page) -> object: page = {'id_page': 5, 'id_node_parent': 1202, 'name_page': 'Л.1. Паспорт трассы волоконно-оптической линии связи на участке.', 'folder_page': '3-ПТ2-1', 'included': None}
24-Apr-21 15:09:25.332797 | DEBUG    | MAIN LOGGER                    | get_db_project_dirpath() -> str: C:/Users/hayar/OneDrive/Документы/AutoExecDoc Projects/РАРАРАР\project.db
24-Apr-21 15:09:25.344802 | DEBUG    | MAIN LOGGER                    | IN get_node_parent(node) -> object: node = {'id_node': 1202, 'name_node': 'ПТ-2', 'id_parent': 12, 'order_node': '2', 'type_node': 'FORM', 'template_name': 'main', 'folder_form': '3-ПТ2', 'name_json': None, 'included': '1'}
24-Apr-21 15:09:25.344802 | DEBUG    | MAIN LOGGER                    | get_db_project_dirpath() -> str: C:/Users/hayar/OneDrive/Документы/AutoExecDoc Projects/РАРАРАР\project.db
24-Apr-21 15:09:25.348803 | DEBUG    | MAIN LOGGER                    | IN get_node_parent(node) -> object: node = {'id_node': 12, 'name_node': 'Паспорт трассы', 'id_parent': 0, 'order_node': '3', 'type_node': 'GROUP', 'template_name': None, 'folder_form': None, 'name_json': None, 'included': '1'}
24-Apr-21 15:09:25.352806 | DEBUG    | MAIN LOGGER                    | get_db_project_dirpath() -> str: C:/Users/hayar/OneDrive/Документы/AutoExecDoc Projects/РАРАРАР\project.db
24-Apr-21 15:09:25.352806 | DEBUG    | MAIN LOGGER                    | get_project_dirpath() -> str: C:/Users/hayar/OneDrive/Документы/AutoExecDoc Projects/РАРАРАР
24-Apr-21 15:09:25.356781 | DEBUG    | MAIN LOGGER                    | IN get_data_from_json_file(filepath) -> dict: filepath = C:\Users\hayar\OneDrive\Документы\AutoExecDoc Projects\РАРАРАР\forms\project.json
24-Apr-21 15:09:25.356781 | DEBUG    | MAIN LOGGER                    | IN get_node_parent(node) -> object: node = {'id_node': 0, 'name_node': 'Проект', 'id_parent': None, 'order_node': '0', 'type_node': 'PROJECT', 'template_name': None, 'folder_form': None, 'name_json': 'project', 'included': None}
24-Apr-21 15:09:25.360780 | DEBUG    | MAIN LOGGER                    | get_db_project_dirpath() -> str: C:/Users/hayar/OneDrive/Документы/AutoExecDoc Projects/РАРАРАР\project.db
24-Apr-21 15:09:25.364781 | DEBUG    | MAIN LOGGER                    | IN add_sections_in_sa()                                                         
24-Apr-21 15:09:25.368782 | DEBUG    | MAIN LOGGER                    | IN get_config_content(name_content) -> list: name_content = кабеля              
24-Apr-21 15:09:25.372783 | DEBUG    | MAIN LOGGER                    | get_db_project_dirpath() -> str: C:/Users/hayar/OneDrive/Документы/AutoExecDoc Projects/РАРАРАР\project.db
24-Apr-21 15:09:25.376783 | DEBUG    | MAIN LOGGER                    | IN get_config_table(id_content): id_content = 1220                              
24-Apr-21 15:09:25.380788 | DEBUG    | MAIN LOGGER                    | get_db_project_dirpath() -> str: C:/Users/hayar/OneDrive/Документы/AutoExecDoc Projects/РАРАРАР\project.db
24-Apr-21 15:09:25.384786 | DEBUG    | MAIN LOGGER                    | FormTable(self, section_index, config_content, config_table, value): section_index = 0, config_content = {'id_content': 1220, 'name_content': 'кабеля', 'type_content': 'TABLE', 'title_content': 'Кабеля.', 'description_content': None, 'enable': None}, config_table = [{'id_config': 500, 'id_content': 1220, 'type_config': 'HEADER', 'value_config': 'Марка кабеля', 'note_config': None}, {'id_config': 501, 'id_content': 1220, 'type_config': 'HEADER', 'value_config': 'Длина кабеля (всего) в м.', 'note_config': None}, {'id_config': 502, 'id_content': 1220, 'type_config': 'HEADER', 'value_config': 'Оптическая длина в м.', 'note_config': None}, {'id_config': 503, 'id_content': 1220, 'type_config': 'HEADER', 'value_config': 'Информация', 'note_config': None}, {'id_config': 504, 'id_content': 1220, 'type_config': 'CONTENT', 'value_config': 'марка', 'note_config': None}, {'id_config': 505, 'id_content': 1220, 'type_config': 'CONTENT', 'value_config': 'длина_всего', 'note_config': None}, {'id_config': 506, 'id_content': 1220, 'type_config': 'CONTENT', 'value_config': 'длина_опт', 'note_config': None}, {'id_config': 507, 'id_content': 1220, 'type_config': 'CONTENT', 'value_config': 'инфо', 'note_config': None}], value = [['аыв', 'выавва', '', '']]
24-Apr-21 15:09:25.392786 | DEBUG    | MAIN LOGGER                    | IN from_json(self, value): data = [['аыв', 'выавва', '', '']]                   
