24-Apr-27 17:20:06.364051 | DEBUG    | MAIN LOGGER                    | Config logger                                                                   
24-Apr-27 17:20:06.365039 | DEBUG    | MAIN LOGGER                    | self.current_directory = d:\work\project\AutoExecDoc                            
24-Apr-27 17:20:06.365039 | DEBUG    | MAIN LOGGER                    | IN create_and_config_files_and_folders()                                        
24-Apr-27 17:20:06.366040 | DEBUG    | MAIN LOGGER                    | get_default_folder_projects_dirpath() -> str: C:/Users/hayar/OneDrive/Документы\AutoExecDoc Projects
24-Apr-27 17:20:06.366040 | DEBUG    | MAIN LOGGER                    | IN create_and_config_db_settings()                                              
24-Apr-27 17:20:06.368038 | DEBUG    | MAIN LOGGER                    | get_db_settings_dirpath() -> str: d:\work\project\AutoExecDoc\db\settings.db    
24-Apr-27 17:20:06.368038 | DEBUG    | MAIN LOGGER                    | get_templates_main_dirpath() -> str: d:\work\project\AutoExecDoc\templates\main 
24-Apr-27 17:20:06.812573 | DEBUG    | MAIN LOGGER                    | IN config_controllers()                                                         
24-Apr-27 17:20:06.813573 | DEBUG    | MAIN LOGGER                    | IN connect_statusbar(statusbar)                                                 
24-Apr-27 17:20:06.813573 | DEBUG    | MAIN LOGGER                    | set_message_for_statusbar(Проект не открыт)                                     
24-Apr-27 17:20:06.814573 | DEBUG    | MAIN LOGGER                    | IN connect_structureexecdoc(tr_sed, title_sed)                                  
24-Apr-27 17:20:06.814573 | DEBUG    | MAIN LOGGER                    | IN clear_tr_sed()                                                               
24-Apr-27 17:20:06.815573 | DEBUG    | MAIN LOGGER                    | IN connect_pages_template(lw_pt)                                                
24-Apr-27 17:20:06.816574 | DEBUG    | MAIN LOGGER                    | IN connect_inputforms(sa_if, sa_ifl)                                            
24-Apr-27 17:20:06.816574 | DEBUG    | MAIN LOGGER                    | IN connecting_actions()                                                         
24-Apr-27 17:20:07.876097 | DEBUG    | MAIN LOGGER                    | IN open_project()                                                               
24-Apr-27 17:20:07.877103 | DEBUG    | MAIN LOGGER                    | get_default_folder_projects_dirpath() -> str: C:/Users/hayar/OneDrive/Документы\AutoExecDoc Projects
24-Apr-27 17:20:09.280961 | DEBUG    | MAIN LOGGER                    | select_folder_for_open_project() -> None                                        
24-Apr-27 17:20:33.516974 | DEBUG    | MAIN LOGGER                    | IN open_project()                                                               
24-Apr-27 17:20:33.517973 | DEBUG    | MAIN LOGGER                    | get_default_folder_projects_dirpath() -> str: C:/Users/hayar/OneDrive/Документы\AutoExecDoc Projects
24-Apr-27 17:20:35.167218 | DEBUG    | MAIN LOGGER                    | select_folder_for_open_project() -> C:/Users/hayar/OneDrive/Документы/AutoExecDoc Projects/Привет Андрей
24-Apr-27 17:20:35.168220 | DEBUG    | MAIN LOGGER                    | IN set_project_dirpaths(folder_path: str): folder_path = C:/Users/hayar/OneDrive/Документы/AutoExecDoc Projects/Привет Андрей
24-Apr-27 17:20:35.169220 | DEBUG    | MAIN LOGGER                    | set_project_dirpath(dirpath: str): dirpath = C:/Users/hayar/OneDrive/Документы/AutoExecDoc Projects/Привет Андрей
24-Apr-27 17:20:35.169220 | DEBUG    | MAIN LOGGER                    | get_project_dirpath() -> str: C:/Users/hayar/OneDrive/Документы/AutoExecDoc Projects/Привет Андрей
24-Apr-27 17:20:35.170221 | DEBUG    | MAIN LOGGER                    | set_db_project_dirpath(dirpath: str): dirpath = C:/Users/hayar/OneDrive/Документы/AutoExecDoc Projects/Привет Андрей\project.db
24-Apr-27 17:20:35.170221 | DEBUG    | MAIN LOGGER                    | IN config_open_project()                                                        
24-Apr-27 17:20:35.170221 | DEBUG    | MAIN LOGGER                    | get_project_dirpath() -> str: C:/Users/hayar/OneDrive/Документы/AutoExecDoc Projects/Привет Андрей
24-Apr-27 17:20:35.171221 | DEBUG    | MAIN LOGGER                    | IN add_or_update_open_project_to_db()                                           
24-Apr-27 17:20:35.171221 | DEBUG    | MAIN LOGGER                    | get_db_settings_dirpath() -> str: d:\work\project\AutoExecDoc\db\settings.db    
24-Apr-27 17:20:35.172221 | DEBUG    | MAIN LOGGER                    | get_project_dirpath() -> str: C:/Users/hayar/OneDrive/Документы/AutoExecDoc Projects/Привет Андрей
24-Apr-27 17:20:35.173221 | DEBUG    | MAIN LOGGER                    | get_project_dirpath() -> str: C:/Users/hayar/OneDrive/Документы/AutoExecDoc Projects/Привет Андрей
24-Apr-27 17:20:35.174221 | DEBUG    | MAIN LOGGER                    | IN add_new_project_to_db()                                                      
24-Apr-27 17:20:35.174221 | DEBUG    | MAIN LOGGER                    | get_db_settings_dirpath() -> str: d:\work\project\AutoExecDoc\db\settings.db    
24-Apr-27 17:20:35.175221 | DEBUG    | MAIN LOGGER                    | get_project_dirpath() -> str: C:/Users/hayar/OneDrive/Документы/AutoExecDoc Projects/Привет Андрей
24-Apr-27 17:20:35.175221 | DEBUG    | MAIN LOGGER                    | get_project_dirpath() -> str: C:/Users/hayar/OneDrive/Документы/AutoExecDoc Projects/Привет Андрей
24-Apr-27 17:20:35.179222 | DEBUG    | MAIN LOGGER                    | IN create_and_config_db_project()                                               
24-Apr-27 17:20:35.180222 | DEBUG    | MAIN LOGGER                    | get_db_project_dirpath() -> str: C:/Users/hayar/OneDrive/Документы/AutoExecDoc Projects/Привет Андрей\project.db
24-Apr-27 17:20:35.181225 | DEBUG    | MAIN LOGGER                    | IN set_all_included_in_db_project_to_true()                                     
24-Apr-27 17:20:35.181225 | DEBUG    | MAIN LOGGER                    | get_db_project_dirpath() -> str: C:/Users/hayar/OneDrive/Документы/AutoExecDoc Projects/Привет Андрей\project.db
24-Apr-27 17:20:35.182222 | DEBUG    | MAIN LOGGER                    | IN update_structure_exec_doc()                                                  
24-Apr-27 17:20:35.183223 | DEBUG    | MAIN LOGGER                    | IN clear_tr_sed()                                                               
24-Apr-27 17:20:35.183223 | DEBUG    | MAIN LOGGER                    | get_current_name() -> str: Привет Андрей                                        
24-Apr-27 17:20:35.184223 | DEBUG    | MAIN LOGGER                    | IN get_project_node() -> object                                                 
24-Apr-27 17:20:35.184223 | DEBUG    | MAIN LOGGER                    | get_db_project_dirpath() -> str: C:/Users/hayar/OneDrive/Документы/AutoExecDoc Projects/Привет Андрей\project.db
24-Apr-27 17:20:35.186228 | DEBUG    | MAIN LOGGER                    | IN dfs(parent_node): parent_node = {'id_node': 0, 'name_node': 'Проект', 'id_parent': None, 'order_node': '0', 'type_node': 'PROJECT', 'template_name': None, 'included': 1}
24-Apr-27 17:20:35.186228 | DEBUG    | MAIN LOGGER                    | IN get_childs(parent_node) -> list: parent_node = {'id_node': 0, 'name_node': 'Проект', 'id_parent': None, 'order_node': '0', 'type_node': 'PROJECT', 'template_name': None, 'included': 1}
24-Apr-27 17:20:35.187225 | DEBUG    | MAIN LOGGER                    | get_db_project_dirpath() -> str: C:/Users/hayar/OneDrive/Документы/AutoExecDoc Projects/Привет Андрей\project.db
24-Apr-27 17:20:35.188225 | DEBUG    | MAIN LOGGER                    | IN set_item_in_nodes_to_items(node): node = {'id_node': 10, 'name_node': 'Титульный лист', 'id_parent': 0, 'order_node': '1', 'type_node': 'FORM', 'template_name': 'main', 'included': 1}
24-Apr-27 17:20:35.189227 | DEBUG    | MAIN LOGGER                    | IN set_state_included_for_childs(node, state): id_node = 10, state = False      
24-Apr-27 17:20:35.190226 | DEBUG    | MAIN LOGGER                    | IN set_included_for_node(node, state): node = {'id_node': 10, 'name_node': 'Титульный лист', 'id_parent': 0, 'order_node': '1', 'type_node': 'FORM', 'template_name': 'main', 'included': 1}, state = 0
24-Apr-27 17:20:35.191228 | DEBUG    | MAIN LOGGER                    | get_db_project_dirpath() -> str: C:/Users/hayar/OneDrive/Документы/AutoExecDoc Projects/Привет Андрей\project.db
24-Apr-27 17:20:35.201406 | DEBUG    | MAIN LOGGER                    | IN set_state_included_for_childs(node, state): id_node = 10, state = True       
24-Apr-27 17:20:35.202408 | DEBUG    | MAIN LOGGER                    | IN set_included_for_node(node, state): node = {'id_node': 10, 'name_node': 'Титульный лист', 'id_parent': 0, 'order_node': '1', 'type_node': 'FORM', 'template_name': 'main', 'included': 1}, state = 1
24-Apr-27 17:20:35.202408 | DEBUG    | MAIN LOGGER                    | get_db_project_dirpath() -> str: C:/Users/hayar/OneDrive/Документы/AutoExecDoc Projects/Привет Андрей\project.db
24-Apr-27 17:20:35.208408 | DEBUG    | MAIN LOGGER                    | IN dfs(parent_node): parent_node = {'id_node': 10, 'name_node': 'Титульный лист', 'id_parent': 0, 'order_node': '1', 'type_node': 'FORM', 'template_name': 'main', 'included': 1}
24-Apr-27 17:20:35.208408 | DEBUG    | MAIN LOGGER                    | IN get_childs(parent_node) -> list: parent_node = {'id_node': 10, 'name_node': 'Титульный лист', 'id_parent': 0, 'order_node': '1', 'type_node': 'FORM', 'template_name': 'main', 'included': 1}
24-Apr-27 17:20:35.209409 | DEBUG    | MAIN LOGGER                    | get_db_project_dirpath() -> str: C:/Users/hayar/OneDrive/Документы/AutoExecDoc Projects/Привет Андрей\project.db
24-Apr-27 17:20:35.211409 | DEBUG    | MAIN LOGGER                    | IN set_item_in_nodes_to_items(node): node = {'id_node': 11, 'name_node': 'Реестр документации', 'id_parent': 0, 'order_node': '2', 'type_node': 'FORM', 'template_name': 'main', 'included': 1}
24-Apr-27 17:20:35.212411 | DEBUG    | MAIN LOGGER                    | IN set_state_included_for_childs(node, state): id_node = 11, state = False      
24-Apr-27 17:20:35.213412 | DEBUG    | MAIN LOGGER                    | IN set_included_for_node(node, state): node = {'id_node': 11, 'name_node': 'Реестр документации', 'id_parent': 0, 'order_node': '2', 'type_node': 'FORM', 'template_name': 'main', 'included': 1}, state = 0
24-Apr-27 17:20:35.213412 | DEBUG    | MAIN LOGGER                    | get_db_project_dirpath() -> str: C:/Users/hayar/OneDrive/Документы/AutoExecDoc Projects/Привет Андрей\project.db
24-Apr-27 17:20:35.218410 | DEBUG    | MAIN LOGGER                    | IN set_state_included_for_childs(node, state): id_node = 11, state = True       
24-Apr-27 17:20:35.219411 | DEBUG    | MAIN LOGGER                    | IN set_included_for_node(node, state): node = {'id_node': 11, 'name_node': 'Реестр документации', 'id_parent': 0, 'order_node': '2', 'type_node': 'FORM', 'template_name': 'main', 'included': 1}, state = 1
24-Apr-27 17:20:35.219411 | DEBUG    | MAIN LOGGER                    | get_db_project_dirpath() -> str: C:/Users/hayar/OneDrive/Документы/AutoExecDoc Projects/Привет Андрей\project.db
24-Apr-27 17:20:35.225150 | DEBUG    | MAIN LOGGER                    | IN dfs(parent_node): parent_node = {'id_node': 11, 'name_node': 'Реестр документации', 'id_parent': 0, 'order_node': '2', 'type_node': 'FORM', 'template_name': 'main', 'included': 1}
24-Apr-27 17:20:35.226151 | DEBUG    | MAIN LOGGER                    | IN get_childs(parent_node) -> list: parent_node = {'id_node': 11, 'name_node': 'Реестр документации', 'id_parent': 0, 'order_node': '2', 'type_node': 'FORM', 'template_name': 'main', 'included': 1}
24-Apr-27 17:20:35.227152 | DEBUG    | MAIN LOGGER                    | get_db_project_dirpath() -> str: C:/Users/hayar/OneDrive/Документы/AutoExecDoc Projects/Привет Андрей\project.db
24-Apr-27 17:20:35.229151 | DEBUG    | MAIN LOGGER                    | IN set_item_in_nodes_to_items(node): node = {'id_node': 12, 'name_node': 'Паспорт трассы', 'id_parent': 0, 'order_node': '3', 'type_node': 'GROUP', 'template_name': None, 'included': 1}
24-Apr-27 17:20:35.230153 | DEBUG    | MAIN LOGGER                    | IN set_state_included_for_childs(node, state): id_node = 12, state = False      
24-Apr-27 17:20:35.231152 | DEBUG    | MAIN LOGGER                    | IN set_included_for_node(node, state): node = {'id_node': 12, 'name_node': 'Паспорт трассы', 'id_parent': 0, 'order_node': '3', 'type_node': 'GROUP', 'template_name': None, 'included': 1}, state = 0
24-Apr-27 17:20:35.231152 | DEBUG    | MAIN LOGGER                    | get_db_project_dirpath() -> str: C:/Users/hayar/OneDrive/Документы/AutoExecDoc Projects/Привет Андрей\project.db
24-Apr-27 17:20:35.236151 | DEBUG    | MAIN LOGGER                    | IN set_state_included_for_childs(node, state): id_node = 12, state = True       
24-Apr-27 17:20:35.237155 | DEBUG    | MAIN LOGGER                    | IN set_included_for_node(node, state): node = {'id_node': 12, 'name_node': 'Паспорт трассы', 'id_parent': 0, 'order_node': '3', 'type_node': 'GROUP', 'template_name': None, 'included': 1}, state = 1
24-Apr-27 17:20:35.237155 | DEBUG    | MAIN LOGGER                    | get_db_project_dirpath() -> str: C:/Users/hayar/OneDrive/Документы/AutoExecDoc Projects/Привет Андрей\project.db
24-Apr-27 17:20:35.243157 | DEBUG    | MAIN LOGGER                    | IN dfs(parent_node): parent_node = {'id_node': 12, 'name_node': 'Паспорт трассы', 'id_parent': 0, 'order_node': '3', 'type_node': 'GROUP', 'template_name': None, 'included': 1}
24-Apr-27 17:20:35.245159 | DEBUG    | MAIN LOGGER                    | IN get_childs(parent_node) -> list: parent_node = {'id_node': 12, 'name_node': 'Паспорт трассы', 'id_parent': 0, 'order_node': '3', 'type_node': 'GROUP', 'template_name': None, 'included': 1}
24-Apr-27 17:20:35.246156 | DEBUG    | MAIN LOGGER                    | get_db_project_dirpath() -> str: C:/Users/hayar/OneDrive/Документы/AutoExecDoc Projects/Привет Андрей\project.db
24-Apr-27 17:20:35.249157 | DEBUG    | MAIN LOGGER                    | IN set_item_in_nodes_to_items(node): node = {'id_node': 1201, 'name_node': 'ПТ-1', 'id_parent': 12, 'order_node': '1', 'type_node': 'FORM', 'template_name': 'main', 'included': 1}
24-Apr-27 17:20:35.250157 | DEBUG    | MAIN LOGGER                    | IN set_state_included_for_childs(node, state): id_node = 1201, state = False    
24-Apr-27 17:20:35.251157 | DEBUG    | MAIN LOGGER                    | IN set_included_for_node(node, state): node = {'id_node': 1201, 'name_node': 'ПТ-1', 'id_parent': 12, 'order_node': '1', 'type_node': 'FORM', 'template_name': 'main', 'included': 1}, state = 0
24-Apr-27 17:20:35.252158 | DEBUG    | MAIN LOGGER                    | get_db_project_dirpath() -> str: C:/Users/hayar/OneDrive/Документы/AutoExecDoc Projects/Привет Андрей\project.db
24-Apr-27 17:20:35.258159 | DEBUG    | MAIN LOGGER                    | IN set_state_included_for_childs(node, state): id_node = 1201, state = True     
24-Apr-27 17:20:35.259160 | DEBUG    | MAIN LOGGER                    | IN set_included_for_node(node, state): node = {'id_node': 1201, 'name_node': 'ПТ-1', 'id_parent': 12, 'order_node': '1', 'type_node': 'FORM', 'template_name': 'main', 'included': 1}, state = 1
24-Apr-27 17:20:35.260160 | DEBUG    | MAIN LOGGER                    | get_db_project_dirpath() -> str: C:/Users/hayar/OneDrive/Документы/AutoExecDoc Projects/Привет Андрей\project.db
24-Apr-27 17:20:35.267162 | DEBUG    | MAIN LOGGER                    | IN dfs(parent_node): parent_node = {'id_node': 1201, 'name_node': 'ПТ-1', 'id_parent': 12, 'order_node': '1', 'type_node': 'FORM', 'template_name': 'main', 'included': 1}
24-Apr-27 17:20:35.268162 | DEBUG    | MAIN LOGGER                    | IN get_childs(parent_node) -> list: parent_node = {'id_node': 1201, 'name_node': 'ПТ-1', 'id_parent': 12, 'order_node': '1', 'type_node': 'FORM', 'template_name': 'main', 'included': 1}
24-Apr-27 17:20:35.269163 | DEBUG    | MAIN LOGGER                    | get_db_project_dirpath() -> str: C:/Users/hayar/OneDrive/Документы/AutoExecDoc Projects/Привет Андрей\project.db
24-Apr-27 17:20:35.272162 | DEBUG    | MAIN LOGGER                    | IN set_item_in_nodes_to_items(node): node = {'id_node': 1202, 'name_node': 'ПТ-2', 'id_parent': 12, 'order_node': '2', 'type_node': 'FORM', 'template_name': 'main', 'included': 1}
24-Apr-27 17:20:35.273162 | DEBUG    | MAIN LOGGER                    | IN set_state_included_for_childs(node, state): id_node = 1202, state = False    
24-Apr-27 17:20:35.273162 | DEBUG    | MAIN LOGGER                    | IN set_included_for_node(node, state): node = {'id_node': 1202, 'name_node': 'ПТ-2', 'id_parent': 12, 'order_node': '2', 'type_node': 'FORM', 'template_name': 'main', 'included': 1}, state = 0
24-Apr-27 17:20:35.274161 | DEBUG    | MAIN LOGGER                    | get_db_project_dirpath() -> str: C:/Users/hayar/OneDrive/Документы/AutoExecDoc Projects/Привет Андрей\project.db
24-Apr-27 17:20:35.279164 | DEBUG    | MAIN LOGGER                    | IN set_state_included_for_childs(node, state): id_node = 1202, state = True     
24-Apr-27 17:20:35.280168 | DEBUG    | MAIN LOGGER                    | IN set_included_for_node(node, state): node = {'id_node': 1202, 'name_node': 'ПТ-2', 'id_parent': 12, 'order_node': '2', 'type_node': 'FORM', 'template_name': 'main', 'included': 1}, state = 1
24-Apr-27 17:20:35.281164 | DEBUG    | MAIN LOGGER                    | get_db_project_dirpath() -> str: C:/Users/hayar/OneDrive/Документы/AutoExecDoc Projects/Привет Андрей\project.db
24-Apr-27 17:20:35.289164 | DEBUG    | MAIN LOGGER                    | IN dfs(parent_node): parent_node = {'id_node': 1202, 'name_node': 'ПТ-2', 'id_parent': 12, 'order_node': '2', 'type_node': 'FORM', 'template_name': 'main', 'included': 1}
24-Apr-27 17:20:35.290166 | DEBUG    | MAIN LOGGER                    | IN get_childs(parent_node) -> list: parent_node = {'id_node': 1202, 'name_node': 'ПТ-2', 'id_parent': 12, 'order_node': '2', 'type_node': 'FORM', 'template_name': 'main', 'included': 1}
24-Apr-27 17:20:35.291165 | DEBUG    | MAIN LOGGER                    | get_db_project_dirpath() -> str: C:/Users/hayar/OneDrive/Документы/AutoExecDoc Projects/Привет Андрей\project.db
24-Apr-27 17:20:35.293167 | DEBUG    | MAIN LOGGER                    | IN set_item_in_nodes_to_items(node): node = {'id_node': 1203, 'name_node': 'ПТ-3', 'id_parent': 12, 'order_node': '3', 'type_node': 'FORM', 'template_name': 'main', 'included': 1}
24-Apr-27 17:20:35.294165 | DEBUG    | MAIN LOGGER                    | IN set_state_included_for_childs(node, state): id_node = 1203, state = False    
24-Apr-27 17:20:35.294165 | DEBUG    | MAIN LOGGER                    | IN set_included_for_node(node, state): node = {'id_node': 1203, 'name_node': 'ПТ-3', 'id_parent': 12, 'order_node': '3', 'type_node': 'FORM', 'template_name': 'main', 'included': 1}, state = 0
24-Apr-27 17:20:35.295165 | DEBUG    | MAIN LOGGER                    | get_db_project_dirpath() -> str: C:/Users/hayar/OneDrive/Документы/AutoExecDoc Projects/Привет Андрей\project.db
24-Apr-27 17:20:35.300167 | DEBUG    | MAIN LOGGER                    | IN set_state_included_for_childs(node, state): id_node = 1203, state = True     
24-Apr-27 17:20:35.300167 | DEBUG    | MAIN LOGGER                    | IN set_included_for_node(node, state): node = {'id_node': 1203, 'name_node': 'ПТ-3', 'id_parent': 12, 'order_node': '3', 'type_node': 'FORM', 'template_name': 'main', 'included': 1}, state = 1
24-Apr-27 17:20:35.301168 | DEBUG    | MAIN LOGGER                    | get_db_project_dirpath() -> str: C:/Users/hayar/OneDrive/Документы/AutoExecDoc Projects/Привет Андрей\project.db
24-Apr-27 17:20:35.307168 | DEBUG    | MAIN LOGGER                    | IN dfs(parent_node): parent_node = {'id_node': 1203, 'name_node': 'ПТ-3', 'id_parent': 12, 'order_node': '3', 'type_node': 'FORM', 'template_name': 'main', 'included': 1}
24-Apr-27 17:20:35.308171 | DEBUG    | MAIN LOGGER                    | IN get_childs(parent_node) -> list: parent_node = {'id_node': 1203, 'name_node': 'ПТ-3', 'id_parent': 12, 'order_node': '3', 'type_node': 'FORM', 'template_name': 'main', 'included': 1}
24-Apr-27 17:20:35.309170 | DEBUG    | MAIN LOGGER                    | get_db_project_dirpath() -> str: C:/Users/hayar/OneDrive/Документы/AutoExecDoc Projects/Привет Андрей\project.db
24-Apr-27 17:20:35.311169 | DEBUG    | MAIN LOGGER                    | set_new_dirpaths_for_project()                                                  
24-Apr-27 17:20:35.311169 | DEBUG    | MAIN LOGGER                    | get_project_dirpath() -> str: C:/Users/hayar/OneDrive/Документы/AutoExecDoc Projects/Привет Андрей
24-Apr-27 17:20:35.312170 | DEBUG    | MAIN LOGGER                    | get_project_dirpath() -> str: C:/Users/hayar/OneDrive/Документы/AutoExecDoc Projects/Привет Андрей
24-Apr-27 17:20:35.312170 | DEBUG    | MAIN LOGGER                    | IN add_forms_folders_to_new_project()                                           
24-Apr-27 17:20:35.312170 | DEBUG    | MAIN LOGGER                    | get_forms_folder_dirpath() -> str: C:/Users/hayar/OneDrive/Документы/AutoExecDoc Projects/Привет Андрей\forms
24-Apr-27 17:20:35.313172 | DEBUG    | MAIN LOGGER                    | get_image_folder_dirpath() -> str: C:/Users/hayar/OneDrive/Документы/AutoExecDoc Projects/Привет Андрей\images
24-Apr-27 17:20:35.314174 | DEBUG    | MAIN LOGGER                    | get_temp_dirpath() -> str:                                                      
24-Apr-27 17:20:35.314174 | DEBUG    | MAIN LOGGER                    | IN set_true_actives_project()                                                   
24-Apr-27 17:20:35.315173 | DEBUG    | MAIN LOGGER                    | set_message_for_statusbar(Проект c именем Привет Андрей открыт.)                
24-Apr-27 17:20:35.319171 | DEBUG    | MAIN LOGGER                    | IN update_pages_template(node) : node = {'id_node': 10, 'name_node': 'Титульный лист', 'id_parent': 0, 'order_node': '1', 'type_node': 'FORM', 'template_name': 'main', 'included': 1}
24-Apr-27 17:20:35.320174 | DEBUG    | MAIN LOGGER                    | IN get_pages_by_node(node) -> list: node = {'id_node': 10, 'name_node': 'Титульный лист', 'id_parent': 0, 'order_node': '1', 'type_node': 'FORM', 'template_name': 'main', 'included': 1}
24-Apr-27 17:20:35.321171 | DEBUG    | MAIN LOGGER                    | get_db_project_dirpath() -> str: C:/Users/hayar/OneDrive/Документы/AutoExecDoc Projects/Привет Андрей\project.db
24-Apr-27 17:20:37.076066 | DEBUG    | MAIN LOGGER                    | IN item_page_updated(current): current = <package.controllers.pagestemplate.MyListWidgetItem object at 0x000002785BEEBC40>
24-Apr-27 17:20:37.076066 | DEBUG    | MAIN LOGGER                    | IN add_page_for_datas(page): page = {'id_page': 10, 'id_node_parent': 10, 'page_name': 'Л.1. Титульный лист.', 'template_name': '1-ТЛ-1', 'order_page': 0, 'included': 1}
24-Apr-27 17:20:37.077075 | DEBUG    | MAIN LOGGER                    | IN get_page_data(page) -> list: page = {'id_page': 10, 'id_node_parent': 10, 'page_name': 'Л.1. Титульный лист.', 'template_name': '1-ТЛ-1', 'order_page': 0, 'included': 1}
24-Apr-27 17:20:37.078067 | DEBUG    | MAIN LOGGER                    | get_db_project_dirpath() -> str: C:/Users/hayar/OneDrive/Документы/AutoExecDoc Projects/Привет Андрей\project.db
24-Apr-27 17:20:37.079075 | DEBUG    | MAIN LOGGER                    | IN add_nodes_for_datas()                                                        
24-Apr-27 17:20:37.079075 | DEBUG    | MAIN LOGGER                    | IN get_node_parent_from_pages(page) -> object: page = {'id_page': 10, 'id_node_parent': 10, 'page_name': 'Л.1. Титульный лист.', 'template_name': '1-ТЛ-1', 'order_page': 0, 'included': 1}
24-Apr-27 17:20:37.080069 | DEBUG    | MAIN LOGGER                    | get_db_project_dirpath() -> str: C:/Users/hayar/OneDrive/Документы/AutoExecDoc Projects/Привет Андрей\project.db
24-Apr-27 17:20:37.081076 | DEBUG    | MAIN LOGGER                    | IN add_node_for_datas(node): node = {'id_node': 10, 'name_node': 'Титульный лист', 'id_parent': 0, 'order_node': '1', 'type_node': 'FORM', 'template_name': 'main', 'included': 1}
24-Apr-27 17:20:37.082061 | DEBUG    | MAIN LOGGER                    | IN get_node_data(node) -> list: node = {'id_node': 10, 'name_node': 'Титульный лист', 'id_parent': 0, 'order_node': '1', 'type_node': 'FORM', 'template_name': 'main', 'included': 1}
24-Apr-27 17:20:37.082061 | DEBUG    | MAIN LOGGER                    | get_db_project_dirpath() -> str: C:/Users/hayar/OneDrive/Документы/AutoExecDoc Projects/Привет Андрей\project.db
24-Apr-27 17:20:37.083069 | DEBUG    | MAIN LOGGER                    | IN get_node_parent(node) -> object: node = {'id_node': 10, 'name_node': 'Титульный лист', 'id_parent': 0, 'order_node': '1', 'type_node': 'FORM', 'template_name': 'main', 'included': 1}
24-Apr-27 17:20:37.084062 | DEBUG    | MAIN LOGGER                    | get_db_project_dirpath() -> str: C:/Users/hayar/OneDrive/Документы/AutoExecDoc Projects/Привет Андрей\project.db
24-Apr-27 17:20:37.086062 | DEBUG    | MAIN LOGGER                    | IN add_node_for_datas(node): node = {'id_node': 0, 'name_node': 'Проект', 'id_parent': None, 'order_node': '0', 'type_node': 'PROJECT', 'template_name': None, 'included': 1}
24-Apr-27 17:20:37.087063 | DEBUG    | MAIN LOGGER                    | IN get_node_data(node) -> list: node = {'id_node': 0, 'name_node': 'Проект', 'id_parent': None, 'order_node': '0', 'type_node': 'PROJECT', 'template_name': None, 'included': 1}
24-Apr-27 17:20:37.087063 | DEBUG    | MAIN LOGGER                    | get_db_project_dirpath() -> str: C:/Users/hayar/OneDrive/Документы/AutoExecDoc Projects/Привет Андрей\project.db
24-Apr-27 17:20:37.089062 | DEBUG    | MAIN LOGGER                    | IN get_node_parent(node) -> object: node = {'id_node': 0, 'name_node': 'Проект', 'id_parent': None, 'order_node': '0', 'type_node': 'PROJECT', 'template_name': None, 'included': 1}
24-Apr-27 17:20:37.089062 | DEBUG    | MAIN LOGGER                    | get_db_project_dirpath() -> str: C:/Users/hayar/OneDrive/Документы/AutoExecDoc Projects/Привет Андрей\project.db
24-Apr-27 17:20:37.090062 | DEBUG    | MAIN LOGGER                    | IN update_scrollarea()                                                          
24-Apr-27 17:20:37.091061 | DEBUG    | MAIN LOGGER                    | IN delete_all_widgets_in_sa()                                                   
24-Apr-27 17:20:37.091061 | DEBUG    | MAIN LOGGER                    | IN add_page_for_datas(page): page = {'id_page': 10, 'id_node_parent': 10, 'page_name': 'Л.1. Титульный лист.', 'template_name': '1-ТЛ-1', 'order_page': 0, 'included': 1}
24-Apr-27 17:20:37.092062 | DEBUG    | MAIN LOGGER                    | IN get_page_data(page) -> list: page = {'id_page': 10, 'id_node_parent': 10, 'page_name': 'Л.1. Титульный лист.', 'template_name': '1-ТЛ-1', 'order_page': 0, 'included': 1}
24-Apr-27 17:20:37.093064 | DEBUG    | MAIN LOGGER                    | get_db_project_dirpath() -> str: C:/Users/hayar/OneDrive/Документы/AutoExecDoc Projects/Привет Андрей\project.db
24-Apr-27 17:20:37.094064 | DEBUG    | MAIN LOGGER                    | IN add_nodes_for_datas()                                                        
24-Apr-27 17:20:37.094064 | DEBUG    | MAIN LOGGER                    | IN get_node_parent_from_pages(page) -> object: page = {'id_page': 10, 'id_node_parent': 10, 'page_name': 'Л.1. Титульный лист.', 'template_name': '1-ТЛ-1', 'order_page': 0, 'included': 1}
24-Apr-27 17:20:37.095064 | DEBUG    | MAIN LOGGER                    | get_db_project_dirpath() -> str: C:/Users/hayar/OneDrive/Документы/AutoExecDoc Projects/Привет Андрей\project.db
24-Apr-27 17:20:37.096065 | DEBUG    | MAIN LOGGER                    | IN add_node_for_datas(node): node = {'id_node': 10, 'name_node': 'Титульный лист', 'id_parent': 0, 'order_node': '1', 'type_node': 'FORM', 'template_name': 'main', 'included': 1}
24-Apr-27 17:20:37.096855 | DEBUG    | MAIN LOGGER                    | IN get_node_data(node) -> list: node = {'id_node': 10, 'name_node': 'Титульный лист', 'id_parent': 0, 'order_node': '1', 'type_node': 'FORM', 'template_name': 'main', 'included': 1}
24-Apr-27 17:20:37.097370 | DEBUG    | MAIN LOGGER                    | get_db_project_dirpath() -> str: C:/Users/hayar/OneDrive/Документы/AutoExecDoc Projects/Привет Андрей\project.db
24-Apr-27 17:20:37.098366 | DEBUG    | MAIN LOGGER                    | IN get_node_parent(node) -> object: node = {'id_node': 10, 'name_node': 'Титульный лист', 'id_parent': 0, 'order_node': '1', 'type_node': 'FORM', 'template_name': 'main', 'included': 1}
24-Apr-27 17:20:37.099365 | DEBUG    | MAIN LOGGER                    | get_db_project_dirpath() -> str: C:/Users/hayar/OneDrive/Документы/AutoExecDoc Projects/Привет Андрей\project.db
24-Apr-27 17:20:37.100365 | DEBUG    | MAIN LOGGER                    | IN add_node_for_datas(node): node = {'id_node': 0, 'name_node': 'Проект', 'id_parent': None, 'order_node': '0', 'type_node': 'PROJECT', 'template_name': None, 'included': 1}
24-Apr-27 17:20:37.100365 | DEBUG    | MAIN LOGGER                    | IN get_node_data(node) -> list: node = {'id_node': 0, 'name_node': 'Проект', 'id_parent': None, 'order_node': '0', 'type_node': 'PROJECT', 'template_name': None, 'included': 1}
24-Apr-27 17:20:37.101366 | DEBUG    | MAIN LOGGER                    | get_db_project_dirpath() -> str: C:/Users/hayar/OneDrive/Документы/AutoExecDoc Projects/Привет Андрей\project.db
24-Apr-27 17:20:37.102366 | DEBUG    | MAIN LOGGER                    | IN get_node_parent(node) -> object: node = {'id_node': 0, 'name_node': 'Проект', 'id_parent': None, 'order_node': '0', 'type_node': 'PROJECT', 'template_name': None, 'included': 1}
24-Apr-27 17:20:37.102366 | DEBUG    | MAIN LOGGER                    | get_db_project_dirpath() -> str: C:/Users/hayar/OneDrive/Документы/AutoExecDoc Projects/Привет Андрей\project.db
24-Apr-27 17:20:37.103366 | DEBUG    | MAIN LOGGER                    | IN add_sections_in_sa()                                                         
24-Apr-27 17:20:37.107366 | DEBUG    | MAIN LOGGER                    | IN get_config_content(id_content) -> list: id_content = 1007                    
24-Apr-27 17:20:37.107366 | DEBUG    | MAIN LOGGER                    | get_db_project_dirpath() -> str: C:/Users/hayar/OneDrive/Документы/AutoExecDoc Projects/Привет Андрей\project.db
24-Apr-27 17:20:37.109369 | DEBUG    | MAIN LOGGER                    | FormText(self, pair, config_content): pair = {'id_pair': 100, 'id_page': 10, 'id_content': 1007, 'name_content': 'строительно_монтажная_организация', 'value': 'Строительная компания'}, config_content = {'id_content': 1007, 'name_content': 'строительно_монтажная_организация', 'type_content': 'TEXT', 'title_content': 'Строительно-монтажная организация', 'description_content': None, 'enable': None}
24-Apr-27 17:20:37.117991 | DEBUG    | MAIN LOGGER                    | IN get_config_content(id_content) -> list: id_content = 1000                    
24-Apr-27 17:20:37.118983 | DEBUG    | MAIN LOGGER                    | get_db_project_dirpath() -> str: C:/Users/hayar/OneDrive/Документы/AutoExecDoc Projects/Привет Андрей\project.db
24-Apr-27 17:20:37.119985 | DEBUG    | MAIN LOGGER                    | FormText(self, pair, config_content): pair = {'id_pair': 1000, 'id_node': 10, 'id_content': 1000, 'name_content': 'организационно_правовая_форма', 'value': 'Пример'}, config_content = {'id_content': 1000, 'name_content': 'организационно_правовая_форма', 'type_content': 'TEXT', 'title_content': 'Организационно-правовая форма', 'description_content': None, 'enable': None}
24-Apr-27 17:20:37.123988 | DEBUG    | MAIN LOGGER                    | IN get_config_content(id_content) -> list: id_content = 1002                    
24-Apr-27 17:20:37.123988 | DEBUG    | MAIN LOGGER                    | get_db_project_dirpath() -> str: C:/Users/hayar/OneDrive/Документы/AutoExecDoc Projects/Привет Андрей\project.db
24-Apr-27 17:20:37.124985 | DEBUG    | MAIN LOGGER                    | FormText(self, pair, config_content): pair = {'id_pair': 1001, 'id_node': 10, 'id_content': 1002, 'name_content': 'адрес_компании', 'value': 'ПримерПримерПримерПример'}, config_content = {'id_content': 1002, 'name_content': 'адрес_компании', 'type_content': 'TEXT', 'title_content': 'Адрес компании', 'description_content': None, 'enable': None}
24-Apr-27 17:20:37.129986 | DEBUG    | MAIN LOGGER                    | IN get_config_content(id_content) -> list: id_content = 1005                    
24-Apr-27 17:20:37.129986 | DEBUG    | MAIN LOGGER                    | get_db_project_dirpath() -> str: C:/Users/hayar/OneDrive/Документы/AutoExecDoc Projects/Привет Андрей\project.db
24-Apr-27 17:20:37.130987 | DEBUG    | MAIN LOGGER                    | FormText(self, pair, config_content): pair = {'id_pair': 1004, 'id_node': 10, 'id_content': 1005, 'name_content': 'номер_кабеля', 'value': 'Пример'}, config_content = {'id_content': 1005, 'name_content': 'номер_кабеля', 'type_content': 'TEXT', 'title_content': 'Номер кабеля', 'description_content': None, 'enable': None}
24-Apr-27 17:20:37.134987 | DEBUG    | MAIN LOGGER                    | IN get_config_content(id_content) -> list: id_content = 1006                    
24-Apr-27 17:20:37.135987 | DEBUG    | MAIN LOGGER                    | get_db_project_dirpath() -> str: C:/Users/hayar/OneDrive/Документы/AutoExecDoc Projects/Привет Андрей\project.db
24-Apr-27 17:20:37.136989 | DEBUG    | MAIN LOGGER                    | FormText(self, pair, config_content): pair = {'id_pair': 1005, 'id_node': 10, 'id_content': 1006, 'name_content': 'заказчик', 'value': 'ПримерПример'}, config_content = {'id_content': 1006, 'name_content': 'заказчик', 'type_content': 'TEXT', 'title_content': 'Заказчик', 'description_content': None, 'enable': None}
24-Apr-27 17:20:37.140988 | DEBUG    | MAIN LOGGER                    | IN get_config_content(id_content) -> list: id_content = 1008                    
24-Apr-27 17:20:37.141989 | DEBUG    | MAIN LOGGER                    | get_db_project_dirpath() -> str: C:/Users/hayar/OneDrive/Документы/AutoExecDoc Projects/Привет Андрей\project.db
24-Apr-27 17:20:37.142989 | DEBUG    | MAIN LOGGER                    | FormText(self, pair, config_content): pair = {'id_pair': 1006, 'id_node': 10, 'id_content': 1008, 'name_content': 'город', 'value': 'Пример'}, config_content = {'id_content': 1008, 'name_content': 'город', 'type_content': 'TEXT', 'title_content': 'Город', 'description_content': None, 'enable': None}
24-Apr-27 17:20:37.147990 | DEBUG    | MAIN LOGGER                    | IN get_config_content(id_content) -> list: id_content = 1009                    
24-Apr-27 17:20:37.147990 | DEBUG    | MAIN LOGGER                    | get_db_project_dirpath() -> str: C:/Users/hayar/OneDrive/Документы/AutoExecDoc Projects/Привет Андрей\project.db
24-Apr-27 17:20:37.149993 | DEBUG    | MAIN LOGGER                    | IN get_config_date(id_content) -> list: name_content = 1009                     
24-Apr-27 17:20:37.149993 | DEBUG    | MAIN LOGGER                    | get_db_project_dirpath() -> str: C:/Users/hayar/OneDrive/Документы/AutoExecDoc Projects/Привет Андрей\project.db
24-Apr-27 17:20:37.150995 | DEBUG    | MAIN LOGGER                    | FormDate(self, pair, config_content, config_date): pair = {'id_pair': 1007, 'id_node': 10, 'id_content': 1009, 'name_content': 'год', 'value': '2010'}, config_content = {'id_content': 1009, 'name_content': 'год', 'type_content': 'DATE', 'title_content': 'Год', 'description_content': None, 'enable': None}, config_date = [{'id_config': 101, 'id_content': 1009, 'type_config': 'FORMAT', 'value_config': 'yyyy', 'note_config': None}]
24-Apr-27 17:20:37.154992 | DEBUG    | MAIN LOGGER                    | string_to_date(self, str_date, str_format): str_date = 2010, str_format = yyyy  
24-Apr-27 17:20:37.165500 | DEBUG    | MAIN LOGGER                    | IN get_config_content(id_content) -> list: id_content = 1003                    
24-Apr-27 17:20:37.165500 | DEBUG    | MAIN LOGGER                    | get_db_project_dirpath() -> str: C:/Users/hayar/OneDrive/Документы/AutoExecDoc Projects/Привет Андрей\project.db
24-Apr-27 17:20:37.166502 | DEBUG    | MAIN LOGGER                    | FormText(self, pair, config_content): pair = {'id_pair': 100, 'id_node': 0, 'id_content': 1003, 'name_content': 'название_объекта', 'value': 'Название объекта'}, config_content = {'id_content': 1003, 'name_content': 'название_объекта', 'type_content': 'TEXT', 'title_content': 'Название объекта', 'description_content': None, 'enable': None}
24-Apr-27 17:20:37.170503 | DEBUG    | MAIN LOGGER                    | IN get_config_content(id_content) -> list: id_content = 1004                    
24-Apr-27 17:20:37.171502 | DEBUG    | MAIN LOGGER                    | get_db_project_dirpath() -> str: C:/Users/hayar/OneDrive/Документы/AutoExecDoc Projects/Привет Андрей\project.db
24-Apr-27 17:20:37.173505 | DEBUG    | MAIN LOGGER                    | FormText(self, pair, config_content): pair = {'id_pair': 101, 'id_node': 0, 'id_content': 1004, 'name_content': 'участок', 'value': 'Участок'}, config_content = {'id_content': 1004, 'name_content': 'участок', 'type_content': 'TEXT', 'title_content': 'Участок', 'description_content': None, 'enable': None}
24-Apr-27 17:20:37.177237 | DEBUG    | MAIN LOGGER                    | IN get_config_content(id_content) -> list: id_content = 1001                    
24-Apr-27 17:20:37.177237 | DEBUG    | MAIN LOGGER                    | get_db_project_dirpath() -> str: C:/Users/hayar/OneDrive/Документы/AutoExecDoc Projects/Привет Андрей\project.db
24-Apr-27 17:20:37.179214 | DEBUG    | MAIN LOGGER                    | FormText(self, pair, config_content): pair = {'id_pair': 102, 'id_node': 0, 'id_content': 1001, 'name_content': 'название_компании', 'value': 'Пример'}, config_content = {'id_content': 1001, 'name_content': 'название_компании', 'type_content': 'TEXT', 'title_content': 'Название компании', 'description_content': None, 'enable': None}
24-Apr-27 17:20:37.185217 | DEBUG    | MAIN LOGGER                    | IN create_one_page_pdf(page): page = {'id_page': 10, 'id_node_parent': 10, 'page_name': 'Л.1. Титульный лист.', 'template_name': '1-ТЛ-1', 'order_page': 0, 'included': 1}
24-Apr-27 17:20:37.186216 | DEBUG    | MAIN LOGGER                    | IN create_one_page_pdf(page): page = {'id_page': 10, 'id_node_parent': 10, 'page_name': 'Л.1. Титульный лист.', 'template_name': '1-ТЛ-1', 'order_page': 0, 'included': 1}
24-Apr-27 17:20:37.186216 | DEBUG    | MAIN LOGGER                    | IN create_docx_page(page): form_page_name = 1-ТЛ-1, docx_pdf_page_name = page_10_20240427172037186216
24-Apr-27 17:20:37.187217 | DEBUG    | MAIN LOGGER                    | get_forms_folder_dirpath() -> str: C:/Users/hayar/OneDrive/Документы/AutoExecDoc Projects/Привет Андрей\forms
24-Apr-27 17:20:37.187217 | DEBUG    | MAIN LOGGER                    | get_temp_dirpath() -> str:                                                      
24-Apr-27 17:20:37.189219 | DEBUG    | MAIN LOGGER                    | IN get_config_content(id_content) -> list: id_content = 1007                    
24-Apr-27 17:20:37.189219 | DEBUG    | MAIN LOGGER                    | get_db_project_dirpath() -> str: C:/Users/hayar/OneDrive/Документы/AutoExecDoc Projects/Привет Андрей\project.db
24-Apr-27 17:20:37.190217 | DEBUG    | MAIN LOGGER                    | IN get_config_content(id_content) -> list: id_content = 1000                    
24-Apr-27 17:20:37.191217 | DEBUG    | MAIN LOGGER                    | get_db_project_dirpath() -> str: C:/Users/hayar/OneDrive/Документы/AutoExecDoc Projects/Привет Андрей\project.db
24-Apr-27 17:20:37.192217 | DEBUG    | MAIN LOGGER                    | IN get_config_content(id_content) -> list: id_content = 1002                    
24-Apr-27 17:20:37.193217 | DEBUG    | MAIN LOGGER                    | get_db_project_dirpath() -> str: C:/Users/hayar/OneDrive/Документы/AutoExecDoc Projects/Привет Андрей\project.db
24-Apr-27 17:20:37.194218 | DEBUG    | MAIN LOGGER                    | IN get_config_content(id_content) -> list: id_content = 1005                    
24-Apr-27 17:20:37.194218 | DEBUG    | MAIN LOGGER                    | get_db_project_dirpath() -> str: C:/Users/hayar/OneDrive/Документы/AutoExecDoc Projects/Привет Андрей\project.db
24-Apr-27 17:20:37.195219 | DEBUG    | MAIN LOGGER                    | IN get_config_content(id_content) -> list: id_content = 1006                    
24-Apr-27 17:20:37.195219 | DEBUG    | MAIN LOGGER                    | get_db_project_dirpath() -> str: C:/Users/hayar/OneDrive/Документы/AutoExecDoc Projects/Привет Андрей\project.db
24-Apr-27 17:20:37.196218 | DEBUG    | MAIN LOGGER                    | IN get_config_content(id_content) -> list: id_content = 1008                    
24-Apr-27 17:20:37.197218 | DEBUG    | MAIN LOGGER                    | get_db_project_dirpath() -> str: C:/Users/hayar/OneDrive/Документы/AutoExecDoc Projects/Привет Андрей\project.db
24-Apr-27 17:20:37.198220 | DEBUG    | MAIN LOGGER                    | IN get_config_content(id_content) -> list: id_content = 1009                    
24-Apr-27 17:20:37.198220 | DEBUG    | MAIN LOGGER                    | get_db_project_dirpath() -> str: C:/Users/hayar/OneDrive/Документы/AutoExecDoc Projects/Привет Андрей\project.db
24-Apr-27 17:20:37.199220 | DEBUG    | MAIN LOGGER                    | IN get_config_content(id_content) -> list: id_content = 1003                    
24-Apr-27 17:20:37.199220 | DEBUG    | MAIN LOGGER                    | get_db_project_dirpath() -> str: C:/Users/hayar/OneDrive/Документы/AutoExecDoc Projects/Привет Андрей\project.db
24-Apr-27 17:20:37.200220 | DEBUG    | MAIN LOGGER                    | IN get_config_content(id_content) -> list: id_content = 1004                    
24-Apr-27 17:20:37.201220 | DEBUG    | MAIN LOGGER                    | get_db_project_dirpath() -> str: C:/Users/hayar/OneDrive/Документы/AutoExecDoc Projects/Привет Андрей\project.db
24-Apr-27 17:20:37.202221 | DEBUG    | MAIN LOGGER                    | IN get_config_content(id_content) -> list: id_content = 1001                    
24-Apr-27 17:20:37.202221 | DEBUG    | MAIN LOGGER                    | get_db_project_dirpath() -> str: C:/Users/hayar/OneDrive/Документы/AutoExecDoc Projects/Привет Андрей\project.db
24-Apr-27 17:20:37.239780 | DEBUG    | MAIN LOGGER                    | IN create_pdf_from_docx_page(docx_pdf_page_name) -> str: docx_pdf_page_name = page_10_20240427172037186216
24-Apr-27 17:20:37.240779 | DEBUG    | MAIN LOGGER                    | get_temp_dirpath() -> str:                                                      
24-Apr-27 17:20:37.241766 | DEBUG    | MAIN LOGGER                    | get_temp_dirpath() -> str:                                                      
24-Apr-27 17:20:37.242770 | DEBUG    | MAIN LOGGER                    | IN convert_from_pdf_docx(docx_path, pdf_path): docx_path = C:\Users\hayar\AppData\Local\Temp\tmp3qhe49x4\page_10_20240427172037186216.docx, pdf_path = C:\Users\hayar\AppData\Local\Temp\tmp3qhe49x4\page_10_20240427172037186216.pdf
24-Apr-27 17:21:06.822462 | DEBUG    | MAIN LOGGER                    | load_and_show_pdf_document(pdf_path): pdf_path = C:\Users\hayar\AppData\Local\Temp\tmp3qhe49x4\page_10_20240427172037186216.pdf
24-Apr-27 17:21:06.857461 | DEBUG    | MAIN LOGGER                    | IN closeEvent(self, event): event = <PySide6.QtCore.QEvent(QEvent::Close)>      
24-Apr-27 17:21:06.858462 | DEBUG    | MAIN LOGGER                    | get_temp_dirpath() -> str:                                                      
24-Apr-27 17:21:06.859463 | DEBUG    | MAIN LOGGER                    | IN clear_temp_folder(is_del_folder): is_del_folder = True, temp_dirpath = C:\Users\hayar\AppData\Local\Temp\tmp3qhe49x4
24-Apr-27 17:21:06.859463 | DEBUG    | MAIN LOGGER                    | get_temp_dirpath() -> str:                                                      
24-Apr-27 17:21:06.860464 | ERROR    | MAIN LOGGER                    | [WinError 32] Процесс не может получить доступ к файлу, так как этот файл занят другим процессом: 'C:\\Users\\hayar\\AppData\\Local\\Temp\\tmp3qhe49x4\\page_10_20240427172037186216.pdf'
24-Apr-27 17:21:06.861465 | DEBUG    | MAIN LOGGER                    | set_temp_dirpath(dirpath: str): __temp_dirpath = C:\Users\hayar\AppData\Local\Temp\tmpkrziuhpa
