24-Apr-18 02:31:22.984316 | DEBUG    | MAIN LOGGER                    | Config logger                                                                   
24-Apr-18 02:31:22.985318 | DEBUG    | MAIN LOGGER                    | IN create_and_config_files_and_folders()                                        
24-Apr-18 02:31:22.986318 | DEBUG    | MAIN LOGGER                    | get_default_folder_projects_dirpath() -> str: C:/Users/hayar/OneDrive/Документы\AutoExecDoc Projects
24-Apr-18 02:31:22.987565 | DEBUG    | MAIN LOGGER                    | IN create_and_config_db_settings()                                              
24-Apr-18 02:31:22.988082 | DEBUG    | MAIN LOGGER                    | get_db_settings_dirpath() -> str: d:\work\project\AutoExecDoc\db\settings.db    
24-Apr-18 02:31:23.028894 | DEBUG    | MAIN LOGGER                    | IN view_test_pdf(self):                                                         
24-Apr-18 02:31:23.029896 | DEBUG    | MAIN LOGGER                    | get_documents_dirpath() -> str: C:/Users/hayar/OneDrive/Документы               
24-Apr-18 02:31:23.030898 | DEBUG    | MAIN LOGGER                    | IN load_pdf_for_view(self, file_path): file_path = C:\Users\hayar\OneDrive\Документы\test.pdf
24-Apr-18 02:31:23.081918 | DEBUG    | MAIN LOGGER                    | IN connect_statusbar()                                                          
24-Apr-18 02:31:23.082907 | DEBUG    | MAIN LOGGER                    | set_statusbar()                                                                 
24-Apr-18 02:31:23.083907 | DEBUG    | MAIN LOGGER                    | get_statusbar()                                                                 
24-Apr-18 02:31:23.084909 | DEBUG    | MAIN LOGGER                    | set_message_for_statusbar(Проект не открыт)                                     
24-Apr-18 02:31:23.085908 | DEBUG    | MAIN LOGGER                    | IN connect_structureexecdoc()                                                   
24-Apr-18 02:31:23.086910 | DEBUG    | MAIN LOGGER                    | set_tr_sed()                                                                    
24-Apr-18 02:31:23.086910 | DEBUG    | MAIN LOGGER                    | IN clear_tr_sed()                                                               
24-Apr-18 02:31:23.087907 | DEBUG    | MAIN LOGGER                    | get_tr_sed() -> object                                                          
24-Apr-18 02:31:23.088908 | DEBUG    | MAIN LOGGER                    | IN connect_pagestemplate(lw_pt)                                                 
24-Apr-18 02:31:23.089909 | DEBUG    | MAIN LOGGER                    | set_lw_pt()                                                                     
24-Apr-18 02:31:23.090908 | DEBUG    | MAIN LOGGER                    | IN connect_pagestemplate(sa_i, sa_il)                                           
24-Apr-18 02:31:23.091910 | DEBUG    | MAIN LOGGER                    | set_sa()                                                                        
24-Apr-18 02:31:23.094913 | DEBUG    | MAIN LOGGER                    | IN add_widget(widget)                                                           
24-Apr-18 02:31:23.095910 | DEBUG    | MAIN LOGGER                    | get_sa_il() -> object                                                           
24-Apr-18 02:31:23.096910 | DEBUG    | MAIN LOGGER                    | IN connecting_actions()                                                         
24-Apr-18 02:31:24.741499 | DEBUG    | MAIN LOGGER                    | IN open_project()                                                               
24-Apr-18 02:31:24.742501 | DEBUG    | MAIN LOGGER                    | is_active_status() -> bool: False                                               
24-Apr-18 02:31:24.743504 | DEBUG    | MAIN LOGGER                    | get_default_folder_projects_dirpath() -> str: C:/Users/hayar/OneDrive/Документы\AutoExecDoc Projects
24-Apr-18 02:31:26.863573 | DEBUG    | MAIN LOGGER                    | select_folder_for_open_project() -> C:/Users/hayar/OneDrive/Документы/AutoExecDoc Projects/яблоко
24-Apr-18 02:31:26.864574 | DEBUG    | MAIN LOGGER                    | IN set_project_dirpaths(folder_path: str): folder_path = C:/Users/hayar/OneDrive/Документы/AutoExecDoc Projects/яблоко
24-Apr-18 02:31:26.864574 | DEBUG    | MAIN LOGGER                    | set_project_dirpath(dirpath: str): dirpath = C:/Users/hayar/OneDrive/Документы/AutoExecDoc Projects/яблоко
24-Apr-18 02:31:26.865573 | DEBUG    | MAIN LOGGER                    | get_project_dirpath() -> str: C:/Users/hayar/OneDrive/Документы/AutoExecDoc Projects/яблоко
24-Apr-18 02:31:26.866574 | DEBUG    | MAIN LOGGER                    | set_db_project_dirpath(dirpath: str): dirpath = C:/Users/hayar/OneDrive/Документы/AutoExecDoc Projects/яблоко\project.db
24-Apr-18 02:31:26.866574 | DEBUG    | MAIN LOGGER                    | IN config_open_project()                                                        
24-Apr-18 02:31:26.867572 | DEBUG    | MAIN LOGGER                    | get_project_dirpath() -> str: C:/Users/hayar/OneDrive/Документы/AutoExecDoc Projects/яблоко
24-Apr-18 02:31:26.868573 | DEBUG    | MAIN LOGGER                    | set_current_name(name: str): name = яблоко                                      
24-Apr-18 02:31:26.869574 | DEBUG    | MAIN LOGGER                    | IN add_or_update_open_project_to_db()                                           
24-Apr-18 02:31:26.870575 | DEBUG    | MAIN LOGGER                    | get_db_settings_dirpath() -> str: d:\work\project\AutoExecDoc\db\settings.db    
24-Apr-18 02:31:26.873587 | DEBUG    | MAIN LOGGER                    | get_project_dirpath() -> str: C:/Users/hayar/OneDrive/Документы/AutoExecDoc Projects/яблоко
24-Apr-18 02:31:26.874575 | DEBUG    | MAIN LOGGER                    | get_project_dirpath() -> str: C:/Users/hayar/OneDrive/Документы/AutoExecDoc Projects/яблоко
24-Apr-18 02:31:26.875587 | DEBUG    | MAIN LOGGER                    | IN update_project_to_db()                                                       
24-Apr-18 02:31:26.876577 | DEBUG    | MAIN LOGGER                    | get_db_settings_dirpath() -> str: d:\work\project\AutoExecDoc\db\settings.db    
24-Apr-18 02:31:26.876577 | DEBUG    | MAIN LOGGER                    | get_project_dirpath() -> str: C:/Users/hayar/OneDrive/Документы/AutoExecDoc Projects/яблоко
24-Apr-18 02:31:26.877575 | DEBUG    | MAIN LOGGER                    | get_project_dirpath() -> str: C:/Users/hayar/OneDrive/Документы/AutoExecDoc Projects/яблоко
24-Apr-18 02:31:26.884576 | DEBUG    | MAIN LOGGER                    | IN create_and_config_db_project()                                               
24-Apr-18 02:31:26.885577 | DEBUG    | MAIN LOGGER                    | get_db_project_dirpath() -> str: C:/Users/hayar/OneDrive/Документы/AutoExecDoc Projects/яблоко\project.db
24-Apr-18 02:31:26.886578 | DEBUG    | MAIN LOGGER                    | IN create_structure_exec_doc()                                                  
24-Apr-18 02:31:26.886578 | DEBUG    | MAIN LOGGER                    | IN get_project_node()                                                           
24-Apr-18 02:31:26.887578 | DEBUG    | MAIN LOGGER                    | get_db_project_dirpath() -> str: C:/Users/hayar/OneDrive/Документы/AutoExecDoc Projects/яблоко\project.db
