24-Apr-22 22:03:02.074441 | DEBUG    | MAIN LOGGER                    | Config logger                                                                   
24-Apr-22 22:03:02.074441 | DEBUG    | MAIN LOGGER                    | IN create_and_config_files_and_folders()                                        
24-Apr-22 22:03:02.075450 | DEBUG    | MAIN LOGGER                    | get_default_folder_projects_dirpath() -> str: C:/Users/hayar/OneDrive/Документы\AutoExecDoc Projects
24-Apr-22 22:03:02.075994 | DEBUG    | MAIN LOGGER                    | IN create_and_config_db_settings()                                              
24-Apr-22 22:03:02.075994 | DEBUG    | MAIN LOGGER                    | get_db_settings_dirpath() -> str: d:\work\project\AutoExecDoc\db\settings.db    
24-Apr-22 22:03:02.118992 | DEBUG    | MAIN LOGGER                    | IN config_controllers()                                                         
24-Apr-22 22:03:02.118992 | DEBUG    | MAIN LOGGER                    | IN connect_statusbar(statusbar)                                                 
24-Apr-22 22:03:02.118992 | DEBUG    | MAIN LOGGER                    | set_message_for_statusbar(Проект не открыт)                                     
24-Apr-22 22:03:02.119992 | DEBUG    | MAIN LOGGER                    | IN connect_structureexecdoc(tr_sed, title_sed)                                  
24-Apr-22 22:03:02.119992 | DEBUG    | MAIN LOGGER                    | IN clear_tr_sed()                                                               
24-Apr-22 22:03:02.120993 | DEBUG    | MAIN LOGGER                    | IN connect_pages_template(lw_pt)                                                
24-Apr-22 22:03:02.120993 | DEBUG    | MAIN LOGGER                    | IN connect_inputforms(sa_if, sa_ifl)                                            
24-Apr-22 22:03:02.120993 | DEBUG    | MAIN LOGGER                    | IN connecting_actions()                                                         
24-Apr-22 22:03:03.011917 | DEBUG    | MAIN LOGGER                    | IN open_project()                                                               
24-Apr-22 22:03:03.011917 | DEBUG    | MAIN LOGGER                    | get_default_folder_projects_dirpath() -> str: C:/Users/hayar/OneDrive/Документы\AutoExecDoc Projects
24-Apr-22 22:03:09.799778 | DEBUG    | MAIN LOGGER                    | select_folder_for_open_project() -> C:/Users/hayar/OneDrive/Рабочий стол/Привет 
24-Apr-22 22:03:09.799778 | DEBUG    | MAIN LOGGER                    | IN set_project_dirpaths(folder_path: str): folder_path = C:/Users/hayar/OneDrive/Рабочий стол/Привет
24-Apr-22 22:03:09.800779 | DEBUG    | MAIN LOGGER                    | set_project_dirpath(dirpath: str): dirpath = C:/Users/hayar/OneDrive/Рабочий стол/Привет
24-Apr-22 22:03:09.800779 | DEBUG    | MAIN LOGGER                    | get_project_dirpath() -> str: C:/Users/hayar/OneDrive/Рабочий стол/Привет       
24-Apr-22 22:03:09.800779 | DEBUG    | MAIN LOGGER                    | set_db_project_dirpath(dirpath: str): dirpath = C:/Users/hayar/OneDrive/Рабочий стол/Привет\project.db
24-Apr-22 22:03:09.801779 | DEBUG    | MAIN LOGGER                    | IN config_open_project()                                                        
24-Apr-22 22:03:09.801779 | DEBUG    | MAIN LOGGER                    | get_project_dirpath() -> str: C:/Users/hayar/OneDrive/Рабочий стол/Привет       
24-Apr-22 22:03:09.801779 | DEBUG    | MAIN LOGGER                    | IN add_or_update_open_project_to_db()                                           
24-Apr-22 22:03:09.802777 | DEBUG    | MAIN LOGGER                    | get_db_settings_dirpath() -> str: d:\work\project\AutoExecDoc\db\settings.db    
24-Apr-22 22:03:09.803780 | DEBUG    | MAIN LOGGER                    | get_project_dirpath() -> str: C:/Users/hayar/OneDrive/Рабочий стол/Привет       
24-Apr-22 22:03:09.804780 | DEBUG    | MAIN LOGGER                    | get_project_dirpath() -> str: C:/Users/hayar/OneDrive/Рабочий стол/Привет       
24-Apr-22 22:03:09.804780 | DEBUG    | MAIN LOGGER                    | IN update_project_to_db()                                                       
24-Apr-22 22:03:09.805780 | DEBUG    | MAIN LOGGER                    | get_db_settings_dirpath() -> str: d:\work\project\AutoExecDoc\db\settings.db    
24-Apr-22 22:03:09.805780 | DEBUG    | MAIN LOGGER                    | get_project_dirpath() -> str: C:/Users/hayar/OneDrive/Рабочий стол/Привет       
24-Apr-22 22:03:09.806779 | DEBUG    | MAIN LOGGER                    | get_project_dirpath() -> str: C:/Users/hayar/OneDrive/Рабочий стол/Привет       
24-Apr-22 22:03:09.810780 | DEBUG    | MAIN LOGGER                    | IN create_and_config_db_project()                                               
24-Apr-22 22:03:09.810780 | DEBUG    | MAIN LOGGER                    | get_db_project_dirpath() -> str: C:/Users/hayar/OneDrive/Рабочий стол/Привет\project.db
24-Apr-22 22:03:09.811781 | DEBUG    | MAIN LOGGER                    | IN update_structure_exec_doc()                                                  
24-Apr-22 22:03:09.811781 | DEBUG    | MAIN LOGGER                    | IN clear_tr_sed()                                                               
24-Apr-22 22:03:09.812782 | DEBUG    | MAIN LOGGER                    | get_current_name() -> str: Привет                                               
24-Apr-22 22:03:09.812782 | DEBUG    | MAIN LOGGER                    | IN get_project_node() -> object                                                 
24-Apr-22 22:03:09.813782 | DEBUG    | MAIN LOGGER                    | get_db_project_dirpath() -> str: C:/Users/hayar/OneDrive/Рабочий стол/Привет\project.db
24-Apr-22 22:03:09.814783 | DEBUG    | MAIN LOGGER                    | IN dfs(parent_node): parent_node = {'id_node': 0, 'name_node': 'Проект', 'id_parent': None, 'order_node': '0', 'type_node': 'PROJECT', 'template_name': None, 'included': None}
24-Apr-22 22:03:09.815780 | DEBUG    | MAIN LOGGER                    | IN get_childs(parent_node) -> list: parent_node = {'id_node': 0, 'name_node': 'Проект', 'id_parent': None, 'order_node': '0', 'type_node': 'PROJECT', 'template_name': None, 'included': None}
24-Apr-22 22:03:09.816782 | DEBUG    | MAIN LOGGER                    | get_db_project_dirpath() -> str: C:/Users/hayar/OneDrive/Рабочий стол/Привет\project.db
24-Apr-22 22:03:09.817785 | DEBUG    | MAIN LOGGER                    | IN set_item_in_nodes_to_items(node): node = {'id_node': 10, 'name_node': 'Титульный лист', 'id_parent': 0, 'order_node': '1', 'type_node': 'FORM', 'template_name': 'main', 'included': '1'}
24-Apr-22 22:03:09.818785 | DEBUG    | MAIN LOGGER                    | IN set_state_included_for_childs(node, state): node = {'id_node': 10, 'name_node': 'Титульный лист', 'id_parent': 0, 'order_node': '1', 'type_node': 'FORM', 'template_name': 'main', 'included': '1'}, state = False
24-Apr-22 22:03:09.820786 | DEBUG    | MAIN LOGGER                    | IN set_included_for_node(node, state): node = {'id_node': 10, 'name_node': 'Титульный лист', 'id_parent': 0, 'order_node': '1', 'type_node': 'FORM', 'template_name': 'main', 'included': '1'}, state = False
24-Apr-22 22:03:09.821784 | DEBUG    | MAIN LOGGER                    | get_db_project_dirpath() -> str: C:/Users/hayar/OneDrive/Рабочий стол/Привет\project.db
24-Apr-22 22:03:09.831869 | DEBUG    | MAIN LOGGER                    | IN set_state_included_for_childs(node, state): node = {'id_node': 10, 'name_node': 'Титульный лист', 'id_parent': 0, 'order_node': '1', 'type_node': 'FORM', 'template_name': 'main', 'included': '1'}, state = True
24-Apr-22 22:03:09.832869 | DEBUG    | MAIN LOGGER                    | IN set_included_for_node(node, state): node = {'id_node': 10, 'name_node': 'Титульный лист', 'id_parent': 0, 'order_node': '1', 'type_node': 'FORM', 'template_name': 'main', 'included': '1'}, state = True
24-Apr-22 22:03:09.833874 | DEBUG    | MAIN LOGGER                    | get_db_project_dirpath() -> str: C:/Users/hayar/OneDrive/Рабочий стол/Привет\project.db
24-Apr-22 22:03:09.839617 | DEBUG    | MAIN LOGGER                    | IN dfs(parent_node): parent_node = {'id_node': 10, 'name_node': 'Титульный лист', 'id_parent': 0, 'order_node': '1', 'type_node': 'FORM', 'template_name': 'main', 'included': '1'}
24-Apr-22 22:03:09.840614 | DEBUG    | MAIN LOGGER                    | IN get_childs(parent_node) -> list: parent_node = {'id_node': 10, 'name_node': 'Титульный лист', 'id_parent': 0, 'order_node': '1', 'type_node': 'FORM', 'template_name': 'main', 'included': '1'}
24-Apr-22 22:03:09.840614 | DEBUG    | MAIN LOGGER                    | get_db_project_dirpath() -> str: C:/Users/hayar/OneDrive/Рабочий стол/Привет\project.db
24-Apr-22 22:03:09.842613 | DEBUG    | MAIN LOGGER                    | IN set_item_in_nodes_to_items(node): node = {'id_node': 11, 'name_node': 'Реестр документации', 'id_parent': 0, 'order_node': '2', 'type_node': 'FORM', 'template_name': 'main', 'included': '1'}
24-Apr-22 22:03:09.843615 | DEBUG    | MAIN LOGGER                    | IN set_state_included_for_childs(node, state): node = {'id_node': 11, 'name_node': 'Реестр документации', 'id_parent': 0, 'order_node': '2', 'type_node': 'FORM', 'template_name': 'main', 'included': '1'}, state = False
24-Apr-22 22:03:09.844615 | DEBUG    | MAIN LOGGER                    | IN set_included_for_node(node, state): node = {'id_node': 11, 'name_node': 'Реестр документации', 'id_parent': 0, 'order_node': '2', 'type_node': 'FORM', 'template_name': 'main', 'included': '1'}, state = False
24-Apr-22 22:03:09.844615 | DEBUG    | MAIN LOGGER                    | get_db_project_dirpath() -> str: C:/Users/hayar/OneDrive/Рабочий стол/Привет\project.db
24-Apr-22 22:03:09.848614 | DEBUG    | MAIN LOGGER                    | IN set_state_included_for_childs(node, state): node = {'id_node': 11, 'name_node': 'Реестр документации', 'id_parent': 0, 'order_node': '2', 'type_node': 'FORM', 'template_name': 'main', 'included': '1'}, state = True
24-Apr-22 22:03:09.849616 | DEBUG    | MAIN LOGGER                    | IN set_included_for_node(node, state): node = {'id_node': 11, 'name_node': 'Реестр документации', 'id_parent': 0, 'order_node': '2', 'type_node': 'FORM', 'template_name': 'main', 'included': '1'}, state = True
24-Apr-22 22:03:09.850616 | DEBUG    | MAIN LOGGER                    | get_db_project_dirpath() -> str: C:/Users/hayar/OneDrive/Рабочий стол/Привет\project.db
24-Apr-22 22:03:09.856616 | DEBUG    | MAIN LOGGER                    | IN dfs(parent_node): parent_node = {'id_node': 11, 'name_node': 'Реестр документации', 'id_parent': 0, 'order_node': '2', 'type_node': 'FORM', 'template_name': 'main', 'included': '1'}
24-Apr-22 22:03:09.856616 | DEBUG    | MAIN LOGGER                    | IN get_childs(parent_node) -> list: parent_node = {'id_node': 11, 'name_node': 'Реестр документации', 'id_parent': 0, 'order_node': '2', 'type_node': 'FORM', 'template_name': 'main', 'included': '1'}
24-Apr-22 22:03:09.857617 | DEBUG    | MAIN LOGGER                    | get_db_project_dirpath() -> str: C:/Users/hayar/OneDrive/Рабочий стол/Привет\project.db
24-Apr-22 22:03:09.859618 | DEBUG    | MAIN LOGGER                    | IN set_item_in_nodes_to_items(node): node = {'id_node': 12, 'name_node': 'Паспорт трассы', 'id_parent': 0, 'order_node': '3', 'type_node': 'GROUP', 'template_name': None, 'included': '1'}
24-Apr-22 22:03:09.860617 | DEBUG    | MAIN LOGGER                    | IN set_state_included_for_childs(node, state): node = {'id_node': 12, 'name_node': 'Паспорт трассы', 'id_parent': 0, 'order_node': '3', 'type_node': 'GROUP', 'template_name': None, 'included': '1'}, state = False
24-Apr-22 22:03:09.860617 | DEBUG    | MAIN LOGGER                    | IN set_included_for_node(node, state): node = {'id_node': 12, 'name_node': 'Паспорт трассы', 'id_parent': 0, 'order_node': '3', 'type_node': 'GROUP', 'template_name': None, 'included': '1'}, state = False
24-Apr-22 22:03:09.861617 | DEBUG    | MAIN LOGGER                    | get_db_project_dirpath() -> str: C:/Users/hayar/OneDrive/Рабочий стол/Привет\project.db
24-Apr-22 22:03:09.866619 | DEBUG    | MAIN LOGGER                    | IN set_state_included_for_childs(node, state): node = {'id_node': 12, 'name_node': 'Паспорт трассы', 'id_parent': 0, 'order_node': '3', 'type_node': 'GROUP', 'template_name': None, 'included': '1'}, state = True
24-Apr-22 22:03:09.867621 | DEBUG    | MAIN LOGGER                    | IN set_included_for_node(node, state): node = {'id_node': 12, 'name_node': 'Паспорт трассы', 'id_parent': 0, 'order_node': '3', 'type_node': 'GROUP', 'template_name': None, 'included': '1'}, state = True
24-Apr-22 22:03:09.867621 | DEBUG    | MAIN LOGGER                    | get_db_project_dirpath() -> str: C:/Users/hayar/OneDrive/Рабочий стол/Привет\project.db
24-Apr-22 22:03:09.873620 | DEBUG    | MAIN LOGGER                    | IN dfs(parent_node): parent_node = {'id_node': 12, 'name_node': 'Паспорт трассы', 'id_parent': 0, 'order_node': '3', 'type_node': 'GROUP', 'template_name': None, 'included': '1'}
24-Apr-22 22:03:09.874621 | DEBUG    | MAIN LOGGER                    | IN get_childs(parent_node) -> list: parent_node = {'id_node': 12, 'name_node': 'Паспорт трассы', 'id_parent': 0, 'order_node': '3', 'type_node': 'GROUP', 'template_name': None, 'included': '1'}
24-Apr-22 22:03:09.875622 | DEBUG    | MAIN LOGGER                    | get_db_project_dirpath() -> str: C:/Users/hayar/OneDrive/Рабочий стол/Привет\project.db
24-Apr-22 22:03:09.877622 | DEBUG    | MAIN LOGGER                    | IN set_item_in_nodes_to_items(node): node = {'id_node': 1201, 'name_node': 'ПТ-1', 'id_parent': 12, 'order_node': '1', 'type_node': 'FORM', 'template_name': 'main', 'included': '1'}
24-Apr-22 22:03:09.878622 | DEBUG    | MAIN LOGGER                    | IN set_state_included_for_childs(node, state): node = {'id_node': 1201, 'name_node': 'ПТ-1', 'id_parent': 12, 'order_node': '1', 'type_node': 'FORM', 'template_name': 'main', 'included': '1'}, state = False
24-Apr-22 22:03:09.879622 | DEBUG    | MAIN LOGGER                    | IN set_included_for_node(node, state): node = {'id_node': 1201, 'name_node': 'ПТ-1', 'id_parent': 12, 'order_node': '1', 'type_node': 'FORM', 'template_name': 'main', 'included': '1'}, state = False
24-Apr-22 22:03:09.879622 | DEBUG    | MAIN LOGGER                    | get_db_project_dirpath() -> str: C:/Users/hayar/OneDrive/Рабочий стол/Привет\project.db
24-Apr-22 22:03:09.884626 | DEBUG    | MAIN LOGGER                    | IN set_state_included_for_childs(node, state): node = {'id_node': 1201, 'name_node': 'ПТ-1', 'id_parent': 12, 'order_node': '1', 'type_node': 'FORM', 'template_name': 'main', 'included': '1'}, state = True
24-Apr-22 22:03:09.886625 | DEBUG    | MAIN LOGGER                    | IN set_included_for_node(node, state): node = {'id_node': 1201, 'name_node': 'ПТ-1', 'id_parent': 12, 'order_node': '1', 'type_node': 'FORM', 'template_name': 'main', 'included': '1'}, state = True
24-Apr-22 22:03:09.887626 | DEBUG    | MAIN LOGGER                    | get_db_project_dirpath() -> str: C:/Users/hayar/OneDrive/Рабочий стол/Привет\project.db
24-Apr-22 22:03:09.892624 | DEBUG    | MAIN LOGGER                    | IN dfs(parent_node): parent_node = {'id_node': 1201, 'name_node': 'ПТ-1', 'id_parent': 12, 'order_node': '1', 'type_node': 'FORM', 'template_name': 'main', 'included': '1'}
24-Apr-22 22:03:09.893626 | DEBUG    | MAIN LOGGER                    | IN get_childs(parent_node) -> list: parent_node = {'id_node': 1201, 'name_node': 'ПТ-1', 'id_parent': 12, 'order_node': '1', 'type_node': 'FORM', 'template_name': 'main', 'included': '1'}
24-Apr-22 22:03:09.894625 | DEBUG    | MAIN LOGGER                    | get_db_project_dirpath() -> str: C:/Users/hayar/OneDrive/Рабочий стол/Привет\project.db
24-Apr-22 22:03:09.896629 | DEBUG    | MAIN LOGGER                    | IN set_item_in_nodes_to_items(node): node = {'id_node': 1202, 'name_node': 'ПТ-2', 'id_parent': 12, 'order_node': '2', 'type_node': 'FORM', 'template_name': 'main', 'included': '1'}
24-Apr-22 22:03:09.896629 | DEBUG    | MAIN LOGGER                    | IN set_state_included_for_childs(node, state): node = {'id_node': 1202, 'name_node': 'ПТ-2', 'id_parent': 12, 'order_node': '2', 'type_node': 'FORM', 'template_name': 'main', 'included': '1'}, state = False
24-Apr-22 22:03:09.897627 | DEBUG    | MAIN LOGGER                    | IN set_included_for_node(node, state): node = {'id_node': 1202, 'name_node': 'ПТ-2', 'id_parent': 12, 'order_node': '2', 'type_node': 'FORM', 'template_name': 'main', 'included': '1'}, state = False
24-Apr-22 22:03:09.898627 | DEBUG    | MAIN LOGGER                    | get_db_project_dirpath() -> str: C:/Users/hayar/OneDrive/Рабочий стол/Привет\project.db
24-Apr-22 22:03:09.902627 | DEBUG    | MAIN LOGGER                    | IN set_state_included_for_childs(node, state): node = {'id_node': 1202, 'name_node': 'ПТ-2', 'id_parent': 12, 'order_node': '2', 'type_node': 'FORM', 'template_name': 'main', 'included': '1'}, state = True
24-Apr-22 22:03:09.903631 | DEBUG    | MAIN LOGGER                    | IN set_included_for_node(node, state): node = {'id_node': 1202, 'name_node': 'ПТ-2', 'id_parent': 12, 'order_node': '2', 'type_node': 'FORM', 'template_name': 'main', 'included': '1'}, state = True
24-Apr-22 22:03:09.904628 | DEBUG    | MAIN LOGGER                    | get_db_project_dirpath() -> str: C:/Users/hayar/OneDrive/Рабочий стол/Привет\project.db
24-Apr-22 22:03:09.909628 | DEBUG    | MAIN LOGGER                    | IN dfs(parent_node): parent_node = {'id_node': 1202, 'name_node': 'ПТ-2', 'id_parent': 12, 'order_node': '2', 'type_node': 'FORM', 'template_name': 'main', 'included': '1'}
24-Apr-22 22:03:09.910631 | DEBUG    | MAIN LOGGER                    | IN get_childs(parent_node) -> list: parent_node = {'id_node': 1202, 'name_node': 'ПТ-2', 'id_parent': 12, 'order_node': '2', 'type_node': 'FORM', 'template_name': 'main', 'included': '1'}
24-Apr-22 22:03:09.911631 | DEBUG    | MAIN LOGGER                    | get_db_project_dirpath() -> str: C:/Users/hayar/OneDrive/Рабочий стол/Привет\project.db
24-Apr-22 22:03:09.913631 | DEBUG    | MAIN LOGGER                    | IN set_item_in_nodes_to_items(node): node = {'id_node': 1203, 'name_node': 'ПТ-3', 'id_parent': 12, 'order_node': '3', 'type_node': 'FORM', 'template_name': 'main', 'included': '1'}
24-Apr-22 22:03:09.914631 | DEBUG    | MAIN LOGGER                    | IN set_state_included_for_childs(node, state): node = {'id_node': 1203, 'name_node': 'ПТ-3', 'id_parent': 12, 'order_node': '3', 'type_node': 'FORM', 'template_name': 'main', 'included': '1'}, state = False
24-Apr-22 22:03:09.914631 | DEBUG    | MAIN LOGGER                    | IN set_included_for_node(node, state): node = {'id_node': 1203, 'name_node': 'ПТ-3', 'id_parent': 12, 'order_node': '3', 'type_node': 'FORM', 'template_name': 'main', 'included': '1'}, state = False
24-Apr-22 22:03:09.915630 | DEBUG    | MAIN LOGGER                    | get_db_project_dirpath() -> str: C:/Users/hayar/OneDrive/Рабочий стол/Привет\project.db
24-Apr-22 22:03:09.920631 | DEBUG    | MAIN LOGGER                    | IN set_state_included_for_childs(node, state): node = {'id_node': 1203, 'name_node': 'ПТ-3', 'id_parent': 12, 'order_node': '3', 'type_node': 'FORM', 'template_name': 'main', 'included': '1'}, state = True
24-Apr-22 22:03:09.921632 | DEBUG    | MAIN LOGGER                    | IN set_included_for_node(node, state): node = {'id_node': 1203, 'name_node': 'ПТ-3', 'id_parent': 12, 'order_node': '3', 'type_node': 'FORM', 'template_name': 'main', 'included': '1'}, state = True
24-Apr-22 22:03:09.922632 | DEBUG    | MAIN LOGGER                    | get_db_project_dirpath() -> str: C:/Users/hayar/OneDrive/Рабочий стол/Привет\project.db
24-Apr-22 22:03:09.927632 | DEBUG    | MAIN LOGGER                    | IN dfs(parent_node): parent_node = {'id_node': 1203, 'name_node': 'ПТ-3', 'id_parent': 12, 'order_node': '3', 'type_node': 'FORM', 'template_name': 'main', 'included': '1'}
24-Apr-22 22:03:09.927632 | DEBUG    | MAIN LOGGER                    | IN get_childs(parent_node) -> list: parent_node = {'id_node': 1203, 'name_node': 'ПТ-3', 'id_parent': 12, 'order_node': '3', 'type_node': 'FORM', 'template_name': 'main', 'included': '1'}
24-Apr-22 22:03:09.928633 | DEBUG    | MAIN LOGGER                    | get_db_project_dirpath() -> str: C:/Users/hayar/OneDrive/Рабочий стол/Привет\project.db
24-Apr-22 22:03:09.930636 | DEBUG    | MAIN LOGGER                    | IN set_true_actives_project()                                                   
24-Apr-22 22:03:09.931635 | DEBUG    | MAIN LOGGER                    | set_message_for_statusbar(Проект c именем Привет открыт.)                       
24-Apr-22 22:03:10.597966 | DEBUG    | MAIN LOGGER                    | IN update_pages_template(node) : node = {'id_node': 11, 'name_node': 'Реестр документации', 'id_parent': 0, 'order_node': '2', 'type_node': 'FORM', 'template_name': 'main', 'included': '1'}
24-Apr-22 22:03:10.598974 | DEBUG    | MAIN LOGGER                    | IN get_pages_by_node(node) -> list: node = {'id_node': 11, 'name_node': 'Реестр документации', 'id_parent': 0, 'order_node': '2', 'type_node': 'FORM', 'template_name': 'main', 'included': '1'}
24-Apr-22 22:03:10.599975 | DEBUG    | MAIN LOGGER                    | get_db_project_dirpath() -> str: C:/Users/hayar/OneDrive/Рабочий стол/Привет\project.db
24-Apr-22 22:03:11.557119 | DEBUG    | MAIN LOGGER                    | IN item_clicked(current): current = <package.controllers.pagestemplate.MyListWidgetItem object at 0x000002346B5EB640>
24-Apr-22 22:03:11.557119 | DEBUG    | MAIN LOGGER                    | IN add_page_for_datas(page): page = {'id_page': 20, 'id_node_parent': 11, 'page_name': 'Л.1. Реестр исполнительной документации ВОЛС.', 'template_name': '2-РД-1', 'page_order': 1, 'included': None}
24-Apr-22 22:03:11.558112 | DEBUG    | MAIN LOGGER                    | IN get_page_data(page) -> list: page = {'id_page': 20, 'id_node_parent': 11, 'page_name': 'Л.1. Реестр исполнительной документации ВОЛС.', 'template_name': '2-РД-1', 'page_order': 1, 'included': None}
24-Apr-22 22:03:11.559111 | DEBUG    | MAIN LOGGER                    | get_db_project_dirpath() -> str: C:/Users/hayar/OneDrive/Рабочий стол/Привет\project.db
24-Apr-22 22:03:11.560120 | DEBUG    | MAIN LOGGER                    | IN add_nodes_for_datas()                                                        
24-Apr-22 22:03:11.561120 | DEBUG    | MAIN LOGGER                    | IN get_node_parent_from_pages(page) -> object: page = {'id_page': 20, 'id_node_parent': 11, 'page_name': 'Л.1. Реестр исполнительной документации ВОЛС.', 'template_name': '2-РД-1', 'page_order': 1, 'included': None}
24-Apr-22 22:03:11.562112 | DEBUG    | MAIN LOGGER                    | get_db_project_dirpath() -> str: C:/Users/hayar/OneDrive/Рабочий стол/Привет\project.db
24-Apr-22 22:03:11.563128 | DEBUG    | MAIN LOGGER                    | IN add_node_for_datas(node): node = {'id_node': 11, 'name_node': 'Реестр документации', 'id_parent': 0, 'order_node': '2', 'type_node': 'FORM', 'template_name': 'main', 'included': '1'}
24-Apr-22 22:03:11.564120 | DEBUG    | MAIN LOGGER                    | IN get_node_data(node) -> list: node = {'id_node': 11, 'name_node': 'Реестр документации', 'id_parent': 0, 'order_node': '2', 'type_node': 'FORM', 'template_name': 'main', 'included': '1'}
24-Apr-22 22:03:11.565112 | DEBUG    | MAIN LOGGER                    | get_db_project_dirpath() -> str: C:/Users/hayar/OneDrive/Рабочий стол/Привет\project.db
24-Apr-22 22:03:11.566113 | DEBUG    | MAIN LOGGER                    | IN get_node_parent(node) -> object: node = {'id_node': 11, 'name_node': 'Реестр документации', 'id_parent': 0, 'order_node': '2', 'type_node': 'FORM', 'template_name': 'main', 'included': '1'}
24-Apr-22 22:03:11.567127 | DEBUG    | MAIN LOGGER                    | get_db_project_dirpath() -> str: C:/Users/hayar/OneDrive/Рабочий стол/Привет\project.db
24-Apr-22 22:03:11.568114 | DEBUG    | MAIN LOGGER                    | IN add_node_for_datas(node): node = {'id_node': 0, 'name_node': 'Проект', 'id_parent': None, 'order_node': '0', 'type_node': 'PROJECT', 'template_name': None, 'included': None}
24-Apr-22 22:03:11.569114 | DEBUG    | MAIN LOGGER                    | IN get_node_data(node) -> list: node = {'id_node': 0, 'name_node': 'Проект', 'id_parent': None, 'order_node': '0', 'type_node': 'PROJECT', 'template_name': None, 'included': None}
24-Apr-22 22:03:11.570115 | DEBUG    | MAIN LOGGER                    | get_db_project_dirpath() -> str: C:/Users/hayar/OneDrive/Рабочий стол/Привет\project.db
24-Apr-22 22:03:11.571118 | DEBUG    | MAIN LOGGER                    | IN get_node_parent(node) -> object: node = {'id_node': 0, 'name_node': 'Проект', 'id_parent': None, 'order_node': '0', 'type_node': 'PROJECT', 'template_name': None, 'included': None}
24-Apr-22 22:03:11.572115 | DEBUG    | MAIN LOGGER                    | get_db_project_dirpath() -> str: C:/Users/hayar/OneDrive/Рабочий стол/Привет\project.db
24-Apr-22 22:03:11.573118 | DEBUG    | MAIN LOGGER                    | IN update_scrollarea()                                                          
24-Apr-22 22:03:11.574114 | DEBUG    | MAIN LOGGER                    | IN delete_all_widgets_in_sa()                                                   
24-Apr-22 22:03:11.574114 | DEBUG    | MAIN LOGGER                    | IN add_page_for_datas(page): page = {'id_page': 20, 'id_node_parent': 11, 'page_name': 'Л.1. Реестр исполнительной документации ВОЛС.', 'template_name': '2-РД-1', 'page_order': 1, 'included': None}
24-Apr-22 22:03:11.575115 | DEBUG    | MAIN LOGGER                    | IN get_page_data(page) -> list: page = {'id_page': 20, 'id_node_parent': 11, 'page_name': 'Л.1. Реестр исполнительной документации ВОЛС.', 'template_name': '2-РД-1', 'page_order': 1, 'included': None}
24-Apr-22 22:03:11.575115 | DEBUG    | MAIN LOGGER                    | get_db_project_dirpath() -> str: C:/Users/hayar/OneDrive/Рабочий стол/Привет\project.db
24-Apr-22 22:03:11.576115 | DEBUG    | MAIN LOGGER                    | IN add_nodes_for_datas()                                                        
24-Apr-22 22:03:11.577117 | DEBUG    | MAIN LOGGER                    | IN get_node_parent_from_pages(page) -> object: page = {'id_page': 20, 'id_node_parent': 11, 'page_name': 'Л.1. Реестр исполнительной документации ВОЛС.', 'template_name': '2-РД-1', 'page_order': 1, 'included': None}
24-Apr-22 22:03:11.578118 | DEBUG    | MAIN LOGGER                    | get_db_project_dirpath() -> str: C:/Users/hayar/OneDrive/Рабочий стол/Привет\project.db
24-Apr-22 22:03:11.579117 | DEBUG    | MAIN LOGGER                    | IN add_node_for_datas(node): node = {'id_node': 11, 'name_node': 'Реестр документации', 'id_parent': 0, 'order_node': '2', 'type_node': 'FORM', 'template_name': 'main', 'included': '1'}
24-Apr-22 22:03:11.580116 | DEBUG    | MAIN LOGGER                    | IN get_node_data(node) -> list: node = {'id_node': 11, 'name_node': 'Реестр документации', 'id_parent': 0, 'order_node': '2', 'type_node': 'FORM', 'template_name': 'main', 'included': '1'}
24-Apr-22 22:03:11.581117 | DEBUG    | MAIN LOGGER                    | get_db_project_dirpath() -> str: C:/Users/hayar/OneDrive/Рабочий стол/Привет\project.db
24-Apr-22 22:03:11.582117 | DEBUG    | MAIN LOGGER                    | IN get_node_parent(node) -> object: node = {'id_node': 11, 'name_node': 'Реестр документации', 'id_parent': 0, 'order_node': '2', 'type_node': 'FORM', 'template_name': 'main', 'included': '1'}
24-Apr-22 22:03:11.582117 | DEBUG    | MAIN LOGGER                    | get_db_project_dirpath() -> str: C:/Users/hayar/OneDrive/Рабочий стол/Привет\project.db
24-Apr-22 22:03:11.584118 | DEBUG    | MAIN LOGGER                    | IN add_node_for_datas(node): node = {'id_node': 0, 'name_node': 'Проект', 'id_parent': None, 'order_node': '0', 'type_node': 'PROJECT', 'template_name': None, 'included': None}
24-Apr-22 22:03:11.584118 | DEBUG    | MAIN LOGGER                    | IN get_node_data(node) -> list: node = {'id_node': 0, 'name_node': 'Проект', 'id_parent': None, 'order_node': '0', 'type_node': 'PROJECT', 'template_name': None, 'included': None}
24-Apr-22 22:03:11.585117 | DEBUG    | MAIN LOGGER                    | get_db_project_dirpath() -> str: C:/Users/hayar/OneDrive/Рабочий стол/Привет\project.db
24-Apr-22 22:03:11.586117 | DEBUG    | MAIN LOGGER                    | IN get_node_parent(node) -> object: node = {'id_node': 0, 'name_node': 'Проект', 'id_parent': None, 'order_node': '0', 'type_node': 'PROJECT', 'template_name': None, 'included': None}
24-Apr-22 22:03:11.587119 | DEBUG    | MAIN LOGGER                    | get_db_project_dirpath() -> str: C:/Users/hayar/OneDrive/Рабочий стол/Привет\project.db
24-Apr-22 22:03:11.588118 | DEBUG    | MAIN LOGGER                    | IN add_sections_in_sa()                                                         
24-Apr-22 22:03:11.592118 | DEBUG    | MAIN LOGGER                    | IN get_config_content(id_content) -> list: id_content = 1200                    
24-Apr-22 22:03:11.593120 | DEBUG    | MAIN LOGGER                    | get_db_project_dirpath() -> str: C:/Users/hayar/OneDrive/Рабочий стол/Привет\project.db
24-Apr-22 22:03:11.594120 | DEBUG    | MAIN LOGGER                    | IN get_config_table(id_content) -> list: id_content = 1200                      
24-Apr-22 22:03:11.595120 | DEBUG    | MAIN LOGGER                    | get_db_project_dirpath() -> str: C:/Users/hayar/OneDrive/Рабочий стол/Привет\project.db
24-Apr-22 22:03:11.599123 | DEBUG    | MAIN LOGGER                    | create_table_from_value(self, json_data): data = [["", "", "", "", ""], ["", "", "", "", ""], ["", "", "", "", ""]]
24-Apr-22 22:03:11.601121 | DEBUG    | MAIN LOGGER                    | IN get_config_content(id_content) -> list: id_content = 1201                    
24-Apr-22 22:03:11.601121 | DEBUG    | MAIN LOGGER                    | get_db_project_dirpath() -> str: C:/Users/hayar/OneDrive/Рабочий стол/Привет\project.db
24-Apr-22 22:03:11.602122 | DEBUG    | MAIN LOGGER                    | IN get_config_table(id_content) -> list: id_content = 1201                      
24-Apr-22 22:03:11.603123 | DEBUG    | MAIN LOGGER                    | get_db_project_dirpath() -> str: C:/Users/hayar/OneDrive/Рабочий стол/Привет\project.db
24-Apr-22 22:03:11.607122 | DEBUG    | MAIN LOGGER                    | create_table_from_value(self, json_data): data = [["", "", "", "", ""], ["", "", "", "", ""], ["", "", "", "", ""], ["", "", "", "", ""]]
24-Apr-22 22:03:11.609124 | DEBUG    | MAIN LOGGER                    | IN get_config_content(id_content) -> list: id_content = 1202                    
24-Apr-22 22:03:11.609124 | DEBUG    | MAIN LOGGER                    | get_db_project_dirpath() -> str: C:/Users/hayar/OneDrive/Рабочий стол/Привет\project.db
24-Apr-22 22:03:11.610124 | DEBUG    | MAIN LOGGER                    | IN get_config_table(id_content) -> list: id_content = 1202                      
24-Apr-22 22:03:11.611122 | DEBUG    | MAIN LOGGER                    | get_db_project_dirpath() -> str: C:/Users/hayar/OneDrive/Рабочий стол/Привет\project.db
24-Apr-22 22:03:11.615641 | DEBUG    | MAIN LOGGER                    | create_table_from_value(self, json_data): data = None                           
24-Apr-22 22:03:11.626632 | DEBUG    | MAIN LOGGER                    | IN get_config_content(id_content) -> list: id_content = 1003                    
24-Apr-22 22:03:11.627633 | DEBUG    | MAIN LOGGER                    | get_db_project_dirpath() -> str: C:/Users/hayar/OneDrive/Рабочий стол/Привет\project.db
24-Apr-22 22:03:11.628633 | DEBUG    | MAIN LOGGER                    | FormText(self, pair, config_content): pair = {'id_pair': 100, 'id_node': 0, 'id_content': 1003, 'name_content': 'название_объекта', 'value': None}, config_content = {'id_content': 1003, 'name_content': 'название_объекта', 'type_content': 'TEXT', 'title_content': 'Название объекта', 'description_content': None, 'enable': None}
24-Apr-22 22:03:11.631634 | DEBUG    | MAIN LOGGER                    | IN get_config_content(id_content) -> list: id_content = 1004                    
24-Apr-22 22:03:11.632634 | DEBUG    | MAIN LOGGER                    | get_db_project_dirpath() -> str: C:/Users/hayar/OneDrive/Рабочий стол/Привет\project.db
24-Apr-22 22:03:11.633634 | DEBUG    | MAIN LOGGER                    | FormText(self, pair, config_content): pair = {'id_pair': 101, 'id_node': 0, 'id_content': 1004, 'name_content': 'участок', 'value': None}, config_content = {'id_content': 1004, 'name_content': 'участок', 'type_content': 'TEXT', 'title_content': 'Участок', 'description_content': None, 'enable': None}
24-Apr-22 22:03:11.635635 | DEBUG    | MAIN LOGGER                    | IN get_config_content(id_content) -> list: id_content = 1001                    
24-Apr-22 22:03:11.636635 | DEBUG    | MAIN LOGGER                    | get_db_project_dirpath() -> str: C:/Users/hayar/OneDrive/Рабочий стол/Привет\project.db
24-Apr-22 22:03:11.637636 | DEBUG    | MAIN LOGGER                    | FormText(self, pair, config_content): pair = {'id_pair': 102, 'id_node': 0, 'id_content': 1001, 'name_content': 'название_компании', 'value': None}, config_content = {'id_content': 1001, 'name_content': 'название_компании', 'type_content': 'TEXT', 'title_content': 'Название компании', 'description_content': None, 'enable': None}
24-Apr-22 22:03:14.027727 | DEBUG    | MAIN LOGGER                    | IN to_json(self) -> list:                                                       
24-Apr-22 22:03:14.028730 | DEBUG    | MAIN LOGGER                    | set_new_value_in_pair(self, pair, new_value): pair = {'id_pair': 300, 'id_page': 20, 'id_content': 1200, 'name_content': 'реестр_ид_паспорт_трассы', 'value': '[["", "", "", "", ""], ["", "", "", "", ""], ["", "", "", "", ""]]'}, new_value = [["dafs", "", "", "", ""], ["", "", "", "", ""], ["", "", "", "", ""]]
24-Apr-22 22:03:14.517041 | DEBUG    | MAIN LOGGER                    | IN to_json(self) -> list:                                                       
24-Apr-22 22:03:14.517041 | DEBUG    | MAIN LOGGER                    | set_new_value_in_pair(self, pair, new_value): pair = {'id_pair': 300, 'id_page': 20, 'id_content': 1200, 'name_content': 'реестр_ид_паспорт_трассы', 'value': '[["dafs", "", "", "", ""], ["", "", "", "", ""], ["", "", "", "", ""]]'}, new_value = [["dafs", "", "", "", ""], ["", "dsfsf", "", "", ""], ["", "", "", "", ""]]
24-Apr-22 22:03:14.872126 | DEBUG    | MAIN LOGGER                    | IN to_json(self) -> list:                                                       
24-Apr-22 22:03:14.873140 | DEBUG    | MAIN LOGGER                    | set_new_value_in_pair(self, pair, new_value): pair = {'id_pair': 300, 'id_page': 20, 'id_content': 1200, 'name_content': 'реестр_ид_паспорт_трассы', 'value': '[["dafs", "", "", "", ""], ["", "dsfsf", "", "", ""], ["", "", "", "", ""]]'}, new_value = [["dafs", "", "", "", ""], ["dsf", "dsfsf", "", "", ""], ["", "", "", "", ""]]
24-Apr-22 22:03:15.233574 | DEBUG    | MAIN LOGGER                    | IN to_json(self) -> list:                                                       
24-Apr-22 22:03:15.233574 | DEBUG    | MAIN LOGGER                    | set_new_value_in_pair(self, pair, new_value): pair = {'id_pair': 300, 'id_page': 20, 'id_content': 1200, 'name_content': 'реестр_ид_паспорт_трассы', 'value': '[["dafs", "", "", "", ""], ["dsf", "dsfsf", "", "", ""], ["", "", "", "", ""]]'}, new_value = [["dafs", "dfs", "", "", ""], ["dsf", "dsfsf", "", "", ""], ["", "", "", "", ""]]
24-Apr-22 22:03:15.607714 | DEBUG    | MAIN LOGGER                    | IN to_json(self) -> list:                                                       
24-Apr-22 22:03:15.608707 | DEBUG    | MAIN LOGGER                    | set_new_value_in_pair(self, pair, new_value): pair = {'id_pair': 300, 'id_page': 20, 'id_content': 1200, 'name_content': 'реестр_ид_паспорт_трассы', 'value': '[["dafs", "dfs", "", "", ""], ["dsf", "dsfsf", "", "", ""], ["", "", "", "", ""]]'}, new_value = [["dafs", "dfs", "", "", ""], ["dsf", "dsfsf", "", "", ""], ["", "fsdf", "", "", ""]]
24-Apr-22 22:03:19.629312 | DEBUG    | MAIN LOGGER                    | IN to_json(self) -> list:                                                       
24-Apr-22 22:03:19.630316 | DEBUG    | MAIN LOGGER                    | set_new_value_in_pair(self, pair, new_value): pair = {'id_pair': 300, 'id_page': 20, 'id_content': 1200, 'name_content': 'реестр_ид_паспорт_трассы', 'value': '[["dafs", "dfs", "", "", ""], ["dsf", "dsfsf", "", "", ""], ["", "fsdf", "", "", ""]]'}, new_value = [["dafs", "dfs", "", "", ""], ["dsf", "dsfsf", "", "", ""], ["", "", "", "", ""]]
24-Apr-22 22:03:20.633057 | DEBUG    | MAIN LOGGER                    | IN to_json(self) -> list:                                                       
24-Apr-22 22:03:20.633057 | DEBUG    | MAIN LOGGER                    | set_new_value_in_pair(self, pair, new_value): pair = {'id_pair': 300, 'id_page': 20, 'id_content': 1200, 'name_content': 'реестр_ид_паспорт_трассы', 'value': '[["dafs", "dfs", "", "", ""], ["dsf", "dsfsf", "", "", ""], ["", "", "", "", ""]]'}, new_value = [["dafs", "dfs", "1", "", ""], ["dsf", "dsfsf", "", "", ""], ["", "", "", "", ""]]
24-Apr-22 22:03:21.119392 | DEBUG    | MAIN LOGGER                    | IN to_json(self) -> list:                                                       
24-Apr-22 22:03:21.119392 | DEBUG    | MAIN LOGGER                    | set_new_value_in_pair(self, pair, new_value): pair = {'id_pair': 300, 'id_page': 20, 'id_content': 1200, 'name_content': 'реестр_ид_паспорт_трассы', 'value': '[["dafs", "dfs", "1", "", ""], ["dsf", "dsfsf", "", "", ""], ["", "", "", "", ""]]'}, new_value = [["dafs", "dfs", "1", "", ""], ["dsf", "dsfsf", "2", "", ""], ["", "", "", "", ""]]
24-Apr-22 22:03:23.528027 | DEBUG    | MAIN LOGGER                    | IN copy_values_to_clipboard()                                                   
24-Apr-22 22:03:32.021942 | DEBUG    | MAIN LOGGER                    | IN paste_values_from_clipboard()                                                
24-Apr-22 22:03:32.021942 | DEBUG    | MAIN LOGGER                    | IN to_json(self) -> list:                                                       
24-Apr-22 22:03:32.022935 | DEBUG    | MAIN LOGGER                    | set_new_value_in_pair(self, pair, new_value): pair = {'id_pair': 301, 'id_page': 20, 'id_content': 1201, 'name_content': 'реестр_ид_эл_паспорт_трассы', 'value': '[["", "", "", "", ""], ["", "", "", "", ""], ["", "", "", "", ""], ["", "", "", "", ""]]'}, new_value = [["dafs", "", "", "", ""], ["", "", "", "", ""], ["", "", "", "", ""], ["", "", "", "", ""]]
24-Apr-22 22:03:32.023936 | DEBUG    | MAIN LOGGER                    | IN to_json(self) -> list:                                                       
24-Apr-22 22:03:32.024944 | DEBUG    | MAIN LOGGER                    | set_new_value_in_pair(self, pair, new_value): pair = {'id_pair': 301, 'id_page': 20, 'id_content': 1201, 'name_content': 'реестр_ид_эл_паспорт_трассы', 'value': '[["dafs", "", "", "", ""], ["", "", "", "", ""], ["", "", "", "", ""], ["", "", "", "", ""]]'}, new_value = [["dafs", "dfs", "", "", ""], ["", "", "", "", ""], ["", "", "", "", ""], ["", "", "", "", ""]]
24-Apr-22 22:03:32.025936 | DEBUG    | MAIN LOGGER                    | IN to_json(self) -> list:                                                       
24-Apr-22 22:03:32.026945 | DEBUG    | MAIN LOGGER                    | set_new_value_in_pair(self, pair, new_value): pair = {'id_pair': 301, 'id_page': 20, 'id_content': 1201, 'name_content': 'реестр_ид_эл_паспорт_трассы', 'value': '[["dafs", "dfs", "", "", ""], ["", "", "", "", ""], ["", "", "", "", ""], ["", "", "", "", ""]]'}, new_value = [["dafs", "dfs", "1", "", ""], ["", "", "", "", ""], ["", "", "", "", ""], ["", "", "", "", ""]]
24-Apr-22 22:03:32.027940 | DEBUG    | MAIN LOGGER                    | IN to_json(self) -> list:                                                       
24-Apr-22 22:03:32.027940 | DEBUG    | MAIN LOGGER                    | set_new_value_in_pair(self, pair, new_value): pair = {'id_pair': 301, 'id_page': 20, 'id_content': 1201, 'name_content': 'реестр_ид_эл_паспорт_трассы', 'value': '[["dafs", "dfs", "1", "", ""], ["", "", "", "", ""], ["", "", "", "", ""], ["", "", "", "", ""]]'}, new_value = [["dafs", "dfs", "1", "", ""], ["dsfsf", "", "", "", ""], ["", "", "", "", ""], ["", "", "", "", ""]]
24-Apr-22 22:03:32.028937 | DEBUG    | MAIN LOGGER                    | IN to_json(self) -> list:                                                       
24-Apr-22 22:03:32.029946 | DEBUG    | MAIN LOGGER                    | set_new_value_in_pair(self, pair, new_value): pair = {'id_pair': 301, 'id_page': 20, 'id_content': 1201, 'name_content': 'реестр_ид_эл_паспорт_трассы', 'value': '[["dafs", "dfs", "1", "", ""], ["dsfsf", "", "", "", ""], ["", "", "", "", ""], ["", "", "", "", ""]]'}, new_value = [["dafs", "dfs", "1", "", ""], ["dsfsf", "2", "", "", ""], ["", "", "", "", ""], ["", "", "", "", ""]]
