24-Apr-25 19:30:31.540039 | DEBUG    | MAIN LOGGER                    | Config logger                                                                   
24-Apr-25 19:30:31.541041 | DEBUG    | MAIN LOGGER                    | self.current_directory = D:\work\project\AutoExecDoc                            
24-Apr-25 19:30:31.541041 | DEBUG    | MAIN LOGGER                    | IN create_and_config_files_and_folders()                                        
24-Apr-25 19:30:31.542042 | DEBUG    | MAIN LOGGER                    | get_default_folder_projects_dirpath() -> str: C:/Users/hayar/OneDrive/Документы\AutoExecDoc Projects
24-Apr-25 19:30:31.542042 | DEBUG    | MAIN LOGGER                    | IN create_and_config_db_settings()                                              
24-Apr-25 19:30:31.543041 | DEBUG    | MAIN LOGGER                    | get_db_settings_dirpath() -> str: D:\work\project\AutoExecDoc\db\settings.db    
24-Apr-25 19:30:31.543041 | DEBUG    | MAIN LOGGER                    | get_templates_main_dirpath() -> str: D:\work\project\AutoExecDoc\templates\main 
24-Apr-25 19:30:31.582056 | DEBUG    | MAIN LOGGER                    | IN config_controllers()                                                         
24-Apr-25 19:30:31.582056 | DEBUG    | MAIN LOGGER                    | IN connect_statusbar(statusbar)                                                 
24-Apr-25 19:30:31.583058 | DEBUG    | MAIN LOGGER                    | set_message_for_statusbar(Проект не открыт)                                     
24-Apr-25 19:30:31.584056 | DEBUG    | MAIN LOGGER                    | IN connect_structureexecdoc(tr_sed, title_sed)                                  
24-Apr-25 19:30:31.584056 | DEBUG    | MAIN LOGGER                    | IN clear_tr_sed()                                                               
24-Apr-25 19:30:31.584056 | DEBUG    | MAIN LOGGER                    | IN connect_pages_template(lw_pt)                                                
24-Apr-25 19:30:31.585057 | DEBUG    | MAIN LOGGER                    | IN connect_inputforms(sa_if, sa_ifl)                                            
24-Apr-25 19:30:31.585057 | DEBUG    | MAIN LOGGER                    | IN connecting_actions()                                                         
24-Apr-25 19:30:32.425328 | DEBUG    | MAIN LOGGER                    | IN new_project()                                                                
24-Apr-25 19:30:32.426114 | DEBUG    | MAIN LOGGER                    | IN select_folder_for_new_project() -> str                                       
24-Apr-25 19:30:32.428100 | DEBUG    | MAIN LOGGER                    | get_default_folder_projects_dirpath() -> str: C:/Users/hayar/OneDrive/Документы\AutoExecDoc Projects
24-Apr-25 19:30:38.859716 | DEBUG    | MAIN LOGGER                    | select_folder_for_new_project() -> C:/Users/hayar/OneDrive/Документы/AutoExecDoc Projects/Новая папка
24-Apr-25 19:30:38.860717 | DEBUG    | MAIN LOGGER                    | IN set_project_dirpaths(folder_path: str): folder_path = C:/Users/hayar/OneDrive/Документы/AutoExecDoc Projects/Новая папка
24-Apr-25 19:30:38.862716 | DEBUG    | MAIN LOGGER                    | set_project_dirpath(dirpath: str): dirpath = C:/Users/hayar/OneDrive/Документы/AutoExecDoc Projects/Новая папка
24-Apr-25 19:30:38.863717 | DEBUG    | MAIN LOGGER                    | get_project_dirpath() -> str: C:/Users/hayar/OneDrive/Документы/AutoExecDoc Projects/Новая папка
24-Apr-25 19:30:38.863717 | DEBUG    | MAIN LOGGER                    | set_db_project_dirpath(dirpath: str): dirpath = C:/Users/hayar/OneDrive/Документы/AutoExecDoc Projects/Новая папка\project.db
24-Apr-25 19:30:38.864717 | DEBUG    | MAIN LOGGER                    | IN config_new_project()                                                         
24-Apr-25 19:30:38.864717 | DEBUG    | MAIN LOGGER                    | get_project_dirpath() -> str: C:/Users/hayar/OneDrive/Документы/AutoExecDoc Projects/Новая папка
24-Apr-25 19:30:38.865718 | DEBUG    | MAIN LOGGER                    | IN add_new_project_to_db()                                                      
24-Apr-25 19:30:38.865718 | DEBUG    | MAIN LOGGER                    | get_db_settings_dirpath() -> str: D:\work\project\AutoExecDoc\db\settings.db    
24-Apr-25 19:30:38.866717 | DEBUG    | MAIN LOGGER                    | get_project_dirpath() -> str: C:/Users/hayar/OneDrive/Документы/AutoExecDoc Projects/Новая папка
24-Apr-25 19:30:38.866717 | DEBUG    | MAIN LOGGER                    | get_project_dirpath() -> str: C:/Users/hayar/OneDrive/Документы/AutoExecDoc Projects/Новая папка
24-Apr-25 19:30:38.871719 | DEBUG    | MAIN LOGGER                    | IN create_and_config_db_project()                                               
24-Apr-25 19:30:38.871719 | DEBUG    | MAIN LOGGER                    | get_db_project_dirpath() -> str: C:/Users/hayar/OneDrive/Документы/AutoExecDoc Projects/Новая папка\project.db
24-Apr-25 19:30:38.872720 | DEBUG    | MAIN LOGGER                    | IN add_tables_and_datas_to_empty_db_project()                                   
24-Apr-25 19:30:38.872720 | DEBUG    | MAIN LOGGER                    | get_db_project_dirpath() -> str: C:/Users/hayar/OneDrive/Документы/AutoExecDoc Projects/Новая папка\project.db
24-Apr-25 19:30:38.880720 | DEBUG    | MAIN LOGGER                    | IN set_all_included_in_db_project_to_true()                                     
24-Apr-25 19:30:38.880720 | DEBUG    | MAIN LOGGER                    | get_db_project_dirpath() -> str: C:/Users/hayar/OneDrive/Документы/AutoExecDoc Projects/Новая папка\project.db
24-Apr-25 19:30:38.882723 | DEBUG    | MAIN LOGGER                    | IN update_structure_exec_doc()                                                  
24-Apr-25 19:30:38.882723 | DEBUG    | MAIN LOGGER                    | IN clear_tr_sed()                                                               
24-Apr-25 19:30:38.882723 | DEBUG    | MAIN LOGGER                    | get_current_name() -> str: Новая папка                                          
24-Apr-25 19:30:38.883721 | DEBUG    | MAIN LOGGER                    | IN get_project_node() -> object                                                 
24-Apr-25 19:30:38.883721 | DEBUG    | MAIN LOGGER                    | get_db_project_dirpath() -> str: C:/Users/hayar/OneDrive/Документы/AutoExecDoc Projects/Новая папка\project.db
24-Apr-25 19:30:38.884721 | DEBUG    | MAIN LOGGER                    | IN dfs(parent_node): parent_node = {'id_node': 0, 'name_node': 'Проект', 'id_parent': None, 'order_node': '0', 'type_node': 'PROJECT', 'template_name': None, 'included': 1}
24-Apr-25 19:30:38.885722 | DEBUG    | MAIN LOGGER                    | IN get_childs(parent_node) -> list: parent_node = {'id_node': 0, 'name_node': 'Проект', 'id_parent': None, 'order_node': '0', 'type_node': 'PROJECT', 'template_name': None, 'included': 1}
24-Apr-25 19:30:38.887722 | DEBUG    | MAIN LOGGER                    | get_db_project_dirpath() -> str: C:/Users/hayar/OneDrive/Документы/AutoExecDoc Projects/Новая папка\project.db
24-Apr-25 19:30:38.888724 | DEBUG    | MAIN LOGGER                    | IN set_item_in_nodes_to_items(node): node = {'id_node': 10, 'name_node': 'Титульный лист', 'id_parent': 0, 'order_node': '1', 'type_node': 'FORM', 'template_name': 'main', 'included': 1}
24-Apr-25 19:30:38.889725 | DEBUG    | MAIN LOGGER                    | IN set_state_included_for_childs(node, state): id_node = 10, state = False      
24-Apr-25 19:30:38.890723 | DEBUG    | MAIN LOGGER                    | IN set_included_for_node(node, state): node = {'id_node': 10, 'name_node': 'Титульный лист', 'id_parent': 0, 'order_node': '1', 'type_node': 'FORM', 'template_name': 'main', 'included': 1}, state = 0
24-Apr-25 19:30:38.890723 | DEBUG    | MAIN LOGGER                    | get_db_project_dirpath() -> str: C:/Users/hayar/OneDrive/Документы/AutoExecDoc Projects/Новая папка\project.db
24-Apr-25 19:30:38.895724 | DEBUG    | MAIN LOGGER                    | IN set_state_included_for_childs(node, state): id_node = 10, state = True       
24-Apr-25 19:30:38.895724 | DEBUG    | MAIN LOGGER                    | IN set_included_for_node(node, state): node = {'id_node': 10, 'name_node': 'Титульный лист', 'id_parent': 0, 'order_node': '1', 'type_node': 'FORM', 'template_name': 'main', 'included': 1}, state = 1
24-Apr-25 19:30:38.896724 | DEBUG    | MAIN LOGGER                    | get_db_project_dirpath() -> str: C:/Users/hayar/OneDrive/Документы/AutoExecDoc Projects/Новая папка\project.db
24-Apr-25 19:30:38.901726 | DEBUG    | MAIN LOGGER                    | IN dfs(parent_node): parent_node = {'id_node': 10, 'name_node': 'Титульный лист', 'id_parent': 0, 'order_node': '1', 'type_node': 'FORM', 'template_name': 'main', 'included': 1}
24-Apr-25 19:30:38.903725 | DEBUG    | MAIN LOGGER                    | IN get_childs(parent_node) -> list: parent_node = {'id_node': 10, 'name_node': 'Титульный лист', 'id_parent': 0, 'order_node': '1', 'type_node': 'FORM', 'template_name': 'main', 'included': 1}
24-Apr-25 19:30:38.903725 | DEBUG    | MAIN LOGGER                    | get_db_project_dirpath() -> str: C:/Users/hayar/OneDrive/Документы/AutoExecDoc Projects/Новая папка\project.db
24-Apr-25 19:30:38.904725 | DEBUG    | MAIN LOGGER                    | IN set_item_in_nodes_to_items(node): node = {'id_node': 11, 'name_node': 'Реестр документации', 'id_parent': 0, 'order_node': '2', 'type_node': 'FORM', 'template_name': 'main', 'included': 1}
24-Apr-25 19:30:38.905726 | DEBUG    | MAIN LOGGER                    | IN set_state_included_for_childs(node, state): id_node = 11, state = False      
24-Apr-25 19:30:38.905726 | DEBUG    | MAIN LOGGER                    | IN set_included_for_node(node, state): node = {'id_node': 11, 'name_node': 'Реестр документации', 'id_parent': 0, 'order_node': '2', 'type_node': 'FORM', 'template_name': 'main', 'included': 1}, state = 0
24-Apr-25 19:30:38.905726 | DEBUG    | MAIN LOGGER                    | get_db_project_dirpath() -> str: C:/Users/hayar/OneDrive/Документы/AutoExecDoc Projects/Новая папка\project.db
24-Apr-25 19:30:38.909726 | DEBUG    | MAIN LOGGER                    | IN set_state_included_for_childs(node, state): id_node = 11, state = True       
24-Apr-25 19:30:38.910729 | DEBUG    | MAIN LOGGER                    | IN set_included_for_node(node, state): node = {'id_node': 11, 'name_node': 'Реестр документации', 'id_parent': 0, 'order_node': '2', 'type_node': 'FORM', 'template_name': 'main', 'included': 1}, state = 1
24-Apr-25 19:30:38.911728 | DEBUG    | MAIN LOGGER                    | get_db_project_dirpath() -> str: C:/Users/hayar/OneDrive/Документы/AutoExecDoc Projects/Новая папка\project.db
24-Apr-25 19:30:38.915728 | DEBUG    | MAIN LOGGER                    | IN dfs(parent_node): parent_node = {'id_node': 11, 'name_node': 'Реестр документации', 'id_parent': 0, 'order_node': '2', 'type_node': 'FORM', 'template_name': 'main', 'included': 1}
24-Apr-25 19:30:38.915728 | DEBUG    | MAIN LOGGER                    | IN get_childs(parent_node) -> list: parent_node = {'id_node': 11, 'name_node': 'Реестр документации', 'id_parent': 0, 'order_node': '2', 'type_node': 'FORM', 'template_name': 'main', 'included': 1}
24-Apr-25 19:30:38.916730 | DEBUG    | MAIN LOGGER                    | get_db_project_dirpath() -> str: C:/Users/hayar/OneDrive/Документы/AutoExecDoc Projects/Новая папка\project.db
24-Apr-25 19:30:38.917729 | DEBUG    | MAIN LOGGER                    | IN set_item_in_nodes_to_items(node): node = {'id_node': 12, 'name_node': 'Паспорт трассы', 'id_parent': 0, 'order_node': '3', 'type_node': 'GROUP', 'template_name': None, 'included': 1}
24-Apr-25 19:30:38.919570 | DEBUG    | MAIN LOGGER                    | IN set_state_included_for_childs(node, state): id_node = 12, state = False      
24-Apr-25 19:30:38.920557 | DEBUG    | MAIN LOGGER                    | IN set_included_for_node(node, state): node = {'id_node': 12, 'name_node': 'Паспорт трассы', 'id_parent': 0, 'order_node': '3', 'type_node': 'GROUP', 'template_name': None, 'included': 1}, state = 0
24-Apr-25 19:30:38.920557 | DEBUG    | MAIN LOGGER                    | get_db_project_dirpath() -> str: C:/Users/hayar/OneDrive/Документы/AutoExecDoc Projects/Новая папка\project.db
24-Apr-25 19:30:38.925557 | DEBUG    | MAIN LOGGER                    | IN set_state_included_for_childs(node, state): id_node = 12, state = True       
24-Apr-25 19:30:38.926559 | DEBUG    | MAIN LOGGER                    | IN set_included_for_node(node, state): node = {'id_node': 12, 'name_node': 'Паспорт трассы', 'id_parent': 0, 'order_node': '3', 'type_node': 'GROUP', 'template_name': None, 'included': 1}, state = 1
24-Apr-25 19:30:38.926559 | DEBUG    | MAIN LOGGER                    | get_db_project_dirpath() -> str: C:/Users/hayar/OneDrive/Документы/AutoExecDoc Projects/Новая папка\project.db
24-Apr-25 19:30:38.931559 | DEBUG    | MAIN LOGGER                    | IN dfs(parent_node): parent_node = {'id_node': 12, 'name_node': 'Паспорт трассы', 'id_parent': 0, 'order_node': '3', 'type_node': 'GROUP', 'template_name': None, 'included': 1}
24-Apr-25 19:30:38.932561 | DEBUG    | MAIN LOGGER                    | IN get_childs(parent_node) -> list: parent_node = {'id_node': 12, 'name_node': 'Паспорт трассы', 'id_parent': 0, 'order_node': '3', 'type_node': 'GROUP', 'template_name': None, 'included': 1}
24-Apr-25 19:30:38.932561 | DEBUG    | MAIN LOGGER                    | get_db_project_dirpath() -> str: C:/Users/hayar/OneDrive/Документы/AutoExecDoc Projects/Новая папка\project.db
24-Apr-25 19:30:38.933560 | DEBUG    | MAIN LOGGER                    | IN set_item_in_nodes_to_items(node): node = {'id_node': 1201, 'name_node': 'ПТ-1', 'id_parent': 12, 'order_node': '1', 'type_node': 'FORM', 'template_name': 'main', 'included': 1}
24-Apr-25 19:30:38.935282 | DEBUG    | MAIN LOGGER                    | IN set_state_included_for_childs(node, state): id_node = 1201, state = False    
24-Apr-25 19:30:38.935282 | DEBUG    | MAIN LOGGER                    | IN set_included_for_node(node, state): node = {'id_node': 1201, 'name_node': 'ПТ-1', 'id_parent': 12, 'order_node': '1', 'type_node': 'FORM', 'template_name': 'main', 'included': 1}, state = 0
24-Apr-25 19:30:38.936276 | DEBUG    | MAIN LOGGER                    | get_db_project_dirpath() -> str: C:/Users/hayar/OneDrive/Документы/AutoExecDoc Projects/Новая папка\project.db
24-Apr-25 19:30:38.940277 | DEBUG    | MAIN LOGGER                    | IN set_state_included_for_childs(node, state): id_node = 1201, state = True     
24-Apr-25 19:30:38.941279 | DEBUG    | MAIN LOGGER                    | IN set_included_for_node(node, state): node = {'id_node': 1201, 'name_node': 'ПТ-1', 'id_parent': 12, 'order_node': '1', 'type_node': 'FORM', 'template_name': 'main', 'included': 1}, state = 1
24-Apr-25 19:30:38.941279 | DEBUG    | MAIN LOGGER                    | get_db_project_dirpath() -> str: C:/Users/hayar/OneDrive/Документы/AutoExecDoc Projects/Новая папка\project.db
24-Apr-25 19:30:38.946277 | DEBUG    | MAIN LOGGER                    | IN dfs(parent_node): parent_node = {'id_node': 1201, 'name_node': 'ПТ-1', 'id_parent': 12, 'order_node': '1', 'type_node': 'FORM', 'template_name': 'main', 'included': 1}
24-Apr-25 19:30:38.947280 | DEBUG    | MAIN LOGGER                    | IN get_childs(parent_node) -> list: parent_node = {'id_node': 1201, 'name_node': 'ПТ-1', 'id_parent': 12, 'order_node': '1', 'type_node': 'FORM', 'template_name': 'main', 'included': 1}
24-Apr-25 19:30:38.947280 | DEBUG    | MAIN LOGGER                    | get_db_project_dirpath() -> str: C:/Users/hayar/OneDrive/Документы/AutoExecDoc Projects/Новая папка\project.db
24-Apr-25 19:30:38.948279 | DEBUG    | MAIN LOGGER                    | IN set_item_in_nodes_to_items(node): node = {'id_node': 1202, 'name_node': 'ПТ-2', 'id_parent': 12, 'order_node': '2', 'type_node': 'FORM', 'template_name': 'main', 'included': 1}
24-Apr-25 19:30:38.949279 | DEBUG    | MAIN LOGGER                    | IN set_state_included_for_childs(node, state): id_node = 1202, state = False    
24-Apr-25 19:30:38.951279 | DEBUG    | MAIN LOGGER                    | IN set_included_for_node(node, state): node = {'id_node': 1202, 'name_node': 'ПТ-2', 'id_parent': 12, 'order_node': '2', 'type_node': 'FORM', 'template_name': 'main', 'included': 1}, state = 0
24-Apr-25 19:30:38.951279 | DEBUG    | MAIN LOGGER                    | get_db_project_dirpath() -> str: C:/Users/hayar/OneDrive/Документы/AutoExecDoc Projects/Новая папка\project.db
24-Apr-25 19:30:38.956281 | DEBUG    | MAIN LOGGER                    | IN set_state_included_for_childs(node, state): id_node = 1202, state = True     
24-Apr-25 19:30:38.956281 | DEBUG    | MAIN LOGGER                    | IN set_included_for_node(node, state): node = {'id_node': 1202, 'name_node': 'ПТ-2', 'id_parent': 12, 'order_node': '2', 'type_node': 'FORM', 'template_name': 'main', 'included': 1}, state = 1
24-Apr-25 19:30:38.957281 | DEBUG    | MAIN LOGGER                    | get_db_project_dirpath() -> str: C:/Users/hayar/OneDrive/Документы/AutoExecDoc Projects/Новая папка\project.db
24-Apr-25 19:30:38.961281 | DEBUG    | MAIN LOGGER                    | IN dfs(parent_node): parent_node = {'id_node': 1202, 'name_node': 'ПТ-2', 'id_parent': 12, 'order_node': '2', 'type_node': 'FORM', 'template_name': 'main', 'included': 1}
24-Apr-25 19:30:38.961281 | DEBUG    | MAIN LOGGER                    | IN get_childs(parent_node) -> list: parent_node = {'id_node': 1202, 'name_node': 'ПТ-2', 'id_parent': 12, 'order_node': '2', 'type_node': 'FORM', 'template_name': 'main', 'included': 1}
24-Apr-25 19:30:38.962284 | DEBUG    | MAIN LOGGER                    | get_db_project_dirpath() -> str: C:/Users/hayar/OneDrive/Документы/AutoExecDoc Projects/Новая папка\project.db
24-Apr-25 19:30:38.963283 | DEBUG    | MAIN LOGGER                    | IN set_item_in_nodes_to_items(node): node = {'id_node': 1203, 'name_node': 'ПТ-3', 'id_parent': 12, 'order_node': '3', 'type_node': 'FORM', 'template_name': 'main', 'included': 1}
24-Apr-25 19:30:38.964283 | DEBUG    | MAIN LOGGER                    | IN set_state_included_for_childs(node, state): id_node = 1203, state = False    
24-Apr-25 19:30:38.964283 | DEBUG    | MAIN LOGGER                    | IN set_included_for_node(node, state): node = {'id_node': 1203, 'name_node': 'ПТ-3', 'id_parent': 12, 'order_node': '3', 'type_node': 'FORM', 'template_name': 'main', 'included': 1}, state = 0
24-Apr-25 19:30:38.965283 | DEBUG    | MAIN LOGGER                    | get_db_project_dirpath() -> str: C:/Users/hayar/OneDrive/Документы/AutoExecDoc Projects/Новая папка\project.db
24-Apr-25 19:30:38.971283 | DEBUG    | MAIN LOGGER                    | IN set_state_included_for_childs(node, state): id_node = 1203, state = True     
24-Apr-25 19:30:38.972287 | DEBUG    | MAIN LOGGER                    | IN set_included_for_node(node, state): node = {'id_node': 1203, 'name_node': 'ПТ-3', 'id_parent': 12, 'order_node': '3', 'type_node': 'FORM', 'template_name': 'main', 'included': 1}, state = 1
24-Apr-25 19:30:38.972287 | DEBUG    | MAIN LOGGER                    | get_db_project_dirpath() -> str: C:/Users/hayar/OneDrive/Документы/AutoExecDoc Projects/Новая папка\project.db
24-Apr-25 19:30:38.976285 | DEBUG    | MAIN LOGGER                    | IN dfs(parent_node): parent_node = {'id_node': 1203, 'name_node': 'ПТ-3', 'id_parent': 12, 'order_node': '3', 'type_node': 'FORM', 'template_name': 'main', 'included': 1}
24-Apr-25 19:30:38.977287 | DEBUG    | MAIN LOGGER                    | IN get_childs(parent_node) -> list: parent_node = {'id_node': 1203, 'name_node': 'ПТ-3', 'id_parent': 12, 'order_node': '3', 'type_node': 'FORM', 'template_name': 'main', 'included': 1}
24-Apr-25 19:30:38.978286 | DEBUG    | MAIN LOGGER                    | get_db_project_dirpath() -> str: C:/Users/hayar/OneDrive/Документы/AutoExecDoc Projects/Новая папка\project.db
24-Apr-25 19:30:38.979286 | DEBUG    | MAIN LOGGER                    | IN create_pages_template()                                                      
24-Apr-25 19:30:38.979286 | DEBUG    | MAIN LOGGER                    | set_new_dirpaths_for_project()                                                  
24-Apr-25 19:30:38.980289 | DEBUG    | MAIN LOGGER                    | get_project_dirpath() -> str: C:/Users/hayar/OneDrive/Документы/AutoExecDoc Projects/Новая папка
24-Apr-25 19:30:38.980289 | DEBUG    | MAIN LOGGER                    | get_project_dirpath() -> str: C:/Users/hayar/OneDrive/Документы/AutoExecDoc Projects/Новая папка
24-Apr-25 19:30:38.981287 | DEBUG    | MAIN LOGGER                    | IN add_forms_folders_to_new_project()                                           
24-Apr-25 19:30:38.983286 | DEBUG    | MAIN LOGGER                    | get_forms_folder_dirpath() -> str: C:/Users/hayar/OneDrive/Документы/AutoExecDoc Projects/Новая папка\forms
24-Apr-25 19:30:38.983286 | DEBUG    | MAIN LOGGER                    | get_image_folder_dirpath() -> str: C:/Users/hayar/OneDrive/Документы/AutoExecDoc Projects/Новая папка\images
24-Apr-25 19:30:38.984287 | DEBUG    | MAIN LOGGER                    | get_temp_dirpath() -> str:                                                      
24-Apr-25 19:30:38.984287 | DEBUG    | MAIN LOGGER                    | IN copy_templates_to_forms_folder()                                             
24-Apr-25 19:30:38.985287 | DEBUG    | MAIN LOGGER                    | get_templates_main_dirpath() -> str: D:\work\project\AutoExecDoc\templates\main 
24-Apr-25 19:30:38.985287 | DEBUG    | MAIN LOGGER                    | get_forms_folder_dirpath() -> str: C:/Users/hayar/OneDrive/Документы/AutoExecDoc Projects/Новая папка\forms
24-Apr-25 19:30:38.993289 | DEBUG    | MAIN LOGGER                    | IN set_true_actives_project()                                                   
24-Apr-25 19:30:38.994291 | DEBUG    | MAIN LOGGER                    | set_message_for_statusbar(Проект c именем Новая папка создан и открыт.)         
24-Apr-25 19:30:39.631916 | DEBUG    | MAIN LOGGER                    | IN update_pages_template(node) : node = {'id_node': 10, 'name_node': 'Титульный лист', 'id_parent': 0, 'order_node': '1', 'type_node': 'FORM', 'template_name': 'main', 'included': 1}
24-Apr-25 19:30:39.632915 | DEBUG    | MAIN LOGGER                    | IN get_pages_by_node(node) -> list: node = {'id_node': 10, 'name_node': 'Титульный лист', 'id_parent': 0, 'order_node': '1', 'type_node': 'FORM', 'template_name': 'main', 'included': 1}
24-Apr-25 19:30:39.634915 | DEBUG    | MAIN LOGGER                    | get_db_project_dirpath() -> str: C:/Users/hayar/OneDrive/Документы/AutoExecDoc Projects/Новая папка\project.db
24-Apr-25 19:30:40.692833 | DEBUG    | MAIN LOGGER                    | IN item_page_updated(current): current = <package.controllers.pagestemplate.MyListWidgetItem object at 0x00000241BBE02200>
24-Apr-25 19:30:40.692833 | DEBUG    | MAIN LOGGER                    | IN add_page_for_datas(page): page = {'id_page': 10, 'id_node_parent': 10, 'page_name': 'Л.1. Титульный лист.', 'template_name': '1-ТЛ-1', 'order_page': 0, 'included': 1}
24-Apr-25 19:30:40.694821 | DEBUG    | MAIN LOGGER                    | IN get_page_data(page) -> list: page = {'id_page': 10, 'id_node_parent': 10, 'page_name': 'Л.1. Титульный лист.', 'template_name': '1-ТЛ-1', 'order_page': 0, 'included': 1}
24-Apr-25 19:30:40.695816 | DEBUG    | MAIN LOGGER                    | get_db_project_dirpath() -> str: C:/Users/hayar/OneDrive/Документы/AutoExecDoc Projects/Новая папка\project.db
24-Apr-25 19:30:40.696817 | DEBUG    | MAIN LOGGER                    | IN add_nodes_for_datas()                                                        
24-Apr-25 19:30:40.696817 | DEBUG    | MAIN LOGGER                    | IN get_node_parent_from_pages(page) -> object: page = {'id_page': 10, 'id_node_parent': 10, 'page_name': 'Л.1. Титульный лист.', 'template_name': '1-ТЛ-1', 'order_page': 0, 'included': 1}
24-Apr-25 19:30:40.696817 | DEBUG    | MAIN LOGGER                    | get_db_project_dirpath() -> str: C:/Users/hayar/OneDrive/Документы/AutoExecDoc Projects/Новая папка\project.db
24-Apr-25 19:30:40.697817 | DEBUG    | MAIN LOGGER                    | IN add_node_for_datas(node): node = {'id_node': 10, 'name_node': 'Титульный лист', 'id_parent': 0, 'order_node': '1', 'type_node': 'FORM', 'template_name': 'main', 'included': 1}
24-Apr-25 19:30:40.698817 | DEBUG    | MAIN LOGGER                    | IN get_node_data(node) -> list: node = {'id_node': 10, 'name_node': 'Титульный лист', 'id_parent': 0, 'order_node': '1', 'type_node': 'FORM', 'template_name': 'main', 'included': 1}
24-Apr-25 19:30:40.698817 | DEBUG    | MAIN LOGGER                    | get_db_project_dirpath() -> str: C:/Users/hayar/OneDrive/Документы/AutoExecDoc Projects/Новая папка\project.db
24-Apr-25 19:30:40.700818 | DEBUG    | MAIN LOGGER                    | IN get_node_parent(node) -> object: node = {'id_node': 10, 'name_node': 'Титульный лист', 'id_parent': 0, 'order_node': '1', 'type_node': 'FORM', 'template_name': 'main', 'included': 1}
24-Apr-25 19:30:40.700818 | DEBUG    | MAIN LOGGER                    | get_db_project_dirpath() -> str: C:/Users/hayar/OneDrive/Документы/AutoExecDoc Projects/Новая папка\project.db
24-Apr-25 19:30:40.701820 | DEBUG    | MAIN LOGGER                    | IN add_node_for_datas(node): node = {'id_node': 0, 'name_node': 'Проект', 'id_parent': None, 'order_node': '0', 'type_node': 'PROJECT', 'template_name': None, 'included': 1}
24-Apr-25 19:30:40.702819 | DEBUG    | MAIN LOGGER                    | IN get_node_data(node) -> list: node = {'id_node': 0, 'name_node': 'Проект', 'id_parent': None, 'order_node': '0', 'type_node': 'PROJECT', 'template_name': None, 'included': 1}
24-Apr-25 19:30:40.702819 | DEBUG    | MAIN LOGGER                    | get_db_project_dirpath() -> str: C:/Users/hayar/OneDrive/Документы/AutoExecDoc Projects/Новая папка\project.db
24-Apr-25 19:30:40.703820 | DEBUG    | MAIN LOGGER                    | IN get_node_parent(node) -> object: node = {'id_node': 0, 'name_node': 'Проект', 'id_parent': None, 'order_node': '0', 'type_node': 'PROJECT', 'template_name': None, 'included': 1}
24-Apr-25 19:30:40.703820 | DEBUG    | MAIN LOGGER                    | get_db_project_dirpath() -> str: C:/Users/hayar/OneDrive/Документы/AutoExecDoc Projects/Новая папка\project.db
24-Apr-25 19:30:40.704821 | DEBUG    | MAIN LOGGER                    | IN update_scrollarea()                                                          
24-Apr-25 19:30:40.705820 | DEBUG    | MAIN LOGGER                    | IN delete_all_widgets_in_sa()                                                   
24-Apr-25 19:30:40.708820 | DEBUG    | MAIN LOGGER                    | IN add_page_for_datas(page): page = {'id_page': 10, 'id_node_parent': 10, 'page_name': 'Л.1. Титульный лист.', 'template_name': '1-ТЛ-1', 'order_page': 0, 'included': 1}
24-Apr-25 19:30:40.708820 | DEBUG    | MAIN LOGGER                    | IN get_page_data(page) -> list: page = {'id_page': 10, 'id_node_parent': 10, 'page_name': 'Л.1. Титульный лист.', 'template_name': '1-ТЛ-1', 'order_page': 0, 'included': 1}
24-Apr-25 19:30:40.709823 | DEBUG    | MAIN LOGGER                    | get_db_project_dirpath() -> str: C:/Users/hayar/OneDrive/Документы/AutoExecDoc Projects/Новая папка\project.db
24-Apr-25 19:30:40.710819 | DEBUG    | MAIN LOGGER                    | IN add_nodes_for_datas()                                                        
24-Apr-25 19:30:40.710819 | DEBUG    | MAIN LOGGER                    | IN get_node_parent_from_pages(page) -> object: page = {'id_page': 10, 'id_node_parent': 10, 'page_name': 'Л.1. Титульный лист.', 'template_name': '1-ТЛ-1', 'order_page': 0, 'included': 1}
24-Apr-25 19:30:40.711822 | DEBUG    | MAIN LOGGER                    | get_db_project_dirpath() -> str: C:/Users/hayar/OneDrive/Документы/AutoExecDoc Projects/Новая папка\project.db
24-Apr-25 19:30:40.711822 | DEBUG    | MAIN LOGGER                    | IN add_node_for_datas(node): node = {'id_node': 10, 'name_node': 'Титульный лист', 'id_parent': 0, 'order_node': '1', 'type_node': 'FORM', 'template_name': 'main', 'included': 1}
24-Apr-25 19:30:40.712821 | DEBUG    | MAIN LOGGER                    | IN get_node_data(node) -> list: node = {'id_node': 10, 'name_node': 'Титульный лист', 'id_parent': 0, 'order_node': '1', 'type_node': 'FORM', 'template_name': 'main', 'included': 1}
24-Apr-25 19:30:40.712821 | DEBUG    | MAIN LOGGER                    | get_db_project_dirpath() -> str: C:/Users/hayar/OneDrive/Документы/AutoExecDoc Projects/Новая папка\project.db
24-Apr-25 19:30:40.713825 | DEBUG    | MAIN LOGGER                    | IN get_node_parent(node) -> object: node = {'id_node': 10, 'name_node': 'Титульный лист', 'id_parent': 0, 'order_node': '1', 'type_node': 'FORM', 'template_name': 'main', 'included': 1}
24-Apr-25 19:30:40.714820 | DEBUG    | MAIN LOGGER                    | get_db_project_dirpath() -> str: C:/Users/hayar/OneDrive/Документы/AutoExecDoc Projects/Новая папка\project.db
24-Apr-25 19:30:40.715823 | DEBUG    | MAIN LOGGER                    | IN add_node_for_datas(node): node = {'id_node': 0, 'name_node': 'Проект', 'id_parent': None, 'order_node': '0', 'type_node': 'PROJECT', 'template_name': None, 'included': 1}
24-Apr-25 19:30:40.715823 | DEBUG    | MAIN LOGGER                    | IN get_node_data(node) -> list: node = {'id_node': 0, 'name_node': 'Проект', 'id_parent': None, 'order_node': '0', 'type_node': 'PROJECT', 'template_name': None, 'included': 1}
24-Apr-25 19:30:40.716822 | DEBUG    | MAIN LOGGER                    | get_db_project_dirpath() -> str: C:/Users/hayar/OneDrive/Документы/AutoExecDoc Projects/Новая папка\project.db
24-Apr-25 19:30:40.717822 | DEBUG    | MAIN LOGGER                    | IN get_node_parent(node) -> object: node = {'id_node': 0, 'name_node': 'Проект', 'id_parent': None, 'order_node': '0', 'type_node': 'PROJECT', 'template_name': None, 'included': 1}
24-Apr-25 19:30:40.718823 | DEBUG    | MAIN LOGGER                    | get_db_project_dirpath() -> str: C:/Users/hayar/OneDrive/Документы/AutoExecDoc Projects/Новая папка\project.db
24-Apr-25 19:30:40.719824 | DEBUG    | MAIN LOGGER                    | IN add_sections_in_sa()                                                         
24-Apr-25 19:30:40.724824 | DEBUG    | MAIN LOGGER                    | IN get_config_content(id_content) -> list: id_content = 1007                    
24-Apr-25 19:30:40.724824 | DEBUG    | MAIN LOGGER                    | get_db_project_dirpath() -> str: C:/Users/hayar/OneDrive/Документы/AutoExecDoc Projects/Новая папка\project.db
24-Apr-25 19:30:40.725824 | DEBUG    | MAIN LOGGER                    | FormText(self, pair, config_content): pair = {'id_pair': 100, 'id_page': 10, 'id_content': 1007, 'name_content': 'строительно_монтажная_организация', 'value': None}, config_content = {'id_content': 1007, 'name_content': 'строительно_монтажная_организация', 'type_content': 'TEXT', 'title_content': 'Строительно-монтажная организация', 'description_content': None, 'enable': None}
24-Apr-25 19:30:40.734825 | DEBUG    | MAIN LOGGER                    | IN get_config_content(id_content) -> list: id_content = 1000                    
24-Apr-25 19:30:40.735826 | DEBUG    | MAIN LOGGER                    | get_db_project_dirpath() -> str: C:/Users/hayar/OneDrive/Документы/AutoExecDoc Projects/Новая папка\project.db
24-Apr-25 19:30:40.736827 | DEBUG    | MAIN LOGGER                    | FormText(self, pair, config_content): pair = {'id_pair': 1000, 'id_node': 10, 'id_content': 1000, 'name_content': 'организационно_правовая_форма', 'value': None}, config_content = {'id_content': 1000, 'name_content': 'организационно_правовая_форма', 'type_content': 'TEXT', 'title_content': 'Организационно-правовая форма', 'description_content': None, 'enable': None}
24-Apr-25 19:30:40.740399 | DEBUG    | MAIN LOGGER                    | IN get_config_content(id_content) -> list: id_content = 1002                    
24-Apr-25 19:30:40.741406 | DEBUG    | MAIN LOGGER                    | get_db_project_dirpath() -> str: C:/Users/hayar/OneDrive/Документы/AutoExecDoc Projects/Новая папка\project.db
24-Apr-25 19:30:40.742401 | DEBUG    | MAIN LOGGER                    | FormText(self, pair, config_content): pair = {'id_pair': 1001, 'id_node': 10, 'id_content': 1002, 'name_content': 'адрес_компании', 'value': None}, config_content = {'id_content': 1002, 'name_content': 'адрес_компании', 'type_content': 'TEXT', 'title_content': 'Адрес компании', 'description_content': None, 'enable': None}
24-Apr-25 19:30:40.744401 | DEBUG    | MAIN LOGGER                    | IN get_config_content(id_content) -> list: id_content = 1005                    
24-Apr-25 19:30:40.744401 | DEBUG    | MAIN LOGGER                    | get_db_project_dirpath() -> str: C:/Users/hayar/OneDrive/Документы/AutoExecDoc Projects/Новая папка\project.db
24-Apr-25 19:30:40.745402 | DEBUG    | MAIN LOGGER                    | FormText(self, pair, config_content): pair = {'id_pair': 1004, 'id_node': 10, 'id_content': 1005, 'name_content': 'номер_кабеля', 'value': None}, config_content = {'id_content': 1005, 'name_content': 'номер_кабеля', 'type_content': 'TEXT', 'title_content': 'Номер кабеля', 'description_content': None, 'enable': None}
24-Apr-25 19:30:40.747402 | DEBUG    | MAIN LOGGER                    | IN get_config_content(id_content) -> list: id_content = 1006                    
24-Apr-25 19:30:40.748402 | DEBUG    | MAIN LOGGER                    | get_db_project_dirpath() -> str: C:/Users/hayar/OneDrive/Документы/AutoExecDoc Projects/Новая папка\project.db
24-Apr-25 19:30:40.749403 | DEBUG    | MAIN LOGGER                    | FormText(self, pair, config_content): pair = {'id_pair': 1005, 'id_node': 10, 'id_content': 1006, 'name_content': 'заказчик', 'value': None}, config_content = {'id_content': 1006, 'name_content': 'заказчик', 'type_content': 'TEXT', 'title_content': 'Заказчик', 'description_content': None, 'enable': None}
24-Apr-25 19:30:40.751403 | DEBUG    | MAIN LOGGER                    | IN get_config_content(id_content) -> list: id_content = 1008                    
24-Apr-25 19:30:40.752405 | DEBUG    | MAIN LOGGER                    | get_db_project_dirpath() -> str: C:/Users/hayar/OneDrive/Документы/AutoExecDoc Projects/Новая папка\project.db
24-Apr-25 19:30:40.753406 | DEBUG    | MAIN LOGGER                    | FormText(self, pair, config_content): pair = {'id_pair': 1006, 'id_node': 10, 'id_content': 1008, 'name_content': 'город', 'value': None}, config_content = {'id_content': 1008, 'name_content': 'город', 'type_content': 'TEXT', 'title_content': 'Город', 'description_content': None, 'enable': None}
24-Apr-25 19:30:40.757404 | DEBUG    | MAIN LOGGER                    | IN get_config_content(id_content) -> list: id_content = 1009                    
24-Apr-25 19:30:40.758405 | DEBUG    | MAIN LOGGER                    | get_db_project_dirpath() -> str: C:/Users/hayar/OneDrive/Документы/AutoExecDoc Projects/Новая папка\project.db
24-Apr-25 19:30:40.759405 | DEBUG    | MAIN LOGGER                    | IN get_config_date(id_content) -> list: name_content = 1009                     
24-Apr-25 19:30:40.759405 | DEBUG    | MAIN LOGGER                    | get_db_project_dirpath() -> str: C:/Users/hayar/OneDrive/Документы/AutoExecDoc Projects/Новая папка\project.db
24-Apr-25 19:30:40.760405 | DEBUG    | MAIN LOGGER                    | FormDate(self, pair, config_content, config_date): pair = {'id_pair': 1007, 'id_node': 10, 'id_content': 1009, 'name_content': 'год', 'value': None}, config_content = {'id_content': 1009, 'name_content': 'год', 'type_content': 'DATE', 'title_content': 'Год', 'description_content': None, 'enable': None}, config_date = [{'id_config': 101, 'id_content': 1009, 'type_config': 'FORMAT', 'value_config': 'yyyy', 'note_config': None}]
24-Apr-25 19:30:40.773408 | DEBUG    | MAIN LOGGER                    | IN get_config_content(id_content) -> list: id_content = 1003                    
24-Apr-25 19:30:40.773408 | DEBUG    | MAIN LOGGER                    | get_db_project_dirpath() -> str: C:/Users/hayar/OneDrive/Документы/AutoExecDoc Projects/Новая папка\project.db
24-Apr-25 19:30:40.774407 | DEBUG    | MAIN LOGGER                    | FormText(self, pair, config_content): pair = {'id_pair': 100, 'id_node': 0, 'id_content': 1003, 'name_content': 'название_объекта', 'value': None}, config_content = {'id_content': 1003, 'name_content': 'название_объекта', 'type_content': 'TEXT', 'title_content': 'Название объекта', 'description_content': None, 'enable': None}
24-Apr-25 19:30:40.777408 | DEBUG    | MAIN LOGGER                    | IN get_config_content(id_content) -> list: id_content = 1004                    
24-Apr-25 19:30:40.777408 | DEBUG    | MAIN LOGGER                    | get_db_project_dirpath() -> str: C:/Users/hayar/OneDrive/Документы/AutoExecDoc Projects/Новая папка\project.db
24-Apr-25 19:30:40.778411 | DEBUG    | MAIN LOGGER                    | FormText(self, pair, config_content): pair = {'id_pair': 101, 'id_node': 0, 'id_content': 1004, 'name_content': 'участок', 'value': None}, config_content = {'id_content': 1004, 'name_content': 'участок', 'type_content': 'TEXT', 'title_content': 'Участок', 'description_content': None, 'enable': None}
24-Apr-25 19:30:40.780410 | DEBUG    | MAIN LOGGER                    | IN get_config_content(id_content) -> list: id_content = 1001                    
24-Apr-25 19:30:40.781410 | DEBUG    | MAIN LOGGER                    | get_db_project_dirpath() -> str: C:/Users/hayar/OneDrive/Документы/AutoExecDoc Projects/Новая папка\project.db
24-Apr-25 19:30:40.782412 | DEBUG    | MAIN LOGGER                    | FormText(self, pair, config_content): pair = {'id_pair': 102, 'id_node': 0, 'id_content': 1001, 'name_content': 'название_компании', 'value': None}, config_content = {'id_content': 1001, 'name_content': 'название_компании', 'type_content': 'TEXT', 'title_content': 'Название компании', 'description_content': None, 'enable': None}
24-Apr-25 19:30:40.788412 | DEBUG    | MAIN LOGGER                    | IN create_one_page_pdf(page): page = {'id_page': 10, 'id_node_parent': 10, 'page_name': 'Л.1. Титульный лист.', 'template_name': '1-ТЛ-1', 'order_page': 0, 'included': 1}
24-Apr-25 19:30:40.789412 | DEBUG    | MAIN LOGGER                    | IN create_one_page_pdf(page): page = {'id_page': 10, 'id_node_parent': 10, 'page_name': 'Л.1. Титульный лист.', 'template_name': '1-ТЛ-1', 'order_page': 0, 'included': 1}
24-Apr-25 19:30:40.789412 | DEBUG    | MAIN LOGGER                    | IN create_docx_page(page): form_page_name = 1-ТЛ-1, docx_pdf_page_name = page_10_20240425193040789412
24-Apr-25 19:30:40.790412 | DEBUG    | MAIN LOGGER                    | get_forms_folder_dirpath() -> str: C:/Users/hayar/OneDrive/Документы/AutoExecDoc Projects/Новая папка\forms
24-Apr-25 19:30:40.790412 | DEBUG    | MAIN LOGGER                    | get_temp_dirpath() -> str:                                                      
24-Apr-25 19:30:40.791411 | DEBUG    | MAIN LOGGER                    | IN get_config_content(id_content) -> list: id_content = 1007                    
24-Apr-25 19:30:40.791411 | DEBUG    | MAIN LOGGER                    | get_db_project_dirpath() -> str: C:/Users/hayar/OneDrive/Документы/AutoExecDoc Projects/Новая папка\project.db
24-Apr-25 19:30:40.792413 | DEBUG    | MAIN LOGGER                    | IN get_config_content(id_content) -> list: id_content = 1000                    
24-Apr-25 19:30:40.793412 | DEBUG    | MAIN LOGGER                    | get_db_project_dirpath() -> str: C:/Users/hayar/OneDrive/Документы/AutoExecDoc Projects/Новая папка\project.db
24-Apr-25 19:30:40.794415 | DEBUG    | MAIN LOGGER                    | IN get_config_content(id_content) -> list: id_content = 1002                    
24-Apr-25 19:30:40.794415 | DEBUG    | MAIN LOGGER                    | get_db_project_dirpath() -> str: C:/Users/hayar/OneDrive/Документы/AutoExecDoc Projects/Новая папка\project.db
24-Apr-25 19:30:40.795413 | DEBUG    | MAIN LOGGER                    | IN get_config_content(id_content) -> list: id_content = 1005                    
24-Apr-25 19:30:40.796413 | DEBUG    | MAIN LOGGER                    | get_db_project_dirpath() -> str: C:/Users/hayar/OneDrive/Документы/AutoExecDoc Projects/Новая папка\project.db
24-Apr-25 19:30:40.797413 | DEBUG    | MAIN LOGGER                    | IN get_config_content(id_content) -> list: id_content = 1006                    
24-Apr-25 19:30:40.797413 | DEBUG    | MAIN LOGGER                    | get_db_project_dirpath() -> str: C:/Users/hayar/OneDrive/Документы/AutoExecDoc Projects/Новая папка\project.db
24-Apr-25 19:30:40.799414 | DEBUG    | MAIN LOGGER                    | IN get_config_content(id_content) -> list: id_content = 1008                    
24-Apr-25 19:30:40.800414 | DEBUG    | MAIN LOGGER                    | get_db_project_dirpath() -> str: C:/Users/hayar/OneDrive/Документы/AutoExecDoc Projects/Новая папка\project.db
24-Apr-25 19:30:40.801415 | DEBUG    | MAIN LOGGER                    | IN get_config_content(id_content) -> list: id_content = 1009                    
24-Apr-25 19:30:40.801415 | DEBUG    | MAIN LOGGER                    | get_db_project_dirpath() -> str: C:/Users/hayar/OneDrive/Документы/AutoExecDoc Projects/Новая папка\project.db
24-Apr-25 19:30:40.802415 | DEBUG    | MAIN LOGGER                    | IN get_config_content(id_content) -> list: id_content = 1003                    
24-Apr-25 19:30:40.802415 | DEBUG    | MAIN LOGGER                    | get_db_project_dirpath() -> str: C:/Users/hayar/OneDrive/Документы/AutoExecDoc Projects/Новая папка\project.db
24-Apr-25 19:30:40.803415 | DEBUG    | MAIN LOGGER                    | IN get_config_content(id_content) -> list: id_content = 1004                    
24-Apr-25 19:30:40.804416 | DEBUG    | MAIN LOGGER                    | get_db_project_dirpath() -> str: C:/Users/hayar/OneDrive/Документы/AutoExecDoc Projects/Новая папка\project.db
24-Apr-25 19:30:40.805417 | DEBUG    | MAIN LOGGER                    | IN get_config_content(id_content) -> list: id_content = 1001                    
24-Apr-25 19:30:40.805417 | DEBUG    | MAIN LOGGER                    | get_db_project_dirpath() -> str: C:/Users/hayar/OneDrive/Документы/AutoExecDoc Projects/Новая папка\project.db
24-Apr-25 19:30:40.841182 | DEBUG    | MAIN LOGGER                    | IN create_pdf_from_docx_page(docx_pdf_page_name) -> str: docx_pdf_page_name = page_10_20240425193040789412
24-Apr-25 19:30:40.841182 | DEBUG    | MAIN LOGGER                    | get_temp_dirpath() -> str:                                                      
24-Apr-25 19:30:40.842183 | DEBUG    | MAIN LOGGER                    | get_temp_dirpath() -> str:                                                      
24-Apr-25 19:30:46.146568 | DEBUG    | MAIN LOGGER                    | load_and_show_pdf_document(pdf_path): pdf_path = C:\Users\hayar\AppData\Local\Temp\tmp8et68ror\page_10_20240425193040789412.pdf
24-Apr-25 19:30:47.165985 | DEBUG    | MAIN LOGGER                    | IN open_project()                                                               
24-Apr-25 19:30:47.166979 | DEBUG    | MAIN LOGGER                    | get_default_folder_projects_dirpath() -> str: C:/Users/hayar/OneDrive/Документы\AutoExecDoc Projects
24-Apr-25 19:30:52.348742 | DEBUG    | MAIN LOGGER                    | select_folder_for_open_project() -> None                                        
24-Apr-25 19:30:53.444620 | DEBUG    | MAIN LOGGER                    | IN closeEvent(self, event): event = <PySide6.QtCore.QEvent(QEvent::Close)>      
24-Apr-25 19:30:53.444620 | DEBUG    | MAIN LOGGER                    | get_temp_dirpath() -> str:                                                      
24-Apr-25 19:30:53.447618 | DEBUG    | MAIN LOGGER                    | IN clear_temp_folder(is_del_folder): is_del_folder = True, temp_dirpath = C:\Users\hayar\AppData\Local\Temp\tmp8et68ror
24-Apr-25 19:30:53.447618 | DEBUG    | MAIN LOGGER                    | get_temp_dirpath() -> str:                                                      
24-Apr-25 19:30:53.448621 | ERROR    | MAIN LOGGER                    | [WinError 32] Процесс не может получить доступ к файлу, так как этот файл занят другим процессом: 'C:\\Users\\hayar\\AppData\\Local\\Temp\\tmp8et68ror\\page_10_20240425193040789412.pdf'
24-Apr-25 19:30:53.449620 | DEBUG    | MAIN LOGGER                    | set_temp_dirpath(dirpath: str): __temp_dirpath = C:\Users\hayar\AppData\Local\Temp\tmpjxmtymec
