24-Apr-22 22:10:11.948587 | DEBUG    | MAIN LOGGER                    | Config logger                                                                   
24-Apr-22 22:10:11.949585 | DEBUG    | MAIN LOGGER                    | IN create_and_config_files_and_folders()                                        
24-Apr-22 22:10:11.949585 | DEBUG    | MAIN LOGGER                    | get_default_folder_projects_dirpath() -> str: C:/Users/hayar/OneDrive/Документы\AutoExecDoc Projects
24-Apr-22 22:10:11.949585 | DEBUG    | MAIN LOGGER                    | IN create_and_config_db_settings()                                              
24-Apr-22 22:10:11.950586 | DEBUG    | MAIN LOGGER                    | get_db_settings_dirpath() -> str: d:\work\project\AutoExecDoc\db\settings.db    
24-Apr-22 22:10:11.993870 | DEBUG    | MAIN LOGGER                    | IN config_controllers()                                                         
24-Apr-22 22:10:11.993870 | DEBUG    | MAIN LOGGER                    | IN connect_statusbar(statusbar)                                                 
24-Apr-22 22:10:11.994872 | DEBUG    | MAIN LOGGER                    | set_message_for_statusbar(Проект не открыт)                                     
24-Apr-22 22:10:11.994872 | DEBUG    | MAIN LOGGER                    | IN connect_structureexecdoc(tr_sed, title_sed)                                  
24-Apr-22 22:10:11.994872 | DEBUG    | MAIN LOGGER                    | IN clear_tr_sed()                                                               
24-Apr-22 22:10:11.995873 | DEBUG    | MAIN LOGGER                    | IN connect_pages_template(lw_pt)                                                
24-Apr-22 22:10:11.995873 | DEBUG    | MAIN LOGGER                    | IN connect_inputforms(sa_if, sa_ifl)                                            
24-Apr-22 22:10:11.996872 | DEBUG    | MAIN LOGGER                    | IN connecting_actions()                                                         
24-Apr-22 22:10:12.920813 | DEBUG    | MAIN LOGGER                    | IN open_project()                                                               
24-Apr-22 22:10:12.921823 | DEBUG    | MAIN LOGGER                    | get_default_folder_projects_dirpath() -> str: C:/Users/hayar/OneDrive/Документы\AutoExecDoc Projects
24-Apr-22 22:10:16.433656 | DEBUG    | MAIN LOGGER                    | select_folder_for_open_project() -> C:/Users/hayar/OneDrive/Рабочий стол/Привет 
24-Apr-22 22:10:16.433656 | DEBUG    | MAIN LOGGER                    | IN set_project_dirpaths(folder_path: str): folder_path = C:/Users/hayar/OneDrive/Рабочий стол/Привет
24-Apr-22 22:10:16.434657 | DEBUG    | MAIN LOGGER                    | set_project_dirpath(dirpath: str): dirpath = C:/Users/hayar/OneDrive/Рабочий стол/Привет
24-Apr-22 22:10:16.434657 | DEBUG    | MAIN LOGGER                    | get_project_dirpath() -> str: C:/Users/hayar/OneDrive/Рабочий стол/Привет       
24-Apr-22 22:10:16.434657 | DEBUG    | MAIN LOGGER                    | set_db_project_dirpath(dirpath: str): dirpath = C:/Users/hayar/OneDrive/Рабочий стол/Привет\project.db
24-Apr-22 22:10:16.435655 | DEBUG    | MAIN LOGGER                    | IN config_open_project()                                                        
24-Apr-22 22:10:16.435655 | DEBUG    | MAIN LOGGER                    | get_project_dirpath() -> str: C:/Users/hayar/OneDrive/Рабочий стол/Привет       
24-Apr-22 22:10:16.435655 | DEBUG    | MAIN LOGGER                    | IN add_or_update_open_project_to_db()                                           
24-Apr-22 22:10:16.436656 | DEBUG    | MAIN LOGGER                    | get_db_settings_dirpath() -> str: d:\work\project\AutoExecDoc\db\settings.db    
24-Apr-22 22:10:16.437655 | DEBUG    | MAIN LOGGER                    | get_project_dirpath() -> str: C:/Users/hayar/OneDrive/Рабочий стол/Привет       
24-Apr-22 22:10:16.438655 | DEBUG    | MAIN LOGGER                    | get_project_dirpath() -> str: C:/Users/hayar/OneDrive/Рабочий стол/Привет       
24-Apr-22 22:10:16.439657 | DEBUG    | MAIN LOGGER                    | IN update_project_to_db()                                                       
24-Apr-22 22:10:16.439657 | DEBUG    | MAIN LOGGER                    | get_db_settings_dirpath() -> str: d:\work\project\AutoExecDoc\db\settings.db    
24-Apr-22 22:10:16.440661 | DEBUG    | MAIN LOGGER                    | get_project_dirpath() -> str: C:/Users/hayar/OneDrive/Рабочий стол/Привет       
24-Apr-22 22:10:16.441658 | DEBUG    | MAIN LOGGER                    | get_project_dirpath() -> str: C:/Users/hayar/OneDrive/Рабочий стол/Привет       
24-Apr-22 22:10:16.445656 | DEBUG    | MAIN LOGGER                    | IN create_and_config_db_project()                                               
24-Apr-22 22:10:16.445656 | DEBUG    | MAIN LOGGER                    | get_db_project_dirpath() -> str: C:/Users/hayar/OneDrive/Рабочий стол/Привет\project.db
24-Apr-22 22:10:16.446660 | DEBUG    | MAIN LOGGER                    | IN update_structure_exec_doc()                                                  
24-Apr-22 22:10:16.447659 | DEBUG    | MAIN LOGGER                    | IN clear_tr_sed()                                                               
24-Apr-22 22:10:16.447659 | DEBUG    | MAIN LOGGER                    | get_current_name() -> str: Привет                                               
24-Apr-22 22:10:16.448659 | DEBUG    | MAIN LOGGER                    | IN get_project_node() -> object                                                 
24-Apr-22 22:10:16.449660 | DEBUG    | MAIN LOGGER                    | get_db_project_dirpath() -> str: C:/Users/hayar/OneDrive/Рабочий стол/Привет\project.db
24-Apr-22 22:10:16.450659 | DEBUG    | MAIN LOGGER                    | IN dfs(parent_node): parent_node = {'id_node': 0, 'name_node': 'Проект', 'id_parent': None, 'order_node': '0', 'type_node': 'PROJECT', 'template_name': None, 'included': None}
24-Apr-22 22:10:16.451658 | DEBUG    | MAIN LOGGER                    | IN get_childs(parent_node) -> list: parent_node = {'id_node': 0, 'name_node': 'Проект', 'id_parent': None, 'order_node': '0', 'type_node': 'PROJECT', 'template_name': None, 'included': None}
24-Apr-22 22:10:16.451658 | DEBUG    | MAIN LOGGER                    | get_db_project_dirpath() -> str: C:/Users/hayar/OneDrive/Рабочий стол/Привет\project.db
24-Apr-22 22:10:16.453658 | DEBUG    | MAIN LOGGER                    | IN set_item_in_nodes_to_items(node): node = {'id_node': 10, 'name_node': 'Титульный лист', 'id_parent': 0, 'order_node': '1', 'type_node': 'FORM', 'template_name': 'main', 'included': '1'}
24-Apr-22 22:10:16.454659 | DEBUG    | MAIN LOGGER                    | IN set_state_included_for_childs(node, state): node = {'id_node': 10, 'name_node': 'Титульный лист', 'id_parent': 0, 'order_node': '1', 'type_node': 'FORM', 'template_name': 'main', 'included': '1'}, state = False
24-Apr-22 22:10:16.454659 | DEBUG    | MAIN LOGGER                    | IN set_included_for_node(node, state): node = {'id_node': 10, 'name_node': 'Титульный лист', 'id_parent': 0, 'order_node': '1', 'type_node': 'FORM', 'template_name': 'main', 'included': '1'}, state = False
24-Apr-22 22:10:16.455660 | DEBUG    | MAIN LOGGER                    | get_db_project_dirpath() -> str: C:/Users/hayar/OneDrive/Рабочий стол/Привет\project.db
24-Apr-22 22:10:16.466714 | DEBUG    | MAIN LOGGER                    | IN set_state_included_for_childs(node, state): node = {'id_node': 10, 'name_node': 'Титульный лист', 'id_parent': 0, 'order_node': '1', 'type_node': 'FORM', 'template_name': 'main', 'included': '1'}, state = True
24-Apr-22 22:10:16.467709 | DEBUG    | MAIN LOGGER                    | IN set_included_for_node(node, state): node = {'id_node': 10, 'name_node': 'Титульный лист', 'id_parent': 0, 'order_node': '1', 'type_node': 'FORM', 'template_name': 'main', 'included': '1'}, state = True
24-Apr-22 22:10:16.468715 | DEBUG    | MAIN LOGGER                    | get_db_project_dirpath() -> str: C:/Users/hayar/OneDrive/Рабочий стол/Привет\project.db
24-Apr-22 22:10:16.473715 | DEBUG    | MAIN LOGGER                    | IN dfs(parent_node): parent_node = {'id_node': 10, 'name_node': 'Титульный лист', 'id_parent': 0, 'order_node': '1', 'type_node': 'FORM', 'template_name': 'main', 'included': '1'}
24-Apr-22 22:10:16.474717 | DEBUG    | MAIN LOGGER                    | IN get_childs(parent_node) -> list: parent_node = {'id_node': 10, 'name_node': 'Титульный лист', 'id_parent': 0, 'order_node': '1', 'type_node': 'FORM', 'template_name': 'main', 'included': '1'}
24-Apr-22 22:10:16.475707 | DEBUG    | MAIN LOGGER                    | get_db_project_dirpath() -> str: C:/Users/hayar/OneDrive/Рабочий стол/Привет\project.db
24-Apr-22 22:10:16.476715 | DEBUG    | MAIN LOGGER                    | IN set_item_in_nodes_to_items(node): node = {'id_node': 11, 'name_node': 'Реестр документации', 'id_parent': 0, 'order_node': '2', 'type_node': 'FORM', 'template_name': 'main', 'included': '1'}
24-Apr-22 22:10:16.477721 | DEBUG    | MAIN LOGGER                    | IN set_state_included_for_childs(node, state): node = {'id_node': 11, 'name_node': 'Реестр документации', 'id_parent': 0, 'order_node': '2', 'type_node': 'FORM', 'template_name': 'main', 'included': '1'}, state = False
24-Apr-22 22:10:16.478708 | DEBUG    | MAIN LOGGER                    | IN set_included_for_node(node, state): node = {'id_node': 11, 'name_node': 'Реестр документации', 'id_parent': 0, 'order_node': '2', 'type_node': 'FORM', 'template_name': 'main', 'included': '1'}, state = False
24-Apr-22 22:10:16.479722 | DEBUG    | MAIN LOGGER                    | get_db_project_dirpath() -> str: C:/Users/hayar/OneDrive/Рабочий стол/Привет\project.db
24-Apr-22 22:10:16.483723 | DEBUG    | MAIN LOGGER                    | IN set_state_included_for_childs(node, state): node = {'id_node': 11, 'name_node': 'Реестр документации', 'id_parent': 0, 'order_node': '2', 'type_node': 'FORM', 'template_name': 'main', 'included': '1'}, state = True
24-Apr-22 22:10:16.484725 | DEBUG    | MAIN LOGGER                    | IN set_included_for_node(node, state): node = {'id_node': 11, 'name_node': 'Реестр документации', 'id_parent': 0, 'order_node': '2', 'type_node': 'FORM', 'template_name': 'main', 'included': '1'}, state = True
24-Apr-22 22:10:16.485723 | DEBUG    | MAIN LOGGER                    | get_db_project_dirpath() -> str: C:/Users/hayar/OneDrive/Рабочий стол/Привет\project.db
24-Apr-22 22:10:16.492710 | DEBUG    | MAIN LOGGER                    | IN dfs(parent_node): parent_node = {'id_node': 11, 'name_node': 'Реестр документации', 'id_parent': 0, 'order_node': '2', 'type_node': 'FORM', 'template_name': 'main', 'included': '1'}
24-Apr-22 22:10:16.493711 | DEBUG    | MAIN LOGGER                    | IN get_childs(parent_node) -> list: parent_node = {'id_node': 11, 'name_node': 'Реестр документации', 'id_parent': 0, 'order_node': '2', 'type_node': 'FORM', 'template_name': 'main', 'included': '1'}
24-Apr-22 22:10:16.494723 | DEBUG    | MAIN LOGGER                    | get_db_project_dirpath() -> str: C:/Users/hayar/OneDrive/Рабочий стол/Привет\project.db
24-Apr-22 22:10:16.496253 | DEBUG    | MAIN LOGGER                    | IN set_item_in_nodes_to_items(node): node = {'id_node': 12, 'name_node': 'Паспорт трассы', 'id_parent': 0, 'order_node': '3', 'type_node': 'GROUP', 'template_name': None, 'included': '1'}
24-Apr-22 22:10:16.497242 | DEBUG    | MAIN LOGGER                    | IN set_state_included_for_childs(node, state): node = {'id_node': 12, 'name_node': 'Паспорт трассы', 'id_parent': 0, 'order_node': '3', 'type_node': 'GROUP', 'template_name': None, 'included': '1'}, state = False
24-Apr-22 22:10:16.498242 | DEBUG    | MAIN LOGGER                    | IN set_included_for_node(node, state): node = {'id_node': 12, 'name_node': 'Паспорт трассы', 'id_parent': 0, 'order_node': '3', 'type_node': 'GROUP', 'template_name': None, 'included': '1'}, state = False
24-Apr-22 22:10:16.499240 | DEBUG    | MAIN LOGGER                    | get_db_project_dirpath() -> str: C:/Users/hayar/OneDrive/Рабочий стол/Привет\project.db
24-Apr-22 22:10:16.503240 | DEBUG    | MAIN LOGGER                    | IN set_state_included_for_childs(node, state): node = {'id_node': 12, 'name_node': 'Паспорт трассы', 'id_parent': 0, 'order_node': '3', 'type_node': 'GROUP', 'template_name': None, 'included': '1'}, state = True
24-Apr-22 22:10:16.504241 | DEBUG    | MAIN LOGGER                    | IN set_included_for_node(node, state): node = {'id_node': 12, 'name_node': 'Паспорт трассы', 'id_parent': 0, 'order_node': '3', 'type_node': 'GROUP', 'template_name': None, 'included': '1'}, state = True
24-Apr-22 22:10:16.505241 | DEBUG    | MAIN LOGGER                    | get_db_project_dirpath() -> str: C:/Users/hayar/OneDrive/Рабочий стол/Привет\project.db
24-Apr-22 22:10:16.511241 | DEBUG    | MAIN LOGGER                    | IN dfs(parent_node): parent_node = {'id_node': 12, 'name_node': 'Паспорт трассы', 'id_parent': 0, 'order_node': '3', 'type_node': 'GROUP', 'template_name': None, 'included': '1'}
24-Apr-22 22:10:16.512244 | DEBUG    | MAIN LOGGER                    | IN get_childs(parent_node) -> list: parent_node = {'id_node': 12, 'name_node': 'Паспорт трассы', 'id_parent': 0, 'order_node': '3', 'type_node': 'GROUP', 'template_name': None, 'included': '1'}
24-Apr-22 22:10:16.513246 | DEBUG    | MAIN LOGGER                    | get_db_project_dirpath() -> str: C:/Users/hayar/OneDrive/Рабочий стол/Привет\project.db
24-Apr-22 22:10:16.516779 | DEBUG    | MAIN LOGGER                    | IN set_item_in_nodes_to_items(node): node = {'id_node': 1201, 'name_node': 'ПТ-1', 'id_parent': 12, 'order_node': '1', 'type_node': 'FORM', 'template_name': 'main', 'included': '1'}
24-Apr-22 22:10:16.517780 | DEBUG    | MAIN LOGGER                    | IN set_state_included_for_childs(node, state): node = {'id_node': 1201, 'name_node': 'ПТ-1', 'id_parent': 12, 'order_node': '1', 'type_node': 'FORM', 'template_name': 'main', 'included': '1'}, state = False
24-Apr-22 22:10:16.518780 | DEBUG    | MAIN LOGGER                    | IN set_included_for_node(node, state): node = {'id_node': 1201, 'name_node': 'ПТ-1', 'id_parent': 12, 'order_node': '1', 'type_node': 'FORM', 'template_name': 'main', 'included': '1'}, state = False
24-Apr-22 22:10:16.519781 | DEBUG    | MAIN LOGGER                    | get_db_project_dirpath() -> str: C:/Users/hayar/OneDrive/Рабочий стол/Привет\project.db
24-Apr-22 22:10:16.524780 | DEBUG    | MAIN LOGGER                    | IN set_state_included_for_childs(node, state): node = {'id_node': 1201, 'name_node': 'ПТ-1', 'id_parent': 12, 'order_node': '1', 'type_node': 'FORM', 'template_name': 'main', 'included': '1'}, state = True
24-Apr-22 22:10:16.525782 | DEBUG    | MAIN LOGGER                    | IN set_included_for_node(node, state): node = {'id_node': 1201, 'name_node': 'ПТ-1', 'id_parent': 12, 'order_node': '1', 'type_node': 'FORM', 'template_name': 'main', 'included': '1'}, state = True
24-Apr-22 22:10:16.526785 | DEBUG    | MAIN LOGGER                    | get_db_project_dirpath() -> str: C:/Users/hayar/OneDrive/Рабочий стол/Привет\project.db
24-Apr-22 22:10:16.532793 | DEBUG    | MAIN LOGGER                    | IN dfs(parent_node): parent_node = {'id_node': 1201, 'name_node': 'ПТ-1', 'id_parent': 12, 'order_node': '1', 'type_node': 'FORM', 'template_name': 'main', 'included': '1'}
24-Apr-22 22:10:16.534794 | DEBUG    | MAIN LOGGER                    | IN get_childs(parent_node) -> list: parent_node = {'id_node': 1201, 'name_node': 'ПТ-1', 'id_parent': 12, 'order_node': '1', 'type_node': 'FORM', 'template_name': 'main', 'included': '1'}
24-Apr-22 22:10:16.534794 | DEBUG    | MAIN LOGGER                    | get_db_project_dirpath() -> str: C:/Users/hayar/OneDrive/Рабочий стол/Привет\project.db
24-Apr-22 22:10:16.536794 | DEBUG    | MAIN LOGGER                    | IN set_item_in_nodes_to_items(node): node = {'id_node': 1202, 'name_node': 'ПТ-2', 'id_parent': 12, 'order_node': '2', 'type_node': 'FORM', 'template_name': 'main', 'included': '1'}
24-Apr-22 22:10:16.537794 | DEBUG    | MAIN LOGGER                    | IN set_state_included_for_childs(node, state): node = {'id_node': 1202, 'name_node': 'ПТ-2', 'id_parent': 12, 'order_node': '2', 'type_node': 'FORM', 'template_name': 'main', 'included': '1'}, state = False
24-Apr-22 22:10:16.538796 | DEBUG    | MAIN LOGGER                    | IN set_included_for_node(node, state): node = {'id_node': 1202, 'name_node': 'ПТ-2', 'id_parent': 12, 'order_node': '2', 'type_node': 'FORM', 'template_name': 'main', 'included': '1'}, state = False
24-Apr-22 22:10:16.539795 | DEBUG    | MAIN LOGGER                    | get_db_project_dirpath() -> str: C:/Users/hayar/OneDrive/Рабочий стол/Привет\project.db
24-Apr-22 22:10:16.544805 | DEBUG    | MAIN LOGGER                    | IN set_state_included_for_childs(node, state): node = {'id_node': 1202, 'name_node': 'ПТ-2', 'id_parent': 12, 'order_node': '2', 'type_node': 'FORM', 'template_name': 'main', 'included': '1'}, state = True
24-Apr-22 22:10:16.544805 | DEBUG    | MAIN LOGGER                    | IN set_included_for_node(node, state): node = {'id_node': 1202, 'name_node': 'ПТ-2', 'id_parent': 12, 'order_node': '2', 'type_node': 'FORM', 'template_name': 'main', 'included': '1'}, state = True
24-Apr-22 22:10:16.545797 | DEBUG    | MAIN LOGGER                    | get_db_project_dirpath() -> str: C:/Users/hayar/OneDrive/Рабочий стол/Привет\project.db
24-Apr-22 22:10:16.551797 | DEBUG    | MAIN LOGGER                    | IN dfs(parent_node): parent_node = {'id_node': 1202, 'name_node': 'ПТ-2', 'id_parent': 12, 'order_node': '2', 'type_node': 'FORM', 'template_name': 'main', 'included': '1'}
24-Apr-22 22:10:16.552797 | DEBUG    | MAIN LOGGER                    | IN get_childs(parent_node) -> list: parent_node = {'id_node': 1202, 'name_node': 'ПТ-2', 'id_parent': 12, 'order_node': '2', 'type_node': 'FORM', 'template_name': 'main', 'included': '1'}
24-Apr-22 22:10:16.553801 | DEBUG    | MAIN LOGGER                    | get_db_project_dirpath() -> str: C:/Users/hayar/OneDrive/Рабочий стол/Привет\project.db
24-Apr-22 22:10:16.556798 | DEBUG    | MAIN LOGGER                    | IN set_item_in_nodes_to_items(node): node = {'id_node': 1203, 'name_node': 'ПТ-3', 'id_parent': 12, 'order_node': '3', 'type_node': 'FORM', 'template_name': 'main', 'included': '1'}
24-Apr-22 22:10:16.556798 | DEBUG    | MAIN LOGGER                    | IN set_state_included_for_childs(node, state): node = {'id_node': 1203, 'name_node': 'ПТ-3', 'id_parent': 12, 'order_node': '3', 'type_node': 'FORM', 'template_name': 'main', 'included': '1'}, state = False
24-Apr-22 22:10:16.557802 | DEBUG    | MAIN LOGGER                    | IN set_included_for_node(node, state): node = {'id_node': 1203, 'name_node': 'ПТ-3', 'id_parent': 12, 'order_node': '3', 'type_node': 'FORM', 'template_name': 'main', 'included': '1'}, state = False
24-Apr-22 22:10:16.558801 | DEBUG    | MAIN LOGGER                    | get_db_project_dirpath() -> str: C:/Users/hayar/OneDrive/Рабочий стол/Привет\project.db
24-Apr-22 22:10:16.564229 | DEBUG    | MAIN LOGGER                    | IN set_state_included_for_childs(node, state): node = {'id_node': 1203, 'name_node': 'ПТ-3', 'id_parent': 12, 'order_node': '3', 'type_node': 'FORM', 'template_name': 'main', 'included': '1'}, state = True
24-Apr-22 22:10:16.565403 | DEBUG    | MAIN LOGGER                    | IN set_included_for_node(node, state): node = {'id_node': 1203, 'name_node': 'ПТ-3', 'id_parent': 12, 'order_node': '3', 'type_node': 'FORM', 'template_name': 'main', 'included': '1'}, state = True
24-Apr-22 22:10:16.565403 | DEBUG    | MAIN LOGGER                    | get_db_project_dirpath() -> str: C:/Users/hayar/OneDrive/Рабочий стол/Привет\project.db
24-Apr-22 22:10:16.571385 | DEBUG    | MAIN LOGGER                    | IN dfs(parent_node): parent_node = {'id_node': 1203, 'name_node': 'ПТ-3', 'id_parent': 12, 'order_node': '3', 'type_node': 'FORM', 'template_name': 'main', 'included': '1'}
24-Apr-22 22:10:16.572389 | DEBUG    | MAIN LOGGER                    | IN get_childs(parent_node) -> list: parent_node = {'id_node': 1203, 'name_node': 'ПТ-3', 'id_parent': 12, 'order_node': '3', 'type_node': 'FORM', 'template_name': 'main', 'included': '1'}
24-Apr-22 22:10:16.573388 | DEBUG    | MAIN LOGGER                    | get_db_project_dirpath() -> str: C:/Users/hayar/OneDrive/Рабочий стол/Привет\project.db
24-Apr-22 22:10:16.575388 | DEBUG    | MAIN LOGGER                    | IN set_true_actives_project()                                                   
24-Apr-22 22:10:16.575388 | DEBUG    | MAIN LOGGER                    | set_message_for_statusbar(Проект c именем Привет открыт.)                       
24-Apr-22 22:10:17.408804 | DEBUG    | MAIN LOGGER                    | IN update_pages_template(node) : node = {'id_node': 11, 'name_node': 'Реестр документации', 'id_parent': 0, 'order_node': '2', 'type_node': 'FORM', 'template_name': 'main', 'included': '1'}
24-Apr-22 22:10:17.410790 | DEBUG    | MAIN LOGGER                    | IN get_pages_by_node(node) -> list: node = {'id_node': 11, 'name_node': 'Реестр документации', 'id_parent': 0, 'order_node': '2', 'type_node': 'FORM', 'template_name': 'main', 'included': '1'}
24-Apr-22 22:10:17.411790 | DEBUG    | MAIN LOGGER                    | get_db_project_dirpath() -> str: C:/Users/hayar/OneDrive/Рабочий стол/Привет\project.db
24-Apr-22 22:10:18.714701 | DEBUG    | MAIN LOGGER                    | IN item_clicked(current): current = <package.controllers.pagestemplate.MyListWidgetItem object at 0x0000022418B49CC0>
24-Apr-22 22:10:18.715704 | DEBUG    | MAIN LOGGER                    | IN add_page_for_datas(page): page = {'id_page': 20, 'id_node_parent': 11, 'page_name': 'Л.1. Реестр исполнительной документации ВОЛС.', 'template_name': '2-РД-1', 'page_order': 1, 'included': None}
24-Apr-22 22:10:18.716704 | DEBUG    | MAIN LOGGER                    | IN get_page_data(page) -> list: page = {'id_page': 20, 'id_node_parent': 11, 'page_name': 'Л.1. Реестр исполнительной документации ВОЛС.', 'template_name': '2-РД-1', 'page_order': 1, 'included': None}
24-Apr-22 22:10:18.716704 | DEBUG    | MAIN LOGGER                    | get_db_project_dirpath() -> str: C:/Users/hayar/OneDrive/Рабочий стол/Привет\project.db
24-Apr-22 22:10:18.717702 | DEBUG    | MAIN LOGGER                    | IN add_nodes_for_datas()                                                        
24-Apr-22 22:10:18.718690 | DEBUG    | MAIN LOGGER                    | IN get_node_parent_from_pages(page) -> object: page = {'id_page': 20, 'id_node_parent': 11, 'page_name': 'Л.1. Реестр исполнительной документации ВОЛС.', 'template_name': '2-РД-1', 'page_order': 1, 'included': None}
24-Apr-22 22:10:18.719697 | DEBUG    | MAIN LOGGER                    | get_db_project_dirpath() -> str: C:/Users/hayar/OneDrive/Рабочий стол/Привет\project.db
24-Apr-22 22:10:18.720698 | DEBUG    | MAIN LOGGER                    | IN add_node_for_datas(node): node = {'id_node': 11, 'name_node': 'Реестр документации', 'id_parent': 0, 'order_node': '2', 'type_node': 'FORM', 'template_name': 'main', 'included': '1'}
24-Apr-22 22:10:18.721707 | DEBUG    | MAIN LOGGER                    | IN get_node_data(node) -> list: node = {'id_node': 11, 'name_node': 'Реестр документации', 'id_parent': 0, 'order_node': '2', 'type_node': 'FORM', 'template_name': 'main', 'included': '1'}
24-Apr-22 22:10:18.722689 | DEBUG    | MAIN LOGGER                    | get_db_project_dirpath() -> str: C:/Users/hayar/OneDrive/Рабочий стол/Привет\project.db
24-Apr-22 22:10:18.723698 | DEBUG    | MAIN LOGGER                    | IN get_node_parent(node) -> object: node = {'id_node': 11, 'name_node': 'Реестр документации', 'id_parent': 0, 'order_node': '2', 'type_node': 'FORM', 'template_name': 'main', 'included': '1'}
24-Apr-22 22:10:18.725049 | DEBUG    | MAIN LOGGER                    | get_db_project_dirpath() -> str: C:/Users/hayar/OneDrive/Рабочий стол/Привет\project.db
24-Apr-22 22:10:18.726033 | DEBUG    | MAIN LOGGER                    | IN add_node_for_datas(node): node = {'id_node': 0, 'name_node': 'Проект', 'id_parent': None, 'order_node': '0', 'type_node': 'PROJECT', 'template_name': None, 'included': None}
24-Apr-22 22:10:18.727040 | DEBUG    | MAIN LOGGER                    | IN get_node_data(node) -> list: node = {'id_node': 0, 'name_node': 'Проект', 'id_parent': None, 'order_node': '0', 'type_node': 'PROJECT', 'template_name': None, 'included': None}
24-Apr-22 22:10:18.728040 | DEBUG    | MAIN LOGGER                    | get_db_project_dirpath() -> str: C:/Users/hayar/OneDrive/Рабочий стол/Привет\project.db
24-Apr-22 22:10:18.729027 | DEBUG    | MAIN LOGGER                    | IN get_node_parent(node) -> object: node = {'id_node': 0, 'name_node': 'Проект', 'id_parent': None, 'order_node': '0', 'type_node': 'PROJECT', 'template_name': None, 'included': None}
24-Apr-22 22:10:18.730034 | DEBUG    | MAIN LOGGER                    | get_db_project_dirpath() -> str: C:/Users/hayar/OneDrive/Рабочий стол/Привет\project.db
24-Apr-22 22:10:18.731029 | DEBUG    | MAIN LOGGER                    | IN update_scrollarea()                                                          
24-Apr-22 22:10:18.732035 | DEBUG    | MAIN LOGGER                    | IN delete_all_widgets_in_sa()                                                   
24-Apr-22 22:10:18.732035 | DEBUG    | MAIN LOGGER                    | IN add_page_for_datas(page): page = {'id_page': 20, 'id_node_parent': 11, 'page_name': 'Л.1. Реестр исполнительной документации ВОЛС.', 'template_name': '2-РД-1', 'page_order': 1, 'included': None}
24-Apr-22 22:10:18.733036 | DEBUG    | MAIN LOGGER                    | IN get_page_data(page) -> list: page = {'id_page': 20, 'id_node_parent': 11, 'page_name': 'Л.1. Реестр исполнительной документации ВОЛС.', 'template_name': '2-РД-1', 'page_order': 1, 'included': None}
24-Apr-22 22:10:18.734027 | DEBUG    | MAIN LOGGER                    | get_db_project_dirpath() -> str: C:/Users/hayar/OneDrive/Рабочий стол/Привет\project.db
24-Apr-22 22:10:18.735088 | DEBUG    | MAIN LOGGER                    | IN add_nodes_for_datas()                                                        
24-Apr-22 22:10:18.735088 | DEBUG    | MAIN LOGGER                    | IN get_node_parent_from_pages(page) -> object: page = {'id_page': 20, 'id_node_parent': 11, 'page_name': 'Л.1. Реестр исполнительной документации ВОЛС.', 'template_name': '2-РД-1', 'page_order': 1, 'included': None}
24-Apr-22 22:10:18.736074 | DEBUG    | MAIN LOGGER                    | get_db_project_dirpath() -> str: C:/Users/hayar/OneDrive/Рабочий стол/Привет\project.db
24-Apr-22 22:10:18.737076 | DEBUG    | MAIN LOGGER                    | IN add_node_for_datas(node): node = {'id_node': 11, 'name_node': 'Реестр документации', 'id_parent': 0, 'order_node': '2', 'type_node': 'FORM', 'template_name': 'main', 'included': '1'}
24-Apr-22 22:10:18.738083 | DEBUG    | MAIN LOGGER                    | IN get_node_data(node) -> list: node = {'id_node': 11, 'name_node': 'Реестр документации', 'id_parent': 0, 'order_node': '2', 'type_node': 'FORM', 'template_name': 'main', 'included': '1'}
24-Apr-22 22:10:18.738083 | DEBUG    | MAIN LOGGER                    | get_db_project_dirpath() -> str: C:/Users/hayar/OneDrive/Рабочий стол/Привет\project.db
24-Apr-22 22:10:18.739075 | DEBUG    | MAIN LOGGER                    | IN get_node_parent(node) -> object: node = {'id_node': 11, 'name_node': 'Реестр документации', 'id_parent': 0, 'order_node': '2', 'type_node': 'FORM', 'template_name': 'main', 'included': '1'}
24-Apr-22 22:10:18.740076 | DEBUG    | MAIN LOGGER                    | get_db_project_dirpath() -> str: C:/Users/hayar/OneDrive/Рабочий стол/Привет\project.db
24-Apr-22 22:10:18.741076 | DEBUG    | MAIN LOGGER                    | IN add_node_for_datas(node): node = {'id_node': 0, 'name_node': 'Проект', 'id_parent': None, 'order_node': '0', 'type_node': 'PROJECT', 'template_name': None, 'included': None}
24-Apr-22 22:10:18.742076 | DEBUG    | MAIN LOGGER                    | IN get_node_data(node) -> list: node = {'id_node': 0, 'name_node': 'Проект', 'id_parent': None, 'order_node': '0', 'type_node': 'PROJECT', 'template_name': None, 'included': None}
24-Apr-22 22:10:18.743076 | DEBUG    | MAIN LOGGER                    | get_db_project_dirpath() -> str: C:/Users/hayar/OneDrive/Рабочий стол/Привет\project.db
24-Apr-22 22:10:18.744076 | DEBUG    | MAIN LOGGER                    | IN get_node_parent(node) -> object: node = {'id_node': 0, 'name_node': 'Проект', 'id_parent': None, 'order_node': '0', 'type_node': 'PROJECT', 'template_name': None, 'included': None}
24-Apr-22 22:10:18.745075 | DEBUG    | MAIN LOGGER                    | get_db_project_dirpath() -> str: C:/Users/hayar/OneDrive/Рабочий стол/Привет\project.db
24-Apr-22 22:10:18.746078 | DEBUG    | MAIN LOGGER                    | IN add_sections_in_sa()                                                         
24-Apr-22 22:10:18.752077 | DEBUG    | MAIN LOGGER                    | IN get_config_content(id_content) -> list: id_content = 1200                    
24-Apr-22 22:10:18.753078 | DEBUG    | MAIN LOGGER                    | get_db_project_dirpath() -> str: C:/Users/hayar/OneDrive/Рабочий стол/Привет\project.db
24-Apr-22 22:10:18.755088 | DEBUG    | MAIN LOGGER                    | IN get_config_table(id_content) -> list: id_content = 1200                      
24-Apr-22 22:10:18.755088 | DEBUG    | MAIN LOGGER                    | get_db_project_dirpath() -> str: C:/Users/hayar/OneDrive/Рабочий стол/Привет\project.db
24-Apr-22 22:10:18.761080 | DEBUG    | MAIN LOGGER                    | create_table_from_value(self, json_data): data = [["", "", "", "", ""], ["", "", "", "", ""], ["", "", "", "", ""]]
24-Apr-22 22:10:18.763080 | DEBUG    | MAIN LOGGER                    | IN get_config_content(id_content) -> list: id_content = 1201                    
24-Apr-22 22:10:18.763080 | DEBUG    | MAIN LOGGER                    | get_db_project_dirpath() -> str: C:/Users/hayar/OneDrive/Рабочий стол/Привет\project.db
24-Apr-22 22:10:18.764080 | DEBUG    | MAIN LOGGER                    | IN get_config_table(id_content) -> list: id_content = 1201                      
24-Apr-22 22:10:18.765080 | DEBUG    | MAIN LOGGER                    | get_db_project_dirpath() -> str: C:/Users/hayar/OneDrive/Рабочий стол/Привет\project.db
24-Apr-22 22:10:18.769081 | DEBUG    | MAIN LOGGER                    | create_table_from_value(self, json_data): data = [["", "", "", "", ""], ["", "", "", "", ""], ["", "", "", "", ""], ["", "", "", "", ""]]
24-Apr-22 22:10:18.770082 | DEBUG    | MAIN LOGGER                    | IN get_config_content(id_content) -> list: id_content = 1202                    
24-Apr-22 22:10:18.771082 | DEBUG    | MAIN LOGGER                    | get_db_project_dirpath() -> str: C:/Users/hayar/OneDrive/Рабочий стол/Привет\project.db
24-Apr-22 22:10:18.772083 | DEBUG    | MAIN LOGGER                    | IN get_config_table(id_content) -> list: id_content = 1202                      
24-Apr-22 22:10:18.773083 | DEBUG    | MAIN LOGGER                    | get_db_project_dirpath() -> str: C:/Users/hayar/OneDrive/Рабочий стол/Привет\project.db
24-Apr-22 22:10:18.777085 | DEBUG    | MAIN LOGGER                    | create_table_from_value(self, json_data): data = None                           
24-Apr-22 22:10:18.790085 | DEBUG    | MAIN LOGGER                    | IN get_config_content(id_content) -> list: id_content = 1003                    
24-Apr-22 22:10:18.790085 | DEBUG    | MAIN LOGGER                    | get_db_project_dirpath() -> str: C:/Users/hayar/OneDrive/Рабочий стол/Привет\project.db
24-Apr-22 22:10:18.791087 | DEBUG    | MAIN LOGGER                    | FormText(self, pair, config_content): pair = {'id_pair': 100, 'id_node': 0, 'id_content': 1003, 'name_content': 'название_объекта', 'value': None}, config_content = {'id_content': 1003, 'name_content': 'название_объекта', 'type_content': 'TEXT', 'title_content': 'Название объекта', 'description_content': None, 'enable': None}
24-Apr-22 22:10:18.794090 | DEBUG    | MAIN LOGGER                    | IN get_config_content(id_content) -> list: id_content = 1004                    
24-Apr-22 22:10:18.795087 | DEBUG    | MAIN LOGGER                    | get_db_project_dirpath() -> str: C:/Users/hayar/OneDrive/Рабочий стол/Привет\project.db
24-Apr-22 22:10:18.796087 | DEBUG    | MAIN LOGGER                    | FormText(self, pair, config_content): pair = {'id_pair': 101, 'id_node': 0, 'id_content': 1004, 'name_content': 'участок', 'value': None}, config_content = {'id_content': 1004, 'name_content': 'участок', 'type_content': 'TEXT', 'title_content': 'Участок', 'description_content': None, 'enable': None}
24-Apr-22 22:10:18.799088 | DEBUG    | MAIN LOGGER                    | IN get_config_content(id_content) -> list: id_content = 1001                    
24-Apr-22 22:10:18.800089 | DEBUG    | MAIN LOGGER                    | get_db_project_dirpath() -> str: C:/Users/hayar/OneDrive/Рабочий стол/Привет\project.db
24-Apr-22 22:10:18.801089 | DEBUG    | MAIN LOGGER                    | FormText(self, pair, config_content): pair = {'id_pair': 102, 'id_node': 0, 'id_content': 1001, 'name_content': 'название_компании', 'value': None}, config_content = {'id_content': 1001, 'name_content': 'название_компании', 'type_content': 'TEXT', 'title_content': 'Название компании', 'description_content': None, 'enable': None}
24-Apr-22 22:10:21.298666 | DEBUG    | MAIN LOGGER                    | IN to_json(self) -> list:                                                       
24-Apr-22 22:10:21.298666 | DEBUG    | MAIN LOGGER                    | set_new_value_in_pair(self, pair, new_value): pair = {'id_pair': 300, 'id_page': 20, 'id_content': 1200, 'name_content': 'реестр_ид_паспорт_трассы', 'value': '[["", "", "", "", ""], ["", "", "", "", ""], ["", "", "", "", ""]]'}, new_value = [["dfsf", "", "", "", ""], ["", "", "", "", ""], ["", "", "", "", ""]]
24-Apr-22 22:10:22.124901 | DEBUG    | MAIN LOGGER                    | IN to_json(self) -> list:                                                       
24-Apr-22 22:10:22.125888 | DEBUG    | MAIN LOGGER                    | set_new_value_in_pair(self, pair, new_value): pair = {'id_pair': 300, 'id_page': 20, 'id_content': 1200, 'name_content': 'реестр_ид_паспорт_трассы', 'value': '[["dfsf", "", "", "", ""], ["", "", "", "", ""], ["", "", "", "", ""]]'}, new_value = [["dfsf", "", "", "", ""], ["", "fssdf", "", "", ""], ["", "", "", "", ""]]
24-Apr-22 22:10:22.856614 | DEBUG    | MAIN LOGGER                    | IN to_json(self) -> list:                                                       
24-Apr-22 22:10:22.857610 | DEBUG    | MAIN LOGGER                    | set_new_value_in_pair(self, pair, new_value): pair = {'id_pair': 300, 'id_page': 20, 'id_content': 1200, 'name_content': 'реестр_ид_паспорт_трассы', 'value': '[["dfsf", "", "", "", ""], ["", "fssdf", "", "", ""], ["", "", "", "", ""]]'}, new_value = [["dfsf", "", "", "", ""], ["", "fssdf", "", "", ""], ["sdff", "", "", "", ""]]
24-Apr-22 22:10:24.474077 | DEBUG    | MAIN LOGGER                    | IN copy_values_to_clipboard()                                                   
24-Apr-22 22:10:45.347389 | DEBUG    | MAIN LOGGER                    | IN copy_values_to_clipboard()                                                   
24-Apr-22 22:10:46.926872 | DEBUG    | MAIN LOGGER                    | IN paste_values_from_clipboard()                                                
24-Apr-22 22:10:46.927874 | DEBUG    | MAIN LOGGER                    | IN to_json(self) -> list:                                                       
24-Apr-22 22:10:46.927874 | DEBUG    | MAIN LOGGER                    | set_new_value_in_pair(self, pair, new_value): pair = {'id_pair': 301, 'id_page': 20, 'id_content': 1201, 'name_content': 'реестр_ид_эл_паспорт_трассы', 'value': '[["", "", "", "", ""], ["", "", "", "", ""], ["", "", "", "", ""], ["", "", "", "", ""]]'}, new_value = [["dfsf", "", "", "", ""], ["", "", "", "", ""], ["", "", "", "", ""], ["", "", "", "", ""]]
24-Apr-22 22:10:46.928877 | DEBUG    | MAIN LOGGER                    | IN to_json(self) -> list:                                                       
24-Apr-22 22:10:46.929874 | DEBUG    | MAIN LOGGER                    | set_new_value_in_pair(self, pair, new_value): pair = {'id_pair': 301, 'id_page': 20, 'id_content': 1201, 'name_content': 'реестр_ид_эл_паспорт_трассы', 'value': '[["dfsf", "", "", "", ""], ["", "", "", "", ""], ["", "", "", "", ""], ["", "", "", "", ""]]'}, new_value = [["dfsf", "", "", "", ""], ["", "fssdf", "", "", ""], ["", "", "", "", ""], ["", "", "", "", ""]]
24-Apr-22 22:10:50.704616 | DEBUG    | MAIN LOGGER                    | IN paste_values_from_clipboard()                                                
24-Apr-22 22:10:50.705624 | DEBUG    | MAIN LOGGER                    | IN to_json(self) -> list:                                                       
24-Apr-22 22:10:50.705624 | DEBUG    | MAIN LOGGER                    | set_new_value_in_pair(self, pair, new_value): pair = {'id_pair': 301, 'id_page': 20, 'id_content': 1201, 'name_content': 'реестр_ид_эл_паспорт_трассы', 'value': '[["dfsf", "", "", "", ""], ["", "fssdf", "", "", ""], ["", "", "", "", ""], ["", "", "", "", ""]]'}, new_value = [["dfsf", "dfsf", "", "", ""], ["", "fssdf", "", "", ""], ["", "", "", "", ""], ["", "", "", "", ""]]
24-Apr-22 22:10:50.706620 | DEBUG    | MAIN LOGGER                    | IN to_json(self) -> list:                                                       
24-Apr-22 22:10:50.707610 | DEBUG    | MAIN LOGGER                    | set_new_value_in_pair(self, pair, new_value): pair = {'id_pair': 301, 'id_page': 20, 'id_content': 1201, 'name_content': 'реестр_ид_эл_паспорт_трассы', 'value': '[["dfsf", "dfsf", "", "", ""], ["", "fssdf", "", "", ""], ["", "", "", "", ""], ["", "", "", "", ""]]'}, new_value = [["dfsf", "dfsf", "", "", ""], ["", "", "", "", ""], ["", "", "", "", ""], ["", "", "", "", ""]]
24-Apr-22 22:10:50.708610 | DEBUG    | MAIN LOGGER                    | IN to_json(self) -> list:                                                       
24-Apr-22 22:10:50.709610 | DEBUG    | MAIN LOGGER                    | set_new_value_in_pair(self, pair, new_value): pair = {'id_pair': 301, 'id_page': 20, 'id_content': 1201, 'name_content': 'реестр_ид_эл_паспорт_трассы', 'value': '[["dfsf", "dfsf", "", "", ""], ["", "", "", "", ""], ["", "", "", "", ""], ["", "", "", "", ""]]'}, new_value = [["dfsf", "dfsf", "", "", ""], ["", "", "fssdf", "", ""], ["", "", "", "", ""], ["", "", "", "", ""]]
24-Apr-22 22:10:55.070098 | DEBUG    | MAIN LOGGER                    | IN paste_values_from_clipboard()                                                
24-Apr-22 22:10:57.076285 | DEBUG    | MAIN LOGGER                    | IN paste_values_from_clipboard()                                                
24-Apr-22 22:10:57.076285 | DEBUG    | MAIN LOGGER                    | IN to_json(self) -> list:                                                       
24-Apr-22 22:10:57.077274 | DEBUG    | MAIN LOGGER                    | set_new_value_in_pair(self, pair, new_value): pair = {'id_pair': 301, 'id_page': 20, 'id_content': 1201, 'name_content': 'реестр_ид_эл_паспорт_трассы', 'value': '[["dfsf", "dfsf", "", "", ""], ["", "", "fssdf", "", ""], ["", "", "", "", ""], ["", "", "", "", ""]]'}, new_value = [["dfsf", "dfsf", "", "", ""], ["", "", "dfsf", "", ""], ["", "", "", "", ""], ["", "", "", "", ""]]
24-Apr-22 22:10:57.078879 | DEBUG    | MAIN LOGGER                    | IN to_json(self) -> list:                                                       
24-Apr-22 22:10:57.079401 | DEBUG    | MAIN LOGGER                    | set_new_value_in_pair(self, pair, new_value): pair = {'id_pair': 301, 'id_page': 20, 'id_content': 1201, 'name_content': 'реестр_ид_эл_паспорт_трассы', 'value': '[["dfsf", "dfsf", "", "", ""], ["", "", "dfsf", "", ""], ["", "", "", "", ""], ["", "", "", "", ""]]'}, new_value = [["dfsf", "dfsf", "", "", ""], ["", "", "dfsf", "", ""], ["", "", "", "fssdf", ""], ["", "", "", "", ""]]
24-Apr-22 22:11:01.893305 | DEBUG    | MAIN LOGGER                    | IN paste_values_from_clipboard()                                                
24-Apr-22 22:11:05.604646 | DEBUG    | MAIN LOGGER                    | IN copy_values_to_clipboard()                                                   
24-Apr-22 22:11:07.968124 | DEBUG    | MAIN LOGGER                    | IN copy_values_to_clipboard()                                                   
24-Apr-22 22:11:11.652742 | DEBUG    | MAIN LOGGER                    | IN paste_values_from_clipboard()                                                
24-Apr-22 22:11:11.653744 | DEBUG    | MAIN LOGGER                    | IN to_json(self) -> list:                                                       
24-Apr-22 22:11:11.653744 | DEBUG    | MAIN LOGGER                    | set_new_value_in_pair(self, pair, new_value): pair = {'id_pair': 301, 'id_page': 20, 'id_content': 1201, 'name_content': 'реестр_ид_эл_паспорт_трассы', 'value': '[["dfsf", "dfsf", "", "", ""], ["", "", "dfsf", "", ""], ["", "", "", "fssdf", ""], ["", "", "", "", ""]]'}, new_value = [["dfsf", "", "", "", ""], ["", "", "dfsf", "", ""], ["", "", "", "fssdf", ""], ["", "", "", "", ""]]
24-Apr-22 22:11:11.655753 | DEBUG    | MAIN LOGGER                    | IN to_json(self) -> list:                                                       
24-Apr-22 22:11:11.655753 | DEBUG    | MAIN LOGGER                    | set_new_value_in_pair(self, pair, new_value): pair = {'id_pair': 301, 'id_page': 20, 'id_content': 1201, 'name_content': 'реестр_ид_эл_паспорт_трассы', 'value': '[["dfsf", "", "", "", ""], ["", "", "dfsf", "", ""], ["", "", "", "fssdf", ""], ["", "", "", "", ""]]'}, new_value = [["dfsf", "", "", "", ""], ["", "fssdf", "dfsf", "", ""], ["", "", "", "fssdf", ""], ["", "", "", "", ""]]
24-Apr-22 22:11:11.656754 | DEBUG    | MAIN LOGGER                    | IN to_json(self) -> list:                                                       
24-Apr-22 22:11:11.657397 | DEBUG    | MAIN LOGGER                    | set_new_value_in_pair(self, pair, new_value): pair = {'id_pair': 301, 'id_page': 20, 'id_content': 1201, 'name_content': 'реестр_ид_эл_паспорт_трассы', 'value': '[["dfsf", "", "", "", ""], ["", "fssdf", "dfsf", "", ""], ["", "", "", "fssdf", ""], ["", "", "", "", ""]]'}, new_value = [["dfsf", "", "", "", ""], ["", "fssdf", "", "", ""], ["", "", "", "fssdf", ""], ["", "", "", "", ""]]
24-Apr-22 22:11:11.658411 | DEBUG    | MAIN LOGGER                    | IN to_json(self) -> list:                                                       
24-Apr-22 22:11:11.658411 | DEBUG    | MAIN LOGGER                    | set_new_value_in_pair(self, pair, new_value): pair = {'id_pair': 301, 'id_page': 20, 'id_content': 1201, 'name_content': 'реестр_ид_эл_паспорт_трассы', 'value': '[["dfsf", "", "", "", ""], ["", "fssdf", "", "", ""], ["", "", "", "fssdf", ""], ["", "", "", "", ""]]'}, new_value = [["dfsf", "", "", "", ""], ["", "fssdf", "", "", ""], ["sdff", "", "", "fssdf", ""], ["", "", "", "", ""]]
24-Apr-22 22:11:11.659404 | DEBUG    | MAIN LOGGER                    | IN to_json(self) -> list:                                                       
24-Apr-22 22:11:11.660402 | DEBUG    | MAIN LOGGER                    | set_new_value_in_pair(self, pair, new_value): pair = {'id_pair': 301, 'id_page': 20, 'id_content': 1201, 'name_content': 'реестр_ид_эл_паспорт_трассы', 'value': '[["dfsf", "", "", "", ""], ["", "fssdf", "", "", ""], ["sdff", "", "", "fssdf", ""], ["", "", "", "", ""]]'}, new_value = [["dfsf", "", "", "", ""], ["", "fssdf", "", "", ""], ["sdff", "", "", "", ""], ["", "", "", "", ""]]
24-Apr-22 22:11:15.637904 | DEBUG    | MAIN LOGGER                    | IN copy_values_to_clipboard()                                                   
24-Apr-22 22:11:16.942137 | DEBUG    | MAIN LOGGER                    | IN paste_values_from_clipboard()                                                
24-Apr-22 22:11:16.942137 | DEBUG    | MAIN LOGGER                    | IN to_json(self) -> list:                                                       
24-Apr-22 22:11:16.943131 | DEBUG    | MAIN LOGGER                    | set_new_value_in_pair(self, pair, new_value): pair = {'id_pair': 301, 'id_page': 20, 'id_content': 1201, 'name_content': 'реестр_ид_эл_паспорт_трассы', 'value': '[["dfsf", "", "", "", ""], ["", "fssdf", "", "", ""], ["sdff", "", "", "", ""], ["", "", "", "", ""]]'}, new_value = [["dfsf", "", "dfsf", "", ""], ["", "fssdf", "", "", ""], ["sdff", "", "", "", ""], ["", "", "", "", ""]]
24-Apr-22 22:11:16.945131 | DEBUG    | MAIN LOGGER                    | IN to_json(self) -> list:                                                       
24-Apr-22 22:11:16.945131 | DEBUG    | MAIN LOGGER                    | set_new_value_in_pair(self, pair, new_value): pair = {'id_pair': 301, 'id_page': 20, 'id_content': 1201, 'name_content': 'реестр_ид_эл_паспорт_трассы', 'value': '[["dfsf", "", "dfsf", "", ""], ["", "fssdf", "", "", ""], ["sdff", "", "", "", ""], ["", "", "", "", ""]]'}, new_value = [["dfsf", "", "dfsf", "", ""], ["", "fssdf", "", "fssdf", ""], ["sdff", "", "", "", ""], ["", "", "", "", ""]]
24-Apr-22 22:11:16.947131 | DEBUG    | MAIN LOGGER                    | IN to_json(self) -> list:                                                       
24-Apr-22 22:11:16.948135 | DEBUG    | MAIN LOGGER                    | set_new_value_in_pair(self, pair, new_value): pair = {'id_pair': 301, 'id_page': 20, 'id_content': 1201, 'name_content': 'реестр_ид_эл_паспорт_трассы', 'value': '[["dfsf", "", "dfsf", "", ""], ["", "fssdf", "", "fssdf", ""], ["sdff", "", "", "", ""], ["", "", "", "", ""]]'}, new_value = [["dfsf", "", "dfsf", "", ""], ["", "fssdf", "", "fssdf", ""], ["sdff", "", "sdff", "", ""], ["", "", "", "", ""]]
24-Apr-22 22:11:18.631123 | DEBUG    | MAIN LOGGER                    | IN paste_values_from_clipboard()                                                
24-Apr-22 22:11:18.632111 | DEBUG    | MAIN LOGGER                    | IN to_json(self) -> list:                                                       
24-Apr-22 22:11:18.632111 | DEBUG    | MAIN LOGGER                    | set_new_value_in_pair(self, pair, new_value): pair = {'id_pair': 301, 'id_page': 20, 'id_content': 1201, 'name_content': 'реестр_ид_эл_паспорт_трассы', 'value': '[["dfsf", "", "dfsf", "", ""], ["", "fssdf", "", "fssdf", ""], ["sdff", "", "sdff", "", ""], ["", "", "", "", ""]]'}, new_value = [["dfsf", "dfsf", "dfsf", "", ""], ["", "fssdf", "", "fssdf", ""], ["sdff", "", "sdff", "", ""], ["", "", "", "", ""]]
24-Apr-22 22:11:18.633114 | DEBUG    | MAIN LOGGER                    | IN to_json(self) -> list:                                                       
24-Apr-22 22:11:18.634118 | DEBUG    | MAIN LOGGER                    | set_new_value_in_pair(self, pair, new_value): pair = {'id_pair': 301, 'id_page': 20, 'id_content': 1201, 'name_content': 'реестр_ид_эл_паспорт_трассы', 'value': '[["dfsf", "dfsf", "dfsf", "", ""], ["", "fssdf", "", "fssdf", ""], ["sdff", "", "sdff", "", ""], ["", "", "", "", ""]]'}, new_value = [["dfsf", "dfsf", "", "", ""], ["", "fssdf", "", "fssdf", ""], ["sdff", "", "sdff", "", ""], ["", "", "", "", ""]]
24-Apr-22 22:11:18.635121 | DEBUG    | MAIN LOGGER                    | IN to_json(self) -> list:                                                       
24-Apr-22 22:11:18.635121 | DEBUG    | MAIN LOGGER                    | set_new_value_in_pair(self, pair, new_value): pair = {'id_pair': 301, 'id_page': 20, 'id_content': 1201, 'name_content': 'реестр_ид_эл_паспорт_трассы', 'value': '[["dfsf", "dfsf", "", "", ""], ["", "fssdf", "", "fssdf", ""], ["sdff", "", "sdff", "", ""], ["", "", "", "", ""]]'}, new_value = [["dfsf", "dfsf", "", "", ""], ["", "", "", "fssdf", ""], ["sdff", "", "sdff", "", ""], ["", "", "", "", ""]]
24-Apr-22 22:11:18.636119 | DEBUG    | MAIN LOGGER                    | IN to_json(self) -> list:                                                       
24-Apr-22 22:11:18.637121 | DEBUG    | MAIN LOGGER                    | set_new_value_in_pair(self, pair, new_value): pair = {'id_pair': 301, 'id_page': 20, 'id_content': 1201, 'name_content': 'реестр_ид_эл_паспорт_трассы', 'value': '[["dfsf", "dfsf", "", "", ""], ["", "", "", "fssdf", ""], ["sdff", "", "sdff", "", ""], ["", "", "", "", ""]]'}, new_value = [["dfsf", "dfsf", "", "", ""], ["", "", "fssdf", "fssdf", ""], ["sdff", "", "sdff", "", ""], ["", "", "", "", ""]]
24-Apr-22 22:11:18.638114 | DEBUG    | MAIN LOGGER                    | IN to_json(self) -> list:                                                       
24-Apr-22 22:11:18.639106 | DEBUG    | MAIN LOGGER                    | set_new_value_in_pair(self, pair, new_value): pair = {'id_pair': 301, 'id_page': 20, 'id_content': 1201, 'name_content': 'реестр_ид_эл_паспорт_трассы', 'value': '[["dfsf", "dfsf", "", "", ""], ["", "", "fssdf", "fssdf", ""], ["sdff", "", "sdff", "", ""], ["", "", "", "", ""]]'}, new_value = [["dfsf", "dfsf", "", "", ""], ["", "", "fssdf", "", ""], ["sdff", "", "sdff", "", ""], ["", "", "", "", ""]]
24-Apr-22 22:11:18.640113 | DEBUG    | MAIN LOGGER                    | IN to_json(self) -> list:                                                       
24-Apr-22 22:11:18.641108 | DEBUG    | MAIN LOGGER                    | set_new_value_in_pair(self, pair, new_value): pair = {'id_pair': 301, 'id_page': 20, 'id_content': 1201, 'name_content': 'реестр_ид_эл_паспорт_трассы', 'value': '[["dfsf", "dfsf", "", "", ""], ["", "", "fssdf", "", ""], ["sdff", "", "sdff", "", ""], ["", "", "", "", ""]]'}, new_value = [["dfsf", "dfsf", "", "", ""], ["", "", "fssdf", "", ""], ["sdff", "sdff", "sdff", "", ""], ["", "", "", "", ""]]
24-Apr-22 22:11:18.641108 | DEBUG    | MAIN LOGGER                    | IN to_json(self) -> list:                                                       
24-Apr-22 22:11:18.642114 | DEBUG    | MAIN LOGGER                    | set_new_value_in_pair(self, pair, new_value): pair = {'id_pair': 301, 'id_page': 20, 'id_content': 1201, 'name_content': 'реестр_ид_эл_паспорт_трассы', 'value': '[["dfsf", "dfsf", "", "", ""], ["", "", "fssdf", "", ""], ["sdff", "sdff", "sdff", "", ""], ["", "", "", "", ""]]'}, new_value = [["dfsf", "dfsf", "", "", ""], ["", "", "fssdf", "", ""], ["sdff", "sdff", "", "", ""], ["", "", "", "", ""]]
24-Apr-22 22:11:23.114180 | DEBUG    | MAIN LOGGER                    | IN paste_values_from_clipboard()                                                
24-Apr-22 22:11:26.104938 | DEBUG    | MAIN LOGGER                    | IN paste_values_from_clipboard()                                                
24-Apr-22 22:11:26.105930 | DEBUG    | MAIN LOGGER                    | IN to_json(self) -> list:                                                       
24-Apr-22 22:11:26.105930 | DEBUG    | MAIN LOGGER                    | set_new_value_in_pair(self, pair, new_value): pair = {'id_pair': 300, 'id_page': 20, 'id_content': 1200, 'name_content': 'реестр_ид_паспорт_трассы', 'value': '[["dfsf", "", "", "", ""], ["", "fssdf", "", "", ""], ["sdff", "", "", "", ""]]'}, new_value = [["dfsf", "", "dfsf", "", ""], ["", "fssdf", "", "", ""], ["sdff", "", "", "", ""]]
24-Apr-22 22:11:26.106951 | DEBUG    | MAIN LOGGER                    | IN to_json(self) -> list:                                                       
24-Apr-22 22:11:26.107931 | DEBUG    | MAIN LOGGER                    | set_new_value_in_pair(self, pair, new_value): pair = {'id_pair': 300, 'id_page': 20, 'id_content': 1200, 'name_content': 'реестр_ид_паспорт_трассы', 'value': '[["dfsf", "", "dfsf", "", ""], ["", "fssdf", "", "", ""], ["sdff", "", "", "", ""]]'}, new_value = [["dfsf", "", "dfsf", "", ""], ["", "fssdf", "", "fssdf", ""], ["sdff", "", "", "", ""]]
24-Apr-22 22:11:26.108931 | DEBUG    | MAIN LOGGER                    | IN to_json(self) -> list:                                                       
24-Apr-22 22:11:26.109946 | DEBUG    | MAIN LOGGER                    | set_new_value_in_pair(self, pair, new_value): pair = {'id_pair': 300, 'id_page': 20, 'id_content': 1200, 'name_content': 'реестр_ид_паспорт_трассы', 'value': '[["dfsf", "", "dfsf", "", ""], ["", "fssdf", "", "fssdf", ""], ["sdff", "", "", "", ""]]'}, new_value = [["dfsf", "", "dfsf", "", ""], ["", "fssdf", "", "fssdf", ""], ["sdff", "", "sdff", "", ""]]
24-Apr-22 22:11:27.897943 | DEBUG    | MAIN LOGGER                    | IN closeEvent(self, event): event = <PySide6.QtCore.QEvent(QEvent::Close)>      
24-Apr-22 22:11:27.898957 | DEBUG    | MAIN LOGGER                    | get_temp_dirpath() -> str:                                                      
24-Apr-22 22:11:27.898957 | DEBUG    | MAIN LOGGER                    | IN clear_temp_folder(is_del_folder): is_del_folder = True, temp_dirpath = C:\Users\hayar\AppData\Local\Temp\tmp4oofl1tq
24-Apr-22 22:11:27.899943 | DEBUG    | MAIN LOGGER                    | get_temp_dirpath() -> str:                                                      
