24-Apr-22 22:04:58.155885 | DEBUG    | MAIN LOGGER                    | Config logger                                                                   
24-Apr-22 22:04:58.155885 | DEBUG    | MAIN LOGGER                    | IN create_and_config_files_and_folders()                                        
24-Apr-22 22:04:58.156886 | DEBUG    | MAIN LOGGER                    | get_default_folder_projects_dirpath() -> str: C:/Users/hayar/OneDrive/Документы\AutoExecDoc Projects
24-Apr-22 22:04:58.156886 | DEBUG    | MAIN LOGGER                    | IN create_and_config_db_settings()                                              
24-Apr-22 22:04:58.156886 | DEBUG    | MAIN LOGGER                    | get_db_settings_dirpath() -> str: d:\work\project\AutoExecDoc\db\settings.db    
24-Apr-22 22:04:58.198432 | DEBUG    | MAIN LOGGER                    | IN config_controllers()                                                         
24-Apr-22 22:04:58.198432 | DEBUG    | MAIN LOGGER                    | IN connect_statusbar(statusbar)                                                 
24-Apr-22 22:04:58.198432 | DEBUG    | MAIN LOGGER                    | set_message_for_statusbar(Проект не открыт)                                     
24-Apr-22 22:04:58.199434 | DEBUG    | MAIN LOGGER                    | IN connect_structureexecdoc(tr_sed, title_sed)                                  
24-Apr-22 22:04:58.199434 | DEBUG    | MAIN LOGGER                    | IN clear_tr_sed()                                                               
24-Apr-22 22:04:58.200434 | DEBUG    | MAIN LOGGER                    | IN connect_pages_template(lw_pt)                                                
24-Apr-22 22:04:58.200434 | DEBUG    | MAIN LOGGER                    | IN connect_inputforms(sa_if, sa_ifl)                                            
24-Apr-22 22:04:58.201434 | DEBUG    | MAIN LOGGER                    | IN connecting_actions()                                                         
24-Apr-22 22:04:59.194809 | DEBUG    | MAIN LOGGER                    | IN open_project()                                                               
24-Apr-22 22:04:59.194809 | DEBUG    | MAIN LOGGER                    | get_default_folder_projects_dirpath() -> str: C:/Users/hayar/OneDrive/Документы\AutoExecDoc Projects
24-Apr-22 22:05:05.624040 | DEBUG    | MAIN LOGGER                    | select_folder_for_open_project() -> C:/Users/hayar/OneDrive/Рабочий стол/Привет 
24-Apr-22 22:05:05.625041 | DEBUG    | MAIN LOGGER                    | IN set_project_dirpaths(folder_path: str): folder_path = C:/Users/hayar/OneDrive/Рабочий стол/Привет
24-Apr-22 22:05:05.626042 | DEBUG    | MAIN LOGGER                    | set_project_dirpath(dirpath: str): dirpath = C:/Users/hayar/OneDrive/Рабочий стол/Привет
24-Apr-22 22:05:05.626042 | DEBUG    | MAIN LOGGER                    | get_project_dirpath() -> str: C:/Users/hayar/OneDrive/Рабочий стол/Привет       
24-Apr-22 22:05:05.626042 | DEBUG    | MAIN LOGGER                    | set_db_project_dirpath(dirpath: str): dirpath = C:/Users/hayar/OneDrive/Рабочий стол/Привет\project.db
24-Apr-22 22:05:05.627041 | DEBUG    | MAIN LOGGER                    | IN config_open_project()                                                        
24-Apr-22 22:05:05.627041 | DEBUG    | MAIN LOGGER                    | get_project_dirpath() -> str: C:/Users/hayar/OneDrive/Рабочий стол/Привет       
24-Apr-22 22:05:05.627041 | DEBUG    | MAIN LOGGER                    | IN add_or_update_open_project_to_db()                                           
24-Apr-22 22:05:05.628041 | DEBUG    | MAIN LOGGER                    | get_db_settings_dirpath() -> str: d:\work\project\AutoExecDoc\db\settings.db    
24-Apr-22 22:05:05.629041 | DEBUG    | MAIN LOGGER                    | get_project_dirpath() -> str: C:/Users/hayar/OneDrive/Рабочий стол/Привет       
24-Apr-22 22:05:05.629041 | DEBUG    | MAIN LOGGER                    | get_project_dirpath() -> str: C:/Users/hayar/OneDrive/Рабочий стол/Привет       
24-Apr-22 22:05:05.630041 | DEBUG    | MAIN LOGGER                    | IN update_project_to_db()                                                       
24-Apr-22 22:05:05.631042 | DEBUG    | MAIN LOGGER                    | get_db_settings_dirpath() -> str: d:\work\project\AutoExecDoc\db\settings.db    
24-Apr-22 22:05:05.631042 | DEBUG    | MAIN LOGGER                    | get_project_dirpath() -> str: C:/Users/hayar/OneDrive/Рабочий стол/Привет       
24-Apr-22 22:05:05.632042 | DEBUG    | MAIN LOGGER                    | get_project_dirpath() -> str: C:/Users/hayar/OneDrive/Рабочий стол/Привет       
24-Apr-22 22:05:05.636042 | DEBUG    | MAIN LOGGER                    | IN create_and_config_db_project()                                               
24-Apr-22 22:05:05.637042 | DEBUG    | MAIN LOGGER                    | get_db_project_dirpath() -> str: C:/Users/hayar/OneDrive/Рабочий стол/Привет\project.db
24-Apr-22 22:05:05.637042 | DEBUG    | MAIN LOGGER                    | IN update_structure_exec_doc()                                                  
24-Apr-22 22:05:05.638043 | DEBUG    | MAIN LOGGER                    | IN clear_tr_sed()                                                               
24-Apr-22 22:05:05.638043 | DEBUG    | MAIN LOGGER                    | get_current_name() -> str: Привет                                               
24-Apr-22 22:05:05.639046 | DEBUG    | MAIN LOGGER                    | IN get_project_node() -> object                                                 
24-Apr-22 22:05:05.640044 | DEBUG    | MAIN LOGGER                    | get_db_project_dirpath() -> str: C:/Users/hayar/OneDrive/Рабочий стол/Привет\project.db
24-Apr-22 22:05:05.641043 | DEBUG    | MAIN LOGGER                    | IN dfs(parent_node): parent_node = {'id_node': 0, 'name_node': 'Проект', 'id_parent': None, 'order_node': '0', 'type_node': 'PROJECT', 'template_name': None, 'included': None}
24-Apr-22 22:05:05.642044 | DEBUG    | MAIN LOGGER                    | IN get_childs(parent_node) -> list: parent_node = {'id_node': 0, 'name_node': 'Проект', 'id_parent': None, 'order_node': '0', 'type_node': 'PROJECT', 'template_name': None, 'included': None}
24-Apr-22 22:05:05.643045 | DEBUG    | MAIN LOGGER                    | get_db_project_dirpath() -> str: C:/Users/hayar/OneDrive/Рабочий стол/Привет\project.db
24-Apr-22 22:05:05.644045 | DEBUG    | MAIN LOGGER                    | IN set_item_in_nodes_to_items(node): node = {'id_node': 10, 'name_node': 'Титульный лист', 'id_parent': 0, 'order_node': '1', 'type_node': 'FORM', 'template_name': 'main', 'included': '1'}
24-Apr-22 22:05:05.645044 | DEBUG    | MAIN LOGGER                    | IN set_state_included_for_childs(node, state): node = {'id_node': 10, 'name_node': 'Титульный лист', 'id_parent': 0, 'order_node': '1', 'type_node': 'FORM', 'template_name': 'main', 'included': '1'}, state = False
24-Apr-22 22:05:05.646044 | DEBUG    | MAIN LOGGER                    | IN set_included_for_node(node, state): node = {'id_node': 10, 'name_node': 'Титульный лист', 'id_parent': 0, 'order_node': '1', 'type_node': 'FORM', 'template_name': 'main', 'included': '1'}, state = False
24-Apr-22 22:05:05.646044 | DEBUG    | MAIN LOGGER                    | get_db_project_dirpath() -> str: C:/Users/hayar/OneDrive/Рабочий стол/Привет\project.db
24-Apr-22 22:05:05.657048 | DEBUG    | MAIN LOGGER                    | IN set_state_included_for_childs(node, state): node = {'id_node': 10, 'name_node': 'Титульный лист', 'id_parent': 0, 'order_node': '1', 'type_node': 'FORM', 'template_name': 'main', 'included': '1'}, state = True
24-Apr-22 22:05:05.658048 | DEBUG    | MAIN LOGGER                    | IN set_included_for_node(node, state): node = {'id_node': 10, 'name_node': 'Титульный лист', 'id_parent': 0, 'order_node': '1', 'type_node': 'FORM', 'template_name': 'main', 'included': '1'}, state = True
24-Apr-22 22:05:05.659050 | DEBUG    | MAIN LOGGER                    | get_db_project_dirpath() -> str: C:/Users/hayar/OneDrive/Рабочий стол/Привет\project.db
24-Apr-22 22:05:05.665049 | DEBUG    | MAIN LOGGER                    | IN dfs(parent_node): parent_node = {'id_node': 10, 'name_node': 'Титульный лист', 'id_parent': 0, 'order_node': '1', 'type_node': 'FORM', 'template_name': 'main', 'included': '1'}
24-Apr-22 22:05:05.665049 | DEBUG    | MAIN LOGGER                    | IN get_childs(parent_node) -> list: parent_node = {'id_node': 10, 'name_node': 'Титульный лист', 'id_parent': 0, 'order_node': '1', 'type_node': 'FORM', 'template_name': 'main', 'included': '1'}
24-Apr-22 22:05:05.666059 | DEBUG    | MAIN LOGGER                    | get_db_project_dirpath() -> str: C:/Users/hayar/OneDrive/Рабочий стол/Привет\project.db
24-Apr-22 22:05:05.668873 | DEBUG    | MAIN LOGGER                    | IN set_item_in_nodes_to_items(node): node = {'id_node': 11, 'name_node': 'Реестр документации', 'id_parent': 0, 'order_node': '2', 'type_node': 'FORM', 'template_name': 'main', 'included': '1'}
24-Apr-22 22:05:05.669871 | DEBUG    | MAIN LOGGER                    | IN set_state_included_for_childs(node, state): node = {'id_node': 11, 'name_node': 'Реестр документации', 'id_parent': 0, 'order_node': '2', 'type_node': 'FORM', 'template_name': 'main', 'included': '1'}, state = False
24-Apr-22 22:05:05.669871 | DEBUG    | MAIN LOGGER                    | IN set_included_for_node(node, state): node = {'id_node': 11, 'name_node': 'Реестр документации', 'id_parent': 0, 'order_node': '2', 'type_node': 'FORM', 'template_name': 'main', 'included': '1'}, state = False
24-Apr-22 22:05:05.670869 | DEBUG    | MAIN LOGGER                    | get_db_project_dirpath() -> str: C:/Users/hayar/OneDrive/Рабочий стол/Привет\project.db
24-Apr-22 22:05:05.676871 | DEBUG    | MAIN LOGGER                    | IN set_state_included_for_childs(node, state): node = {'id_node': 11, 'name_node': 'Реестр документации', 'id_parent': 0, 'order_node': '2', 'type_node': 'FORM', 'template_name': 'main', 'included': '1'}, state = True
24-Apr-22 22:05:05.676871 | DEBUG    | MAIN LOGGER                    | IN set_included_for_node(node, state): node = {'id_node': 11, 'name_node': 'Реестр документации', 'id_parent': 0, 'order_node': '2', 'type_node': 'FORM', 'template_name': 'main', 'included': '1'}, state = True
24-Apr-22 22:05:05.677872 | DEBUG    | MAIN LOGGER                    | get_db_project_dirpath() -> str: C:/Users/hayar/OneDrive/Рабочий стол/Привет\project.db
24-Apr-22 22:05:05.683876 | DEBUG    | MAIN LOGGER                    | IN dfs(parent_node): parent_node = {'id_node': 11, 'name_node': 'Реестр документации', 'id_parent': 0, 'order_node': '2', 'type_node': 'FORM', 'template_name': 'main', 'included': '1'}
24-Apr-22 22:05:05.684874 | DEBUG    | MAIN LOGGER                    | IN get_childs(parent_node) -> list: parent_node = {'id_node': 11, 'name_node': 'Реестр документации', 'id_parent': 0, 'order_node': '2', 'type_node': 'FORM', 'template_name': 'main', 'included': '1'}
24-Apr-22 22:05:05.685874 | DEBUG    | MAIN LOGGER                    | get_db_project_dirpath() -> str: C:/Users/hayar/OneDrive/Рабочий стол/Привет\project.db
24-Apr-22 22:05:05.687875 | DEBUG    | MAIN LOGGER                    | IN set_item_in_nodes_to_items(node): node = {'id_node': 12, 'name_node': 'Паспорт трассы', 'id_parent': 0, 'order_node': '3', 'type_node': 'GROUP', 'template_name': None, 'included': '1'}
24-Apr-22 22:05:05.689873 | DEBUG    | MAIN LOGGER                    | IN set_state_included_for_childs(node, state): node = {'id_node': 12, 'name_node': 'Паспорт трассы', 'id_parent': 0, 'order_node': '3', 'type_node': 'GROUP', 'template_name': None, 'included': '1'}, state = False
24-Apr-22 22:05:05.689873 | DEBUG    | MAIN LOGGER                    | IN set_included_for_node(node, state): node = {'id_node': 12, 'name_node': 'Паспорт трассы', 'id_parent': 0, 'order_node': '3', 'type_node': 'GROUP', 'template_name': None, 'included': '1'}, state = False
24-Apr-22 22:05:05.690873 | DEBUG    | MAIN LOGGER                    | get_db_project_dirpath() -> str: C:/Users/hayar/OneDrive/Рабочий стол/Привет\project.db
24-Apr-22 22:05:05.694875 | DEBUG    | MAIN LOGGER                    | IN set_state_included_for_childs(node, state): node = {'id_node': 12, 'name_node': 'Паспорт трассы', 'id_parent': 0, 'order_node': '3', 'type_node': 'GROUP', 'template_name': None, 'included': '1'}, state = True
24-Apr-22 22:05:05.695875 | DEBUG    | MAIN LOGGER                    | IN set_included_for_node(node, state): node = {'id_node': 12, 'name_node': 'Паспорт трассы', 'id_parent': 0, 'order_node': '3', 'type_node': 'GROUP', 'template_name': None, 'included': '1'}, state = True
24-Apr-22 22:05:05.696876 | DEBUG    | MAIN LOGGER                    | get_db_project_dirpath() -> str: C:/Users/hayar/OneDrive/Рабочий стол/Привет\project.db
24-Apr-22 22:05:05.702661 | DEBUG    | MAIN LOGGER                    | IN dfs(parent_node): parent_node = {'id_node': 12, 'name_node': 'Паспорт трассы', 'id_parent': 0, 'order_node': '3', 'type_node': 'GROUP', 'template_name': None, 'included': '1'}
24-Apr-22 22:05:05.702661 | DEBUG    | MAIN LOGGER                    | IN get_childs(parent_node) -> list: parent_node = {'id_node': 12, 'name_node': 'Паспорт трассы', 'id_parent': 0, 'order_node': '3', 'type_node': 'GROUP', 'template_name': None, 'included': '1'}
24-Apr-22 22:05:05.703662 | DEBUG    | MAIN LOGGER                    | get_db_project_dirpath() -> str: C:/Users/hayar/OneDrive/Рабочий стол/Привет\project.db
24-Apr-22 22:05:05.705662 | DEBUG    | MAIN LOGGER                    | IN set_item_in_nodes_to_items(node): node = {'id_node': 1201, 'name_node': 'ПТ-1', 'id_parent': 12, 'order_node': '1', 'type_node': 'FORM', 'template_name': 'main', 'included': '1'}
24-Apr-22 22:05:05.706663 | DEBUG    | MAIN LOGGER                    | IN set_state_included_for_childs(node, state): node = {'id_node': 1201, 'name_node': 'ПТ-1', 'id_parent': 12, 'order_node': '1', 'type_node': 'FORM', 'template_name': 'main', 'included': '1'}, state = False
24-Apr-22 22:05:05.707663 | DEBUG    | MAIN LOGGER                    | IN set_included_for_node(node, state): node = {'id_node': 1201, 'name_node': 'ПТ-1', 'id_parent': 12, 'order_node': '1', 'type_node': 'FORM', 'template_name': 'main', 'included': '1'}, state = False
24-Apr-22 22:05:05.707663 | DEBUG    | MAIN LOGGER                    | get_db_project_dirpath() -> str: C:/Users/hayar/OneDrive/Рабочий стол/Привет\project.db
24-Apr-22 22:05:05.712664 | DEBUG    | MAIN LOGGER                    | IN set_state_included_for_childs(node, state): node = {'id_node': 1201, 'name_node': 'ПТ-1', 'id_parent': 12, 'order_node': '1', 'type_node': 'FORM', 'template_name': 'main', 'included': '1'}, state = True
24-Apr-22 22:05:05.713667 | DEBUG    | MAIN LOGGER                    | IN set_included_for_node(node, state): node = {'id_node': 1201, 'name_node': 'ПТ-1', 'id_parent': 12, 'order_node': '1', 'type_node': 'FORM', 'template_name': 'main', 'included': '1'}, state = True
24-Apr-22 22:05:05.714666 | DEBUG    | MAIN LOGGER                    | get_db_project_dirpath() -> str: C:/Users/hayar/OneDrive/Рабочий стол/Привет\project.db
24-Apr-22 22:05:05.720738 | DEBUG    | MAIN LOGGER                    | IN dfs(parent_node): parent_node = {'id_node': 1201, 'name_node': 'ПТ-1', 'id_parent': 12, 'order_node': '1', 'type_node': 'FORM', 'template_name': 'main', 'included': '1'}
24-Apr-22 22:05:05.721742 | DEBUG    | MAIN LOGGER                    | IN get_childs(parent_node) -> list: parent_node = {'id_node': 1201, 'name_node': 'ПТ-1', 'id_parent': 12, 'order_node': '1', 'type_node': 'FORM', 'template_name': 'main', 'included': '1'}
24-Apr-22 22:05:05.721742 | DEBUG    | MAIN LOGGER                    | get_db_project_dirpath() -> str: C:/Users/hayar/OneDrive/Рабочий стол/Привет\project.db
24-Apr-22 22:05:05.723740 | DEBUG    | MAIN LOGGER                    | IN set_item_in_nodes_to_items(node): node = {'id_node': 1202, 'name_node': 'ПТ-2', 'id_parent': 12, 'order_node': '2', 'type_node': 'FORM', 'template_name': 'main', 'included': '1'}
24-Apr-22 22:05:05.724741 | DEBUG    | MAIN LOGGER                    | IN set_state_included_for_childs(node, state): node = {'id_node': 1202, 'name_node': 'ПТ-2', 'id_parent': 12, 'order_node': '2', 'type_node': 'FORM', 'template_name': 'main', 'included': '1'}, state = False
24-Apr-22 22:05:05.725740 | DEBUG    | MAIN LOGGER                    | IN set_included_for_node(node, state): node = {'id_node': 1202, 'name_node': 'ПТ-2', 'id_parent': 12, 'order_node': '2', 'type_node': 'FORM', 'template_name': 'main', 'included': '1'}, state = False
24-Apr-22 22:05:05.726740 | DEBUG    | MAIN LOGGER                    | get_db_project_dirpath() -> str: C:/Users/hayar/OneDrive/Рабочий стол/Привет\project.db
24-Apr-22 22:05:05.730740 | DEBUG    | MAIN LOGGER                    | IN set_state_included_for_childs(node, state): node = {'id_node': 1202, 'name_node': 'ПТ-2', 'id_parent': 12, 'order_node': '2', 'type_node': 'FORM', 'template_name': 'main', 'included': '1'}, state = True
24-Apr-22 22:05:05.731741 | DEBUG    | MAIN LOGGER                    | IN set_included_for_node(node, state): node = {'id_node': 1202, 'name_node': 'ПТ-2', 'id_parent': 12, 'order_node': '2', 'type_node': 'FORM', 'template_name': 'main', 'included': '1'}, state = True
24-Apr-22 22:05:05.732743 | DEBUG    | MAIN LOGGER                    | get_db_project_dirpath() -> str: C:/Users/hayar/OneDrive/Рабочий стол/Привет\project.db
24-Apr-22 22:05:05.737742 | DEBUG    | MAIN LOGGER                    | IN dfs(parent_node): parent_node = {'id_node': 1202, 'name_node': 'ПТ-2', 'id_parent': 12, 'order_node': '2', 'type_node': 'FORM', 'template_name': 'main', 'included': '1'}
24-Apr-22 22:05:05.738744 | DEBUG    | MAIN LOGGER                    | IN get_childs(parent_node) -> list: parent_node = {'id_node': 1202, 'name_node': 'ПТ-2', 'id_parent': 12, 'order_node': '2', 'type_node': 'FORM', 'template_name': 'main', 'included': '1'}
24-Apr-22 22:05:05.739745 | DEBUG    | MAIN LOGGER                    | get_db_project_dirpath() -> str: C:/Users/hayar/OneDrive/Рабочий стол/Привет\project.db
24-Apr-22 22:05:05.741744 | DEBUG    | MAIN LOGGER                    | IN set_item_in_nodes_to_items(node): node = {'id_node': 1203, 'name_node': 'ПТ-3', 'id_parent': 12, 'order_node': '3', 'type_node': 'FORM', 'template_name': 'main', 'included': '1'}
24-Apr-22 22:05:05.743744 | DEBUG    | MAIN LOGGER                    | IN set_state_included_for_childs(node, state): node = {'id_node': 1203, 'name_node': 'ПТ-3', 'id_parent': 12, 'order_node': '3', 'type_node': 'FORM', 'template_name': 'main', 'included': '1'}, state = False
24-Apr-22 22:05:05.743744 | DEBUG    | MAIN LOGGER                    | IN set_included_for_node(node, state): node = {'id_node': 1203, 'name_node': 'ПТ-3', 'id_parent': 12, 'order_node': '3', 'type_node': 'FORM', 'template_name': 'main', 'included': '1'}, state = False
24-Apr-22 22:05:05.744745 | DEBUG    | MAIN LOGGER                    | get_db_project_dirpath() -> str: C:/Users/hayar/OneDrive/Рабочий стол/Привет\project.db
24-Apr-22 22:05:05.749746 | DEBUG    | MAIN LOGGER                    | IN set_state_included_for_childs(node, state): node = {'id_node': 1203, 'name_node': 'ПТ-3', 'id_parent': 12, 'order_node': '3', 'type_node': 'FORM', 'template_name': 'main', 'included': '1'}, state = True
24-Apr-22 22:05:05.750746 | DEBUG    | MAIN LOGGER                    | IN set_included_for_node(node, state): node = {'id_node': 1203, 'name_node': 'ПТ-3', 'id_parent': 12, 'order_node': '3', 'type_node': 'FORM', 'template_name': 'main', 'included': '1'}, state = True
24-Apr-22 22:05:05.751746 | DEBUG    | MAIN LOGGER                    | get_db_project_dirpath() -> str: C:/Users/hayar/OneDrive/Рабочий стол/Привет\project.db
24-Apr-22 22:05:05.757747 | DEBUG    | MAIN LOGGER                    | IN dfs(parent_node): parent_node = {'id_node': 1203, 'name_node': 'ПТ-3', 'id_parent': 12, 'order_node': '3', 'type_node': 'FORM', 'template_name': 'main', 'included': '1'}
24-Apr-22 22:05:05.758748 | DEBUG    | MAIN LOGGER                    | IN get_childs(parent_node) -> list: parent_node = {'id_node': 1203, 'name_node': 'ПТ-3', 'id_parent': 12, 'order_node': '3', 'type_node': 'FORM', 'template_name': 'main', 'included': '1'}
24-Apr-22 22:05:05.759750 | DEBUG    | MAIN LOGGER                    | get_db_project_dirpath() -> str: C:/Users/hayar/OneDrive/Рабочий стол/Привет\project.db
24-Apr-22 22:05:05.761749 | DEBUG    | MAIN LOGGER                    | IN set_true_actives_project()                                                   
24-Apr-22 22:05:05.761749 | DEBUG    | MAIN LOGGER                    | set_message_for_statusbar(Проект c именем Привет открыт.)                       
24-Apr-22 22:05:06.553088 | DEBUG    | MAIN LOGGER                    | IN update_pages_template(node) : node = {'id_node': 11, 'name_node': 'Реестр документации', 'id_parent': 0, 'order_node': '2', 'type_node': 'FORM', 'template_name': 'main', 'included': '1'}
24-Apr-22 22:05:06.554095 | DEBUG    | MAIN LOGGER                    | IN get_pages_by_node(node) -> list: node = {'id_node': 11, 'name_node': 'Реестр документации', 'id_parent': 0, 'order_node': '2', 'type_node': 'FORM', 'template_name': 'main', 'included': '1'}
24-Apr-22 22:05:06.555096 | DEBUG    | MAIN LOGGER                    | get_db_project_dirpath() -> str: C:/Users/hayar/OneDrive/Рабочий стол/Привет\project.db
24-Apr-22 22:05:07.779118 | DEBUG    | MAIN LOGGER                    | IN item_clicked(current): current = <package.controllers.pagestemplate.MyListWidgetItem object at 0x00000241714E9940>
24-Apr-22 22:05:07.780111 | DEBUG    | MAIN LOGGER                    | IN add_page_for_datas(page): page = {'id_page': 20, 'id_node_parent': 11, 'page_name': 'Л.1. Реестр исполнительной документации ВОЛС.', 'template_name': '2-РД-1', 'page_order': 1, 'included': None}
24-Apr-22 22:05:07.781127 | DEBUG    | MAIN LOGGER                    | IN get_page_data(page) -> list: page = {'id_page': 20, 'id_node_parent': 11, 'page_name': 'Л.1. Реестр исполнительной документации ВОЛС.', 'template_name': '2-РД-1', 'page_order': 1, 'included': None}
24-Apr-22 22:05:07.781127 | DEBUG    | MAIN LOGGER                    | get_db_project_dirpath() -> str: C:/Users/hayar/OneDrive/Рабочий стол/Привет\project.db
24-Apr-22 22:05:07.783126 | DEBUG    | MAIN LOGGER                    | IN add_nodes_for_datas()                                                        
24-Apr-22 22:05:07.783126 | DEBUG    | MAIN LOGGER                    | IN get_node_parent_from_pages(page) -> object: page = {'id_page': 20, 'id_node_parent': 11, 'page_name': 'Л.1. Реестр исполнительной документации ВОЛС.', 'template_name': '2-РД-1', 'page_order': 1, 'included': None}
24-Apr-22 22:05:07.784126 | DEBUG    | MAIN LOGGER                    | get_db_project_dirpath() -> str: C:/Users/hayar/OneDrive/Рабочий стол/Привет\project.db
24-Apr-22 22:05:07.785128 | DEBUG    | MAIN LOGGER                    | IN add_node_for_datas(node): node = {'id_node': 11, 'name_node': 'Реестр документации', 'id_parent': 0, 'order_node': '2', 'type_node': 'FORM', 'template_name': 'main', 'included': '1'}
24-Apr-22 22:05:07.786129 | DEBUG    | MAIN LOGGER                    | IN get_node_data(node) -> list: node = {'id_node': 11, 'name_node': 'Реестр документации', 'id_parent': 0, 'order_node': '2', 'type_node': 'FORM', 'template_name': 'main', 'included': '1'}
24-Apr-22 22:05:07.786129 | DEBUG    | MAIN LOGGER                    | get_db_project_dirpath() -> str: C:/Users/hayar/OneDrive/Рабочий стол/Привет\project.db
24-Apr-22 22:05:07.788128 | DEBUG    | MAIN LOGGER                    | IN get_node_parent(node) -> object: node = {'id_node': 11, 'name_node': 'Реестр документации', 'id_parent': 0, 'order_node': '2', 'type_node': 'FORM', 'template_name': 'main', 'included': '1'}
24-Apr-22 22:05:07.789132 | DEBUG    | MAIN LOGGER                    | get_db_project_dirpath() -> str: C:/Users/hayar/OneDrive/Рабочий стол/Привет\project.db
24-Apr-22 22:05:07.790129 | DEBUG    | MAIN LOGGER                    | IN add_node_for_datas(node): node = {'id_node': 0, 'name_node': 'Проект', 'id_parent': None, 'order_node': '0', 'type_node': 'PROJECT', 'template_name': None, 'included': None}
24-Apr-22 22:05:07.790129 | DEBUG    | MAIN LOGGER                    | IN get_node_data(node) -> list: node = {'id_node': 0, 'name_node': 'Проект', 'id_parent': None, 'order_node': '0', 'type_node': 'PROJECT', 'template_name': None, 'included': None}
24-Apr-22 22:05:07.791130 | DEBUG    | MAIN LOGGER                    | get_db_project_dirpath() -> str: C:/Users/hayar/OneDrive/Рабочий стол/Привет\project.db
24-Apr-22 22:05:07.792130 | DEBUG    | MAIN LOGGER                    | IN get_node_parent(node) -> object: node = {'id_node': 0, 'name_node': 'Проект', 'id_parent': None, 'order_node': '0', 'type_node': 'PROJECT', 'template_name': None, 'included': None}
24-Apr-22 22:05:07.793133 | DEBUG    | MAIN LOGGER                    | get_db_project_dirpath() -> str: C:/Users/hayar/OneDrive/Рабочий стол/Привет\project.db
24-Apr-22 22:05:07.794130 | DEBUG    | MAIN LOGGER                    | IN update_scrollarea()                                                          
24-Apr-22 22:05:07.795130 | DEBUG    | MAIN LOGGER                    | IN delete_all_widgets_in_sa()                                                   
24-Apr-22 22:05:07.796125 | DEBUG    | MAIN LOGGER                    | IN add_page_for_datas(page): page = {'id_page': 20, 'id_node_parent': 11, 'page_name': 'Л.1. Реестр исполнительной документации ВОЛС.', 'template_name': '2-РД-1', 'page_order': 1, 'included': None}
24-Apr-22 22:05:07.797130 | DEBUG    | MAIN LOGGER                    | IN get_page_data(page) -> list: page = {'id_page': 20, 'id_node_parent': 11, 'page_name': 'Л.1. Реестр исполнительной документации ВОЛС.', 'template_name': '2-РД-1', 'page_order': 1, 'included': None}
24-Apr-22 22:05:07.797130 | DEBUG    | MAIN LOGGER                    | get_db_project_dirpath() -> str: C:/Users/hayar/OneDrive/Рабочий стол/Привет\project.db
24-Apr-22 22:05:07.798123 | DEBUG    | MAIN LOGGER                    | IN add_nodes_for_datas()                                                        
24-Apr-22 22:05:07.799130 | DEBUG    | MAIN LOGGER                    | IN get_node_parent_from_pages(page) -> object: page = {'id_page': 20, 'id_node_parent': 11, 'page_name': 'Л.1. Реестр исполнительной документации ВОЛС.', 'template_name': '2-РД-1', 'page_order': 1, 'included': None}
24-Apr-22 22:05:07.799130 | DEBUG    | MAIN LOGGER                    | get_db_project_dirpath() -> str: C:/Users/hayar/OneDrive/Рабочий стол/Привет\project.db
24-Apr-22 22:05:07.801134 | DEBUG    | MAIN LOGGER                    | IN add_node_for_datas(node): node = {'id_node': 11, 'name_node': 'Реестр документации', 'id_parent': 0, 'order_node': '2', 'type_node': 'FORM', 'template_name': 'main', 'included': '1'}
24-Apr-22 22:05:07.802127 | DEBUG    | MAIN LOGGER                    | IN get_node_data(node) -> list: node = {'id_node': 11, 'name_node': 'Реестр документации', 'id_parent': 0, 'order_node': '2', 'type_node': 'FORM', 'template_name': 'main', 'included': '1'}
24-Apr-22 22:05:07.802127 | DEBUG    | MAIN LOGGER                    | get_db_project_dirpath() -> str: C:/Users/hayar/OneDrive/Рабочий стол/Привет\project.db
24-Apr-22 22:05:07.803132 | DEBUG    | MAIN LOGGER                    | IN get_node_parent(node) -> object: node = {'id_node': 11, 'name_node': 'Реестр документации', 'id_parent': 0, 'order_node': '2', 'type_node': 'FORM', 'template_name': 'main', 'included': '1'}
24-Apr-22 22:05:07.803132 | DEBUG    | MAIN LOGGER                    | get_db_project_dirpath() -> str: C:/Users/hayar/OneDrive/Рабочий стол/Привет\project.db
24-Apr-22 22:05:07.804131 | DEBUG    | MAIN LOGGER                    | IN add_node_for_datas(node): node = {'id_node': 0, 'name_node': 'Проект', 'id_parent': None, 'order_node': '0', 'type_node': 'PROJECT', 'template_name': None, 'included': None}
24-Apr-22 22:05:07.805131 | DEBUG    | MAIN LOGGER                    | IN get_node_data(node) -> list: node = {'id_node': 0, 'name_node': 'Проект', 'id_parent': None, 'order_node': '0', 'type_node': 'PROJECT', 'template_name': None, 'included': None}
24-Apr-22 22:05:07.806135 | DEBUG    | MAIN LOGGER                    | get_db_project_dirpath() -> str: C:/Users/hayar/OneDrive/Рабочий стол/Привет\project.db
24-Apr-22 22:05:07.807118 | DEBUG    | MAIN LOGGER                    | IN get_node_parent(node) -> object: node = {'id_node': 0, 'name_node': 'Проект', 'id_parent': None, 'order_node': '0', 'type_node': 'PROJECT', 'template_name': None, 'included': None}
24-Apr-22 22:05:07.808128 | DEBUG    | MAIN LOGGER                    | get_db_project_dirpath() -> str: C:/Users/hayar/OneDrive/Рабочий стол/Привет\project.db
24-Apr-22 22:05:07.809132 | DEBUG    | MAIN LOGGER                    | IN add_sections_in_sa()                                                         
24-Apr-22 22:05:07.812133 | DEBUG    | MAIN LOGGER                    | IN get_config_content(id_content) -> list: id_content = 1200                    
24-Apr-22 22:05:07.813137 | DEBUG    | MAIN LOGGER                    | get_db_project_dirpath() -> str: C:/Users/hayar/OneDrive/Рабочий стол/Привет\project.db
24-Apr-22 22:05:07.814142 | DEBUG    | MAIN LOGGER                    | IN get_config_table(id_content) -> list: id_content = 1200                      
24-Apr-22 22:05:07.815127 | DEBUG    | MAIN LOGGER                    | get_db_project_dirpath() -> str: C:/Users/hayar/OneDrive/Рабочий стол/Привет\project.db
24-Apr-22 22:05:07.819135 | DEBUG    | MAIN LOGGER                    | create_table_from_value(self, json_data): data = [["", "", "", "", ""], ["", "", "", "", ""], ["", "", "", "", ""]]
24-Apr-22 22:05:07.821137 | DEBUG    | MAIN LOGGER                    | IN get_config_content(id_content) -> list: id_content = 1201                    
24-Apr-22 22:05:07.822130 | DEBUG    | MAIN LOGGER                    | get_db_project_dirpath() -> str: C:/Users/hayar/OneDrive/Рабочий стол/Привет\project.db
24-Apr-22 22:05:07.823130 | DEBUG    | MAIN LOGGER                    | IN get_config_table(id_content) -> list: id_content = 1201                      
24-Apr-22 22:05:07.823130 | DEBUG    | MAIN LOGGER                    | get_db_project_dirpath() -> str: C:/Users/hayar/OneDrive/Рабочий стол/Привет\project.db
24-Apr-22 22:05:07.827137 | DEBUG    | MAIN LOGGER                    | create_table_from_value(self, json_data): data = [["", "", "", "", ""], ["", "", "", "", ""], ["", "", "", "", ""], ["", "", "", "", ""]]
24-Apr-22 22:05:07.828143 | DEBUG    | MAIN LOGGER                    | IN get_config_content(id_content) -> list: id_content = 1202                    
24-Apr-22 22:05:07.829140 | DEBUG    | MAIN LOGGER                    | get_db_project_dirpath() -> str: C:/Users/hayar/OneDrive/Рабочий стол/Привет\project.db
24-Apr-22 22:05:07.830137 | DEBUG    | MAIN LOGGER                    | IN get_config_table(id_content) -> list: id_content = 1202                      
24-Apr-22 22:05:07.830137 | DEBUG    | MAIN LOGGER                    | get_db_project_dirpath() -> str: C:/Users/hayar/OneDrive/Рабочий стол/Привет\project.db
24-Apr-22 22:05:07.833137 | DEBUG    | MAIN LOGGER                    | create_table_from_value(self, json_data): data = None                           
24-Apr-22 22:05:07.845125 | DEBUG    | MAIN LOGGER                    | IN get_config_content(id_content) -> list: id_content = 1003                    
24-Apr-22 22:05:07.846134 | DEBUG    | MAIN LOGGER                    | get_db_project_dirpath() -> str: C:/Users/hayar/OneDrive/Рабочий стол/Привет\project.db
24-Apr-22 22:05:07.848127 | DEBUG    | MAIN LOGGER                    | FormText(self, pair, config_content): pair = {'id_pair': 100, 'id_node': 0, 'id_content': 1003, 'name_content': 'название_объекта', 'value': None}, config_content = {'id_content': 1003, 'name_content': 'название_объекта', 'type_content': 'TEXT', 'title_content': 'Название объекта', 'description_content': None, 'enable': None}
24-Apr-22 22:05:07.850127 | DEBUG    | MAIN LOGGER                    | IN get_config_content(id_content) -> list: id_content = 1004                    
24-Apr-22 22:05:07.851127 | DEBUG    | MAIN LOGGER                    | get_db_project_dirpath() -> str: C:/Users/hayar/OneDrive/Рабочий стол/Привет\project.db
24-Apr-22 22:05:07.852127 | DEBUG    | MAIN LOGGER                    | FormText(self, pair, config_content): pair = {'id_pair': 101, 'id_node': 0, 'id_content': 1004, 'name_content': 'участок', 'value': None}, config_content = {'id_content': 1004, 'name_content': 'участок', 'type_content': 'TEXT', 'title_content': 'Участок', 'description_content': None, 'enable': None}
24-Apr-22 22:05:07.854129 | DEBUG    | MAIN LOGGER                    | IN get_config_content(id_content) -> list: id_content = 1001                    
24-Apr-22 22:05:07.855128 | DEBUG    | MAIN LOGGER                    | get_db_project_dirpath() -> str: C:/Users/hayar/OneDrive/Рабочий стол/Привет\project.db
24-Apr-22 22:05:07.856140 | DEBUG    | MAIN LOGGER                    | FormText(self, pair, config_content): pair = {'id_pair': 102, 'id_node': 0, 'id_content': 1001, 'name_content': 'название_компании', 'value': None}, config_content = {'id_content': 1001, 'name_content': 'название_компании', 'type_content': 'TEXT', 'title_content': 'Название компании', 'description_content': None, 'enable': None}
24-Apr-22 22:05:10.866851 | DEBUG    | MAIN LOGGER                    | IN to_json(self) -> list:                                                       
24-Apr-22 22:05:10.866851 | DEBUG    | MAIN LOGGER                    | set_new_value_in_pair(self, pair, new_value): pair = {'id_pair': 300, 'id_page': 20, 'id_content': 1200, 'name_content': 'реестр_ид_паспорт_трассы', 'value': '[["", "", "", "", ""], ["", "", "", "", ""], ["", "", "", "", ""]]'}, new_value = [["dsffds", "", "", "", ""], ["", "", "", "", ""], ["", "", "", "", ""]]
24-Apr-22 22:05:12.339193 | DEBUG    | MAIN LOGGER                    | IN to_json(self) -> list:                                                       
24-Apr-22 22:05:12.340200 | DEBUG    | MAIN LOGGER                    | set_new_value_in_pair(self, pair, new_value): pair = {'id_pair': 300, 'id_page': 20, 'id_content': 1200, 'name_content': 'реестр_ид_паспорт_трассы', 'value': '[["dsffds", "", "", "", ""], ["", "", "", "", ""], ["", "", "", "", ""]]'}, new_value = [["dsffds", "", "", "", ""], ["", "", "dfssdf", "", ""], ["", "", "", "", ""]]
24-Apr-22 22:05:13.634875 | DEBUG    | MAIN LOGGER                    | IN to_json(self) -> list:                                                       
24-Apr-22 22:05:13.634875 | DEBUG    | MAIN LOGGER                    | set_new_value_in_pair(self, pair, new_value): pair = {'id_pair': 300, 'id_page': 20, 'id_content': 1200, 'name_content': 'реестр_ид_паспорт_трассы', 'value': '[["dsffds", "", "", "", ""], ["", "", "dfssdf", "", ""], ["", "", "", "", ""]]'}, new_value = [["1", "", "", "", ""], ["", "", "dfssdf", "", ""], ["", "", "", "", ""]]
24-Apr-22 22:05:14.373737 | DEBUG    | MAIN LOGGER                    | IN to_json(self) -> list:                                                       
24-Apr-22 22:05:14.374743 | DEBUG    | MAIN LOGGER                    | set_new_value_in_pair(self, pair, new_value): pair = {'id_pair': 300, 'id_page': 20, 'id_content': 1200, 'name_content': 'реестр_ид_паспорт_трассы', 'value': '[["1", "", "", "", ""], ["", "", "dfssdf", "", ""], ["", "", "", "", ""]]'}, new_value = [["1", "2", "", "", ""], ["", "", "dfssdf", "", ""], ["", "", "", "", ""]]
24-Apr-22 22:05:15.260057 | DEBUG    | MAIN LOGGER                    | IN to_json(self) -> list:                                                       
24-Apr-22 22:05:15.260057 | DEBUG    | MAIN LOGGER                    | set_new_value_in_pair(self, pair, new_value): pair = {'id_pair': 300, 'id_page': 20, 'id_content': 1200, 'name_content': 'реестр_ид_паспорт_трассы', 'value': '[["1", "2", "", "", ""], ["", "", "dfssdf", "", ""], ["", "", "", "", ""]]'}, new_value = [["1", "2", "222", "", ""], ["", "", "dfssdf", "", ""], ["", "", "", "", ""]]
24-Apr-22 22:05:16.032645 | DEBUG    | MAIN LOGGER                    | IN to_json(self) -> list:                                                       
24-Apr-22 22:05:16.032645 | DEBUG    | MAIN LOGGER                    | set_new_value_in_pair(self, pair, new_value): pair = {'id_pair': 300, 'id_page': 20, 'id_content': 1200, 'name_content': 'реестр_ид_паспорт_трассы', 'value': '[["1", "2", "222", "", ""], ["", "", "dfssdf", "", ""], ["", "", "", "", ""]]'}, new_value = [["1", "2", "222", "", ""], ["5656", "", "dfssdf", "", ""], ["", "", "", "", ""]]
24-Apr-22 22:05:17.482230 | DEBUG    | MAIN LOGGER                    | IN to_json(self) -> list:                                                       
24-Apr-22 22:05:17.483236 | DEBUG    | MAIN LOGGER                    | set_new_value_in_pair(self, pair, new_value): pair = {'id_pair': 300, 'id_page': 20, 'id_content': 1200, 'name_content': 'реестр_ид_паспорт_трассы', 'value': '[["1", "2", "222", "", ""], ["5656", "", "dfssdf", "", ""], ["", "", "", "", ""]]'}, new_value = [["1", "2", "55", "", ""], ["5656", "", "dfssdf", "", ""], ["", "", "", "", ""]]
24-Apr-22 22:05:17.958154 | DEBUG    | MAIN LOGGER                    | IN to_json(self) -> list:                                                       
24-Apr-22 22:05:17.958669 | DEBUG    | MAIN LOGGER                    | set_new_value_in_pair(self, pair, new_value): pair = {'id_pair': 300, 'id_page': 20, 'id_content': 1200, 'name_content': 'реестр_ид_паспорт_трассы', 'value': '[["1", "2", "55", "", ""], ["5656", "", "dfssdf", "", ""], ["", "", "", "", ""]]'}, new_value = [["1", "2", "55", "", ""], ["5656", "577", "dfssdf", "", ""], ["", "", "", "", ""]]
24-Apr-22 22:05:18.634342 | DEBUG    | MAIN LOGGER                    | IN to_json(self) -> list:                                                       
24-Apr-22 22:05:18.635359 | DEBUG    | MAIN LOGGER                    | set_new_value_in_pair(self, pair, new_value): pair = {'id_pair': 300, 'id_page': 20, 'id_content': 1200, 'name_content': 'реестр_ид_паспорт_трассы', 'value': '[["1", "2", "55", "", ""], ["5656", "577", "dfssdf", "", ""], ["", "", "", "", ""]]'}, new_value = [["1", "2", "55", "", ""], ["5656", "577", "5756", "", ""], ["", "", "", "", ""]]
24-Apr-22 22:05:23.400989 | DEBUG    | MAIN LOGGER                    | IN copy_values_to_clipboard()                                                   
24-Apr-22 22:05:28.271108 | DEBUG    | MAIN LOGGER                    | IN paste_values_from_clipboard()                                                
24-Apr-22 22:05:28.272122 | DEBUG    | MAIN LOGGER                    | IN to_json(self) -> list:                                                       
24-Apr-22 22:05:28.273109 | DEBUG    | MAIN LOGGER                    | set_new_value_in_pair(self, pair, new_value): pair = {'id_pair': 301, 'id_page': 20, 'id_content': 1201, 'name_content': 'реестр_ид_эл_паспорт_трассы', 'value': '[["", "", "", "", ""], ["", "", "", "", ""], ["", "", "", "", ""], ["", "", "", "", ""]]'}, new_value = [["1", "", "", "", ""], ["", "", "", "", ""], ["", "", "", "", ""], ["", "", "", "", ""]]
24-Apr-22 22:05:28.274116 | DEBUG    | MAIN LOGGER                    | IN to_json(self) -> list:                                                       
24-Apr-22 22:05:28.275117 | DEBUG    | MAIN LOGGER                    | set_new_value_in_pair(self, pair, new_value): pair = {'id_pair': 301, 'id_page': 20, 'id_content': 1201, 'name_content': 'реестр_ид_эл_паспорт_трассы', 'value': '[["1", "", "", "", ""], ["", "", "", "", ""], ["", "", "", "", ""], ["", "", "", "", ""]]'}, new_value = [["1", "2", "", "", ""], ["", "", "", "", ""], ["", "", "", "", ""], ["", "", "", "", ""]]
24-Apr-22 22:05:28.276118 | DEBUG    | MAIN LOGGER                    | IN to_json(self) -> list:                                                       
24-Apr-22 22:05:28.277120 | DEBUG    | MAIN LOGGER                    | set_new_value_in_pair(self, pair, new_value): pair = {'id_pair': 301, 'id_page': 20, 'id_content': 1201, 'name_content': 'реестр_ид_эл_паспорт_трассы', 'value': '[["1", "2", "", "", ""], ["", "", "", "", ""], ["", "", "", "", ""], ["", "", "", "", ""]]'}, new_value = [["1", "2", "55", "", ""], ["", "", "", "", ""], ["", "", "", "", ""], ["", "", "", "", ""]]
24-Apr-22 22:05:28.278124 | DEBUG    | MAIN LOGGER                    | IN to_json(self) -> list:                                                       
24-Apr-22 22:05:28.279111 | DEBUG    | MAIN LOGGER                    | set_new_value_in_pair(self, pair, new_value): pair = {'id_pair': 301, 'id_page': 20, 'id_content': 1201, 'name_content': 'реестр_ид_эл_паспорт_трассы', 'value': '[["1", "2", "55", "", ""], ["", "", "", "", ""], ["", "", "", "", ""], ["", "", "", "", ""]]'}, new_value = [["1", "2", "55", "", ""], ["5656", "", "", "", ""], ["", "", "", "", ""], ["", "", "", "", ""]]
24-Apr-22 22:05:28.280109 | DEBUG    | MAIN LOGGER                    | IN to_json(self) -> list:                                                       
24-Apr-22 22:05:28.280109 | DEBUG    | MAIN LOGGER                    | set_new_value_in_pair(self, pair, new_value): pair = {'id_pair': 301, 'id_page': 20, 'id_content': 1201, 'name_content': 'реестр_ид_эл_паспорт_трассы', 'value': '[["1", "2", "55", "", ""], ["5656", "", "", "", ""], ["", "", "", "", ""], ["", "", "", "", ""]]'}, new_value = [["1", "2", "55", "", ""], ["5656", "577", "", "", ""], ["", "", "", "", ""], ["", "", "", "", ""]]
24-Apr-22 22:05:28.281119 | DEBUG    | MAIN LOGGER                    | IN to_json(self) -> list:                                                       
24-Apr-22 22:05:28.282114 | DEBUG    | MAIN LOGGER                    | set_new_value_in_pair(self, pair, new_value): pair = {'id_pair': 301, 'id_page': 20, 'id_content': 1201, 'name_content': 'реестр_ид_эл_паспорт_трассы', 'value': '[["1", "2", "55", "", ""], ["5656", "577", "", "", ""], ["", "", "", "", ""], ["", "", "", "", ""]]'}, new_value = [["1", "2", "55", "", ""], ["5656", "577", "5756", "", ""], ["", "", "", "", ""], ["", "", "", "", ""]]
24-Apr-22 22:05:30.284213 | DEBUG    | MAIN LOGGER                    | IN paste_values_from_clipboard()                                                
24-Apr-22 22:05:30.285203 | DEBUG    | MAIN LOGGER                    | IN to_json(self) -> list:                                                       
24-Apr-22 22:05:30.285203 | DEBUG    | MAIN LOGGER                    | set_new_value_in_pair(self, pair, new_value): pair = {'id_pair': 301, 'id_page': 20, 'id_content': 1201, 'name_content': 'реестр_ид_эл_паспорт_трассы', 'value': '[["1", "2", "55", "", ""], ["5656", "577", "5756", "", ""], ["", "", "", "", ""], ["", "", "", "", ""]]'}, new_value = [["1", "1", "55", "", ""], ["5656", "577", "5756", "", ""], ["", "", "", "", ""], ["", "", "", "", ""]]
24-Apr-22 22:05:30.287201 | DEBUG    | MAIN LOGGER                    | IN to_json(self) -> list:                                                       
24-Apr-22 22:05:30.287201 | DEBUG    | MAIN LOGGER                    | set_new_value_in_pair(self, pair, new_value): pair = {'id_pair': 301, 'id_page': 20, 'id_content': 1201, 'name_content': 'реестр_ид_эл_паспорт_трассы', 'value': '[["1", "1", "55", "", ""], ["5656", "577", "5756", "", ""], ["", "", "", "", ""], ["", "", "", "", ""]]'}, new_value = [["1", "1", "2", "", ""], ["5656", "577", "5756", "", ""], ["", "", "", "", ""], ["", "", "", "", ""]]
24-Apr-22 22:05:30.288200 | DEBUG    | MAIN LOGGER                    | IN to_json(self) -> list:                                                       
24-Apr-22 22:05:30.289208 | DEBUG    | MAIN LOGGER                    | set_new_value_in_pair(self, pair, new_value): pair = {'id_pair': 301, 'id_page': 20, 'id_content': 1201, 'name_content': 'реестр_ид_эл_паспорт_трассы', 'value': '[["1", "1", "2", "", ""], ["5656", "577", "5756", "", ""], ["", "", "", "", ""], ["", "", "", "", ""]]'}, new_value = [["1", "1", "2", "55", ""], ["5656", "577", "5756", "", ""], ["", "", "", "", ""], ["", "", "", "", ""]]
24-Apr-22 22:05:30.290208 | DEBUG    | MAIN LOGGER                    | IN to_json(self) -> list:                                                       
24-Apr-22 22:05:30.290208 | DEBUG    | MAIN LOGGER                    | set_new_value_in_pair(self, pair, new_value): pair = {'id_pair': 301, 'id_page': 20, 'id_content': 1201, 'name_content': 'реестр_ид_эл_паспорт_трассы', 'value': '[["1", "1", "2", "55", ""], ["5656", "577", "5756", "", ""], ["", "", "", "", ""], ["", "", "", "", ""]]'}, new_value = [["1", "1", "2", "55", ""], ["5656", "5656", "5756", "", ""], ["", "", "", "", ""], ["", "", "", "", ""]]
24-Apr-22 22:05:30.292216 | DEBUG    | MAIN LOGGER                    | IN to_json(self) -> list:                                                       
24-Apr-22 22:05:30.292216 | DEBUG    | MAIN LOGGER                    | set_new_value_in_pair(self, pair, new_value): pair = {'id_pair': 301, 'id_page': 20, 'id_content': 1201, 'name_content': 'реестр_ид_эл_паспорт_трассы', 'value': '[["1", "1", "2", "55", ""], ["5656", "5656", "5756", "", ""], ["", "", "", "", ""], ["", "", "", "", ""]]'}, new_value = [["1", "1", "2", "55", ""], ["5656", "5656", "577", "", ""], ["", "", "", "", ""], ["", "", "", "", ""]]
24-Apr-22 22:05:30.293202 | DEBUG    | MAIN LOGGER                    | IN to_json(self) -> list:                                                       
24-Apr-22 22:05:30.294209 | DEBUG    | MAIN LOGGER                    | set_new_value_in_pair(self, pair, new_value): pair = {'id_pair': 301, 'id_page': 20, 'id_content': 1201, 'name_content': 'реестр_ид_эл_паспорт_трассы', 'value': '[["1", "1", "2", "55", ""], ["5656", "5656", "577", "", ""], ["", "", "", "", ""], ["", "", "", "", ""]]'}, new_value = [["1", "1", "2", "55", ""], ["5656", "5656", "577", "5756", ""], ["", "", "", "", ""], ["", "", "", "", ""]]
24-Apr-22 22:05:40.235307 | DEBUG    | MAIN LOGGER                    | IN copy_values_to_clipboard()                                                   
24-Apr-22 22:05:41.288869 | DEBUG    | MAIN LOGGER                    | IN paste_values_from_clipboard()                                                
24-Apr-22 22:05:41.289884 | DEBUG    | MAIN LOGGER                    | IN to_json(self) -> list:                                                       
24-Apr-22 22:05:41.289884 | DEBUG    | MAIN LOGGER                    | set_new_value_in_pair(self, pair, new_value): pair = {'id_pair': 300, 'id_page': 20, 'id_content': 1200, 'name_content': 'реестр_ид_паспорт_трассы', 'value': '[["1", "2", "55", "", ""], ["5656", "577", "5756", "", ""], ["", "", "", "", ""]]'}, new_value = [["1", "2", "55", "", ""], ["5656", "577", "2", "", ""], ["", "", "", "", ""]]
24-Apr-22 22:05:41.291870 | DEBUG    | MAIN LOGGER                    | IN to_json(self) -> list:                                                       
24-Apr-22 22:05:41.291870 | DEBUG    | MAIN LOGGER                    | set_new_value_in_pair(self, pair, new_value): pair = {'id_pair': 300, 'id_page': 20, 'id_content': 1200, 'name_content': 'реестр_ид_паспорт_трассы', 'value': '[["1", "2", "55", "", ""], ["5656", "577", "2", "", ""], ["", "", "", "", ""]]'}, new_value = [["1", "2", "55", "", ""], ["5656", "577", "2", "55", ""], ["", "", "", "", ""]]
24-Apr-22 22:05:41.292878 | DEBUG    | MAIN LOGGER                    | IN to_json(self) -> list:                                                       
24-Apr-22 22:05:41.293878 | DEBUG    | MAIN LOGGER                    | set_new_value_in_pair(self, pair, new_value): pair = {'id_pair': 300, 'id_page': 20, 'id_content': 1200, 'name_content': 'реестр_ид_паспорт_трассы', 'value': '[["1", "2", "55", "", ""], ["5656", "577", "2", "55", ""], ["", "", "", "", ""]]'}, new_value = [["1", "2", "55", "", ""], ["5656", "577", "2", "55", ""], ["", "", "577", "", ""]]
24-Apr-22 22:05:41.294872 | DEBUG    | MAIN LOGGER                    | IN to_json(self) -> list:                                                       
24-Apr-22 22:05:41.295873 | DEBUG    | MAIN LOGGER                    | set_new_value_in_pair(self, pair, new_value): pair = {'id_pair': 300, 'id_page': 20, 'id_content': 1200, 'name_content': 'реестр_ид_паспорт_трассы', 'value': '[["1", "2", "55", "", ""], ["5656", "577", "2", "55", ""], ["", "", "577", "", ""]]'}, new_value = [["1", "2", "55", "", ""], ["5656", "577", "2", "55", ""], ["", "", "577", "5756", ""]]
24-Apr-22 22:05:42.790075 | DEBUG    | MAIN LOGGER                    | IN paste_values_from_clipboard()                                                
24-Apr-22 22:05:42.791095 | DEBUG    | MAIN LOGGER                    | IN to_json(self) -> list:                                                       
24-Apr-22 22:05:42.791095 | DEBUG    | MAIN LOGGER                    | set_new_value_in_pair(self, pair, new_value): pair = {'id_pair': 300, 'id_page': 20, 'id_content': 1200, 'name_content': 'реестр_ид_паспорт_трассы', 'value': '[["1", "2", "55", "", ""], ["5656", "577", "2", "55", ""], ["", "", "577", "5756", ""]]'}, new_value = [["1", "2", "55", "2", ""], ["5656", "577", "2", "55", ""], ["", "", "577", "5756", ""]]
24-Apr-22 22:05:42.793079 | DEBUG    | MAIN LOGGER                    | IN to_json(self) -> list:                                                       
24-Apr-22 22:05:42.793079 | DEBUG    | MAIN LOGGER                    | set_new_value_in_pair(self, pair, new_value): pair = {'id_pair': 300, 'id_page': 20, 'id_content': 1200, 'name_content': 'реестр_ид_паспорт_трассы', 'value': '[["1", "2", "55", "2", ""], ["5656", "577", "2", "55", ""], ["", "", "577", "5756", ""]]'}, new_value = [["1", "2", "55", "2", "55"], ["5656", "577", "2", "55", ""], ["", "", "577", "5756", ""]]
24-Apr-22 22:05:42.794085 | DEBUG    | MAIN LOGGER                    | IN to_json(self) -> list:                                                       
24-Apr-22 22:05:42.795086 | DEBUG    | MAIN LOGGER                    | set_new_value_in_pair(self, pair, new_value): pair = {'id_pair': 300, 'id_page': 20, 'id_content': 1200, 'name_content': 'реестр_ид_паспорт_трассы', 'value': '[["1", "2", "55", "2", "55"], ["5656", "577", "2", "55", ""], ["", "", "577", "5756", ""]]'}, new_value = [["1", "2", "55", "2", "55"], ["5656", "577", "2", "577", ""], ["", "", "577", "5756", ""]]
24-Apr-22 22:05:42.796087 | DEBUG    | MAIN LOGGER                    | IN to_json(self) -> list:                                                       
24-Apr-22 22:05:42.797078 | DEBUG    | MAIN LOGGER                    | set_new_value_in_pair(self, pair, new_value): pair = {'id_pair': 300, 'id_page': 20, 'id_content': 1200, 'name_content': 'реестр_ид_паспорт_трассы', 'value': '[["1", "2", "55", "2", "55"], ["5656", "577", "2", "577", ""], ["", "", "577", "5756", ""]]'}, new_value = [["1", "2", "55", "2", "55"], ["5656", "577", "2", "577", "5756"], ["", "", "577", "5756", ""]]
24-Apr-22 22:05:44.888947 | DEBUG    | MAIN LOGGER                    | IN copy_values_to_clipboard()                                                   
24-Apr-22 22:05:46.834737 | DEBUG    | MAIN LOGGER                    | IN paste_values_from_clipboard()                                                
24-Apr-22 22:05:46.835737 | DEBUG    | MAIN LOGGER                    | IN to_json(self) -> list:                                                       
24-Apr-22 22:05:46.835737 | DEBUG    | MAIN LOGGER                    | set_new_value_in_pair(self, pair, new_value): pair = {'id_pair': 300, 'id_page': 20, 'id_content': 1200, 'name_content': 'реестр_ид_паспорт_трассы', 'value': '[["1", "2", "55", "2", "55"], ["5656", "577", "2", "577", "5756"], ["", "", "577", "5756", ""]]'}, new_value = [["1", "2", "1", "2", "55"], ["5656", "577", "2", "577", "5756"], ["", "", "577", "5756", ""]]
24-Apr-22 22:05:46.836738 | DEBUG    | MAIN LOGGER                    | IN to_json(self) -> list:                                                       
24-Apr-22 22:05:46.837737 | DEBUG    | MAIN LOGGER                    | set_new_value_in_pair(self, pair, new_value): pair = {'id_pair': 300, 'id_page': 20, 'id_content': 1200, 'name_content': 'реестр_ид_паспорт_трассы', 'value': '[["1", "2", "1", "2", "55"], ["5656", "577", "2", "577", "5756"], ["", "", "577", "5756", ""]]'}, new_value = [["1", "2", "1", "2", ""], ["5656", "577", "2", "577", "5756"], ["", "", "577", "5756", ""]]
24-Apr-22 22:05:46.838738 | DEBUG    | MAIN LOGGER                    | IN to_json(self) -> list:                                                       
24-Apr-22 22:05:46.838738 | DEBUG    | MAIN LOGGER                    | set_new_value_in_pair(self, pair, new_value): pair = {'id_pair': 300, 'id_page': 20, 'id_content': 1200, 'name_content': 'реестр_ид_паспорт_трассы', 'value': '[["1", "2", "1", "2", ""], ["5656", "577", "2", "577", "5756"], ["", "", "577", "5756", ""]]'}, new_value = [["1", "2", "1", "2", ""], ["5656", "577", "5656", "577", "5756"], ["", "", "577", "5756", ""]]
24-Apr-22 22:05:46.839738 | DEBUG    | MAIN LOGGER                    | IN to_json(self) -> list:                                                       
24-Apr-22 22:05:46.840739 | DEBUG    | MAIN LOGGER                    | set_new_value_in_pair(self, pair, new_value): pair = {'id_pair': 300, 'id_page': 20, 'id_content': 1200, 'name_content': 'реестр_ид_паспорт_трассы', 'value': '[["1", "2", "1", "2", ""], ["5656", "577", "5656", "577", "5756"], ["", "", "577", "5756", ""]]'}, new_value = [["1", "2", "1", "2", ""], ["5656", "577", "5656", "577", ""], ["", "", "577", "5756", ""]]
24-Apr-22 22:05:46.840739 | DEBUG    | MAIN LOGGER                    | IN to_json(self) -> list:                                                       
24-Apr-22 22:05:46.841740 | DEBUG    | MAIN LOGGER                    | set_new_value_in_pair(self, pair, new_value): pair = {'id_pair': 300, 'id_page': 20, 'id_content': 1200, 'name_content': 'реестр_ид_паспорт_трассы', 'value': '[["1", "2", "1", "2", ""], ["5656", "577", "5656", "577", ""], ["", "", "577", "5756", ""]]'}, new_value = [["1", "2", "1", "2", ""], ["5656", "577", "5656", "577", ""], ["", "", "", "5756", ""]]
24-Apr-22 22:05:46.842740 | DEBUG    | MAIN LOGGER                    | IN to_json(self) -> list:                                                       
24-Apr-22 22:05:46.843740 | DEBUG    | MAIN LOGGER                    | set_new_value_in_pair(self, pair, new_value): pair = {'id_pair': 300, 'id_page': 20, 'id_content': 1200, 'name_content': 'реестр_ид_паспорт_трассы', 'value': '[["1", "2", "1", "2", ""], ["5656", "577", "5656", "577", ""], ["", "", "", "5756", ""]]'}, new_value = [["1", "2", "1", "2", ""], ["5656", "577", "5656", "577", ""], ["", "", "", "", ""]]
24-Apr-22 22:05:52.916746 | DEBUG    | MAIN LOGGER                    | IN copy_values_to_clipboard()                                                   
24-Apr-22 22:05:54.130937 | DEBUG    | MAIN LOGGER                    | IN paste_values_from_clipboard()                                                
24-Apr-22 22:05:54.131946 | DEBUG    | MAIN LOGGER                    | IN to_json(self) -> list:                                                       
24-Apr-22 22:05:54.132953 | DEBUG    | MAIN LOGGER                    | set_new_value_in_pair(self, pair, new_value): pair = {'id_pair': 300, 'id_page': 20, 'id_content': 1200, 'name_content': 'реестр_ид_паспорт_трассы', 'value': '[["1", "2", "1", "2", ""], ["5656", "577", "5656", "577", ""], ["", "", "", "", ""]]'}, new_value = [["1", "2", "1", "2", "1"], ["5656", "577", "5656", "577", ""], ["", "", "", "", ""]]
24-Apr-22 22:05:54.133940 | DEBUG    | MAIN LOGGER                    | IN to_json(self) -> list:                                                       
24-Apr-22 22:05:54.133940 | DEBUG    | MAIN LOGGER                    | set_new_value_in_pair(self, pair, new_value): pair = {'id_pair': 300, 'id_page': 20, 'id_content': 1200, 'name_content': 'реестр_ид_паспорт_трассы', 'value': '[["1", "2", "1", "2", "1"], ["5656", "577", "5656", "577", ""], ["", "", "", "", ""]]'}, new_value = [["1", "2", "1", "2", "1"], ["5656", "577", "5656", "577", "5656"], ["", "", "", "", ""]]
24-Apr-22 22:07:56.954895 | DEBUG    | MAIN LOGGER                    | IN paste_values_from_clipboard()                                                
24-Apr-22 22:07:56.955897 | DEBUG    | MAIN LOGGER                    | IN to_json(self) -> list:                                                       
24-Apr-22 22:07:56.955897 | DEBUG    | MAIN LOGGER                    | set_new_value_in_pair(self, pair, new_value): pair = {'id_pair': 300, 'id_page': 20, 'id_content': 1200, 'name_content': 'реестр_ид_паспорт_трассы', 'value': '[["1", "2", "1", "2", "1"], ["5656", "577", "5656", "577", "5656"], ["", "", "", "", ""]]'}, new_value = [["selected_items", "2", "1", "2", "1"], ["5656", "577", "5656", "577", "5656"], ["", "", "", "", ""]]
