24-Apr-20 21:07:15.915274 | DEBUG    | MAIN LOGGER                    | Config logger                                                                   
24-Apr-20 21:07:15.916275 | DEBUG    | MAIN LOGGER                    | IN create_and_config_files_and_folders()                                        
24-Apr-20 21:07:15.917276 | DEBUG    | MAIN LOGGER                    | get_default_folder_projects_dirpath() -> str: C:/Users/hayar/OneDrive/Документы\AutoExecDoc Projects
24-Apr-20 21:07:15.918279 | DEBUG    | MAIN LOGGER                    | IN create_and_config_db_settings()                                              
24-Apr-20 21:07:15.918279 | DEBUG    | MAIN LOGGER                    | get_db_settings_dirpath() -> str: d:\work\project\AutoExecDoc\db\settings.db    
24-Apr-20 21:07:15.959285 | DEBUG    | MAIN LOGGER                    | IN config_controllers()                                                         
24-Apr-20 21:07:15.960287 | DEBUG    | MAIN LOGGER                    | IN connect_statusbar(statusbar)                                                 
24-Apr-20 21:07:15.961287 | DEBUG    | MAIN LOGGER                    | set_message_for_statusbar(Проект не открыт)                                     
24-Apr-20 21:07:15.961287 | DEBUG    | MAIN LOGGER                    | IN connect_structureexecdoc(tr_sed, title_sed)                                  
24-Apr-20 21:07:15.962286 | DEBUG    | MAIN LOGGER                    | IN clear_tr_sed()                                                               
24-Apr-20 21:07:15.963287 | DEBUG    | MAIN LOGGER                    | IN connect_pages_template(lw_pt)                                                
24-Apr-20 21:07:15.964288 | DEBUG    | MAIN LOGGER                    | IN connect_inputforms(sa_if, sa_ifl)                                            
24-Apr-20 21:07:15.965287 | DEBUG    | MAIN LOGGER                    | IN connecting_actions()                                                         
24-Apr-20 21:07:18.184403 | DEBUG    | MAIN LOGGER                    | IN open_project()                                                               
24-Apr-20 21:07:18.184403 | DEBUG    | MAIN LOGGER                    | get_default_folder_projects_dirpath() -> str: C:/Users/hayar/OneDrive/Документы\AutoExecDoc Projects
24-Apr-20 21:07:19.660319 | DEBUG    | MAIN LOGGER                    | select_folder_for_open_project() -> C:/Users/hayar/OneDrive/Документы/AutoExecDoc Projects/Радуга
24-Apr-20 21:07:19.660319 | DEBUG    | MAIN LOGGER                    | IN set_project_dirpaths(folder_path: str): folder_path = C:/Users/hayar/OneDrive/Документы/AutoExecDoc Projects/Радуга
24-Apr-20 21:07:19.661320 | DEBUG    | MAIN LOGGER                    | set_project_dirpath(dirpath: str): dirpath = C:/Users/hayar/OneDrive/Документы/AutoExecDoc Projects/Радуга
24-Apr-20 21:07:19.661320 | DEBUG    | MAIN LOGGER                    | get_project_dirpath() -> str: C:/Users/hayar/OneDrive/Документы/AutoExecDoc Projects/Радуга
24-Apr-20 21:07:19.662319 | DEBUG    | MAIN LOGGER                    | set_db_project_dirpath(dirpath: str): dirpath = C:/Users/hayar/OneDrive/Документы/AutoExecDoc Projects/Радуга\project.db
24-Apr-20 21:07:19.662319 | DEBUG    | MAIN LOGGER                    | IN config_open_project()                                                        
24-Apr-20 21:07:19.663320 | DEBUG    | MAIN LOGGER                    | get_project_dirpath() -> str: C:/Users/hayar/OneDrive/Документы/AutoExecDoc Projects/Радуга
24-Apr-20 21:07:19.663320 | DEBUG    | MAIN LOGGER                    | IN add_or_update_open_project_to_db()                                           
24-Apr-20 21:07:19.664320 | DEBUG    | MAIN LOGGER                    | get_db_settings_dirpath() -> str: d:\work\project\AutoExecDoc\db\settings.db    
24-Apr-20 21:07:19.665322 | DEBUG    | MAIN LOGGER                    | get_project_dirpath() -> str: C:/Users/hayar/OneDrive/Документы/AutoExecDoc Projects/Радуга
24-Apr-20 21:07:19.666320 | DEBUG    | MAIN LOGGER                    | get_project_dirpath() -> str: C:/Users/hayar/OneDrive/Документы/AutoExecDoc Projects/Радуга
24-Apr-20 21:07:19.667320 | DEBUG    | MAIN LOGGER                    | IN update_project_to_db()                                                       
24-Apr-20 21:07:19.667320 | DEBUG    | MAIN LOGGER                    | get_db_settings_dirpath() -> str: d:\work\project\AutoExecDoc\db\settings.db    
24-Apr-20 21:07:19.668323 | DEBUG    | MAIN LOGGER                    | get_project_dirpath() -> str: C:/Users/hayar/OneDrive/Документы/AutoExecDoc Projects/Радуга
24-Apr-20 21:07:19.668323 | DEBUG    | MAIN LOGGER                    | get_project_dirpath() -> str: C:/Users/hayar/OneDrive/Документы/AutoExecDoc Projects/Радуга
24-Apr-20 21:07:19.673988 | DEBUG    | MAIN LOGGER                    | IN create_and_config_db_project()                                               
24-Apr-20 21:07:19.673988 | DEBUG    | MAIN LOGGER                    | get_db_project_dirpath() -> str: C:/Users/hayar/OneDrive/Документы/AutoExecDoc Projects/Радуга\project.db
24-Apr-20 21:07:19.674992 | DEBUG    | MAIN LOGGER                    | IN update_structure_exec_doc()                                                  
24-Apr-20 21:07:19.674992 | DEBUG    | MAIN LOGGER                    | IN clear_tr_sed()                                                               
24-Apr-20 21:07:19.675993 | DEBUG    | MAIN LOGGER                    | get_current_name() -> str: Радуга                                               
24-Apr-20 21:07:19.676993 | DEBUG    | MAIN LOGGER                    | IN get_project_node()                                                           
24-Apr-20 21:07:19.676993 | DEBUG    | MAIN LOGGER                    | get_db_project_dirpath() -> str: C:/Users/hayar/OneDrive/Документы/AutoExecDoc Projects/Радуга\project.db
24-Apr-20 21:07:19.677992 | DEBUG    | MAIN LOGGER                    | IN dfs(parent_node): parent_node = {'id_node': 0, 'name_node': 'Проект', 'id_parent': None, 'order_node': '0', 'type_node': 'PROJECT', 'template_name': None, 'folder_form': None, 'name_json': 'project', 'included': None}
24-Apr-20 21:07:19.678993 | DEBUG    | MAIN LOGGER                    | IN get_childs({'id_node': 0, 'name_node': 'Проект', 'id_parent': None, 'order_node': '0', 'type_node': 'PROJECT', 'template_name': None, 'folder_form': None, 'name_json': 'project', 'included': None}: int) 
24-Apr-20 21:07:19.679992 | DEBUG    | MAIN LOGGER                    | get_db_project_dirpath() -> str: C:/Users/hayar/OneDrive/Документы/AutoExecDoc Projects/Радуга\project.db
24-Apr-20 21:07:19.680993 | DEBUG    | MAIN LOGGER                    | IN set_item_in_nodes_to_items(node): node = {'id_node': 10, 'name_node': 'Титульный лист', 'id_parent': 0, 'order_node': '1', 'type_node': 'FORM', 'template_name': 'main', 'folder_form': '1-ТЛ', 'name_json': '1-ТЛ', 'included': '1'}
24-Apr-20 21:07:19.681993 | DEBUG    | MAIN LOGGER                    | IN set_state_included_for_childs(node, state): node = {'id_node': 10, 'name_node': 'Титульный лист', 'id_parent': 0, 'order_node': '1', 'type_node': 'FORM', 'template_name': 'main', 'folder_form': '1-ТЛ', 'name_json': '1-ТЛ', 'included': '1'}, state = False
24-Apr-20 21:07:19.682993 | DEBUG    | MAIN LOGGER                    | set_included_for_node(node, state): node = {'id_node': 10, 'name_node': 'Титульный лист', 'id_parent': 0, 'order_node': '1', 'type_node': 'FORM', 'template_name': 'main', 'folder_form': '1-ТЛ', 'name_json': '1-ТЛ', 'included': '1'}, state = False
24-Apr-20 21:07:19.682993 | DEBUG    | MAIN LOGGER                    | get_db_project_dirpath() -> str: C:/Users/hayar/OneDrive/Документы/AutoExecDoc Projects/Радуга\project.db
24-Apr-20 21:07:19.693995 | DEBUG    | MAIN LOGGER                    | IN set_state_included_for_childs(node, state): node = {'id_node': 10, 'name_node': 'Титульный лист', 'id_parent': 0, 'order_node': '1', 'type_node': 'FORM', 'template_name': 'main', 'folder_form': '1-ТЛ', 'name_json': '1-ТЛ', 'included': '1'}, state = True
24-Apr-20 21:07:19.694995 | DEBUG    | MAIN LOGGER                    | set_included_for_node(node, state): node = {'id_node': 10, 'name_node': 'Титульный лист', 'id_parent': 0, 'order_node': '1', 'type_node': 'FORM', 'template_name': 'main', 'folder_form': '1-ТЛ', 'name_json': '1-ТЛ', 'included': '1'}, state = True
24-Apr-20 21:07:19.695996 | DEBUG    | MAIN LOGGER                    | get_db_project_dirpath() -> str: C:/Users/hayar/OneDrive/Документы/AutoExecDoc Projects/Радуга\project.db
24-Apr-20 21:07:19.700996 | DEBUG    | MAIN LOGGER                    | IN dfs(parent_node): parent_node = {'id_node': 10, 'name_node': 'Титульный лист', 'id_parent': 0, 'order_node': '1', 'type_node': 'FORM', 'template_name': 'main', 'folder_form': '1-ТЛ', 'name_json': '1-ТЛ', 'included': '1'}
24-Apr-20 21:07:19.701997 | DEBUG    | MAIN LOGGER                    | IN get_childs({'id_node': 10, 'name_node': 'Титульный лист', 'id_parent': 0, 'order_node': '1', 'type_node': 'FORM', 'template_name': 'main', 'folder_form': '1-ТЛ', 'name_json': '1-ТЛ', 'included': '1'}: int) 
24-Apr-20 21:07:19.702999 | DEBUG    | MAIN LOGGER                    | get_db_project_dirpath() -> str: C:/Users/hayar/OneDrive/Документы/AutoExecDoc Projects/Радуга\project.db
24-Apr-20 21:07:19.704999 | DEBUG    | MAIN LOGGER                    | IN set_item_in_nodes_to_items(node): node = {'id_node': 11, 'name_node': 'Реестр документации', 'id_parent': 0, 'order_node': '2', 'type_node': 'FORM', 'template_name': 'main', 'folder_form': '2-РД', 'name_json': None, 'included': '1'}
24-Apr-20 21:07:19.706000 | DEBUG    | MAIN LOGGER                    | IN set_state_included_for_childs(node, state): node = {'id_node': 11, 'name_node': 'Реестр документации', 'id_parent': 0, 'order_node': '2', 'type_node': 'FORM', 'template_name': 'main', 'folder_form': '2-РД', 'name_json': None, 'included': '1'}, state = False
24-Apr-20 21:07:19.706998 | DEBUG    | MAIN LOGGER                    | set_included_for_node(node, state): node = {'id_node': 11, 'name_node': 'Реестр документации', 'id_parent': 0, 'order_node': '2', 'type_node': 'FORM', 'template_name': 'main', 'folder_form': '2-РД', 'name_json': None, 'included': '1'}, state = False
24-Apr-20 21:07:19.707998 | DEBUG    | MAIN LOGGER                    | get_db_project_dirpath() -> str: C:/Users/hayar/OneDrive/Документы/AutoExecDoc Projects/Радуга\project.db
24-Apr-20 21:07:19.712131 | DEBUG    | MAIN LOGGER                    | IN set_state_included_for_childs(node, state): node = {'id_node': 11, 'name_node': 'Реестр документации', 'id_parent': 0, 'order_node': '2', 'type_node': 'FORM', 'template_name': 'main', 'folder_form': '2-РД', 'name_json': None, 'included': '1'}, state = True
24-Apr-20 21:07:19.713131 | DEBUG    | MAIN LOGGER                    | set_included_for_node(node, state): node = {'id_node': 11, 'name_node': 'Реестр документации', 'id_parent': 0, 'order_node': '2', 'type_node': 'FORM', 'template_name': 'main', 'folder_form': '2-РД', 'name_json': None, 'included': '1'}, state = True
24-Apr-20 21:07:19.714130 | DEBUG    | MAIN LOGGER                    | get_db_project_dirpath() -> str: C:/Users/hayar/OneDrive/Документы/AutoExecDoc Projects/Радуга\project.db
24-Apr-20 21:07:19.720133 | DEBUG    | MAIN LOGGER                    | IN dfs(parent_node): parent_node = {'id_node': 11, 'name_node': 'Реестр документации', 'id_parent': 0, 'order_node': '2', 'type_node': 'FORM', 'template_name': 'main', 'folder_form': '2-РД', 'name_json': None, 'included': '1'}
24-Apr-20 21:07:19.721133 | DEBUG    | MAIN LOGGER                    | IN get_childs({'id_node': 11, 'name_node': 'Реестр документации', 'id_parent': 0, 'order_node': '2', 'type_node': 'FORM', 'template_name': 'main', 'folder_form': '2-РД', 'name_json': None, 'included': '1'}: int) 
24-Apr-20 21:07:19.721133 | DEBUG    | MAIN LOGGER                    | get_db_project_dirpath() -> str: C:/Users/hayar/OneDrive/Документы/AutoExecDoc Projects/Радуга\project.db
24-Apr-20 21:07:19.724133 | DEBUG    | MAIN LOGGER                    | IN set_item_in_nodes_to_items(node): node = {'id_node': 12, 'name_node': 'Паспорт трассы', 'id_parent': 0, 'order_node': '3', 'type_node': 'GROUP', 'template_name': None, 'folder_form': None, 'name_json': None, 'included': '1'}
24-Apr-20 21:07:19.725133 | DEBUG    | MAIN LOGGER                    | IN set_state_included_for_childs(node, state): node = {'id_node': 12, 'name_node': 'Паспорт трассы', 'id_parent': 0, 'order_node': '3', 'type_node': 'GROUP', 'template_name': None, 'folder_form': None, 'name_json': None, 'included': '1'}, state = False
24-Apr-20 21:07:19.725133 | DEBUG    | MAIN LOGGER                    | set_included_for_node(node, state): node = {'id_node': 12, 'name_node': 'Паспорт трассы', 'id_parent': 0, 'order_node': '3', 'type_node': 'GROUP', 'template_name': None, 'folder_form': None, 'name_json': None, 'included': '1'}, state = False
24-Apr-20 21:07:19.726134 | DEBUG    | MAIN LOGGER                    | get_db_project_dirpath() -> str: C:/Users/hayar/OneDrive/Документы/AutoExecDoc Projects/Радуга\project.db
24-Apr-20 21:07:19.732135 | DEBUG    | MAIN LOGGER                    | IN set_state_included_for_childs(node, state): node = {'id_node': 12, 'name_node': 'Паспорт трассы', 'id_parent': 0, 'order_node': '3', 'type_node': 'GROUP', 'template_name': None, 'folder_form': None, 'name_json': None, 'included': '1'}, state = True
24-Apr-20 21:07:19.732135 | DEBUG    | MAIN LOGGER                    | set_included_for_node(node, state): node = {'id_node': 12, 'name_node': 'Паспорт трассы', 'id_parent': 0, 'order_node': '3', 'type_node': 'GROUP', 'template_name': None, 'folder_form': None, 'name_json': None, 'included': '1'}, state = True
24-Apr-20 21:07:19.733136 | DEBUG    | MAIN LOGGER                    | get_db_project_dirpath() -> str: C:/Users/hayar/OneDrive/Документы/AutoExecDoc Projects/Радуга\project.db
24-Apr-20 21:07:19.740137 | DEBUG    | MAIN LOGGER                    | IN dfs(parent_node): parent_node = {'id_node': 12, 'name_node': 'Паспорт трассы', 'id_parent': 0, 'order_node': '3', 'type_node': 'GROUP', 'template_name': None, 'folder_form': None, 'name_json': None, 'included': '1'}
24-Apr-20 21:07:19.740137 | DEBUG    | MAIN LOGGER                    | IN get_childs({'id_node': 12, 'name_node': 'Паспорт трассы', 'id_parent': 0, 'order_node': '3', 'type_node': 'GROUP', 'template_name': None, 'folder_form': None, 'name_json': None, 'included': '1'}: int) 
24-Apr-20 21:07:19.741137 | DEBUG    | MAIN LOGGER                    | get_db_project_dirpath() -> str: C:/Users/hayar/OneDrive/Документы/AutoExecDoc Projects/Радуга\project.db
24-Apr-20 21:07:19.744641 | DEBUG    | MAIN LOGGER                    | IN set_item_in_nodes_to_items(node): node = {'id_node': 1201, 'name_node': 'ПТ-1', 'id_parent': 12, 'order_node': '1', 'type_node': 'FORM', 'template_name': 'main', 'folder_form': '3-ПТ1', 'name_json': None, 'included': '1'}
24-Apr-20 21:07:19.745643 | DEBUG    | MAIN LOGGER                    | IN set_state_included_for_childs(node, state): node = {'id_node': 1201, 'name_node': 'ПТ-1', 'id_parent': 12, 'order_node': '1', 'type_node': 'FORM', 'template_name': 'main', 'folder_form': '3-ПТ1', 'name_json': None, 'included': '1'}, state = False
24-Apr-20 21:07:19.746640 | DEBUG    | MAIN LOGGER                    | set_included_for_node(node, state): node = {'id_node': 1201, 'name_node': 'ПТ-1', 'id_parent': 12, 'order_node': '1', 'type_node': 'FORM', 'template_name': 'main', 'folder_form': '3-ПТ1', 'name_json': None, 'included': '1'}, state = False
24-Apr-20 21:07:19.746640 | DEBUG    | MAIN LOGGER                    | get_db_project_dirpath() -> str: C:/Users/hayar/OneDrive/Документы/AutoExecDoc Projects/Радуга\project.db
24-Apr-20 21:07:19.751641 | DEBUG    | MAIN LOGGER                    | IN set_state_included_for_childs(node, state): node = {'id_node': 1201, 'name_node': 'ПТ-1', 'id_parent': 12, 'order_node': '1', 'type_node': 'FORM', 'template_name': 'main', 'folder_form': '3-ПТ1', 'name_json': None, 'included': '1'}, state = True
24-Apr-20 21:07:19.752641 | DEBUG    | MAIN LOGGER                    | set_included_for_node(node, state): node = {'id_node': 1201, 'name_node': 'ПТ-1', 'id_parent': 12, 'order_node': '1', 'type_node': 'FORM', 'template_name': 'main', 'folder_form': '3-ПТ1', 'name_json': None, 'included': '1'}, state = True
24-Apr-20 21:07:19.753643 | DEBUG    | MAIN LOGGER                    | get_db_project_dirpath() -> str: C:/Users/hayar/OneDrive/Документы/AutoExecDoc Projects/Радуга\project.db
24-Apr-20 21:07:19.758643 | DEBUG    | MAIN LOGGER                    | IN dfs(parent_node): parent_node = {'id_node': 1201, 'name_node': 'ПТ-1', 'id_parent': 12, 'order_node': '1', 'type_node': 'FORM', 'template_name': 'main', 'folder_form': '3-ПТ1', 'name_json': None, 'included': '1'}
24-Apr-20 21:07:19.759644 | DEBUG    | MAIN LOGGER                    | IN get_childs({'id_node': 1201, 'name_node': 'ПТ-1', 'id_parent': 12, 'order_node': '1', 'type_node': 'FORM', 'template_name': 'main', 'folder_form': '3-ПТ1', 'name_json': None, 'included': '1'}: int) 
24-Apr-20 21:07:19.760643 | DEBUG    | MAIN LOGGER                    | get_db_project_dirpath() -> str: C:/Users/hayar/OneDrive/Документы/AutoExecDoc Projects/Радуга\project.db
24-Apr-20 21:07:19.762643 | DEBUG    | MAIN LOGGER                    | IN set_item_in_nodes_to_items(node): node = {'id_node': 1202, 'name_node': 'ПТ-2', 'id_parent': 12, 'order_node': '2', 'type_node': 'FORM', 'template_name': 'main', 'folder_form': '3-ПТ2', 'name_json': None, 'included': '1'}
24-Apr-20 21:07:19.763645 | DEBUG    | MAIN LOGGER                    | IN set_state_included_for_childs(node, state): node = {'id_node': 1202, 'name_node': 'ПТ-2', 'id_parent': 12, 'order_node': '2', 'type_node': 'FORM', 'template_name': 'main', 'folder_form': '3-ПТ2', 'name_json': None, 'included': '1'}, state = False
24-Apr-20 21:07:19.764644 | DEBUG    | MAIN LOGGER                    | set_included_for_node(node, state): node = {'id_node': 1202, 'name_node': 'ПТ-2', 'id_parent': 12, 'order_node': '2', 'type_node': 'FORM', 'template_name': 'main', 'folder_form': '3-ПТ2', 'name_json': None, 'included': '1'}, state = False
24-Apr-20 21:07:19.764644 | DEBUG    | MAIN LOGGER                    | get_db_project_dirpath() -> str: C:/Users/hayar/OneDrive/Документы/AutoExecDoc Projects/Радуга\project.db
24-Apr-20 21:07:19.769645 | DEBUG    | MAIN LOGGER                    | IN set_state_included_for_childs(node, state): node = {'id_node': 1202, 'name_node': 'ПТ-2', 'id_parent': 12, 'order_node': '2', 'type_node': 'FORM', 'template_name': 'main', 'folder_form': '3-ПТ2', 'name_json': None, 'included': '1'}, state = True
24-Apr-20 21:07:19.770646 | DEBUG    | MAIN LOGGER                    | set_included_for_node(node, state): node = {'id_node': 1202, 'name_node': 'ПТ-2', 'id_parent': 12, 'order_node': '2', 'type_node': 'FORM', 'template_name': 'main', 'folder_form': '3-ПТ2', 'name_json': None, 'included': '1'}, state = True
24-Apr-20 21:07:19.770646 | DEBUG    | MAIN LOGGER                    | get_db_project_dirpath() -> str: C:/Users/hayar/OneDrive/Документы/AutoExecDoc Projects/Радуга\project.db
24-Apr-20 21:07:19.776272 | DEBUG    | MAIN LOGGER                    | IN dfs(parent_node): parent_node = {'id_node': 1202, 'name_node': 'ПТ-2', 'id_parent': 12, 'order_node': '2', 'type_node': 'FORM', 'template_name': 'main', 'folder_form': '3-ПТ2', 'name_json': None, 'included': '1'}
24-Apr-20 21:07:19.777274 | DEBUG    | MAIN LOGGER                    | IN get_childs({'id_node': 1202, 'name_node': 'ПТ-2', 'id_parent': 12, 'order_node': '2', 'type_node': 'FORM', 'template_name': 'main', 'folder_form': '3-ПТ2', 'name_json': None, 'included': '1'}: int) 
24-Apr-20 21:07:19.778274 | DEBUG    | MAIN LOGGER                    | get_db_project_dirpath() -> str: C:/Users/hayar/OneDrive/Документы/AutoExecDoc Projects/Радуга\project.db
24-Apr-20 21:07:19.780274 | DEBUG    | MAIN LOGGER                    | IN set_item_in_nodes_to_items(node): node = {'id_node': 1203, 'name_node': 'ПТ-3', 'id_parent': 12, 'order_node': '3', 'type_node': 'FORM', 'template_name': 'main', 'folder_form': '3-ПТ3', 'name_json': None, 'included': '1'}
24-Apr-20 21:07:19.781274 | DEBUG    | MAIN LOGGER                    | IN set_state_included_for_childs(node, state): node = {'id_node': 1203, 'name_node': 'ПТ-3', 'id_parent': 12, 'order_node': '3', 'type_node': 'FORM', 'template_name': 'main', 'folder_form': '3-ПТ3', 'name_json': None, 'included': '1'}, state = False
24-Apr-20 21:07:19.781274 | DEBUG    | MAIN LOGGER                    | set_included_for_node(node, state): node = {'id_node': 1203, 'name_node': 'ПТ-3', 'id_parent': 12, 'order_node': '3', 'type_node': 'FORM', 'template_name': 'main', 'folder_form': '3-ПТ3', 'name_json': None, 'included': '1'}, state = False
24-Apr-20 21:07:19.782276 | DEBUG    | MAIN LOGGER                    | get_db_project_dirpath() -> str: C:/Users/hayar/OneDrive/Документы/AutoExecDoc Projects/Радуга\project.db
24-Apr-20 21:07:19.787274 | DEBUG    | MAIN LOGGER                    | IN set_state_included_for_childs(node, state): node = {'id_node': 1203, 'name_node': 'ПТ-3', 'id_parent': 12, 'order_node': '3', 'type_node': 'FORM', 'template_name': 'main', 'folder_form': '3-ПТ3', 'name_json': None, 'included': '1'}, state = True
24-Apr-20 21:07:19.788276 | DEBUG    | MAIN LOGGER                    | set_included_for_node(node, state): node = {'id_node': 1203, 'name_node': 'ПТ-3', 'id_parent': 12, 'order_node': '3', 'type_node': 'FORM', 'template_name': 'main', 'folder_form': '3-ПТ3', 'name_json': None, 'included': '1'}, state = True
24-Apr-20 21:07:19.788276 | DEBUG    | MAIN LOGGER                    | get_db_project_dirpath() -> str: C:/Users/hayar/OneDrive/Документы/AutoExecDoc Projects/Радуга\project.db
24-Apr-20 21:07:19.794277 | DEBUG    | MAIN LOGGER                    | IN dfs(parent_node): parent_node = {'id_node': 1203, 'name_node': 'ПТ-3', 'id_parent': 12, 'order_node': '3', 'type_node': 'FORM', 'template_name': 'main', 'folder_form': '3-ПТ3', 'name_json': None, 'included': '1'}
24-Apr-20 21:07:19.795278 | DEBUG    | MAIN LOGGER                    | IN get_childs({'id_node': 1203, 'name_node': 'ПТ-3', 'id_parent': 12, 'order_node': '3', 'type_node': 'FORM', 'template_name': 'main', 'folder_form': '3-ПТ3', 'name_json': None, 'included': '1'}: int) 
24-Apr-20 21:07:19.795278 | DEBUG    | MAIN LOGGER                    | get_db_project_dirpath() -> str: C:/Users/hayar/OneDrive/Документы/AutoExecDoc Projects/Радуга\project.db
24-Apr-20 21:07:19.797596 | DEBUG    | MAIN LOGGER                    | IN set_true_actives_project()                                                   
24-Apr-20 21:07:19.798595 | DEBUG    | MAIN LOGGER                    | set_message_for_statusbar(Проект c именем Радуга открыт.)                       
24-Apr-20 21:07:21.220828 | DEBUG    | MAIN LOGGER                    | IN update_pages_template(node) : node = {'id_node': 1203, 'name_node': 'ПТ-3', 'id_parent': 12, 'order_node': '3', 'type_node': 'FORM', 'template_name': 'main', 'folder_form': '3-ПТ3', 'name_json': None, 'included': '1'}
24-Apr-20 21:07:21.222828 | DEBUG    | MAIN LOGGER                    | get_pages(node) -> list: node = {'id_node': 1203, 'name_node': 'ПТ-3', 'id_parent': 12, 'order_node': '3', 'type_node': 'FORM', 'template_name': 'main', 'folder_form': '3-ПТ3', 'name_json': None, 'included': '1'}
24-Apr-20 21:07:21.223835 | DEBUG    | MAIN LOGGER                    | get_db_project_dirpath() -> str: C:/Users/hayar/OneDrive/Документы/AutoExecDoc Projects/Радуга\project.db
24-Apr-20 21:07:22.417815 | DEBUG    | MAIN LOGGER                    | IN update_scrollarea()                                                          
24-Apr-20 21:07:22.417815 | DEBUG    | MAIN LOGGER                    | IN delete_all_widgets_in_sa()                                                   
24-Apr-20 21:07:22.418804 | DEBUG    | MAIN LOGGER                    | IN add_page_for_datas(page)                                                     
24-Apr-20 21:07:22.418804 | DEBUG    | MAIN LOGGER                    | get_node_parent_from_pages(page) -> object: page = {'id_page': 6, 'id_node_parent': 1203, 'name_page': 'Л.1. Скелетная схема ВОЛП и основные данные цепей кабеля.', 'folder_page': '3-ПТ3-1', 'included': None}
24-Apr-20 21:07:22.419816 | DEBUG    | MAIN LOGGER                    | get_db_project_dirpath() -> str: C:/Users/hayar/OneDrive/Документы/AutoExecDoc Projects/Радуга\project.db
24-Apr-20 21:07:22.420804 | DEBUG    | MAIN LOGGER                    | get_project_dirpath() -> str: C:/Users/hayar/OneDrive/Документы/AutoExecDoc Projects/Радуга
24-Apr-20 21:07:22.421811 | DEBUG    | MAIN LOGGER                    | IN get_data_from_json_file(filepath) -> dict: filepath = C:\Users\hayar\OneDrive\Документы\AutoExecDoc Projects\Радуга\forms\3-ПТ3\3-ПТ3-1\3-ПТ3-1.json
24-Apr-20 21:07:22.422798 | DEBUG    | MAIN LOGGER                    | IN add_nodes_for_datas()                                                        
24-Apr-20 21:07:22.422798 | DEBUG    | MAIN LOGGER                    | get_node_parent_from_pages(page) -> object: page = {'id_page': 6, 'id_node_parent': 1203, 'name_page': 'Л.1. Скелетная схема ВОЛП и основные данные цепей кабеля.', 'folder_page': '3-ПТ3-1', 'included': None}
24-Apr-20 21:07:22.423798 | DEBUG    | MAIN LOGGER                    | get_db_project_dirpath() -> str: C:/Users/hayar/OneDrive/Документы/AutoExecDoc Projects/Радуга\project.db
24-Apr-20 21:07:22.424812 | DEBUG    | MAIN LOGGER                    | get_node_parent(node) -> object: node = {'id_node': 1203, 'name_node': 'ПТ-3', 'id_parent': 12, 'order_node': '3', 'type_node': 'FORM', 'template_name': 'main', 'folder_form': '3-ПТ3', 'name_json': None, 'included': '1'}
24-Apr-20 21:07:22.425797 | DEBUG    | MAIN LOGGER                    | get_db_project_dirpath() -> str: C:/Users/hayar/OneDrive/Документы/AutoExecDoc Projects/Радуга\project.db
24-Apr-20 21:07:22.426806 | DEBUG    | MAIN LOGGER                    | get_node_parent(node) -> object: node = {'id_node': 12, 'name_node': 'Паспорт трассы', 'id_parent': 0, 'order_node': '3', 'type_node': 'GROUP', 'template_name': None, 'folder_form': None, 'name_json': None, 'included': '1'}
24-Apr-20 21:07:22.426806 | DEBUG    | MAIN LOGGER                    | get_db_project_dirpath() -> str: C:/Users/hayar/OneDrive/Документы/AutoExecDoc Projects/Радуга\project.db
24-Apr-20 21:07:22.428813 | DEBUG    | MAIN LOGGER                    | get_project_dirpath() -> str: C:/Users/hayar/OneDrive/Документы/AutoExecDoc Projects/Радуга
24-Apr-20 21:07:22.428813 | DEBUG    | MAIN LOGGER                    | IN get_data_from_json_file(filepath) -> dict: filepath = C:\Users\hayar\OneDrive\Документы\AutoExecDoc Projects\Радуга\forms\project.json
24-Apr-20 21:07:22.429798 | DEBUG    | MAIN LOGGER                    | get_node_parent(node) -> object: node = {'id_node': 0, 'name_node': 'Проект', 'id_parent': None, 'order_node': '0', 'type_node': 'PROJECT', 'template_name': None, 'folder_form': None, 'name_json': 'project', 'included': None}
24-Apr-20 21:07:22.430809 | DEBUG    | MAIN LOGGER                    | get_db_project_dirpath() -> str: C:/Users/hayar/OneDrive/Документы/AutoExecDoc Projects/Радуга\project.db
24-Apr-20 21:07:22.431799 | DEBUG    | MAIN LOGGER                    | IN add_sections_in_sa()                                                         
24-Apr-20 21:07:22.433807 | DEBUG    | MAIN LOGGER                    | get_config_content(name_content) -> list: name_content = скелетная_схема_ВОЛП   
24-Apr-20 21:07:22.434819 | DEBUG    | MAIN LOGGER                    | get_db_project_dirpath() -> str: C:/Users/hayar/OneDrive/Документы/AutoExecDoc Projects/Радуга\project.db
24-Apr-20 21:07:22.436800 | DEBUG    | MAIN LOGGER                    | FormImage(self, section_index, config_content, config_image, value): section_index = 0, config_content = {'id_content': 1230, 'name_content': 'скелетная_схема_ВОЛП', 'type_content': 'IMAGE', 'title_content': 'Скелетная схема ВОЛП', 'description_content': None, 'enable': None}, config_image = [], value = None
24-Apr-20 21:07:22.444811 | DEBUG    | MAIN LOGGER                    | get_config_content(name_content) -> list: name_content = название_объекта       
24-Apr-20 21:07:22.445803 | DEBUG    | MAIN LOGGER                    | get_db_project_dirpath() -> str: C:/Users/hayar/OneDrive/Документы/AutoExecDoc Projects/Радуга\project.db
24-Apr-20 21:07:22.448806 | DEBUG    | MAIN LOGGER                    | FormText(self, section_index, config_content, value): section_index = 1, config_content = {'id_content': 1003, 'name_content': 'название_объекта', 'type_content': 'TEXT', 'title_content': 'Название объекта', 'description_content': None, 'enable': None}, value = None
24-Apr-20 21:07:22.451805 | DEBUG    | MAIN LOGGER                    | get_config_content(name_content) -> list: name_content = участок                
24-Apr-20 21:07:22.452806 | DEBUG    | MAIN LOGGER                    | get_db_project_dirpath() -> str: C:/Users/hayar/OneDrive/Документы/AutoExecDoc Projects/Радуга\project.db
24-Apr-20 21:07:22.455808 | DEBUG    | MAIN LOGGER                    | FormText(self, section_index, config_content, value): section_index = 1, config_content = {'id_content': 1004, 'name_content': 'участок', 'type_content': 'TEXT', 'title_content': 'Участок', 'description_content': None, 'enable': None}, value = None
24-Apr-20 21:07:22.459808 | DEBUG    | MAIN LOGGER                    | get_config_content(name_content) -> list: name_content = название_компании      
24-Apr-20 21:07:22.460807 | DEBUG    | MAIN LOGGER                    | get_db_project_dirpath() -> str: C:/Users/hayar/OneDrive/Документы/AutoExecDoc Projects/Радуга\project.db
24-Apr-20 21:07:22.462808 | DEBUG    | MAIN LOGGER                    | FormText(self, section_index, config_content, value): section_index = 1, config_content = {'id_content': 1001, 'name_content': 'название_компании', 'type_content': 'TEXT', 'title_content': 'Название компании', 'description_content': None, 'enable': None}, value = None
24-Apr-20 21:07:24.516809 | DEBUG    | MAIN LOGGER                    | select_image(self, config_content): config_content = {'id_content': 1230, 'name_content': 'скелетная_схема_ВОЛП', 'type_content': 'IMAGE', 'title_content': 'Скелетная схема ВОЛП', 'description_content': None, 'enable': None}
24-Apr-20 21:07:24.517810 | DEBUG    | MAIN LOGGER                    | IN select_image_for_formimage_in_project() -> str                               
24-Apr-20 21:07:24.518815 | DEBUG    | MAIN LOGGER                    | get_default_folder_projects_dirpath() -> str: C:/Users/hayar/OneDrive/Документы\AutoExecDoc Projects
24-Apr-20 21:07:29.163926 | DEBUG    | MAIN LOGGER                    | select_image_for_formimage_in_project() -> C:/Users/hayar/Downloads/Безымянный.png
24-Apr-20 21:07:29.164925 | DEBUG    | MAIN LOGGER                    | get_data() -> object                                                            
