24-Apr-21 13:51:19.680367 | DEBUG    | MAIN LOGGER                    | Config logger                                                                   
24-Apr-21 13:51:19.680367 | DEBUG    | MAIN LOGGER                    | IN create_and_config_files_and_folders()                                        
24-Apr-21 13:51:19.681368 | DEBUG    | MAIN LOGGER                    | get_default_folder_projects_dirpath() -> str: C:/Users/hayar/OneDrive/Документы\AutoExecDoc Projects
24-Apr-21 13:51:19.681368 | DEBUG    | MAIN LOGGER                    | IN create_and_config_db_settings()                                              
24-Apr-21 13:51:19.681368 | DEBUG    | MAIN LOGGER                    | get_db_settings_dirpath() -> str: d:\work\project\AutoExecDoc\db\settings.db    
24-Apr-21 13:51:20.068216 | DEBUG    | MAIN LOGGER                    | IN config_controllers()                                                         
24-Apr-21 13:51:20.068216 | DEBUG    | MAIN LOGGER                    | IN connect_statusbar(statusbar)                                                 
24-Apr-21 13:51:20.069209 | DEBUG    | MAIN LOGGER                    | set_message_for_statusbar(Проект не открыт)                                     
24-Apr-21 13:51:20.070209 | DEBUG    | MAIN LOGGER                    | IN connect_structureexecdoc(tr_sed, title_sed)                                  
24-Apr-21 13:51:20.070209 | DEBUG    | MAIN LOGGER                    | IN clear_tr_sed()                                                               
24-Apr-21 13:51:20.071208 | DEBUG    | MAIN LOGGER                    | IN connect_pages_template(lw_pt)                                                
24-Apr-21 13:51:20.071208 | DEBUG    | MAIN LOGGER                    | IN connect_inputforms(sa_if, sa_ifl)                                            
24-Apr-21 13:51:20.072209 | DEBUG    | MAIN LOGGER                    | IN connecting_actions()                                                         
24-Apr-21 13:51:21.004555 | DEBUG    | MAIN LOGGER                    | IN open_project()                                                               
24-Apr-21 13:51:21.005558 | DEBUG    | MAIN LOGGER                    | get_default_folder_projects_dirpath() -> str: C:/Users/hayar/OneDrive/Документы\AutoExecDoc Projects
24-Apr-21 13:51:22.628067 | DEBUG    | MAIN LOGGER                    | select_folder_for_open_project() -> C:/Users/hayar/OneDrive/Документы/AutoExecDoc Projects/РАРАРАР
24-Apr-21 13:51:22.629068 | DEBUG    | MAIN LOGGER                    | IN set_project_dirpaths(folder_path: str): folder_path = C:/Users/hayar/OneDrive/Документы/AutoExecDoc Projects/РАРАРАР
24-Apr-21 13:51:22.629068 | DEBUG    | MAIN LOGGER                    | set_project_dirpath(dirpath: str): dirpath = C:/Users/hayar/OneDrive/Документы/AutoExecDoc Projects/РАРАРАР
24-Apr-21 13:51:22.630068 | DEBUG    | MAIN LOGGER                    | get_project_dirpath() -> str: C:/Users/hayar/OneDrive/Документы/AutoExecDoc Projects/РАРАРАР
24-Apr-21 13:51:22.630068 | DEBUG    | MAIN LOGGER                    | set_db_project_dirpath(dirpath: str): dirpath = C:/Users/hayar/OneDrive/Документы/AutoExecDoc Projects/РАРАРАР\project.db
24-Apr-21 13:51:22.631073 | DEBUG    | MAIN LOGGER                    | IN config_open_project()                                                        
24-Apr-21 13:51:22.632068 | DEBUG    | MAIN LOGGER                    | get_project_dirpath() -> str: C:/Users/hayar/OneDrive/Документы/AutoExecDoc Projects/РАРАРАР
24-Apr-21 13:51:22.632068 | DEBUG    | MAIN LOGGER                    | IN add_or_update_open_project_to_db()                                           
24-Apr-21 13:51:22.632068 | DEBUG    | MAIN LOGGER                    | get_db_settings_dirpath() -> str: d:\work\project\AutoExecDoc\db\settings.db    
24-Apr-21 13:51:22.634069 | DEBUG    | MAIN LOGGER                    | get_project_dirpath() -> str: C:/Users/hayar/OneDrive/Документы/AutoExecDoc Projects/РАРАРАР
24-Apr-21 13:51:22.634069 | DEBUG    | MAIN LOGGER                    | get_project_dirpath() -> str: C:/Users/hayar/OneDrive/Документы/AutoExecDoc Projects/РАРАРАР
24-Apr-21 13:51:22.635070 | DEBUG    | MAIN LOGGER                    | IN update_project_to_db()                                                       
24-Apr-21 13:51:22.635070 | DEBUG    | MAIN LOGGER                    | get_db_settings_dirpath() -> str: d:\work\project\AutoExecDoc\db\settings.db    
24-Apr-21 13:51:22.636070 | DEBUG    | MAIN LOGGER                    | get_project_dirpath() -> str: C:/Users/hayar/OneDrive/Документы/AutoExecDoc Projects/РАРАРАР
24-Apr-21 13:51:22.636070 | DEBUG    | MAIN LOGGER                    | get_project_dirpath() -> str: C:/Users/hayar/OneDrive/Документы/AutoExecDoc Projects/РАРАРАР
24-Apr-21 13:51:22.641070 | DEBUG    | MAIN LOGGER                    | IN create_and_config_db_project()                                               
24-Apr-21 13:51:22.642072 | DEBUG    | MAIN LOGGER                    | get_db_project_dirpath() -> str: C:/Users/hayar/OneDrive/Документы/AutoExecDoc Projects/РАРАРАР\project.db
24-Apr-21 13:51:22.642072 | DEBUG    | MAIN LOGGER                    | IN update_structure_exec_doc()                                                  
24-Apr-21 13:51:22.643072 | DEBUG    | MAIN LOGGER                    | IN clear_tr_sed()                                                               
24-Apr-21 13:51:22.644071 | DEBUG    | MAIN LOGGER                    | get_current_name() -> str: РАРАРАР                                              
24-Apr-21 13:51:22.644071 | DEBUG    | MAIN LOGGER                    | IN get_project_node() -> object                                                 
24-Apr-21 13:51:22.645073 | DEBUG    | MAIN LOGGER                    | get_db_project_dirpath() -> str: C:/Users/hayar/OneDrive/Документы/AutoExecDoc Projects/РАРАРАР\project.db
24-Apr-21 13:51:22.646075 | DEBUG    | MAIN LOGGER                    | IN dfs(parent_node): parent_node = {'id_node': 0, 'name_node': 'Проект', 'id_parent': None, 'order_node': '0', 'type_node': 'PROJECT', 'template_name': None, 'folder_form': None, 'name_json': 'project', 'included': None}
24-Apr-21 13:51:22.647071 | DEBUG    | MAIN LOGGER                    | IN get_childs(parent_node) -> list: parent_node = {'id_node': 0, 'name_node': 'Проект', 'id_parent': None, 'order_node': '0', 'type_node': 'PROJECT', 'template_name': None, 'folder_form': None, 'name_json': 'project', 'included': None}
24-Apr-21 13:51:22.648071 | DEBUG    | MAIN LOGGER                    | get_db_project_dirpath() -> str: C:/Users/hayar/OneDrive/Документы/AutoExecDoc Projects/РАРАРАР\project.db
24-Apr-21 13:51:22.649073 | DEBUG    | MAIN LOGGER                    | IN set_item_in_nodes_to_items(node): node = {'id_node': 10, 'name_node': 'Титульный лист', 'id_parent': 0, 'order_node': '1', 'type_node': 'FORM', 'template_name': 'main', 'folder_form': '1-ТЛ', 'name_json': '1-ТЛ', 'included': '1'}
24-Apr-21 13:51:22.650075 | DEBUG    | MAIN LOGGER                    | IN set_state_included_for_childs(node, state): node = {'id_node': 10, 'name_node': 'Титульный лист', 'id_parent': 0, 'order_node': '1', 'type_node': 'FORM', 'template_name': 'main', 'folder_form': '1-ТЛ', 'name_json': '1-ТЛ', 'included': '1'}, state = False
24-Apr-21 13:51:22.651073 | DEBUG    | MAIN LOGGER                    | IN set_included_for_node(node, state): node = {'id_node': 10, 'name_node': 'Титульный лист', 'id_parent': 0, 'order_node': '1', 'type_node': 'FORM', 'template_name': 'main', 'folder_form': '1-ТЛ', 'name_json': '1-ТЛ', 'included': '1'}, state = False
24-Apr-21 13:51:22.652073 | DEBUG    | MAIN LOGGER                    | get_db_project_dirpath() -> str: C:/Users/hayar/OneDrive/Документы/AutoExecDoc Projects/РАРАРАР\project.db
24-Apr-21 13:51:22.661470 | DEBUG    | MAIN LOGGER                    | IN set_state_included_for_childs(node, state): node = {'id_node': 10, 'name_node': 'Титульный лист', 'id_parent': 0, 'order_node': '1', 'type_node': 'FORM', 'template_name': 'main', 'folder_form': '1-ТЛ', 'name_json': '1-ТЛ', 'included': '1'}, state = True
24-Apr-21 13:51:22.662472 | DEBUG    | MAIN LOGGER                    | IN set_included_for_node(node, state): node = {'id_node': 10, 'name_node': 'Титульный лист', 'id_parent': 0, 'order_node': '1', 'type_node': 'FORM', 'template_name': 'main', 'folder_form': '1-ТЛ', 'name_json': '1-ТЛ', 'included': '1'}, state = True
24-Apr-21 13:51:22.663474 | DEBUG    | MAIN LOGGER                    | get_db_project_dirpath() -> str: C:/Users/hayar/OneDrive/Документы/AutoExecDoc Projects/РАРАРАР\project.db
24-Apr-21 13:51:22.669472 | DEBUG    | MAIN LOGGER                    | IN dfs(parent_node): parent_node = {'id_node': 10, 'name_node': 'Титульный лист', 'id_parent': 0, 'order_node': '1', 'type_node': 'FORM', 'template_name': 'main', 'folder_form': '1-ТЛ', 'name_json': '1-ТЛ', 'included': '1'}
24-Apr-21 13:51:22.670473 | DEBUG    | MAIN LOGGER                    | IN get_childs(parent_node) -> list: parent_node = {'id_node': 10, 'name_node': 'Титульный лист', 'id_parent': 0, 'order_node': '1', 'type_node': 'FORM', 'template_name': 'main', 'folder_form': '1-ТЛ', 'name_json': '1-ТЛ', 'included': '1'}
24-Apr-21 13:51:22.671476 | DEBUG    | MAIN LOGGER                    | get_db_project_dirpath() -> str: C:/Users/hayar/OneDrive/Документы/AutoExecDoc Projects/РАРАРАР\project.db
24-Apr-21 13:51:22.673476 | DEBUG    | MAIN LOGGER                    | IN set_item_in_nodes_to_items(node): node = {'id_node': 11, 'name_node': 'Реестр документации', 'id_parent': 0, 'order_node': '2', 'type_node': 'FORM', 'template_name': 'main', 'folder_form': '2-РД', 'name_json': None, 'included': '1'}
24-Apr-21 13:51:22.674474 | DEBUG    | MAIN LOGGER                    | IN set_state_included_for_childs(node, state): node = {'id_node': 11, 'name_node': 'Реестр документации', 'id_parent': 0, 'order_node': '2', 'type_node': 'FORM', 'template_name': 'main', 'folder_form': '2-РД', 'name_json': None, 'included': '1'}, state = False
24-Apr-21 13:51:22.674474 | DEBUG    | MAIN LOGGER                    | IN set_included_for_node(node, state): node = {'id_node': 11, 'name_node': 'Реестр документации', 'id_parent': 0, 'order_node': '2', 'type_node': 'FORM', 'template_name': 'main', 'folder_form': '2-РД', 'name_json': None, 'included': '1'}, state = False
24-Apr-21 13:51:22.675474 | DEBUG    | MAIN LOGGER                    | get_db_project_dirpath() -> str: C:/Users/hayar/OneDrive/Документы/AutoExecDoc Projects/РАРАРАР\project.db
24-Apr-21 13:51:22.680475 | DEBUG    | MAIN LOGGER                    | IN set_state_included_for_childs(node, state): node = {'id_node': 11, 'name_node': 'Реестр документации', 'id_parent': 0, 'order_node': '2', 'type_node': 'FORM', 'template_name': 'main', 'folder_form': '2-РД', 'name_json': None, 'included': '1'}, state = True
24-Apr-21 13:51:22.681476 | DEBUG    | MAIN LOGGER                    | IN set_included_for_node(node, state): node = {'id_node': 11, 'name_node': 'Реестр документации', 'id_parent': 0, 'order_node': '2', 'type_node': 'FORM', 'template_name': 'main', 'folder_form': '2-РД', 'name_json': None, 'included': '1'}, state = True
24-Apr-21 13:51:22.681476 | DEBUG    | MAIN LOGGER                    | get_db_project_dirpath() -> str: C:/Users/hayar/OneDrive/Документы/AutoExecDoc Projects/РАРАРАР\project.db
24-Apr-21 13:51:22.687376 | DEBUG    | MAIN LOGGER                    | IN dfs(parent_node): parent_node = {'id_node': 11, 'name_node': 'Реестр документации', 'id_parent': 0, 'order_node': '2', 'type_node': 'FORM', 'template_name': 'main', 'folder_form': '2-РД', 'name_json': None, 'included': '1'}
24-Apr-21 13:51:22.687376 | DEBUG    | MAIN LOGGER                    | IN get_childs(parent_node) -> list: parent_node = {'id_node': 11, 'name_node': 'Реестр документации', 'id_parent': 0, 'order_node': '2', 'type_node': 'FORM', 'template_name': 'main', 'folder_form': '2-РД', 'name_json': None, 'included': '1'}
24-Apr-21 13:51:22.688939 | DEBUG    | MAIN LOGGER                    | get_db_project_dirpath() -> str: C:/Users/hayar/OneDrive/Документы/AutoExecDoc Projects/РАРАРАР\project.db
24-Apr-21 13:51:22.690630 | DEBUG    | MAIN LOGGER                    | IN set_item_in_nodes_to_items(node): node = {'id_node': 12, 'name_node': 'Паспорт трассы', 'id_parent': 0, 'order_node': '3', 'type_node': 'GROUP', 'template_name': None, 'folder_form': None, 'name_json': None, 'included': '1'}
24-Apr-21 13:51:22.691632 | DEBUG    | MAIN LOGGER                    | IN set_state_included_for_childs(node, state): node = {'id_node': 12, 'name_node': 'Паспорт трассы', 'id_parent': 0, 'order_node': '3', 'type_node': 'GROUP', 'template_name': None, 'folder_form': None, 'name_json': None, 'included': '1'}, state = False
24-Apr-21 13:51:22.692630 | DEBUG    | MAIN LOGGER                    | IN set_included_for_node(node, state): node = {'id_node': 12, 'name_node': 'Паспорт трассы', 'id_parent': 0, 'order_node': '3', 'type_node': 'GROUP', 'template_name': None, 'folder_form': None, 'name_json': None, 'included': '1'}, state = False
24-Apr-21 13:51:22.693632 | DEBUG    | MAIN LOGGER                    | get_db_project_dirpath() -> str: C:/Users/hayar/OneDrive/Документы/AutoExecDoc Projects/РАРАРАР\project.db
24-Apr-21 13:51:22.697631 | DEBUG    | MAIN LOGGER                    | IN set_state_included_for_childs(node, state): node = {'id_node': 12, 'name_node': 'Паспорт трассы', 'id_parent': 0, 'order_node': '3', 'type_node': 'GROUP', 'template_name': None, 'folder_form': None, 'name_json': None, 'included': '1'}, state = True
24-Apr-21 13:51:22.698631 | DEBUG    | MAIN LOGGER                    | IN set_included_for_node(node, state): node = {'id_node': 12, 'name_node': 'Паспорт трассы', 'id_parent': 0, 'order_node': '3', 'type_node': 'GROUP', 'template_name': None, 'folder_form': None, 'name_json': None, 'included': '1'}, state = True
24-Apr-21 13:51:22.699633 | DEBUG    | MAIN LOGGER                    | get_db_project_dirpath() -> str: C:/Users/hayar/OneDrive/Документы/AutoExecDoc Projects/РАРАРАР\project.db
24-Apr-21 13:51:22.704633 | DEBUG    | MAIN LOGGER                    | IN dfs(parent_node): parent_node = {'id_node': 12, 'name_node': 'Паспорт трассы', 'id_parent': 0, 'order_node': '3', 'type_node': 'GROUP', 'template_name': None, 'folder_form': None, 'name_json': None, 'included': '1'}
24-Apr-21 13:51:22.705633 | DEBUG    | MAIN LOGGER                    | IN get_childs(parent_node) -> list: parent_node = {'id_node': 12, 'name_node': 'Паспорт трассы', 'id_parent': 0, 'order_node': '3', 'type_node': 'GROUP', 'template_name': None, 'folder_form': None, 'name_json': None, 'included': '1'}
24-Apr-21 13:51:22.707634 | DEBUG    | MAIN LOGGER                    | get_db_project_dirpath() -> str: C:/Users/hayar/OneDrive/Документы/AutoExecDoc Projects/РАРАРАР\project.db
24-Apr-21 13:51:22.708634 | DEBUG    | MAIN LOGGER                    | IN set_item_in_nodes_to_items(node): node = {'id_node': 1201, 'name_node': 'ПТ-1', 'id_parent': 12, 'order_node': '1', 'type_node': 'FORM', 'template_name': 'main', 'folder_form': '3-ПТ1', 'name_json': None, 'included': '1'}
24-Apr-21 13:51:22.709635 | DEBUG    | MAIN LOGGER                    | IN set_state_included_for_childs(node, state): node = {'id_node': 1201, 'name_node': 'ПТ-1', 'id_parent': 12, 'order_node': '1', 'type_node': 'FORM', 'template_name': 'main', 'folder_form': '3-ПТ1', 'name_json': None, 'included': '1'}, state = False
24-Apr-21 13:51:22.710635 | DEBUG    | MAIN LOGGER                    | IN set_included_for_node(node, state): node = {'id_node': 1201, 'name_node': 'ПТ-1', 'id_parent': 12, 'order_node': '1', 'type_node': 'FORM', 'template_name': 'main', 'folder_form': '3-ПТ1', 'name_json': None, 'included': '1'}, state = False
24-Apr-21 13:51:22.711637 | DEBUG    | MAIN LOGGER                    | get_db_project_dirpath() -> str: C:/Users/hayar/OneDrive/Документы/AutoExecDoc Projects/РАРАРАР\project.db
24-Apr-21 13:51:22.715637 | DEBUG    | MAIN LOGGER                    | IN set_state_included_for_childs(node, state): node = {'id_node': 1201, 'name_node': 'ПТ-1', 'id_parent': 12, 'order_node': '1', 'type_node': 'FORM', 'template_name': 'main', 'folder_form': '3-ПТ1', 'name_json': None, 'included': '1'}, state = True
24-Apr-21 13:51:22.716637 | DEBUG    | MAIN LOGGER                    | IN set_included_for_node(node, state): node = {'id_node': 1201, 'name_node': 'ПТ-1', 'id_parent': 12, 'order_node': '1', 'type_node': 'FORM', 'template_name': 'main', 'folder_form': '3-ПТ1', 'name_json': None, 'included': '1'}, state = True
24-Apr-21 13:51:22.717637 | DEBUG    | MAIN LOGGER                    | get_db_project_dirpath() -> str: C:/Users/hayar/OneDrive/Документы/AutoExecDoc Projects/РАРАРАР\project.db
24-Apr-21 13:51:22.722637 | DEBUG    | MAIN LOGGER                    | IN dfs(parent_node): parent_node = {'id_node': 1201, 'name_node': 'ПТ-1', 'id_parent': 12, 'order_node': '1', 'type_node': 'FORM', 'template_name': 'main', 'folder_form': '3-ПТ1', 'name_json': None, 'included': '1'}
24-Apr-21 13:51:22.723641 | DEBUG    | MAIN LOGGER                    | IN get_childs(parent_node) -> list: parent_node = {'id_node': 1201, 'name_node': 'ПТ-1', 'id_parent': 12, 'order_node': '1', 'type_node': 'FORM', 'template_name': 'main', 'folder_form': '3-ПТ1', 'name_json': None, 'included': '1'}
24-Apr-21 13:51:22.724638 | DEBUG    | MAIN LOGGER                    | get_db_project_dirpath() -> str: C:/Users/hayar/OneDrive/Документы/AutoExecDoc Projects/РАРАРАР\project.db
24-Apr-21 13:51:22.726640 | DEBUG    | MAIN LOGGER                    | IN set_item_in_nodes_to_items(node): node = {'id_node': 1202, 'name_node': 'ПТ-2', 'id_parent': 12, 'order_node': '2', 'type_node': 'FORM', 'template_name': 'main', 'folder_form': '3-ПТ2', 'name_json': None, 'included': '1'}
24-Apr-21 13:51:22.727637 | DEBUG    | MAIN LOGGER                    | IN set_state_included_for_childs(node, state): node = {'id_node': 1202, 'name_node': 'ПТ-2', 'id_parent': 12, 'order_node': '2', 'type_node': 'FORM', 'template_name': 'main', 'folder_form': '3-ПТ2', 'name_json': None, 'included': '1'}, state = False
24-Apr-21 13:51:22.728639 | DEBUG    | MAIN LOGGER                    | IN set_included_for_node(node, state): node = {'id_node': 1202, 'name_node': 'ПТ-2', 'id_parent': 12, 'order_node': '2', 'type_node': 'FORM', 'template_name': 'main', 'folder_form': '3-ПТ2', 'name_json': None, 'included': '1'}, state = False
24-Apr-21 13:51:22.729640 | DEBUG    | MAIN LOGGER                    | get_db_project_dirpath() -> str: C:/Users/hayar/OneDrive/Документы/AutoExecDoc Projects/РАРАРАР\project.db
24-Apr-21 13:51:22.733639 | DEBUG    | MAIN LOGGER                    | IN set_state_included_for_childs(node, state): node = {'id_node': 1202, 'name_node': 'ПТ-2', 'id_parent': 12, 'order_node': '2', 'type_node': 'FORM', 'template_name': 'main', 'folder_form': '3-ПТ2', 'name_json': None, 'included': '1'}, state = True
24-Apr-21 13:51:22.734640 | DEBUG    | MAIN LOGGER                    | IN set_included_for_node(node, state): node = {'id_node': 1202, 'name_node': 'ПТ-2', 'id_parent': 12, 'order_node': '2', 'type_node': 'FORM', 'template_name': 'main', 'folder_form': '3-ПТ2', 'name_json': None, 'included': '1'}, state = True
24-Apr-21 13:51:22.735641 | DEBUG    | MAIN LOGGER                    | get_db_project_dirpath() -> str: C:/Users/hayar/OneDrive/Документы/AutoExecDoc Projects/РАРАРАР\project.db
24-Apr-21 13:51:22.741641 | DEBUG    | MAIN LOGGER                    | IN dfs(parent_node): parent_node = {'id_node': 1202, 'name_node': 'ПТ-2', 'id_parent': 12, 'order_node': '2', 'type_node': 'FORM', 'template_name': 'main', 'folder_form': '3-ПТ2', 'name_json': None, 'included': '1'}
24-Apr-21 13:51:22.742641 | DEBUG    | MAIN LOGGER                    | IN get_childs(parent_node) -> list: parent_node = {'id_node': 1202, 'name_node': 'ПТ-2', 'id_parent': 12, 'order_node': '2', 'type_node': 'FORM', 'template_name': 'main', 'folder_form': '3-ПТ2', 'name_json': None, 'included': '1'}
24-Apr-21 13:51:22.743642 | DEBUG    | MAIN LOGGER                    | get_db_project_dirpath() -> str: C:/Users/hayar/OneDrive/Документы/AutoExecDoc Projects/РАРАРАР\project.db
24-Apr-21 13:51:22.745643 | DEBUG    | MAIN LOGGER                    | IN set_item_in_nodes_to_items(node): node = {'id_node': 1203, 'name_node': 'ПТ-3', 'id_parent': 12, 'order_node': '3', 'type_node': 'FORM', 'template_name': 'main', 'folder_form': '3-ПТ3', 'name_json': None, 'included': '1'}
24-Apr-21 13:51:22.745643 | DEBUG    | MAIN LOGGER                    | IN set_state_included_for_childs(node, state): node = {'id_node': 1203, 'name_node': 'ПТ-3', 'id_parent': 12, 'order_node': '3', 'type_node': 'FORM', 'template_name': 'main', 'folder_form': '3-ПТ3', 'name_json': None, 'included': '1'}, state = False
24-Apr-21 13:51:22.746642 | DEBUG    | MAIN LOGGER                    | IN set_included_for_node(node, state): node = {'id_node': 1203, 'name_node': 'ПТ-3', 'id_parent': 12, 'order_node': '3', 'type_node': 'FORM', 'template_name': 'main', 'folder_form': '3-ПТ3', 'name_json': None, 'included': '1'}, state = False
24-Apr-21 13:51:22.747644 | DEBUG    | MAIN LOGGER                    | get_db_project_dirpath() -> str: C:/Users/hayar/OneDrive/Документы/AutoExecDoc Projects/РАРАРАР\project.db
24-Apr-21 13:51:22.751643 | DEBUG    | MAIN LOGGER                    | IN set_state_included_for_childs(node, state): node = {'id_node': 1203, 'name_node': 'ПТ-3', 'id_parent': 12, 'order_node': '3', 'type_node': 'FORM', 'template_name': 'main', 'folder_form': '3-ПТ3', 'name_json': None, 'included': '1'}, state = True
24-Apr-21 13:51:22.752644 | DEBUG    | MAIN LOGGER                    | IN set_included_for_node(node, state): node = {'id_node': 1203, 'name_node': 'ПТ-3', 'id_parent': 12, 'order_node': '3', 'type_node': 'FORM', 'template_name': 'main', 'folder_form': '3-ПТ3', 'name_json': None, 'included': '1'}, state = True
24-Apr-21 13:51:22.753644 | DEBUG    | MAIN LOGGER                    | get_db_project_dirpath() -> str: C:/Users/hayar/OneDrive/Документы/AutoExecDoc Projects/РАРАРАР\project.db
24-Apr-21 13:51:22.759200 | DEBUG    | MAIN LOGGER                    | IN dfs(parent_node): parent_node = {'id_node': 1203, 'name_node': 'ПТ-3', 'id_parent': 12, 'order_node': '3', 'type_node': 'FORM', 'template_name': 'main', 'folder_form': '3-ПТ3', 'name_json': None, 'included': '1'}
24-Apr-21 13:51:22.760199 | DEBUG    | MAIN LOGGER                    | IN get_childs(parent_node) -> list: parent_node = {'id_node': 1203, 'name_node': 'ПТ-3', 'id_parent': 12, 'order_node': '3', 'type_node': 'FORM', 'template_name': 'main', 'folder_form': '3-ПТ3', 'name_json': None, 'included': '1'}
24-Apr-21 13:51:22.760199 | DEBUG    | MAIN LOGGER                    | get_db_project_dirpath() -> str: C:/Users/hayar/OneDrive/Документы/AutoExecDoc Projects/РАРАРАР\project.db
24-Apr-21 13:51:22.762199 | DEBUG    | MAIN LOGGER                    | IN set_true_actives_project()                                                   
24-Apr-21 13:51:22.763202 | DEBUG    | MAIN LOGGER                    | set_message_for_statusbar(Проект c именем РАРАРАР открыт.)                      
24-Apr-21 13:51:23.584881 | DEBUG    | MAIN LOGGER                    | IN update_pages_template(node) : node = {'id_node': 11, 'name_node': 'Реестр документации', 'id_parent': 0, 'order_node': '2', 'type_node': 'FORM', 'template_name': 'main', 'folder_form': '2-РД', 'name_json': None, 'included': '1'}
24-Apr-21 13:51:23.585880 | DEBUG    | MAIN LOGGER                    | IN get_pages(node) -> list: node = {'id_node': 11, 'name_node': 'Реестр документации', 'id_parent': 0, 'order_node': '2', 'type_node': 'FORM', 'template_name': 'main', 'folder_form': '2-РД', 'name_json': None, 'included': '1'}
24-Apr-21 13:51:23.586884 | DEBUG    | MAIN LOGGER                    | get_db_project_dirpath() -> str: C:/Users/hayar/OneDrive/Документы/AutoExecDoc Projects/РАРАРАР\project.db
24-Apr-21 13:51:24.638176 | DEBUG    | MAIN LOGGER                    | IN update_scrollarea()                                                          
24-Apr-21 13:51:24.638176 | DEBUG    | MAIN LOGGER                    | IN delete_all_widgets_in_sa()                                                   
24-Apr-21 13:51:24.639176 | DEBUG    | MAIN LOGGER                    | IN clear_temp_folder()                                                          
24-Apr-21 13:51:24.639176 | DEBUG    | MAIN LOGGER                    | get_project_dirpath() -> str: C:/Users/hayar/OneDrive/Документы/AutoExecDoc Projects/РАРАРАР
24-Apr-21 13:51:24.641177 | DEBUG    | MAIN LOGGER                    | IN add_page_for_datas(page)                                                     
24-Apr-21 13:51:24.641177 | DEBUG    | MAIN LOGGER                    | IN get_node_parent_from_pages(page) -> object: page = {'id_page': 3, 'id_node_parent': 11, 'name_page': 'Л.1. Реестр исполнительной документации ВОЛС.', 'folder_page': '2-РД-1', 'included': None}
24-Apr-21 13:51:24.642184 | DEBUG    | MAIN LOGGER                    | get_db_project_dirpath() -> str: C:/Users/hayar/OneDrive/Документы/AutoExecDoc Projects/РАРАРАР\project.db
24-Apr-21 13:51:24.643187 | DEBUG    | MAIN LOGGER                    | get_project_dirpath() -> str: C:/Users/hayar/OneDrive/Документы/AutoExecDoc Projects/РАРАРАР
24-Apr-21 13:51:24.644171 | DEBUG    | MAIN LOGGER                    | IN get_data_from_json_file(filepath) -> dict: filepath = C:\Users\hayar\OneDrive\Документы\AutoExecDoc Projects\РАРАРАР\forms\2-РД\2-РД-1\2-РД-1.json
24-Apr-21 13:51:24.645182 | DEBUG    | MAIN LOGGER                    | IN add_nodes_for_datas()                                                        
24-Apr-21 13:51:24.646186 | DEBUG    | MAIN LOGGER                    | IN get_node_parent_from_pages(page) -> object: page = {'id_page': 3, 'id_node_parent': 11, 'name_page': 'Л.1. Реестр исполнительной документации ВОЛС.', 'folder_page': '2-РД-1', 'included': None}
24-Apr-21 13:51:24.646186 | DEBUG    | MAIN LOGGER                    | get_db_project_dirpath() -> str: C:/Users/hayar/OneDrive/Документы/AutoExecDoc Projects/РАРАРАР\project.db
24-Apr-21 13:51:24.647172 | DEBUG    | MAIN LOGGER                    | IN get_node_parent(node) -> object: node = {'id_node': 11, 'name_node': 'Реестр документации', 'id_parent': 0, 'order_node': '2', 'type_node': 'FORM', 'template_name': 'main', 'folder_form': '2-РД', 'name_json': None, 'included': '1'}
24-Apr-21 13:51:24.648180 | DEBUG    | MAIN LOGGER                    | get_db_project_dirpath() -> str: C:/Users/hayar/OneDrive/Документы/AutoExecDoc Projects/РАРАРАР\project.db
24-Apr-21 13:51:24.649171 | DEBUG    | MAIN LOGGER                    | get_project_dirpath() -> str: C:/Users/hayar/OneDrive/Документы/AutoExecDoc Projects/РАРАРАР
24-Apr-21 13:51:24.650173 | DEBUG    | MAIN LOGGER                    | IN get_data_from_json_file(filepath) -> dict: filepath = C:\Users\hayar\OneDrive\Документы\AutoExecDoc Projects\РАРАРАР\forms\project.json
24-Apr-21 13:51:24.651173 | DEBUG    | MAIN LOGGER                    | IN get_node_parent(node) -> object: node = {'id_node': 0, 'name_node': 'Проект', 'id_parent': None, 'order_node': '0', 'type_node': 'PROJECT', 'template_name': None, 'folder_form': None, 'name_json': 'project', 'included': None}
24-Apr-21 13:51:24.652173 | DEBUG    | MAIN LOGGER                    | get_db_project_dirpath() -> str: C:/Users/hayar/OneDrive/Документы/AutoExecDoc Projects/РАРАРАР\project.db
24-Apr-21 13:51:24.653181 | DEBUG    | MAIN LOGGER                    | IN add_sections_in_sa()                                                         
24-Apr-21 13:51:24.655188 | DEBUG    | MAIN LOGGER                    | IN get_config_content(name_content) -> list: name_content = реестр_ид_паспорт_трассы
24-Apr-21 13:51:24.656181 | DEBUG    | MAIN LOGGER                    | get_db_project_dirpath() -> str: C:/Users/hayar/OneDrive/Документы/AutoExecDoc Projects/РАРАРАР\project.db
24-Apr-21 13:51:24.658184 | DEBUG    | MAIN LOGGER                    | IN get_config_table(id_content): id_content = 1200                              
24-Apr-21 13:51:24.658184 | DEBUG    | MAIN LOGGER                    | get_db_project_dirpath() -> str: C:/Users/hayar/OneDrive/Документы/AutoExecDoc Projects/РАРАРАР\project.db
24-Apr-21 13:51:24.660176 | DEBUG    | MAIN LOGGER                    | FormTable(self, section_index, config_content, config_table, value): section_index = 0, config_content = {'id_content': 1200, 'name_content': 'реестр_ид_паспорт_трассы', 'type_content': 'TABLE', 'title_content': 'Реестр ИД ВОЛС. Паспорт трассы', 'description_content': None, 'enable': None}, config_table = [{'id_config': 100, 'id_content': 1200, 'type_config': 'HEADER', 'value_config': 'Форма', 'note_config': None}, {'id_config': 101, 'id_content': 1200, 'type_config': 'HEADER', 'value_config': 'Наименование', 'note_config': None}, {'id_config': 102, 'id_content': 1200, 'type_config': 'HEADER', 'value_config': 'Количество листов', 'note_config': None}, {'id_config': 103, 'id_content': 1200, 'type_config': 'HEADER', 'value_config': 'Номера страниц', 'note_config': None}, {'id_config': 104, 'id_content': 1200, 'type_config': 'HEADER', 'value_config': 'Примечание', 'note_config': None}, {'id_config': 110, 'id_content': 1200, 'type_config': 'CONTENT', 'value_config': 'форма', 'note_config': None}, {'id_config': 111, 'id_content': 1200, 'type_config': 'CONTENT', 'value_config': 'наименование_документа', 'note_config': None}, {'id_config': 112, 'id_content': 1200, 'type_config': 'CONTENT', 'value_config': 'кол_листов', 'note_config': None}, {'id_config': 113, 'id_content': 1200, 'type_config': 'CONTENT', 'value_config': 'номера_стр', 'note_config': None}, {'id_config': 114, 'id_content': 1200, 'type_config': 'CONTENT', 'value_config': 'примечание', 'note_config': None}], value = None
24-Apr-21 13:51:24.664178 | DEBUG    | MAIN LOGGER                    | IN from_json(self, value): value = None                                         
24-Apr-21 13:51:24.665179 | DEBUG    | MAIN LOGGER                    | IN get_config_content(name_content) -> list: name_content = реестр_ид_эл_паспорт_трассы
24-Apr-21 13:51:24.665179 | DEBUG    | MAIN LOGGER                    | get_db_project_dirpath() -> str: C:/Users/hayar/OneDrive/Документы/AutoExecDoc Projects/РАРАРАР\project.db
24-Apr-21 13:51:24.666176 | DEBUG    | MAIN LOGGER                    | IN get_config_table(id_content): id_content = 1201                              
24-Apr-21 13:51:24.667175 | DEBUG    | MAIN LOGGER                    | get_db_project_dirpath() -> str: C:/Users/hayar/OneDrive/Документы/AutoExecDoc Projects/РАРАРАР\project.db
24-Apr-21 13:51:24.668175 | DEBUG    | MAIN LOGGER                    | FormTable(self, section_index, config_content, config_table, value): section_index = 0, config_content = {'id_content': 1201, 'name_content': 'реестр_ид_эл_паспорт_трассы', 'type_content': 'TABLE', 'title_content': 'Реестр ИД ВОЛС. Электрический паспорт трассы', 'description_content': None, 'enable': None}, config_table = [{'id_config': 200, 'id_content': 1201, 'type_config': 'HEADER', 'value_config': 'Форма', 'note_config': None}, {'id_config': 201, 'id_content': 1201, 'type_config': 'HEADER', 'value_config': 'Наименование', 'note_config': None}, {'id_config': 202, 'id_content': 1201, 'type_config': 'HEADER', 'value_config': 'Количество листов', 'note_config': None}, {'id_config': 203, 'id_content': 1201, 'type_config': 'HEADER', 'value_config': 'Номера страниц', 'note_config': None}, {'id_config': 204, 'id_content': 1201, 'type_config': 'HEADER', 'value_config': 'Примечание', 'note_config': None}, {'id_config': 205, 'id_content': 1201, 'type_config': 'CONTENT', 'value_config': 'форма', 'note_config': None}, {'id_config': 206, 'id_content': 1201, 'type_config': 'CONTENT', 'value_config': 'наименование_документа', 'note_config': None}, {'id_config': 207, 'id_content': 1201, 'type_config': 'CONTENT', 'value_config': 'кол_листов', 'note_config': None}, {'id_config': 208, 'id_content': 1201, 'type_config': 'CONTENT', 'value_config': 'номера_стр', 'note_config': None}, {'id_config': 209, 'id_content': 1201, 'type_config': 'CONTENT', 'value_config': 'примечание', 'note_config': None}], value = None
24-Apr-21 13:51:24.671177 | DEBUG    | MAIN LOGGER                    | IN from_json(self, value): value = None                                         
24-Apr-21 13:51:24.672178 | DEBUG    | MAIN LOGGER                    | IN get_config_content(name_content) -> list: name_content = рабочая_документация
24-Apr-21 13:51:24.672178 | DEBUG    | MAIN LOGGER                    | get_db_project_dirpath() -> str: C:/Users/hayar/OneDrive/Документы/AutoExecDoc Projects/РАРАРАР\project.db
24-Apr-21 13:51:24.673177 | DEBUG    | MAIN LOGGER                    | IN get_config_table(id_content): id_content = 1202                              
24-Apr-21 13:51:24.674177 | DEBUG    | MAIN LOGGER                    | get_db_project_dirpath() -> str: C:/Users/hayar/OneDrive/Документы/AutoExecDoc Projects/РАРАРАР\project.db
24-Apr-21 13:51:24.675177 | DEBUG    | MAIN LOGGER                    | FormTable(self, section_index, config_content, config_table, value): section_index = 0, config_content = {'id_content': 1202, 'name_content': 'рабочая_документация', 'type_content': 'TABLE', 'title_content': 'Реестр ИД ВОЛС. Рабочая документация', 'description_content': None, 'enable': None}, config_table = [{'id_config': 300, 'id_content': 1202, 'type_config': 'HEADER', 'value_config': 'Форма', 'note_config': None}, {'id_config': 301, 'id_content': 1202, 'type_config': 'HEADER', 'value_config': 'Наименование', 'note_config': None}, {'id_config': 302, 'id_content': 1202, 'type_config': 'HEADER', 'value_config': 'Количество листов', 'note_config': None}, {'id_config': 303, 'id_content': 1202, 'type_config': 'HEADER', 'value_config': 'Номера страниц', 'note_config': None}, {'id_config': 304, 'id_content': 1202, 'type_config': 'HEADER', 'value_config': 'Примечание', 'note_config': None}, {'id_config': 305, 'id_content': 1202, 'type_config': 'CONTENT', 'value_config': 'форма', 'note_config': None}, {'id_config': 306, 'id_content': 1202, 'type_config': 'CONTENT', 'value_config': 'наименование_документа', 'note_config': None}, {'id_config': 307, 'id_content': 1202, 'type_config': 'CONTENT', 'value_config': 'кол_листов', 'note_config': None}, {'id_config': 308, 'id_content': 1202, 'type_config': 'CONTENT', 'value_config': 'номера_стр', 'note_config': None}, {'id_config': 309, 'id_content': 1202, 'type_config': 'CONTENT', 'value_config': 'примечание', 'note_config': None}], value = None
24-Apr-21 13:51:24.678179 | DEBUG    | MAIN LOGGER                    | IN from_json(self, value): value = None                                         
24-Apr-21 13:51:24.686181 | DEBUG    | MAIN LOGGER                    | IN get_config_content(name_content) -> list: name_content = название_объекта    
24-Apr-21 13:51:24.687181 | DEBUG    | MAIN LOGGER                    | get_db_project_dirpath() -> str: C:/Users/hayar/OneDrive/Документы/AutoExecDoc Projects/РАРАРАР\project.db
24-Apr-21 13:51:24.688180 | DEBUG    | MAIN LOGGER                    | FormText(self, section_index, config_content, value): section_index = 1, config_content = {'id_content': 1003, 'name_content': 'название_объекта', 'type_content': 'TEXT', 'title_content': 'Название объекта', 'description_content': None, 'enable': None}, value = None
24-Apr-21 13:51:24.690182 | DEBUG    | MAIN LOGGER                    | IN get_config_content(name_content) -> list: name_content = участок             
24-Apr-21 13:51:24.691181 | DEBUG    | MAIN LOGGER                    | get_db_project_dirpath() -> str: C:/Users/hayar/OneDrive/Документы/AutoExecDoc Projects/РАРАРАР\project.db
24-Apr-21 13:51:24.692182 | DEBUG    | MAIN LOGGER                    | FormText(self, section_index, config_content, value): section_index = 1, config_content = {'id_content': 1004, 'name_content': 'участок', 'type_content': 'TEXT', 'title_content': 'Участок', 'description_content': None, 'enable': None}, value = None
24-Apr-21 13:51:24.694181 | DEBUG    | MAIN LOGGER                    | IN get_config_content(name_content) -> list: name_content = название_компании   
24-Apr-21 13:51:24.694181 | DEBUG    | MAIN LOGGER                    | get_db_project_dirpath() -> str: C:/Users/hayar/OneDrive/Документы/AutoExecDoc Projects/РАРАРАР\project.db
24-Apr-21 13:51:24.696182 | DEBUG    | MAIN LOGGER                    | FormText(self, section_index, config_content, value): section_index = 1, config_content = {'id_content': 1001, 'name_content': 'название_компании', 'type_content': 'TEXT', 'title_content': 'Название компании', 'description_content': None, 'enable': None}, value = None
24-Apr-21 13:51:30.740094 | DEBUG    | MAIN LOGGER                    | IN update_pages_template(node) : node = {'id_node': 12, 'name_node': 'Паспорт трассы', 'id_parent': 0, 'order_node': '3', 'type_node': 'GROUP', 'template_name': None, 'folder_form': None, 'name_json': None, 'included': '1'}
24-Apr-21 13:51:30.742087 | DEBUG    | MAIN LOGGER                    | IN get_pages(node) -> list: node = {'id_node': 12, 'name_node': 'Паспорт трассы', 'id_parent': 0, 'order_node': '3', 'type_node': 'GROUP', 'template_name': None, 'folder_form': None, 'name_json': None, 'included': '1'}
24-Apr-21 13:51:30.742087 | DEBUG    | MAIN LOGGER                    | get_db_project_dirpath() -> str: C:/Users/hayar/OneDrive/Документы/AutoExecDoc Projects/РАРАРАР\project.db
24-Apr-21 13:51:31.605417 | DEBUG    | MAIN LOGGER                    | IN update_pages_template(node) : node = {'id_node': 1202, 'name_node': 'ПТ-2', 'id_parent': 12, 'order_node': '2', 'type_node': 'FORM', 'template_name': 'main', 'folder_form': '3-ПТ2', 'name_json': None, 'included': '1'}
24-Apr-21 13:51:31.606420 | DEBUG    | MAIN LOGGER                    | IN get_pages(node) -> list: node = {'id_node': 1202, 'name_node': 'ПТ-2', 'id_parent': 12, 'order_node': '2', 'type_node': 'FORM', 'template_name': 'main', 'folder_form': '3-ПТ2', 'name_json': None, 'included': '1'}
24-Apr-21 13:51:31.607419 | DEBUG    | MAIN LOGGER                    | get_db_project_dirpath() -> str: C:/Users/hayar/OneDrive/Документы/AutoExecDoc Projects/РАРАРАР\project.db
24-Apr-21 13:51:44.965257 | DEBUG    | MAIN LOGGER                    | IN update_scrollarea()                                                          
24-Apr-21 13:51:44.965257 | DEBUG    | MAIN LOGGER                    | IN delete_all_widgets_in_sa()                                                   
24-Apr-21 13:51:44.966256 | DEBUG    | MAIN LOGGER                    | IN clear_temp_folder()                                                          
24-Apr-21 13:51:44.966256 | DEBUG    | MAIN LOGGER                    | get_project_dirpath() -> str: C:/Users/hayar/OneDrive/Документы/AutoExecDoc Projects/РАРАРАР
24-Apr-21 13:51:44.967254 | DEBUG    | MAIN LOGGER                    | IN add_page_for_datas(page)                                                     
24-Apr-21 13:51:44.967960 | DEBUG    | MAIN LOGGER                    | IN get_node_parent_from_pages(page) -> object: page = {'id_page': 5, 'id_node_parent': 1202, 'name_page': 'Л.1. Паспорт трассы волоконно-оптической линии связи на участке.', 'folder_page': '3-ПТ2-1', 'included': None}
24-Apr-21 13:51:44.967960 | DEBUG    | MAIN LOGGER                    | get_db_project_dirpath() -> str: C:/Users/hayar/OneDrive/Документы/AutoExecDoc Projects/РАРАРАР\project.db
24-Apr-21 13:51:44.968964 | DEBUG    | MAIN LOGGER                    | get_project_dirpath() -> str: C:/Users/hayar/OneDrive/Документы/AutoExecDoc Projects/РАРАРАР
24-Apr-21 13:51:44.969414 | DEBUG    | MAIN LOGGER                    | IN get_data_from_json_file(filepath) -> dict: filepath = C:\Users\hayar\OneDrive\Документы\AutoExecDoc Projects\РАРАРАР\forms\3-ПТ2\3-ПТ2-1\3-ПТ2-1.json
24-Apr-21 13:51:44.969414 | DEBUG    | MAIN LOGGER                    | IN add_nodes_for_datas()                                                        
24-Apr-21 13:51:44.969414 | DEBUG    | MAIN LOGGER                    | IN get_node_parent_from_pages(page) -> object: page = {'id_page': 5, 'id_node_parent': 1202, 'name_page': 'Л.1. Паспорт трассы волоконно-оптической линии связи на участке.', 'folder_page': '3-ПТ2-1', 'included': None}
24-Apr-21 13:51:44.970416 | DEBUG    | MAIN LOGGER                    | get_db_project_dirpath() -> str: C:/Users/hayar/OneDrive/Документы/AutoExecDoc Projects/РАРАРАР\project.db
24-Apr-21 13:51:44.971416 | DEBUG    | MAIN LOGGER                    | IN get_node_parent(node) -> object: node = {'id_node': 1202, 'name_node': 'ПТ-2', 'id_parent': 12, 'order_node': '2', 'type_node': 'FORM', 'template_name': 'main', 'folder_form': '3-ПТ2', 'name_json': None, 'included': '1'}
24-Apr-21 13:51:44.971416 | DEBUG    | MAIN LOGGER                    | get_db_project_dirpath() -> str: C:/Users/hayar/OneDrive/Документы/AutoExecDoc Projects/РАРАРАР\project.db
24-Apr-21 13:51:44.972416 | DEBUG    | MAIN LOGGER                    | IN get_node_parent(node) -> object: node = {'id_node': 12, 'name_node': 'Паспорт трассы', 'id_parent': 0, 'order_node': '3', 'type_node': 'GROUP', 'template_name': None, 'folder_form': None, 'name_json': None, 'included': '1'}
24-Apr-21 13:51:44.972416 | DEBUG    | MAIN LOGGER                    | get_db_project_dirpath() -> str: C:/Users/hayar/OneDrive/Документы/AutoExecDoc Projects/РАРАРАР\project.db
24-Apr-21 13:51:44.973416 | DEBUG    | MAIN LOGGER                    | get_project_dirpath() -> str: C:/Users/hayar/OneDrive/Документы/AutoExecDoc Projects/РАРАРАР
24-Apr-21 13:51:44.973416 | DEBUG    | MAIN LOGGER                    | IN get_data_from_json_file(filepath) -> dict: filepath = C:\Users\hayar\OneDrive\Документы\AutoExecDoc Projects\РАРАРАР\forms\project.json
24-Apr-21 13:51:44.974419 | DEBUG    | MAIN LOGGER                    | IN get_node_parent(node) -> object: node = {'id_node': 0, 'name_node': 'Проект', 'id_parent': None, 'order_node': '0', 'type_node': 'PROJECT', 'template_name': None, 'folder_form': None, 'name_json': 'project', 'included': None}
24-Apr-21 13:51:44.974419 | DEBUG    | MAIN LOGGER                    | get_db_project_dirpath() -> str: C:/Users/hayar/OneDrive/Документы/AutoExecDoc Projects/РАРАРАР\project.db
24-Apr-21 13:51:44.975419 | DEBUG    | MAIN LOGGER                    | IN add_sections_in_sa()                                                         
24-Apr-21 13:51:44.978419 | DEBUG    | MAIN LOGGER                    | IN get_config_content(name_content) -> list: name_content = кабеля              
24-Apr-21 13:51:44.978962 | DEBUG    | MAIN LOGGER                    | get_db_project_dirpath() -> str: C:/Users/hayar/OneDrive/Документы/AutoExecDoc Projects/РАРАРАР\project.db
24-Apr-21 13:51:44.979998 | DEBUG    | MAIN LOGGER                    | IN get_config_table(id_content): id_content = 1220                              
24-Apr-21 13:51:44.980994 | DEBUG    | MAIN LOGGER                    | get_db_project_dirpath() -> str: C:/Users/hayar/OneDrive/Документы/AutoExecDoc Projects/РАРАРАР\project.db
24-Apr-21 13:51:44.981994 | DEBUG    | MAIN LOGGER                    | FormTable(self, section_index, config_content, config_table, value): section_index = 0, config_content = {'id_content': 1220, 'name_content': 'кабеля', 'type_content': 'TABLE', 'title_content': 'Кабеля.', 'description_content': None, 'enable': None}, config_table = [{'id_config': 500, 'id_content': 1220, 'type_config': 'HEADER', 'value_config': 'Марка кабеля', 'note_config': None}, {'id_config': 501, 'id_content': 1220, 'type_config': 'HEADER', 'value_config': 'Длина кабеля (всего) в м.', 'note_config': None}, {'id_config': 502, 'id_content': 1220, 'type_config': 'HEADER', 'value_config': 'Оптическая длина в м.', 'note_config': None}, {'id_config': 503, 'id_content': 1220, 'type_config': 'HEADER', 'value_config': 'Информация', 'note_config': None}, {'id_config': 504, 'id_content': 1220, 'type_config': 'CONTENT', 'value_config': 'марка', 'note_config': None}, {'id_config': 505, 'id_content': 1220, 'type_config': 'CONTENT', 'value_config': 'длина_всего', 'note_config': None}, {'id_config': 506, 'id_content': 1220, 'type_config': 'CONTENT', 'value_config': 'длина_опт', 'note_config': None}, {'id_config': 507, 'id_content': 1220, 'type_config': 'CONTENT', 'value_config': 'инфо', 'note_config': None}], value = [['аыв', 'выавва', '', '']]
24-Apr-21 13:51:44.984379 | DEBUG    | MAIN LOGGER                    | IN from_json(self, value): value = [['аыв', 'выавва', '', '']]                  
24-Apr-21 13:51:44.985379 | DEBUG    | MAIN LOGGER                    | IN get_config_content(name_content) -> list: name_content = общая_физ_длина     
24-Apr-21 13:51:44.985379 | DEBUG    | MAIN LOGGER                    | get_db_project_dirpath() -> str: C:/Users/hayar/OneDrive/Документы/AutoExecDoc Projects/РАРАРАР\project.db
24-Apr-21 13:51:44.987370 | DEBUG    | MAIN LOGGER                    | FormText(self, section_index, config_content, value): section_index = 0, config_content = {'id_content': 1225, 'name_content': 'общая_физ_длина', 'type_content': 'TEXT', 'title_content': 'Общая физическая длина', 'description_content': None, 'enable': None}, value = аыаываы
24-Apr-21 13:51:44.989373 | DEBUG    | MAIN LOGGER                    | IN get_config_content(name_content) -> list: name_content = общая_опт_длина     
24-Apr-21 13:51:44.989373 | DEBUG    | MAIN LOGGER                    | get_db_project_dirpath() -> str: C:/Users/hayar/OneDrive/Документы/AutoExecDoc Projects/РАРАРАР\project.db
24-Apr-21 13:51:44.991371 | DEBUG    | MAIN LOGGER                    | FormText(self, section_index, config_content, value): section_index = 0, config_content = {'id_content': 1226, 'name_content': 'общая_опт_длина', 'type_content': 'TEXT', 'title_content': 'Общая оптическая длина', 'description_content': None, 'enable': None}, value = ывавыаыв
24-Apr-21 13:51:44.992381 | DEBUG    | MAIN LOGGER                    | IN get_config_content(name_content) -> list: name_content = год_прокладки_кабеля
24-Apr-21 13:51:44.993381 | DEBUG    | MAIN LOGGER                    | get_db_project_dirpath() -> str: C:/Users/hayar/OneDrive/Документы/AutoExecDoc Projects/РАРАРАР\project.db
24-Apr-21 13:51:44.995374 | DEBUG    | MAIN LOGGER                    | IN get_config_date(id_content) -> list: name_content = 1227                     
24-Apr-21 13:51:44.995374 | DEBUG    | MAIN LOGGER                    | get_db_project_dirpath() -> str: C:/Users/hayar/OneDrive/Документы/AutoExecDoc Projects/РАРАРАР\project.db
24-Apr-21 13:51:44.997375 | DEBUG    | MAIN LOGGER                    | FormDate(self, section_index, config_content, config_date, value): section_index = 0, config_content = {'id_content': 1227, 'name_content': 'год_прокладки_кабеля', 'type_content': 'DATE', 'title_content': 'Год прокладки кабеля', 'description_content': None, 'enable': None}, config_date = [{'id_config': 101, 'id_content': 1227, 'type_config': 'FORMAT', 'value_config': 'yyyy', 'note_config': None}], value = None
24-Apr-21 13:51:45.001377 | DEBUG    | MAIN LOGGER                    | IN get_config_content(name_content) -> list: name_content = год_составления_паспорта
24-Apr-21 13:51:45.002376 | DEBUG    | MAIN LOGGER                    | get_db_project_dirpath() -> str: C:/Users/hayar/OneDrive/Документы/AutoExecDoc Projects/РАРАРАР\project.db
24-Apr-21 13:51:45.004375 | DEBUG    | MAIN LOGGER                    | IN get_config_date(id_content) -> list: name_content = 1228                     
24-Apr-21 13:51:45.005377 | DEBUG    | MAIN LOGGER                    | get_db_project_dirpath() -> str: C:/Users/hayar/OneDrive/Документы/AutoExecDoc Projects/РАРАРАР\project.db
24-Apr-21 13:51:45.006377 | DEBUG    | MAIN LOGGER                    | FormDate(self, section_index, config_content, config_date, value): section_index = 0, config_content = {'id_content': 1228, 'name_content': 'год_составления_паспорта', 'type_content': 'DATE', 'title_content': 'Год составления паспорта', 'description_content': None, 'enable': None}, config_date = [{'id_config': 102, 'id_content': 1228, 'type_config': 'FORMAT', 'value_config': 'yyyy', 'note_config': None}], value = None
24-Apr-21 13:51:45.009377 | DEBUG    | MAIN LOGGER                    | IN get_config_content(name_content) -> list: name_content = отв_пред_орг_фио    
24-Apr-21 13:51:45.010378 | DEBUG    | MAIN LOGGER                    | get_db_project_dirpath() -> str: C:/Users/hayar/OneDrive/Документы/AutoExecDoc Projects/РАРАРАР\project.db
24-Apr-21 13:51:45.023385 | DEBUG    | MAIN LOGGER                    | IN get_config_content(name_content) -> list: name_content = название_объекта    
24-Apr-21 13:51:45.024379 | DEBUG    | MAIN LOGGER                    | get_db_project_dirpath() -> str: C:/Users/hayar/OneDrive/Документы/AutoExecDoc Projects/РАРАРАР\project.db
24-Apr-21 13:51:45.026594 | DEBUG    | MAIN LOGGER                    | FormText(self, section_index, config_content, value): section_index = 1, config_content = {'id_content': 1003, 'name_content': 'название_объекта', 'type_content': 'TEXT', 'title_content': 'Название объекта', 'description_content': None, 'enable': None}, value = None
24-Apr-21 13:51:45.029592 | DEBUG    | MAIN LOGGER                    | IN get_config_content(name_content) -> list: name_content = участок             
24-Apr-21 13:51:45.029592 | DEBUG    | MAIN LOGGER                    | get_db_project_dirpath() -> str: C:/Users/hayar/OneDrive/Документы/AutoExecDoc Projects/РАРАРАР\project.db
24-Apr-21 13:51:45.031591 | DEBUG    | MAIN LOGGER                    | FormText(self, section_index, config_content, value): section_index = 1, config_content = {'id_content': 1004, 'name_content': 'участок', 'type_content': 'TEXT', 'title_content': 'Участок', 'description_content': None, 'enable': None}, value = None
24-Apr-21 13:51:45.032592 | DEBUG    | MAIN LOGGER                    | IN get_config_content(name_content) -> list: name_content = название_компании   
24-Apr-21 13:51:45.033599 | DEBUG    | MAIN LOGGER                    | get_db_project_dirpath() -> str: C:/Users/hayar/OneDrive/Документы/AutoExecDoc Projects/РАРАРАР\project.db
24-Apr-21 13:51:45.035593 | DEBUG    | MAIN LOGGER                    | FormText(self, section_index, config_content, value): section_index = 1, config_content = {'id_content': 1001, 'name_content': 'название_компании', 'type_content': 'TEXT', 'title_content': 'Название компании', 'description_content': None, 'enable': None}, value = None
24-Apr-21 13:52:28.531687 | DEBUG    | MAIN LOGGER                    | IN set_value_in_sections_info(self, config_content, value): config_content = {'id_content': 1220, 'name_content': 'кабеля', 'type_content': 'TABLE', 'title_content': 'Кабеля.', 'description_content': None, 'enable': None},
24-Apr-21 13:52:28.532669 | DEBUG    | MAIN LOGGER                    | get_data() -> object                                                            
24-Apr-21 13:52:28.532669 | DEBUG    | MAIN LOGGER                    | IN to_json(self) -> list:                                                       
24-Apr-21 13:52:28.533669 | DEBUG    | MAIN LOGGER                    | IN set_value_in_sections_info(self, config_content, value): config_content = {'id_content': 1220, 'name_content': 'кабеля', 'type_content': 'TABLE', 'title_content': 'Кабеля.', 'description_content': None, 'enable': None},
24-Apr-21 13:52:28.534676 | DEBUG    | MAIN LOGGER                    | get_data() -> object                                                            
24-Apr-21 13:52:28.535681 | DEBUG    | MAIN LOGGER                    | IN to_json(self) -> list:                                                       
24-Apr-21 13:52:28.535681 | DEBUG    | MAIN LOGGER                    | IN set_value_in_sections_info(self, config_content, value): config_content = {'id_content': 1220, 'name_content': 'кабеля', 'type_content': 'TABLE', 'title_content': 'Кабеля.', 'description_content': None, 'enable': None},
24-Apr-21 13:52:28.536669 | DEBUG    | MAIN LOGGER                    | get_data() -> object                                                            
24-Apr-21 13:52:28.536669 | DEBUG    | MAIN LOGGER                    | IN to_json(self) -> list:                                                       
24-Apr-21 13:52:28.538670 | DEBUG    | MAIN LOGGER                    | IN set_value_in_sections_info(self, config_content, value): config_content = {'id_content': 1220, 'name_content': 'кабеля', 'type_content': 'TABLE', 'title_content': 'Кабеля.', 'description_content': None, 'enable': None},
24-Apr-21 13:52:28.538670 | DEBUG    | MAIN LOGGER                    | get_data() -> object                                                            
24-Apr-21 13:52:28.539671 | DEBUG    | MAIN LOGGER                    | IN to_json(self) -> list:                                                       
