24-Apr-21 15:02:29.450546 | DEBUG    | MAIN LOGGER                    | Config logger                                                                   
24-Apr-21 15:02:29.454547 | DEBUG    | MAIN LOGGER                    | IN create_and_config_files_and_folders()                                        
24-Apr-21 15:02:29.456275 | DEBUG    | MAIN LOGGER                    | get_default_folder_projects_dirpath() -> str: C:/Users/hayar/OneDrive/Документы\AutoExecDoc Projects
24-Apr-21 15:02:29.456275 | DEBUG    | MAIN LOGGER                    | IN create_and_config_db_settings()                                              
24-Apr-21 15:02:29.456275 | DEBUG    | MAIN LOGGER                    | get_db_settings_dirpath() -> str: d:\work\project\AutoExecDoc\db\settings.db    
24-Apr-21 15:02:30.079153 | DEBUG    | MAIN LOGGER                    | IN config_controllers()                                                         
24-Apr-21 15:02:30.079153 | DEBUG    | MAIN LOGGER                    | IN connect_statusbar(statusbar)                                                 
24-Apr-21 15:02:30.083154 | DEBUG    | MAIN LOGGER                    | set_message_for_statusbar(Проект не открыт)                                     
24-Apr-21 15:02:30.083154 | DEBUG    | MAIN LOGGER                    | IN connect_structureexecdoc(tr_sed, title_sed)                                  
24-Apr-21 15:02:30.083154 | DEBUG    | MAIN LOGGER                    | IN clear_tr_sed()                                                               
24-Apr-21 15:02:30.083154 | DEBUG    | MAIN LOGGER                    | IN connect_pages_template(lw_pt)                                                
24-Apr-21 15:02:30.083154 | DEBUG    | MAIN LOGGER                    | IN connect_inputforms(sa_if, sa_ifl)                                            
24-Apr-21 15:02:30.087168 | DEBUG    | MAIN LOGGER                    | IN connecting_actions()                                                         
24-Apr-21 15:02:31.847604 | DEBUG    | MAIN LOGGER                    | IN open_project()                                                               
24-Apr-21 15:02:31.848604 | DEBUG    | MAIN LOGGER                    | get_default_folder_projects_dirpath() -> str: C:/Users/hayar/OneDrive/Документы\AutoExecDoc Projects
24-Apr-21 15:02:34.416309 | DEBUG    | MAIN LOGGER                    | select_folder_for_open_project() -> C:/Users/hayar/OneDrive/Документы/AutoExecDoc Projects/РАРАРАР
24-Apr-21 15:02:34.417310 | DEBUG    | MAIN LOGGER                    | IN set_project_dirpaths(folder_path: str): folder_path = C:/Users/hayar/OneDrive/Документы/AutoExecDoc Projects/РАРАРАР
24-Apr-21 15:02:34.419312 | DEBUG    | MAIN LOGGER                    | set_project_dirpath(dirpath: str): dirpath = C:/Users/hayar/OneDrive/Документы/AutoExecDoc Projects/РАРАРАР
24-Apr-21 15:02:34.420312 | DEBUG    | MAIN LOGGER                    | get_project_dirpath() -> str: C:/Users/hayar/OneDrive/Документы/AutoExecDoc Projects/РАРАРАР
24-Apr-21 15:02:34.420312 | DEBUG    | MAIN LOGGER                    | set_db_project_dirpath(dirpath: str): dirpath = C:/Users/hayar/OneDrive/Документы/AutoExecDoc Projects/РАРАРАР\project.db
24-Apr-21 15:02:34.421311 | DEBUG    | MAIN LOGGER                    | IN config_open_project()                                                        
24-Apr-21 15:02:34.422311 | DEBUG    | MAIN LOGGER                    | get_project_dirpath() -> str: C:/Users/hayar/OneDrive/Документы/AutoExecDoc Projects/РАРАРАР
24-Apr-21 15:02:34.423473 | DEBUG    | MAIN LOGGER                    | IN add_or_update_open_project_to_db()                                           
24-Apr-21 15:02:34.423997 | DEBUG    | MAIN LOGGER                    | get_db_settings_dirpath() -> str: d:\work\project\AutoExecDoc\db\settings.db    
24-Apr-21 15:02:34.432992 | DEBUG    | MAIN LOGGER                    | get_project_dirpath() -> str: C:/Users/hayar/OneDrive/Документы/AutoExecDoc Projects/РАРАРАР
24-Apr-21 15:02:34.434992 | DEBUG    | MAIN LOGGER                    | get_project_dirpath() -> str: C:/Users/hayar/OneDrive/Документы/AutoExecDoc Projects/РАРАРАР
24-Apr-21 15:02:34.441992 | DEBUG    | MAIN LOGGER                    | IN update_project_to_db()                                                       
24-Apr-21 15:02:34.443996 | DEBUG    | MAIN LOGGER                    | get_db_settings_dirpath() -> str: d:\work\project\AutoExecDoc\db\settings.db    
24-Apr-21 15:02:34.445999 | DEBUG    | MAIN LOGGER                    | get_project_dirpath() -> str: C:/Users/hayar/OneDrive/Документы/AutoExecDoc Projects/РАРАРАР
24-Apr-21 15:02:34.447999 | DEBUG    | MAIN LOGGER                    | get_project_dirpath() -> str: C:/Users/hayar/OneDrive/Документы/AutoExecDoc Projects/РАРАРАР
24-Apr-21 15:02:34.453996 | DEBUG    | MAIN LOGGER                    | IN create_and_config_db_project()                                               
24-Apr-21 15:02:34.456997 | DEBUG    | MAIN LOGGER                    | get_db_project_dirpath() -> str: C:/Users/hayar/OneDrive/Документы/AutoExecDoc Projects/РАРАРАР\project.db
24-Apr-21 15:02:34.459004 | DEBUG    | MAIN LOGGER                    | IN update_structure_exec_doc()                                                  
24-Apr-21 15:02:34.461001 | DEBUG    | MAIN LOGGER                    | IN clear_tr_sed()                                                               
24-Apr-21 15:02:34.462721 | DEBUG    | MAIN LOGGER                    | get_current_name() -> str: РАРАРАР                                              
24-Apr-21 15:02:34.464955 | DEBUG    | MAIN LOGGER                    | IN get_project_node() -> object                                                 
24-Apr-21 15:02:34.465958 | DEBUG    | MAIN LOGGER                    | get_db_project_dirpath() -> str: C:/Users/hayar/OneDrive/Документы/AutoExecDoc Projects/РАРАРАР\project.db
24-Apr-21 15:02:34.473481 | DEBUG    | MAIN LOGGER                    | IN dfs(parent_node): parent_node = {'id_node': 0, 'name_node': 'Проект', 'id_parent': None, 'order_node': '0', 'type_node': 'PROJECT', 'template_name': None, 'folder_form': None, 'name_json': 'project', 'included': None}
24-Apr-21 15:02:34.475482 | DEBUG    | MAIN LOGGER                    | IN get_childs(parent_node) -> list: parent_node = {'id_node': 0, 'name_node': 'Проект', 'id_parent': None, 'order_node': '0', 'type_node': 'PROJECT', 'template_name': None, 'folder_form': None, 'name_json': 'project', 'included': None}
24-Apr-21 15:02:34.477481 | DEBUG    | MAIN LOGGER                    | get_db_project_dirpath() -> str: C:/Users/hayar/OneDrive/Документы/AutoExecDoc Projects/РАРАРАР\project.db
24-Apr-21 15:02:34.479484 | DEBUG    | MAIN LOGGER                    | IN set_item_in_nodes_to_items(node): node = {'id_node': 10, 'name_node': 'Титульный лист', 'id_parent': 0, 'order_node': '1', 'type_node': 'FORM', 'template_name': 'main', 'folder_form': '1-ТЛ', 'name_json': '1-ТЛ', 'included': '1'}
24-Apr-21 15:02:34.481484 | DEBUG    | MAIN LOGGER                    | IN set_state_included_for_childs(node, state): node = {'id_node': 10, 'name_node': 'Титульный лист', 'id_parent': 0, 'order_node': '1', 'type_node': 'FORM', 'template_name': 'main', 'folder_form': '1-ТЛ', 'name_json': '1-ТЛ', 'included': '1'}, state = False
24-Apr-21 15:02:34.483483 | DEBUG    | MAIN LOGGER                    | IN set_included_for_node(node, state): node = {'id_node': 10, 'name_node': 'Титульный лист', 'id_parent': 0, 'order_node': '1', 'type_node': 'FORM', 'template_name': 'main', 'folder_form': '1-ТЛ', 'name_json': '1-ТЛ', 'included': '1'}, state = False
24-Apr-21 15:02:34.485483 | DEBUG    | MAIN LOGGER                    | get_db_project_dirpath() -> str: C:/Users/hayar/OneDrive/Документы/AutoExecDoc Projects/РАРАРАР\project.db
24-Apr-21 15:02:34.493485 | DEBUG    | MAIN LOGGER                    | IN set_state_included_for_childs(node, state): node = {'id_node': 10, 'name_node': 'Титульный лист', 'id_parent': 0, 'order_node': '1', 'type_node': 'FORM', 'template_name': 'main', 'folder_form': '1-ТЛ', 'name_json': '1-ТЛ', 'included': '1'}, state = True
24-Apr-21 15:02:34.496486 | DEBUG    | MAIN LOGGER                    | IN set_included_for_node(node, state): node = {'id_node': 10, 'name_node': 'Титульный лист', 'id_parent': 0, 'order_node': '1', 'type_node': 'FORM', 'template_name': 'main', 'folder_form': '1-ТЛ', 'name_json': '1-ТЛ', 'included': '1'}, state = True
24-Apr-21 15:02:34.497486 | DEBUG    | MAIN LOGGER                    | get_db_project_dirpath() -> str: C:/Users/hayar/OneDrive/Документы/AutoExecDoc Projects/РАРАРАР\project.db
24-Apr-21 15:02:34.507489 | DEBUG    | MAIN LOGGER                    | IN dfs(parent_node): parent_node = {'id_node': 10, 'name_node': 'Титульный лист', 'id_parent': 0, 'order_node': '1', 'type_node': 'FORM', 'template_name': 'main', 'folder_form': '1-ТЛ', 'name_json': '1-ТЛ', 'included': '1'}
24-Apr-21 15:02:34.509490 | DEBUG    | MAIN LOGGER                    | IN get_childs(parent_node) -> list: parent_node = {'id_node': 10, 'name_node': 'Титульный лист', 'id_parent': 0, 'order_node': '1', 'type_node': 'FORM', 'template_name': 'main', 'folder_form': '1-ТЛ', 'name_json': '1-ТЛ', 'included': '1'}
24-Apr-21 15:02:34.511492 | DEBUG    | MAIN LOGGER                    | get_db_project_dirpath() -> str: C:/Users/hayar/OneDrive/Документы/AutoExecDoc Projects/РАРАРАР\project.db
24-Apr-21 15:02:34.515490 | DEBUG    | MAIN LOGGER                    | IN set_item_in_nodes_to_items(node): node = {'id_node': 11, 'name_node': 'Реестр документации', 'id_parent': 0, 'order_node': '2', 'type_node': 'FORM', 'template_name': 'main', 'folder_form': '2-РД', 'name_json': None, 'included': '1'}
24-Apr-21 15:02:34.516488 | DEBUG    | MAIN LOGGER                    | IN set_state_included_for_childs(node, state): node = {'id_node': 11, 'name_node': 'Реестр документации', 'id_parent': 0, 'order_node': '2', 'type_node': 'FORM', 'template_name': 'main', 'folder_form': '2-РД', 'name_json': None, 'included': '1'}, state = False
24-Apr-21 15:02:34.518489 | DEBUG    | MAIN LOGGER                    | IN set_included_for_node(node, state): node = {'id_node': 11, 'name_node': 'Реестр документации', 'id_parent': 0, 'order_node': '2', 'type_node': 'FORM', 'template_name': 'main', 'folder_form': '2-РД', 'name_json': None, 'included': '1'}, state = False
24-Apr-21 15:02:34.519492 | DEBUG    | MAIN LOGGER                    | get_db_project_dirpath() -> str: C:/Users/hayar/OneDrive/Документы/AutoExecDoc Projects/РАРАРАР\project.db
24-Apr-21 15:02:34.528495 | DEBUG    | MAIN LOGGER                    | IN set_state_included_for_childs(node, state): node = {'id_node': 11, 'name_node': 'Реестр документации', 'id_parent': 0, 'order_node': '2', 'type_node': 'FORM', 'template_name': 'main', 'folder_form': '2-РД', 'name_json': None, 'included': '1'}, state = True
24-Apr-21 15:02:34.529493 | DEBUG    | MAIN LOGGER                    | IN set_included_for_node(node, state): node = {'id_node': 11, 'name_node': 'Реестр документации', 'id_parent': 0, 'order_node': '2', 'type_node': 'FORM', 'template_name': 'main', 'folder_form': '2-РД', 'name_json': None, 'included': '1'}, state = True
24-Apr-21 15:02:34.530494 | DEBUG    | MAIN LOGGER                    | get_db_project_dirpath() -> str: C:/Users/hayar/OneDrive/Документы/AutoExecDoc Projects/РАРАРАР\project.db
24-Apr-21 15:02:34.542495 | DEBUG    | MAIN LOGGER                    | IN dfs(parent_node): parent_node = {'id_node': 11, 'name_node': 'Реестр документации', 'id_parent': 0, 'order_node': '2', 'type_node': 'FORM', 'template_name': 'main', 'folder_form': '2-РД', 'name_json': None, 'included': '1'}
24-Apr-21 15:02:34.544497 | DEBUG    | MAIN LOGGER                    | IN get_childs(parent_node) -> list: parent_node = {'id_node': 11, 'name_node': 'Реестр документации', 'id_parent': 0, 'order_node': '2', 'type_node': 'FORM', 'template_name': 'main', 'folder_form': '2-РД', 'name_json': None, 'included': '1'}
24-Apr-21 15:02:34.545499 | DEBUG    | MAIN LOGGER                    | get_db_project_dirpath() -> str: C:/Users/hayar/OneDrive/Документы/AutoExecDoc Projects/РАРАРАР\project.db
24-Apr-21 15:02:34.550498 | DEBUG    | MAIN LOGGER                    | IN set_item_in_nodes_to_items(node): node = {'id_node': 12, 'name_node': 'Паспорт трассы', 'id_parent': 0, 'order_node': '3', 'type_node': 'GROUP', 'template_name': None, 'folder_form': None, 'name_json': None, 'included': '1'}
24-Apr-21 15:02:34.552499 | DEBUG    | MAIN LOGGER                    | IN set_state_included_for_childs(node, state): node = {'id_node': 12, 'name_node': 'Паспорт трассы', 'id_parent': 0, 'order_node': '3', 'type_node': 'GROUP', 'template_name': None, 'folder_form': None, 'name_json': None, 'included': '1'}, state = False
24-Apr-21 15:02:34.554501 | DEBUG    | MAIN LOGGER                    | IN set_included_for_node(node, state): node = {'id_node': 12, 'name_node': 'Паспорт трассы', 'id_parent': 0, 'order_node': '3', 'type_node': 'GROUP', 'template_name': None, 'folder_form': None, 'name_json': None, 'included': '1'}, state = False
24-Apr-21 15:02:34.556501 | DEBUG    | MAIN LOGGER                    | get_db_project_dirpath() -> str: C:/Users/hayar/OneDrive/Документы/AutoExecDoc Projects/РАРАРАР\project.db
24-Apr-21 15:02:34.563503 | DEBUG    | MAIN LOGGER                    | IN set_state_included_for_childs(node, state): node = {'id_node': 12, 'name_node': 'Паспорт трассы', 'id_parent': 0, 'order_node': '3', 'type_node': 'GROUP', 'template_name': None, 'folder_form': None, 'name_json': None, 'included': '1'}, state = True
24-Apr-21 15:02:34.565502 | DEBUG    | MAIN LOGGER                    | IN set_included_for_node(node, state): node = {'id_node': 12, 'name_node': 'Паспорт трассы', 'id_parent': 0, 'order_node': '3', 'type_node': 'GROUP', 'template_name': None, 'folder_form': None, 'name_json': None, 'included': '1'}, state = True
24-Apr-21 15:02:34.566502 | DEBUG    | MAIN LOGGER                    | get_db_project_dirpath() -> str: C:/Users/hayar/OneDrive/Документы/AutoExecDoc Projects/РАРАРАР\project.db
24-Apr-21 15:02:34.577110 | DEBUG    | MAIN LOGGER                    | IN dfs(parent_node): parent_node = {'id_node': 12, 'name_node': 'Паспорт трассы', 'id_parent': 0, 'order_node': '3', 'type_node': 'GROUP', 'template_name': None, 'folder_form': None, 'name_json': None, 'included': '1'}
24-Apr-21 15:02:34.579112 | DEBUG    | MAIN LOGGER                    | IN get_childs(parent_node) -> list: parent_node = {'id_node': 12, 'name_node': 'Паспорт трассы', 'id_parent': 0, 'order_node': '3', 'type_node': 'GROUP', 'template_name': None, 'folder_form': None, 'name_json': None, 'included': '1'}
24-Apr-21 15:02:34.580113 | DEBUG    | MAIN LOGGER                    | get_db_project_dirpath() -> str: C:/Users/hayar/OneDrive/Документы/AutoExecDoc Projects/РАРАРАР\project.db
24-Apr-21 15:02:34.584109 | DEBUG    | MAIN LOGGER                    | IN set_item_in_nodes_to_items(node): node = {'id_node': 1201, 'name_node': 'ПТ-1', 'id_parent': 12, 'order_node': '1', 'type_node': 'FORM', 'template_name': 'main', 'folder_form': '3-ПТ1', 'name_json': None, 'included': '1'}
24-Apr-21 15:02:34.586114 | DEBUG    | MAIN LOGGER                    | IN set_state_included_for_childs(node, state): node = {'id_node': 1201, 'name_node': 'ПТ-1', 'id_parent': 12, 'order_node': '1', 'type_node': 'FORM', 'template_name': 'main', 'folder_form': '3-ПТ1', 'name_json': None, 'included': '1'}, state = False
24-Apr-21 15:02:34.587113 | DEBUG    | MAIN LOGGER                    | IN set_included_for_node(node, state): node = {'id_node': 1201, 'name_node': 'ПТ-1', 'id_parent': 12, 'order_node': '1', 'type_node': 'FORM', 'template_name': 'main', 'folder_form': '3-ПТ1', 'name_json': None, 'included': '1'}, state = False
24-Apr-21 15:02:34.589112 | DEBUG    | MAIN LOGGER                    | get_db_project_dirpath() -> str: C:/Users/hayar/OneDrive/Документы/AutoExecDoc Projects/РАРАРАР\project.db
24-Apr-21 15:02:34.596113 | DEBUG    | MAIN LOGGER                    | IN set_state_included_for_childs(node, state): node = {'id_node': 1201, 'name_node': 'ПТ-1', 'id_parent': 12, 'order_node': '1', 'type_node': 'FORM', 'template_name': 'main', 'folder_form': '3-ПТ1', 'name_json': None, 'included': '1'}, state = True
24-Apr-21 15:02:34.598113 | DEBUG    | MAIN LOGGER                    | IN set_included_for_node(node, state): node = {'id_node': 1201, 'name_node': 'ПТ-1', 'id_parent': 12, 'order_node': '1', 'type_node': 'FORM', 'template_name': 'main', 'folder_form': '3-ПТ1', 'name_json': None, 'included': '1'}, state = True
24-Apr-21 15:02:34.600115 | DEBUG    | MAIN LOGGER                    | get_db_project_dirpath() -> str: C:/Users/hayar/OneDrive/Документы/AutoExecDoc Projects/РАРАРАР\project.db
24-Apr-21 15:02:34.612116 | DEBUG    | MAIN LOGGER                    | IN dfs(parent_node): parent_node = {'id_node': 1201, 'name_node': 'ПТ-1', 'id_parent': 12, 'order_node': '1', 'type_node': 'FORM', 'template_name': 'main', 'folder_form': '3-ПТ1', 'name_json': None, 'included': '1'}
24-Apr-21 15:02:34.613118 | DEBUG    | MAIN LOGGER                    | IN get_childs(parent_node) -> list: parent_node = {'id_node': 1201, 'name_node': 'ПТ-1', 'id_parent': 12, 'order_node': '1', 'type_node': 'FORM', 'template_name': 'main', 'folder_form': '3-ПТ1', 'name_json': None, 'included': '1'}
24-Apr-21 15:02:34.615118 | DEBUG    | MAIN LOGGER                    | get_db_project_dirpath() -> str: C:/Users/hayar/OneDrive/Документы/AutoExecDoc Projects/РАРАРАР\project.db
24-Apr-21 15:02:34.619117 | DEBUG    | MAIN LOGGER                    | IN set_item_in_nodes_to_items(node): node = {'id_node': 1202, 'name_node': 'ПТ-2', 'id_parent': 12, 'order_node': '2', 'type_node': 'FORM', 'template_name': 'main', 'folder_form': '3-ПТ2', 'name_json': None, 'included': '1'}
24-Apr-21 15:02:34.621119 | DEBUG    | MAIN LOGGER                    | IN set_state_included_for_childs(node, state): node = {'id_node': 1202, 'name_node': 'ПТ-2', 'id_parent': 12, 'order_node': '2', 'type_node': 'FORM', 'template_name': 'main', 'folder_form': '3-ПТ2', 'name_json': None, 'included': '1'}, state = False
24-Apr-21 15:02:34.622120 | DEBUG    | MAIN LOGGER                    | IN set_included_for_node(node, state): node = {'id_node': 1202, 'name_node': 'ПТ-2', 'id_parent': 12, 'order_node': '2', 'type_node': 'FORM', 'template_name': 'main', 'folder_form': '3-ПТ2', 'name_json': None, 'included': '1'}, state = False
24-Apr-21 15:02:34.623119 | DEBUG    | MAIN LOGGER                    | get_db_project_dirpath() -> str: C:/Users/hayar/OneDrive/Документы/AutoExecDoc Projects/РАРАРАР\project.db
24-Apr-21 15:02:34.631123 | DEBUG    | MAIN LOGGER                    | IN set_state_included_for_childs(node, state): node = {'id_node': 1202, 'name_node': 'ПТ-2', 'id_parent': 12, 'order_node': '2', 'type_node': 'FORM', 'template_name': 'main', 'folder_form': '3-ПТ2', 'name_json': None, 'included': '1'}, state = True
24-Apr-21 15:02:34.632119 | DEBUG    | MAIN LOGGER                    | IN set_included_for_node(node, state): node = {'id_node': 1202, 'name_node': 'ПТ-2', 'id_parent': 12, 'order_node': '2', 'type_node': 'FORM', 'template_name': 'main', 'folder_form': '3-ПТ2', 'name_json': None, 'included': '1'}, state = True
24-Apr-21 15:02:34.633122 | DEBUG    | MAIN LOGGER                    | get_db_project_dirpath() -> str: C:/Users/hayar/OneDrive/Документы/AutoExecDoc Projects/РАРАРАР\project.db
24-Apr-21 15:02:34.642124 | DEBUG    | MAIN LOGGER                    | IN dfs(parent_node): parent_node = {'id_node': 1202, 'name_node': 'ПТ-2', 'id_parent': 12, 'order_node': '2', 'type_node': 'FORM', 'template_name': 'main', 'folder_form': '3-ПТ2', 'name_json': None, 'included': '1'}
24-Apr-21 15:02:34.644125 | DEBUG    | MAIN LOGGER                    | IN get_childs(parent_node) -> list: parent_node = {'id_node': 1202, 'name_node': 'ПТ-2', 'id_parent': 12, 'order_node': '2', 'type_node': 'FORM', 'template_name': 'main', 'folder_form': '3-ПТ2', 'name_json': None, 'included': '1'}
24-Apr-21 15:02:34.646123 | DEBUG    | MAIN LOGGER                    | get_db_project_dirpath() -> str: C:/Users/hayar/OneDrive/Документы/AutoExecDoc Projects/РАРАРАР\project.db
24-Apr-21 15:02:34.649126 | DEBUG    | MAIN LOGGER                    | IN set_item_in_nodes_to_items(node): node = {'id_node': 1203, 'name_node': 'ПТ-3', 'id_parent': 12, 'order_node': '3', 'type_node': 'FORM', 'template_name': 'main', 'folder_form': '3-ПТ3', 'name_json': None, 'included': '1'}
24-Apr-21 15:02:34.650126 | DEBUG    | MAIN LOGGER                    | IN set_state_included_for_childs(node, state): node = {'id_node': 1203, 'name_node': 'ПТ-3', 'id_parent': 12, 'order_node': '3', 'type_node': 'FORM', 'template_name': 'main', 'folder_form': '3-ПТ3', 'name_json': None, 'included': '1'}, state = False
24-Apr-21 15:02:34.651162 | DEBUG    | MAIN LOGGER                    | IN set_included_for_node(node, state): node = {'id_node': 1203, 'name_node': 'ПТ-3', 'id_parent': 12, 'order_node': '3', 'type_node': 'FORM', 'template_name': 'main', 'folder_form': '3-ПТ3', 'name_json': None, 'included': '1'}, state = False
24-Apr-21 15:02:34.652161 | DEBUG    | MAIN LOGGER                    | get_db_project_dirpath() -> str: C:/Users/hayar/OneDrive/Документы/AutoExecDoc Projects/РАРАРАР\project.db
24-Apr-21 15:02:34.660162 | DEBUG    | MAIN LOGGER                    | IN set_state_included_for_childs(node, state): node = {'id_node': 1203, 'name_node': 'ПТ-3', 'id_parent': 12, 'order_node': '3', 'type_node': 'FORM', 'template_name': 'main', 'folder_form': '3-ПТ3', 'name_json': None, 'included': '1'}, state = True
24-Apr-21 15:02:34.661153 | DEBUG    | MAIN LOGGER                    | IN set_included_for_node(node, state): node = {'id_node': 1203, 'name_node': 'ПТ-3', 'id_parent': 12, 'order_node': '3', 'type_node': 'FORM', 'template_name': 'main', 'folder_form': '3-ПТ3', 'name_json': None, 'included': '1'}, state = True
24-Apr-21 15:02:34.663158 | DEBUG    | MAIN LOGGER                    | get_db_project_dirpath() -> str: C:/Users/hayar/OneDrive/Документы/AutoExecDoc Projects/РАРАРАР\project.db
24-Apr-21 15:02:34.673154 | DEBUG    | MAIN LOGGER                    | IN dfs(parent_node): parent_node = {'id_node': 1203, 'name_node': 'ПТ-3', 'id_parent': 12, 'order_node': '3', 'type_node': 'FORM', 'template_name': 'main', 'folder_form': '3-ПТ3', 'name_json': None, 'included': '1'}
24-Apr-21 15:02:34.675155 | DEBUG    | MAIN LOGGER                    | IN get_childs(parent_node) -> list: parent_node = {'id_node': 1203, 'name_node': 'ПТ-3', 'id_parent': 12, 'order_node': '3', 'type_node': 'FORM', 'template_name': 'main', 'folder_form': '3-ПТ3', 'name_json': None, 'included': '1'}
24-Apr-21 15:02:34.676166 | DEBUG    | MAIN LOGGER                    | get_db_project_dirpath() -> str: C:/Users/hayar/OneDrive/Документы/AutoExecDoc Projects/РАРАРАР\project.db
24-Apr-21 15:02:34.680415 | DEBUG    | MAIN LOGGER                    | IN set_true_actives_project()                                                   
24-Apr-21 15:02:34.682417 | DEBUG    | MAIN LOGGER                    | set_message_for_statusbar(Проект c именем РАРАРАР открыт.)                      
24-Apr-21 15:02:37.128587 | DEBUG    | MAIN LOGGER                    | IN update_pages_template(node) : node = {'id_node': 1202, 'name_node': 'ПТ-2', 'id_parent': 12, 'order_node': '2', 'type_node': 'FORM', 'template_name': 'main', 'folder_form': '3-ПТ2', 'name_json': None, 'included': '1'}
24-Apr-21 15:02:37.132588 | DEBUG    | MAIN LOGGER                    | IN get_pages(node) -> list: node = {'id_node': 1202, 'name_node': 'ПТ-2', 'id_parent': 12, 'order_node': '2', 'type_node': 'FORM', 'template_name': 'main', 'folder_form': '3-ПТ2', 'name_json': None, 'included': '1'}
24-Apr-21 15:02:37.132588 | DEBUG    | MAIN LOGGER                    | get_db_project_dirpath() -> str: C:/Users/hayar/OneDrive/Документы/AutoExecDoc Projects/РАРАРАР\project.db
24-Apr-21 15:02:38.821594 | DEBUG    | MAIN LOGGER                    | IN update_scrollarea()                                                          
24-Apr-21 15:02:38.821594 | DEBUG    | MAIN LOGGER                    | IN delete_all_widgets_in_sa()                                                   
24-Apr-21 15:02:38.825578 | DEBUG    | MAIN LOGGER                    | IN clear_temp_folder()                                                          
24-Apr-21 15:02:38.825578 | DEBUG    | MAIN LOGGER                    | get_project_dirpath() -> str: C:/Users/hayar/OneDrive/Документы/AutoExecDoc Projects/РАРАРАР
24-Apr-21 15:02:38.834971 | DEBUG    | MAIN LOGGER                    | IN add_page_for_datas(page)                                                     
24-Apr-21 15:02:38.834971 | DEBUG    | MAIN LOGGER                    | IN get_node_parent_from_pages(page) -> object: page = {'id_page': 5, 'id_node_parent': 1202, 'name_page': 'Л.1. Паспорт трассы волоконно-оптической линии связи на участке.', 'folder_page': '3-ПТ2-1', 'included': None}
24-Apr-21 15:02:38.838970 | DEBUG    | MAIN LOGGER                    | get_db_project_dirpath() -> str: C:/Users/hayar/OneDrive/Документы/AutoExecDoc Projects/РАРАРАР\project.db
24-Apr-21 15:02:38.842975 | DEBUG    | MAIN LOGGER                    | get_project_dirpath() -> str: C:/Users/hayar/OneDrive/Документы/AutoExecDoc Projects/РАРАРАР
24-Apr-21 15:02:38.846975 | DEBUG    | MAIN LOGGER                    | IN get_data_from_json_file(filepath) -> dict: filepath = C:\Users\hayar\OneDrive\Документы\AutoExecDoc Projects\РАРАРАР\forms\3-ПТ2\3-ПТ2-1\3-ПТ2-1.json
24-Apr-21 15:02:38.846975 | DEBUG    | MAIN LOGGER                    | IN add_nodes_for_datas()                                                        
24-Apr-21 15:02:38.850794 | DEBUG    | MAIN LOGGER                    | IN get_node_parent_from_pages(page) -> object: page = {'id_page': 5, 'id_node_parent': 1202, 'name_page': 'Л.1. Паспорт трассы волоконно-оптической линии связи на участке.', 'folder_page': '3-ПТ2-1', 'included': None}
24-Apr-21 15:02:38.850794 | DEBUG    | MAIN LOGGER                    | get_db_project_dirpath() -> str: C:/Users/hayar/OneDrive/Документы/AutoExecDoc Projects/РАРАРАР\project.db
24-Apr-21 15:02:38.853834 | DEBUG    | MAIN LOGGER                    | IN get_node_parent(node) -> object: node = {'id_node': 1202, 'name_node': 'ПТ-2', 'id_parent': 12, 'order_node': '2', 'type_node': 'FORM', 'template_name': 'main', 'folder_form': '3-ПТ2', 'name_json': None, 'included': '1'}
24-Apr-21 15:02:38.861817 | DEBUG    | MAIN LOGGER                    | get_db_project_dirpath() -> str: C:/Users/hayar/OneDrive/Документы/AutoExecDoc Projects/РАРАРАР\project.db
24-Apr-21 15:02:38.865817 | DEBUG    | MAIN LOGGER                    | IN get_node_parent(node) -> object: node = {'id_node': 12, 'name_node': 'Паспорт трассы', 'id_parent': 0, 'order_node': '3', 'type_node': 'GROUP', 'template_name': None, 'folder_form': None, 'name_json': None, 'included': '1'}
24-Apr-21 15:02:38.865817 | DEBUG    | MAIN LOGGER                    | get_db_project_dirpath() -> str: C:/Users/hayar/OneDrive/Документы/AutoExecDoc Projects/РАРАРАР\project.db
24-Apr-21 15:02:38.869819 | DEBUG    | MAIN LOGGER                    | get_project_dirpath() -> str: C:/Users/hayar/OneDrive/Документы/AutoExecDoc Projects/РАРАРАР
24-Apr-21 15:02:38.869819 | DEBUG    | MAIN LOGGER                    | IN get_data_from_json_file(filepath) -> dict: filepath = C:\Users\hayar\OneDrive\Документы\AutoExecDoc Projects\РАРАРАР\forms\project.json
24-Apr-21 15:02:38.885822 | DEBUG    | MAIN LOGGER                    | IN get_node_parent(node) -> object: node = {'id_node': 0, 'name_node': 'Проект', 'id_parent': None, 'order_node': '0', 'type_node': 'PROJECT', 'template_name': None, 'folder_form': None, 'name_json': 'project', 'included': None}
24-Apr-21 15:02:38.889822 | DEBUG    | MAIN LOGGER                    | get_db_project_dirpath() -> str: C:/Users/hayar/OneDrive/Документы/AutoExecDoc Projects/РАРАРАР\project.db
24-Apr-21 15:02:38.889822 | DEBUG    | MAIN LOGGER                    | IN add_sections_in_sa()                                                         
24-Apr-21 15:02:38.901831 | DEBUG    | MAIN LOGGER                    | IN get_config_content(name_content) -> list: name_content = кабеля              
24-Apr-21 15:02:38.901831 | DEBUG    | MAIN LOGGER                    | get_db_project_dirpath() -> str: C:/Users/hayar/OneDrive/Документы/AutoExecDoc Projects/РАРАРАР\project.db
24-Apr-21 15:02:38.907517 | DEBUG    | MAIN LOGGER                    | IN get_config_table(id_content): id_content = 1220                              
24-Apr-21 15:02:38.907517 | DEBUG    | MAIN LOGGER                    | get_db_project_dirpath() -> str: C:/Users/hayar/OneDrive/Документы/AutoExecDoc Projects/РАРАРАР\project.db
24-Apr-21 15:02:38.912736 | DEBUG    | MAIN LOGGER                    | FormTable(self, section_index, config_content, config_table, value): section_index = 0, config_content = {'id_content': 1220, 'name_content': 'кабеля', 'type_content': 'TABLE', 'title_content': 'Кабеля.', 'description_content': None, 'enable': None}, config_table = [{'id_config': 500, 'id_content': 1220, 'type_config': 'HEADER', 'value_config': 'Марка кабеля', 'note_config': None}, {'id_config': 501, 'id_content': 1220, 'type_config': 'HEADER', 'value_config': 'Длина кабеля (всего) в м.', 'note_config': None}, {'id_config': 502, 'id_content': 1220, 'type_config': 'HEADER', 'value_config': 'Оптическая длина в м.', 'note_config': None}, {'id_config': 503, 'id_content': 1220, 'type_config': 'HEADER', 'value_config': 'Информация', 'note_config': None}, {'id_config': 504, 'id_content': 1220, 'type_config': 'CONTENT', 'value_config': 'марка', 'note_config': None}, {'id_config': 505, 'id_content': 1220, 'type_config': 'CONTENT', 'value_config': 'длина_всего', 'note_config': None}, {'id_config': 506, 'id_content': 1220, 'type_config': 'CONTENT', 'value_config': 'длина_опт', 'note_config': None}, {'id_config': 507, 'id_content': 1220, 'type_config': 'CONTENT', 'value_config': 'инфо', 'note_config': None}], value = [['аыв', 'выавва', '', '']]
24-Apr-21 15:02:38.936741 | DEBUG    | MAIN LOGGER                    | IN from_json(self, value): data = [['аыв', 'выавва', '', '']]                   
24-Apr-21 15:02:38.940740 | DEBUG    | MAIN LOGGER                    | IN get_config_content(name_content) -> list: name_content = общая_физ_длина     
24-Apr-21 15:02:38.940740 | DEBUG    | MAIN LOGGER                    | get_db_project_dirpath() -> str: C:/Users/hayar/OneDrive/Документы/AutoExecDoc Projects/РАРАРАР\project.db
24-Apr-21 15:02:38.944755 | DEBUG    | MAIN LOGGER                    | FormText(self, section_index, config_content, value): section_index = 0, config_content = {'id_content': 1225, 'name_content': 'общая_физ_длина', 'type_content': 'TEXT', 'title_content': 'Общая физическая длина', 'description_content': None, 'enable': None}, value = аыаываы
24-Apr-21 15:02:38.954433 | DEBUG    | MAIN LOGGER                    | IN get_config_content(name_content) -> list: name_content = общая_опт_длина     
24-Apr-21 15:02:38.954433 | DEBUG    | MAIN LOGGER                    | get_db_project_dirpath() -> str: C:/Users/hayar/OneDrive/Документы/AutoExecDoc Projects/РАРАРАР\project.db
24-Apr-21 15:02:38.958432 | DEBUG    | MAIN LOGGER                    | FormText(self, section_index, config_content, value): section_index = 0, config_content = {'id_content': 1226, 'name_content': 'общая_опт_длина', 'type_content': 'TEXT', 'title_content': 'Общая оптическая длина', 'description_content': None, 'enable': None}, value = ывавыаыв
24-Apr-21 15:02:38.962434 | DEBUG    | MAIN LOGGER                    | IN get_config_content(name_content) -> list: name_content = год_прокладки_кабеля
24-Apr-21 15:02:38.965967 | DEBUG    | MAIN LOGGER                    | get_db_project_dirpath() -> str: C:/Users/hayar/OneDrive/Документы/AutoExecDoc Projects/РАРАРАР\project.db
24-Apr-21 15:02:38.965967 | DEBUG    | MAIN LOGGER                    | IN get_config_date(id_content) -> list: name_content = 1227                     
24-Apr-21 15:02:38.969956 | DEBUG    | MAIN LOGGER                    | get_db_project_dirpath() -> str: C:/Users/hayar/OneDrive/Документы/AutoExecDoc Projects/РАРАРАР\project.db
24-Apr-21 15:02:38.969956 | DEBUG    | MAIN LOGGER                    | FormDate(self, section_index, config_content, config_date, value): section_index = 0, config_content = {'id_content': 1227, 'name_content': 'год_прокладки_кабеля', 'type_content': 'DATE', 'title_content': 'Год прокладки кабеля', 'description_content': None, 'enable': None}, config_date = [{'id_config': 101, 'id_content': 1227, 'type_config': 'FORMAT', 'value_config': 'yyyy', 'note_config': None}], value = None
24-Apr-21 15:02:38.982551 | DEBUG    | MAIN LOGGER                    | IN get_config_content(name_content) -> list: name_content = год_составления_паспорта
24-Apr-21 15:02:38.982551 | DEBUG    | MAIN LOGGER                    | get_db_project_dirpath() -> str: C:/Users/hayar/OneDrive/Документы/AutoExecDoc Projects/РАРАРАР\project.db
24-Apr-21 15:02:38.986546 | DEBUG    | MAIN LOGGER                    | IN get_config_date(id_content) -> list: name_content = 1228                     
24-Apr-21 15:02:38.986546 | DEBUG    | MAIN LOGGER                    | get_db_project_dirpath() -> str: C:/Users/hayar/OneDrive/Документы/AutoExecDoc Projects/РАРАРАР\project.db
24-Apr-21 15:02:38.990545 | DEBUG    | MAIN LOGGER                    | FormDate(self, section_index, config_content, config_date, value): section_index = 0, config_content = {'id_content': 1228, 'name_content': 'год_составления_паспорта', 'type_content': 'DATE', 'title_content': 'Год составления паспорта', 'description_content': None, 'enable': None}, config_date = [{'id_config': 102, 'id_content': 1228, 'type_config': 'FORMAT', 'value_config': 'yyyy', 'note_config': None}], value = None
24-Apr-21 15:02:38.994545 | DEBUG    | MAIN LOGGER                    | IN get_config_content(name_content) -> list: name_content = отв_пред_орг_фио    
24-Apr-21 15:02:38.994545 | DEBUG    | MAIN LOGGER                    | get_db_project_dirpath() -> str: C:/Users/hayar/OneDrive/Документы/AutoExecDoc Projects/РАРАРАР\project.db
24-Apr-21 15:02:39.021827 | DEBUG    | MAIN LOGGER                    | IN get_config_content(name_content) -> list: name_content = название_объекта    
24-Apr-21 15:02:39.021827 | DEBUG    | MAIN LOGGER                    | get_db_project_dirpath() -> str: C:/Users/hayar/OneDrive/Документы/AutoExecDoc Projects/РАРАРАР\project.db
24-Apr-21 15:02:39.025807 | DEBUG    | MAIN LOGGER                    | FormText(self, section_index, config_content, value): section_index = 1, config_content = {'id_content': 1003, 'name_content': 'название_объекта', 'type_content': 'TEXT', 'title_content': 'Название объекта', 'description_content': None, 'enable': None}, value = None
24-Apr-21 15:02:39.029811 | DEBUG    | MAIN LOGGER                    | IN get_config_content(name_content) -> list: name_content = участок             
24-Apr-21 15:02:39.029811 | DEBUG    | MAIN LOGGER                    | get_db_project_dirpath() -> str: C:/Users/hayar/OneDrive/Документы/AutoExecDoc Projects/РАРАРАР\project.db
24-Apr-21 15:02:39.033811 | DEBUG    | MAIN LOGGER                    | FormText(self, section_index, config_content, value): section_index = 1, config_content = {'id_content': 1004, 'name_content': 'участок', 'type_content': 'TEXT', 'title_content': 'Участок', 'description_content': None, 'enable': None}, value = None
24-Apr-21 15:02:39.037812 | DEBUG    | MAIN LOGGER                    | IN get_config_content(name_content) -> list: name_content = название_компании   
24-Apr-21 15:02:39.041812 | DEBUG    | MAIN LOGGER                    | get_db_project_dirpath() -> str: C:/Users/hayar/OneDrive/Документы/AutoExecDoc Projects/РАРАРАР\project.db
24-Apr-21 15:02:39.041812 | DEBUG    | MAIN LOGGER                    | FormText(self, section_index, config_content, value): section_index = 1, config_content = {'id_content': 1001, 'name_content': 'название_компании', 'type_content': 'TEXT', 'title_content': 'Название компании', 'description_content': None, 'enable': None}, value = None
24-Apr-21 15:02:56.097677 | DEBUG    | MAIN LOGGER                    | IN update_pages_template(node) : node = {'id_node': 11, 'name_node': 'Реестр документации', 'id_parent': 0, 'order_node': '2', 'type_node': 'FORM', 'template_name': 'main', 'folder_form': '2-РД', 'name_json': None, 'included': '1'}
24-Apr-21 15:02:56.097677 | DEBUG    | MAIN LOGGER                    | IN get_pages(node) -> list: node = {'id_node': 11, 'name_node': 'Реестр документации', 'id_parent': 0, 'order_node': '2', 'type_node': 'FORM', 'template_name': 'main', 'folder_form': '2-РД', 'name_json': None, 'included': '1'}
24-Apr-21 15:02:56.101678 | DEBUG    | MAIN LOGGER                    | get_db_project_dirpath() -> str: C:/Users/hayar/OneDrive/Документы/AutoExecDoc Projects/РАРАРАР\project.db
24-Apr-21 15:02:57.591624 | DEBUG    | MAIN LOGGER                    | IN update_scrollarea()                                                          
24-Apr-21 15:02:57.591624 | DEBUG    | MAIN LOGGER                    | IN delete_all_widgets_in_sa()                                                   
24-Apr-21 15:02:57.595627 | DEBUG    | MAIN LOGGER                    | IN clear_temp_folder()                                                          
24-Apr-21 15:02:57.595627 | DEBUG    | MAIN LOGGER                    | get_project_dirpath() -> str: C:/Users/hayar/OneDrive/Документы/AutoExecDoc Projects/РАРАРАР
24-Apr-21 15:02:57.599630 | DEBUG    | MAIN LOGGER                    | IN add_page_for_datas(page)                                                     
24-Apr-21 15:02:57.603628 | DEBUG    | MAIN LOGGER                    | IN get_node_parent_from_pages(page) -> object: page = {'id_page': 3, 'id_node_parent': 11, 'name_page': 'Л.1. Реестр исполнительной документации ВОЛС.', 'folder_page': '2-РД-1', 'included': None}
24-Apr-21 15:02:57.603628 | DEBUG    | MAIN LOGGER                    | get_db_project_dirpath() -> str: C:/Users/hayar/OneDrive/Документы/AutoExecDoc Projects/РАРАРАР\project.db
24-Apr-21 15:02:57.607633 | DEBUG    | MAIN LOGGER                    | get_project_dirpath() -> str: C:/Users/hayar/OneDrive/Документы/AutoExecDoc Projects/РАРАРАР
24-Apr-21 15:02:57.611632 | DEBUG    | MAIN LOGGER                    | IN get_data_from_json_file(filepath) -> dict: filepath = C:\Users\hayar\OneDrive\Документы\AutoExecDoc Projects\РАРАРАР\forms\2-РД\2-РД-1\2-РД-1.json
24-Apr-21 15:02:57.626912 | DEBUG    | MAIN LOGGER                    | IN add_nodes_for_datas()                                                        
24-Apr-21 15:02:57.630869 | DEBUG    | MAIN LOGGER                    | IN get_node_parent_from_pages(page) -> object: page = {'id_page': 3, 'id_node_parent': 11, 'name_page': 'Л.1. Реестр исполнительной документации ВОЛС.', 'folder_page': '2-РД-1', 'included': None}
24-Apr-21 15:02:57.630869 | DEBUG    | MAIN LOGGER                    | get_db_project_dirpath() -> str: C:/Users/hayar/OneDrive/Документы/AutoExecDoc Projects/РАРАРАР\project.db
24-Apr-21 15:02:57.634872 | DEBUG    | MAIN LOGGER                    | IN get_node_parent(node) -> object: node = {'id_node': 11, 'name_node': 'Реестр документации', 'id_parent': 0, 'order_node': '2', 'type_node': 'FORM', 'template_name': 'main', 'folder_form': '2-РД', 'name_json': None, 'included': '1'}
24-Apr-21 15:02:57.634872 | DEBUG    | MAIN LOGGER                    | get_db_project_dirpath() -> str: C:/Users/hayar/OneDrive/Документы/AutoExecDoc Projects/РАРАРАР\project.db
24-Apr-21 15:02:57.638871 | DEBUG    | MAIN LOGGER                    | get_project_dirpath() -> str: C:/Users/hayar/OneDrive/Документы/AutoExecDoc Projects/РАРАРАР
24-Apr-21 15:02:57.640872 | DEBUG    | MAIN LOGGER                    | IN get_data_from_json_file(filepath) -> dict: filepath = C:\Users\hayar\OneDrive\Документы\AutoExecDoc Projects\РАРАРАР\forms\project.json
24-Apr-21 15:02:57.640872 | DEBUG    | MAIN LOGGER                    | IN get_node_parent(node) -> object: node = {'id_node': 0, 'name_node': 'Проект', 'id_parent': None, 'order_node': '0', 'type_node': 'PROJECT', 'template_name': None, 'folder_form': None, 'name_json': 'project', 'included': None}
24-Apr-21 15:02:57.644870 | DEBUG    | MAIN LOGGER                    | get_db_project_dirpath() -> str: C:/Users/hayar/OneDrive/Документы/AutoExecDoc Projects/РАРАРАР\project.db
24-Apr-21 15:02:57.648869 | DEBUG    | MAIN LOGGER                    | IN add_sections_in_sa()                                                         
24-Apr-21 15:02:57.652870 | DEBUG    | MAIN LOGGER                    | IN get_config_content(name_content) -> list: name_content = реестр_ид_паспорт_трассы
24-Apr-21 15:02:57.652870 | DEBUG    | MAIN LOGGER                    | get_db_project_dirpath() -> str: C:/Users/hayar/OneDrive/Документы/AutoExecDoc Projects/РАРАРАР\project.db
24-Apr-21 15:02:57.656875 | DEBUG    | MAIN LOGGER                    | IN get_config_table(id_content): id_content = 1200                              
24-Apr-21 15:02:57.656875 | DEBUG    | MAIN LOGGER                    | get_db_project_dirpath() -> str: C:/Users/hayar/OneDrive/Документы/AutoExecDoc Projects/РАРАРАР\project.db
24-Apr-21 15:02:57.660872 | DEBUG    | MAIN LOGGER                    | FormTable(self, section_index, config_content, config_table, value): section_index = 0, config_content = {'id_content': 1200, 'name_content': 'реестр_ид_паспорт_трассы', 'type_content': 'TABLE', 'title_content': 'Реестр ИД ВОЛС. Паспорт трассы', 'description_content': None, 'enable': None}, config_table = [{'id_config': 100, 'id_content': 1200, 'type_config': 'HEADER', 'value_config': 'Форма', 'note_config': None}, {'id_config': 101, 'id_content': 1200, 'type_config': 'HEADER', 'value_config': 'Наименование', 'note_config': None}, {'id_config': 102, 'id_content': 1200, 'type_config': 'HEADER', 'value_config': 'Количество листов', 'note_config': None}, {'id_config': 103, 'id_content': 1200, 'type_config': 'HEADER', 'value_config': 'Номера страниц', 'note_config': None}, {'id_config': 104, 'id_content': 1200, 'type_config': 'HEADER', 'value_config': 'Примечание', 'note_config': None}, {'id_config': 110, 'id_content': 1200, 'type_config': 'CONTENT', 'value_config': 'форма', 'note_config': None}, {'id_config': 111, 'id_content': 1200, 'type_config': 'CONTENT', 'value_config': 'наименование_документа', 'note_config': None}, {'id_config': 112, 'id_content': 1200, 'type_config': 'CONTENT', 'value_config': 'кол_листов', 'note_config': None}, {'id_config': 113, 'id_content': 1200, 'type_config': 'CONTENT', 'value_config': 'номера_стр', 'note_config': None}, {'id_config': 114, 'id_content': 1200, 'type_config': 'CONTENT', 'value_config': 'примечание', 'note_config': None}], value = None
24-Apr-21 15:02:57.668875 | DEBUG    | MAIN LOGGER                    | IN from_json(self, value): data = None                                          
24-Apr-21 15:02:57.668875 | DEBUG    | MAIN LOGGER                    | IN get_config_content(name_content) -> list: name_content = реестр_ид_эл_паспорт_трассы
24-Apr-21 15:02:57.672879 | DEBUG    | MAIN LOGGER                    | get_db_project_dirpath() -> str: C:/Users/hayar/OneDrive/Документы/AutoExecDoc Projects/РАРАРАР\project.db
24-Apr-21 15:02:57.672879 | DEBUG    | MAIN LOGGER                    | IN get_config_table(id_content): id_content = 1201                              
24-Apr-21 15:02:57.676877 | DEBUG    | MAIN LOGGER                    | get_db_project_dirpath() -> str: C:/Users/hayar/OneDrive/Документы/AutoExecDoc Projects/РАРАРАР\project.db
24-Apr-21 15:02:57.676877 | DEBUG    | MAIN LOGGER                    | FormTable(self, section_index, config_content, config_table, value): section_index = 0, config_content = {'id_content': 1201, 'name_content': 'реестр_ид_эл_паспорт_трассы', 'type_content': 'TABLE', 'title_content': 'Реестр ИД ВОЛС. Электрический паспорт трассы', 'description_content': None, 'enable': None}, config_table = [{'id_config': 200, 'id_content': 1201, 'type_config': 'HEADER', 'value_config': 'Форма', 'note_config': None}, {'id_config': 201, 'id_content': 1201, 'type_config': 'HEADER', 'value_config': 'Наименование', 'note_config': None}, {'id_config': 202, 'id_content': 1201, 'type_config': 'HEADER', 'value_config': 'Количество листов', 'note_config': None}, {'id_config': 203, 'id_content': 1201, 'type_config': 'HEADER', 'value_config': 'Номера страниц', 'note_config': None}, {'id_config': 204, 'id_content': 1201, 'type_config': 'HEADER', 'value_config': 'Примечание', 'note_config': None}, {'id_config': 205, 'id_content': 1201, 'type_config': 'CONTENT', 'value_config': 'форма', 'note_config': None}, {'id_config': 206, 'id_content': 1201, 'type_config': 'CONTENT', 'value_config': 'наименование_документа', 'note_config': None}, {'id_config': 207, 'id_content': 1201, 'type_config': 'CONTENT', 'value_config': 'кол_листов', 'note_config': None}, {'id_config': 208, 'id_content': 1201, 'type_config': 'CONTENT', 'value_config': 'номера_стр', 'note_config': None}, {'id_config': 209, 'id_content': 1201, 'type_config': 'CONTENT', 'value_config': 'примечание', 'note_config': None}], value = None
24-Apr-21 15:02:57.688879 | DEBUG    | MAIN LOGGER                    | IN from_json(self, value): data = None                                          
24-Apr-21 15:02:57.692886 | DEBUG    | MAIN LOGGER                    | IN get_config_content(name_content) -> list: name_content = рабочая_документация
24-Apr-21 15:02:57.696882 | DEBUG    | MAIN LOGGER                    | get_db_project_dirpath() -> str: C:/Users/hayar/OneDrive/Документы/AutoExecDoc Projects/РАРАРАР\project.db
24-Apr-21 15:02:57.700882 | DEBUG    | MAIN LOGGER                    | IN get_config_table(id_content): id_content = 1202                              
24-Apr-21 15:02:57.700882 | DEBUG    | MAIN LOGGER                    | get_db_project_dirpath() -> str: C:/Users/hayar/OneDrive/Документы/AutoExecDoc Projects/РАРАРАР\project.db
24-Apr-21 15:02:57.700882 | DEBUG    | MAIN LOGGER                    | FormTable(self, section_index, config_content, config_table, value): section_index = 0, config_content = {'id_content': 1202, 'name_content': 'рабочая_документация', 'type_content': 'TABLE', 'title_content': 'Реестр ИД ВОЛС. Рабочая документация', 'description_content': None, 'enable': None}, config_table = [{'id_config': 300, 'id_content': 1202, 'type_config': 'HEADER', 'value_config': 'Форма', 'note_config': None}, {'id_config': 301, 'id_content': 1202, 'type_config': 'HEADER', 'value_config': 'Наименование', 'note_config': None}, {'id_config': 302, 'id_content': 1202, 'type_config': 'HEADER', 'value_config': 'Количество листов', 'note_config': None}, {'id_config': 303, 'id_content': 1202, 'type_config': 'HEADER', 'value_config': 'Номера страниц', 'note_config': None}, {'id_config': 304, 'id_content': 1202, 'type_config': 'HEADER', 'value_config': 'Примечание', 'note_config': None}, {'id_config': 305, 'id_content': 1202, 'type_config': 'CONTENT', 'value_config': 'форма', 'note_config': None}, {'id_config': 306, 'id_content': 1202, 'type_config': 'CONTENT', 'value_config': 'наименование_документа', 'note_config': None}, {'id_config': 307, 'id_content': 1202, 'type_config': 'CONTENT', 'value_config': 'кол_листов', 'note_config': None}, {'id_config': 308, 'id_content': 1202, 'type_config': 'CONTENT', 'value_config': 'номера_стр', 'note_config': None}, {'id_config': 309, 'id_content': 1202, 'type_config': 'CONTENT', 'value_config': 'примечание', 'note_config': None}], value = None
24-Apr-21 15:02:57.712271 | DEBUG    | MAIN LOGGER                    | IN from_json(self, value): data = None                                          
24-Apr-21 15:02:57.735822 | DEBUG    | MAIN LOGGER                    | IN get_config_content(name_content) -> list: name_content = название_объекта    
24-Apr-21 15:02:57.739816 | DEBUG    | MAIN LOGGER                    | get_db_project_dirpath() -> str: C:/Users/hayar/OneDrive/Документы/AutoExecDoc Projects/РАРАРАР\project.db
24-Apr-21 15:02:57.743549 | DEBUG    | MAIN LOGGER                    | FormText(self, section_index, config_content, value): section_index = 1, config_content = {'id_content': 1003, 'name_content': 'название_объекта', 'type_content': 'TEXT', 'title_content': 'Название объекта', 'description_content': None, 'enable': None}, value = None
24-Apr-21 15:02:57.744076 | DEBUG    | MAIN LOGGER                    | IN get_config_content(name_content) -> list: name_content = участок             
24-Apr-21 15:02:57.748065 | DEBUG    | MAIN LOGGER                    | get_db_project_dirpath() -> str: C:/Users/hayar/OneDrive/Документы/AutoExecDoc Projects/РАРАРАР\project.db
24-Apr-21 15:02:57.752066 | DEBUG    | MAIN LOGGER                    | FormText(self, section_index, config_content, value): section_index = 1, config_content = {'id_content': 1004, 'name_content': 'участок', 'type_content': 'TEXT', 'title_content': 'Участок', 'description_content': None, 'enable': None}, value = None
24-Apr-21 15:02:57.752066 | DEBUG    | MAIN LOGGER                    | IN get_config_content(name_content) -> list: name_content = название_компании   
24-Apr-21 15:02:57.756067 | DEBUG    | MAIN LOGGER                    | get_db_project_dirpath() -> str: C:/Users/hayar/OneDrive/Документы/AutoExecDoc Projects/РАРАРАР\project.db
24-Apr-21 15:02:57.760070 | DEBUG    | MAIN LOGGER                    | FormText(self, section_index, config_content, value): section_index = 1, config_content = {'id_content': 1001, 'name_content': 'название_компании', 'type_content': 'TEXT', 'title_content': 'Название компании', 'description_content': None, 'enable': None}, value = None
24-Apr-21 15:03:02.332497 | DEBUG    | MAIN LOGGER                    | set_value_in_sections_info(self):                                               
24-Apr-21 15:03:02.333497 | DEBUG    | MAIN LOGGER                    | get_data() -> object                                                            
24-Apr-21 15:03:02.335499 | DEBUG    | MAIN LOGGER                    | IN to_json(self) -> list:                                                       
24-Apr-21 15:03:02.338503 | DEBUG    | MAIN LOGGER                    | set_value_in_sections_info(self):                                               
24-Apr-21 15:03:02.339501 | DEBUG    | MAIN LOGGER                    | get_data() -> object                                                            
24-Apr-21 15:03:02.341501 | DEBUG    | MAIN LOGGER                    | IN to_json(self) -> list:                                                       
24-Apr-21 15:03:02.344502 | DEBUG    | MAIN LOGGER                    | set_value_in_sections_info(self):                                               
24-Apr-21 15:03:02.346502 | DEBUG    | MAIN LOGGER                    | get_data() -> object                                                            
24-Apr-21 15:03:02.347502 | DEBUG    | MAIN LOGGER                    | IN to_json(self) -> list:                                                       
24-Apr-21 15:03:02.352504 | DEBUG    | MAIN LOGGER                    | set_value_in_sections_info(self):                                               
24-Apr-21 15:03:02.354506 | DEBUG    | MAIN LOGGER                    | get_data() -> object                                                            
24-Apr-21 15:03:02.356504 | DEBUG    | MAIN LOGGER                    | IN to_json(self) -> list:                                                       
24-Apr-21 15:03:02.360507 | DEBUG    | MAIN LOGGER                    | set_value_in_sections_info(self):                                               
24-Apr-21 15:03:02.364506 | DEBUG    | MAIN LOGGER                    | get_data() -> object                                                            
24-Apr-21 15:03:02.366507 | DEBUG    | MAIN LOGGER                    | IN to_json(self) -> list:                                                       
24-Apr-21 15:03:06.808155 | DEBUG    | MAIN LOGGER                    | set_value_in_sections_info(self):                                               
24-Apr-21 15:03:06.812157 | DEBUG    | MAIN LOGGER                    | get_data() -> object                                                            
24-Apr-21 15:03:06.812157 | DEBUG    | MAIN LOGGER                    | IN to_json(self) -> list:                                                       
24-Apr-21 15:03:08.527089 | DEBUG    | MAIN LOGGER                    | set_value_in_sections_info(self):                                               
24-Apr-21 15:03:08.531091 | DEBUG    | MAIN LOGGER                    | get_data() -> object                                                            
24-Apr-21 15:03:08.531091 | DEBUG    | MAIN LOGGER                    | IN to_json(self) -> list:                                                       
24-Apr-21 15:03:11.511040 | DEBUG    | MAIN LOGGER                    | IN save_project()                                                               
24-Apr-21 15:03:11.511040 | DEBUG    | MAIN LOGGER                    | IN save_data()                                                                  
24-Apr-21 15:03:11.511040 | DEBUG    | MAIN LOGGER                    | IN set_data_to_json_file(filepath, data) -> None: filepath = C:\Users\hayar\OneDrive\Документы\AutoExecDoc Projects\РАРАРАР\forms\2-РД\2-РД-1\2-РД-1.json, data = {'реестр_ид_паспорт_трассы': None, 'реестр_ид_эл_паспорт_трассы': [['ssadad', 'asdadasdadf', '', '', '']], 'рабочая_документация': None}
24-Apr-21 15:03:11.515043 | DEBUG    | MAIN LOGGER                    | IN set_data_to_json_file(filepath, data) -> None: filepath = C:\Users\hayar\OneDrive\Документы\AutoExecDoc Projects\РАРАРАР\forms\project.json, data = {'название_объекта': None, 'участок': None, 'название_компании': None}
24-Apr-21 15:03:11.519044 | DEBUG    | MAIN LOGGER                    | IN get_config_content(name_content) -> list: name_content = реестр_ид_паспорт_трассы
24-Apr-21 15:03:11.519044 | DEBUG    | MAIN LOGGER                    | get_db_project_dirpath() -> str: C:/Users/hayar/OneDrive/Документы/AutoExecDoc Projects/РАРАРАР\project.db
24-Apr-21 15:03:11.527047 | DEBUG    | MAIN LOGGER                    | IN get_config_content(name_content) -> list: name_content = реестр_ид_эл_паспорт_трассы
24-Apr-21 15:03:11.527047 | DEBUG    | MAIN LOGGER                    | get_db_project_dirpath() -> str: C:/Users/hayar/OneDrive/Документы/AutoExecDoc Projects/РАРАРАР\project.db
24-Apr-21 15:03:11.531047 | DEBUG    | MAIN LOGGER                    | IN get_config_content(name_content) -> list: name_content = рабочая_документация
24-Apr-21 15:03:11.535049 | DEBUG    | MAIN LOGGER                    | get_db_project_dirpath() -> str: C:/Users/hayar/OneDrive/Документы/AutoExecDoc Projects/РАРАРАР\project.db
24-Apr-21 15:03:11.535049 | DEBUG    | MAIN LOGGER                    | IN get_config_content(name_content) -> list: name_content = название_объекта    
24-Apr-21 15:03:11.539050 | DEBUG    | MAIN LOGGER                    | get_db_project_dirpath() -> str: C:/Users/hayar/OneDrive/Документы/AutoExecDoc Projects/РАРАРАР\project.db
24-Apr-21 15:03:11.543052 | DEBUG    | MAIN LOGGER                    | IN get_config_content(name_content) -> list: name_content = участок             
24-Apr-21 15:03:11.543052 | DEBUG    | MAIN LOGGER                    | get_db_project_dirpath() -> str: C:/Users/hayar/OneDrive/Документы/AutoExecDoc Projects/РАРАРАР\project.db
24-Apr-21 15:03:11.546971 | DEBUG    | MAIN LOGGER                    | IN get_config_content(name_content) -> list: name_content = название_компании   
24-Apr-21 15:03:11.550903 | DEBUG    | MAIN LOGGER                    | get_db_project_dirpath() -> str: C:/Users/hayar/OneDrive/Документы/AutoExecDoc Projects/РАРАРАР\project.db
24-Apr-21 15:03:16.350665 | DEBUG    | MAIN LOGGER                    | IN update_pages_template(node) : node = {'id_node': 12, 'name_node': 'Паспорт трассы', 'id_parent': 0, 'order_node': '3', 'type_node': 'GROUP', 'template_name': None, 'folder_form': None, 'name_json': None, 'included': '1'}
24-Apr-21 15:03:16.350665 | DEBUG    | MAIN LOGGER                    | IN get_pages(node) -> list: node = {'id_node': 12, 'name_node': 'Паспорт трассы', 'id_parent': 0, 'order_node': '3', 'type_node': 'GROUP', 'template_name': None, 'folder_form': None, 'name_json': None, 'included': '1'}
24-Apr-21 15:03:16.354666 | DEBUG    | MAIN LOGGER                    | get_db_project_dirpath() -> str: C:/Users/hayar/OneDrive/Документы/AutoExecDoc Projects/РАРАРАР\project.db
24-Apr-21 15:03:17.548034 | DEBUG    | MAIN LOGGER                    | IN update_pages_template(node) : node = {'id_node': 11, 'name_node': 'Реестр документации', 'id_parent': 0, 'order_node': '2', 'type_node': 'FORM', 'template_name': 'main', 'folder_form': '2-РД', 'name_json': None, 'included': '1'}
24-Apr-21 15:03:17.548034 | DEBUG    | MAIN LOGGER                    | IN get_pages(node) -> list: node = {'id_node': 11, 'name_node': 'Реестр документации', 'id_parent': 0, 'order_node': '2', 'type_node': 'FORM', 'template_name': 'main', 'folder_form': '2-РД', 'name_json': None, 'included': '1'}
24-Apr-21 15:03:17.552037 | DEBUG    | MAIN LOGGER                    | get_db_project_dirpath() -> str: C:/Users/hayar/OneDrive/Документы/AutoExecDoc Projects/РАРАРАР\project.db
24-Apr-21 15:03:19.492434 | DEBUG    | MAIN LOGGER                    | IN update_scrollarea()                                                          
24-Apr-21 15:03:19.495433 | DEBUG    | MAIN LOGGER                    | IN delete_all_widgets_in_sa()                                                   
24-Apr-21 15:03:19.496433 | DEBUG    | MAIN LOGGER                    | IN clear_temp_folder()                                                          
24-Apr-21 15:03:19.498433 | DEBUG    | MAIN LOGGER                    | get_project_dirpath() -> str: C:/Users/hayar/OneDrive/Документы/AutoExecDoc Projects/РАРАРАР
24-Apr-21 15:03:19.502309 | DEBUG    | MAIN LOGGER                    | IN add_page_for_datas(page)                                                     
24-Apr-21 15:03:19.503300 | DEBUG    | MAIN LOGGER                    | IN get_node_parent_from_pages(page) -> object: page = {'id_page': 3, 'id_node_parent': 11, 'name_page': 'Л.1. Реестр исполнительной документации ВОЛС.', 'folder_page': '2-РД-1', 'included': None}
24-Apr-21 15:03:19.508302 | DEBUG    | MAIN LOGGER                    | get_db_project_dirpath() -> str: C:/Users/hayar/OneDrive/Документы/AutoExecDoc Projects/РАРАРАР\project.db
24-Apr-21 15:03:19.512303 | DEBUG    | MAIN LOGGER                    | get_project_dirpath() -> str: C:/Users/hayar/OneDrive/Документы/AutoExecDoc Projects/РАРАРАР
24-Apr-21 15:03:19.514303 | DEBUG    | MAIN LOGGER                    | IN get_data_from_json_file(filepath) -> dict: filepath = C:\Users\hayar\OneDrive\Документы\AutoExecDoc Projects\РАРАРАР\forms\2-РД\2-РД-1\2-РД-1.json
24-Apr-21 15:03:19.596205 | DEBUG    | MAIN LOGGER                    | IN add_nodes_for_datas()                                                        
24-Apr-21 15:03:19.597204 | DEBUG    | MAIN LOGGER                    | IN get_node_parent_from_pages(page) -> object: page = {'id_page': 3, 'id_node_parent': 11, 'name_page': 'Л.1. Реестр исполнительной документации ВОЛС.', 'folder_page': '2-РД-1', 'included': None}
24-Apr-21 15:03:19.599206 | DEBUG    | MAIN LOGGER                    | get_db_project_dirpath() -> str: C:/Users/hayar/OneDrive/Документы/AutoExecDoc Projects/РАРАРАР\project.db
24-Apr-21 15:03:19.602207 | DEBUG    | MAIN LOGGER                    | IN get_node_parent(node) -> object: node = {'id_node': 11, 'name_node': 'Реестр документации', 'id_parent': 0, 'order_node': '2', 'type_node': 'FORM', 'template_name': 'main', 'folder_form': '2-РД', 'name_json': None, 'included': '1'}
24-Apr-21 15:03:19.606208 | DEBUG    | MAIN LOGGER                    | get_db_project_dirpath() -> str: C:/Users/hayar/OneDrive/Документы/AutoExecDoc Projects/РАРАРАР\project.db
24-Apr-21 15:03:19.609208 | DEBUG    | MAIN LOGGER                    | get_project_dirpath() -> str: C:/Users/hayar/OneDrive/Документы/AutoExecDoc Projects/РАРАРАР
24-Apr-21 15:03:19.610207 | DEBUG    | MAIN LOGGER                    | IN get_data_from_json_file(filepath) -> dict: filepath = C:\Users\hayar\OneDrive\Документы\AutoExecDoc Projects\РАРАРАР\forms\project.json
24-Apr-21 15:03:19.618210 | DEBUG    | MAIN LOGGER                    | IN get_node_parent(node) -> object: node = {'id_node': 0, 'name_node': 'Проект', 'id_parent': None, 'order_node': '0', 'type_node': 'PROJECT', 'template_name': None, 'folder_form': None, 'name_json': 'project', 'included': None}
24-Apr-21 15:03:19.620211 | DEBUG    | MAIN LOGGER                    | get_db_project_dirpath() -> str: C:/Users/hayar/OneDrive/Документы/AutoExecDoc Projects/РАРАРАР\project.db
24-Apr-21 15:03:19.622210 | DEBUG    | MAIN LOGGER                    | IN add_sections_in_sa()                                                         
24-Apr-21 15:03:19.630212 | DEBUG    | MAIN LOGGER                    | IN get_config_content(name_content) -> list: name_content = реестр_ид_паспорт_трассы
24-Apr-21 15:03:19.632214 | DEBUG    | MAIN LOGGER                    | get_db_project_dirpath() -> str: C:/Users/hayar/OneDrive/Документы/AutoExecDoc Projects/РАРАРАР\project.db
24-Apr-21 15:03:19.636213 | DEBUG    | MAIN LOGGER                    | IN get_config_table(id_content): id_content = 1200                              
24-Apr-21 15:03:19.637213 | DEBUG    | MAIN LOGGER                    | get_db_project_dirpath() -> str: C:/Users/hayar/OneDrive/Документы/AutoExecDoc Projects/РАРАРАР\project.db
24-Apr-21 15:03:19.640216 | DEBUG    | MAIN LOGGER                    | FormTable(self, section_index, config_content, config_table, value): section_index = 0, config_content = {'id_content': 1200, 'name_content': 'реестр_ид_паспорт_трассы', 'type_content': 'TABLE', 'title_content': 'Реестр ИД ВОЛС. Паспорт трассы', 'description_content': None, 'enable': None}, config_table = [{'id_config': 100, 'id_content': 1200, 'type_config': 'HEADER', 'value_config': 'Форма', 'note_config': None}, {'id_config': 101, 'id_content': 1200, 'type_config': 'HEADER', 'value_config': 'Наименование', 'note_config': None}, {'id_config': 102, 'id_content': 1200, 'type_config': 'HEADER', 'value_config': 'Количество листов', 'note_config': None}, {'id_config': 103, 'id_content': 1200, 'type_config': 'HEADER', 'value_config': 'Номера страниц', 'note_config': None}, {'id_config': 104, 'id_content': 1200, 'type_config': 'HEADER', 'value_config': 'Примечание', 'note_config': None}, {'id_config': 110, 'id_content': 1200, 'type_config': 'CONTENT', 'value_config': 'форма', 'note_config': None}, {'id_config': 111, 'id_content': 1200, 'type_config': 'CONTENT', 'value_config': 'наименование_документа', 'note_config': None}, {'id_config': 112, 'id_content': 1200, 'type_config': 'CONTENT', 'value_config': 'кол_листов', 'note_config': None}, {'id_config': 113, 'id_content': 1200, 'type_config': 'CONTENT', 'value_config': 'номера_стр', 'note_config': None}, {'id_config': 114, 'id_content': 1200, 'type_config': 'CONTENT', 'value_config': 'примечание', 'note_config': None}], value = None
24-Apr-21 15:03:19.654218 | DEBUG    | MAIN LOGGER                    | IN from_json(self, value): data = None                                          
24-Apr-21 15:03:19.657221 | DEBUG    | MAIN LOGGER                    | IN get_config_content(name_content) -> list: name_content = реестр_ид_эл_паспорт_трассы
24-Apr-21 15:03:19.659220 | DEBUG    | MAIN LOGGER                    | get_db_project_dirpath() -> str: C:/Users/hayar/OneDrive/Документы/AutoExecDoc Projects/РАРАРАР\project.db
24-Apr-21 15:03:19.664219 | DEBUG    | MAIN LOGGER                    | IN get_config_table(id_content): id_content = 1201                              
24-Apr-21 15:03:19.666221 | DEBUG    | MAIN LOGGER                    | get_db_project_dirpath() -> str: C:/Users/hayar/OneDrive/Документы/AutoExecDoc Projects/РАРАРАР\project.db
24-Apr-21 15:03:19.670223 | DEBUG    | MAIN LOGGER                    | FormTable(self, section_index, config_content, config_table, value): section_index = 0, config_content = {'id_content': 1201, 'name_content': 'реестр_ид_эл_паспорт_трассы', 'type_content': 'TABLE', 'title_content': 'Реестр ИД ВОЛС. Электрический паспорт трассы', 'description_content': None, 'enable': None}, config_table = [{'id_config': 200, 'id_content': 1201, 'type_config': 'HEADER', 'value_config': 'Форма', 'note_config': None}, {'id_config': 201, 'id_content': 1201, 'type_config': 'HEADER', 'value_config': 'Наименование', 'note_config': None}, {'id_config': 202, 'id_content': 1201, 'type_config': 'HEADER', 'value_config': 'Количество листов', 'note_config': None}, {'id_config': 203, 'id_content': 1201, 'type_config': 'HEADER', 'value_config': 'Номера страниц', 'note_config': None}, {'id_config': 204, 'id_content': 1201, 'type_config': 'HEADER', 'value_config': 'Примечание', 'note_config': None}, {'id_config': 205, 'id_content': 1201, 'type_config': 'CONTENT', 'value_config': 'форма', 'note_config': None}, {'id_config': 206, 'id_content': 1201, 'type_config': 'CONTENT', 'value_config': 'наименование_документа', 'note_config': None}, {'id_config': 207, 'id_content': 1201, 'type_config': 'CONTENT', 'value_config': 'кол_листов', 'note_config': None}, {'id_config': 208, 'id_content': 1201, 'type_config': 'CONTENT', 'value_config': 'номера_стр', 'note_config': None}, {'id_config': 209, 'id_content': 1201, 'type_config': 'CONTENT', 'value_config': 'примечание', 'note_config': None}], value = [['ssadad', 'asdadasdadf', '', '', '']]
24-Apr-21 15:03:19.680223 | DEBUG    | MAIN LOGGER                    | IN from_json(self, value): data = [['ssadad', 'asdadasdadf', '', '', '']]       
24-Apr-21 15:03:19.682227 | DEBUG    | MAIN LOGGER                    | IN get_config_content(name_content) -> list: name_content = рабочая_документация
24-Apr-21 15:03:19.683226 | DEBUG    | MAIN LOGGER                    | get_db_project_dirpath() -> str: C:/Users/hayar/OneDrive/Документы/AutoExecDoc Projects/РАРАРАР\project.db
24-Apr-21 15:03:19.687227 | DEBUG    | MAIN LOGGER                    | IN get_config_table(id_content): id_content = 1202                              
24-Apr-21 15:03:19.690228 | DEBUG    | MAIN LOGGER                    | get_db_project_dirpath() -> str: C:/Users/hayar/OneDrive/Документы/AutoExecDoc Projects/РАРАРАР\project.db
24-Apr-21 15:03:19.693226 | DEBUG    | MAIN LOGGER                    | FormTable(self, section_index, config_content, config_table, value): section_index = 0, config_content = {'id_content': 1202, 'name_content': 'рабочая_документация', 'type_content': 'TABLE', 'title_content': 'Реестр ИД ВОЛС. Рабочая документация', 'description_content': None, 'enable': None}, config_table = [{'id_config': 300, 'id_content': 1202, 'type_config': 'HEADER', 'value_config': 'Форма', 'note_config': None}, {'id_config': 301, 'id_content': 1202, 'type_config': 'HEADER', 'value_config': 'Наименование', 'note_config': None}, {'id_config': 302, 'id_content': 1202, 'type_config': 'HEADER', 'value_config': 'Количество листов', 'note_config': None}, {'id_config': 303, 'id_content': 1202, 'type_config': 'HEADER', 'value_config': 'Номера страниц', 'note_config': None}, {'id_config': 304, 'id_content': 1202, 'type_config': 'HEADER', 'value_config': 'Примечание', 'note_config': None}, {'id_config': 305, 'id_content': 1202, 'type_config': 'CONTENT', 'value_config': 'форма', 'note_config': None}, {'id_config': 306, 'id_content': 1202, 'type_config': 'CONTENT', 'value_config': 'наименование_документа', 'note_config': None}, {'id_config': 307, 'id_content': 1202, 'type_config': 'CONTENT', 'value_config': 'кол_листов', 'note_config': None}, {'id_config': 308, 'id_content': 1202, 'type_config': 'CONTENT', 'value_config': 'номера_стр', 'note_config': None}, {'id_config': 309, 'id_content': 1202, 'type_config': 'CONTENT', 'value_config': 'примечание', 'note_config': None}], value = None
24-Apr-21 15:03:19.704229 | DEBUG    | MAIN LOGGER                    | IN from_json(self, value): data = None                                          
24-Apr-21 15:03:19.726234 | DEBUG    | MAIN LOGGER                    | IN get_config_content(name_content) -> list: name_content = название_объекта    
24-Apr-21 15:03:19.727234 | DEBUG    | MAIN LOGGER                    | get_db_project_dirpath() -> str: C:/Users/hayar/OneDrive/Документы/AutoExecDoc Projects/РАРАРАР\project.db
24-Apr-21 15:03:19.731234 | DEBUG    | MAIN LOGGER                    | FormText(self, section_index, config_content, value): section_index = 1, config_content = {'id_content': 1003, 'name_content': 'название_объекта', 'type_content': 'TEXT', 'title_content': 'Название объекта', 'description_content': None, 'enable': None}, value = None
24-Apr-21 15:03:19.736235 | DEBUG    | MAIN LOGGER                    | IN get_config_content(name_content) -> list: name_content = участок             
24-Apr-21 15:03:19.737235 | DEBUG    | MAIN LOGGER                    | get_db_project_dirpath() -> str: C:/Users/hayar/OneDrive/Документы/AutoExecDoc Projects/РАРАРАР\project.db
24-Apr-21 15:03:19.740237 | DEBUG    | MAIN LOGGER                    | FormText(self, section_index, config_content, value): section_index = 1, config_content = {'id_content': 1004, 'name_content': 'участок', 'type_content': 'TEXT', 'title_content': 'Участок', 'description_content': None, 'enable': None}, value = None
24-Apr-21 15:03:19.755242 | DEBUG    | MAIN LOGGER                    | IN get_config_content(name_content) -> list: name_content = название_компании   
24-Apr-21 15:03:19.757240 | DEBUG    | MAIN LOGGER                    | get_db_project_dirpath() -> str: C:/Users/hayar/OneDrive/Документы/AutoExecDoc Projects/РАРАРАР\project.db
24-Apr-21 15:03:19.761230 | DEBUG    | MAIN LOGGER                    | FormText(self, section_index, config_content, value): section_index = 1, config_content = {'id_content': 1001, 'name_content': 'название_компании', 'type_content': 'TEXT', 'title_content': 'Название компании', 'description_content': None, 'enable': None}, value = None
