24-Apr-21 23:18:42.167024 | DEBUG    | MAIN LOGGER                    | Config logger                                                                   
24-Apr-21 23:18:42.168025 | DEBUG    | MAIN LOGGER                    | IN create_and_config_files_and_folders()                                        
24-Apr-21 23:18:42.168025 | DEBUG    | MAIN LOGGER                    | get_default_folder_projects_dirpath() -> str: C:/Users/hayar/OneDrive/Äîêóìåíòû\AutoExecDoc Projects
24-Apr-21 23:18:42.169025 | DEBUG    | MAIN LOGGER                    | IN create_and_config_db_settings()                                              
24-Apr-21 23:18:42.169025 | DEBUG    | MAIN LOGGER                    | get_db_settings_dirpath() -> str: d:\work\project\AutoExecDoc\db\settings.db    
24-Apr-21 23:18:42.211076 | DEBUG    | MAIN LOGGER                    | IN config_controllers()                                                         
24-Apr-21 23:18:42.212075 | DEBUG    | MAIN LOGGER                    | IN connect_statusbar(statusbar)                                                 
24-Apr-21 23:18:42.212075 | DEBUG    | MAIN LOGGER                    | set_message_for_statusbar(Ïğîåêò íå îòêğûò)                                     
24-Apr-21 23:18:42.213075 | DEBUG    | MAIN LOGGER                    | IN connect_structureexecdoc(tr_sed, title_sed)                                  
24-Apr-21 23:18:42.213075 | DEBUG    | MAIN LOGGER                    | IN clear_tr_sed()                                                               
24-Apr-21 23:18:42.214076 | DEBUG    | MAIN LOGGER                    | IN connect_pages_template(lw_pt)                                                
24-Apr-21 23:18:42.214076 | DEBUG    | MAIN LOGGER                    | IN connect_inputforms(sa_if, sa_ifl)                                            
24-Apr-21 23:18:42.215076 | DEBUG    | MAIN LOGGER                    | IN connecting_actions()                                                         
24-Apr-21 23:18:43.292482 | DEBUG    | MAIN LOGGER                    | IN open_project()                                                               
24-Apr-21 23:18:43.293485 | DEBUG    | MAIN LOGGER                    | get_default_folder_projects_dirpath() -> str: C:/Users/hayar/OneDrive/Äîêóìåíòû\AutoExecDoc Projects
24-Apr-21 23:18:45.006491 | DEBUG    | MAIN LOGGER                    | select_folder_for_open_project() -> C:/Users/hayar/OneDrive/Äîêóìåíòû/AutoExecDoc Projects/Haya
24-Apr-21 23:18:45.006491 | DEBUG    | MAIN LOGGER                    | IN set_project_dirpaths(folder_path: str): folder_path = C:/Users/hayar/OneDrive/Äîêóìåíòû/AutoExecDoc Projects/Haya
24-Apr-21 23:18:45.007493 | DEBUG    | MAIN LOGGER                    | set_project_dirpath(dirpath: str): dirpath = C:/Users/hayar/OneDrive/Äîêóìåíòû/AutoExecDoc Projects/Haya
24-Apr-21 23:18:45.007493 | DEBUG    | MAIN LOGGER                    | get_project_dirpath() -> str: C:/Users/hayar/OneDrive/Äîêóìåíòû/AutoExecDoc Projects/Haya
24-Apr-21 23:18:45.008817 | DEBUG    | MAIN LOGGER                    | set_db_project_dirpath(dirpath: str): dirpath = C:/Users/hayar/OneDrive/Äîêóìåíòû/AutoExecDoc Projects/Haya\project.db
24-Apr-21 23:18:45.009332 | DEBUG    | MAIN LOGGER                    | IN config_open_project()                                                        
24-Apr-21 23:18:45.009332 | DEBUG    | MAIN LOGGER                    | get_project_dirpath() -> str: C:/Users/hayar/OneDrive/Äîêóìåíòû/AutoExecDoc Projects/Haya
24-Apr-21 23:18:45.010325 | DEBUG    | MAIN LOGGER                    | IN add_or_update_open_project_to_db()                                           
24-Apr-21 23:18:45.010325 | DEBUG    | MAIN LOGGER                    | get_db_settings_dirpath() -> str: d:\work\project\AutoExecDoc\db\settings.db    
24-Apr-21 23:18:45.011326 | DEBUG    | MAIN LOGGER                    | get_project_dirpath() -> str: C:/Users/hayar/OneDrive/Äîêóìåíòû/AutoExecDoc Projects/Haya
24-Apr-21 23:18:45.012325 | DEBUG    | MAIN LOGGER                    | get_project_dirpath() -> str: C:/Users/hayar/OneDrive/Äîêóìåíòû/AutoExecDoc Projects/Haya
24-Apr-21 23:18:45.013326 | DEBUG    | MAIN LOGGER                    | IN update_project_to_db()                                                       
24-Apr-21 23:18:45.013326 | DEBUG    | MAIN LOGGER                    | get_db_settings_dirpath() -> str: d:\work\project\AutoExecDoc\db\settings.db    
24-Apr-21 23:18:45.014326 | DEBUG    | MAIN LOGGER                    | get_project_dirpath() -> str: C:/Users/hayar/OneDrive/Äîêóìåíòû/AutoExecDoc Projects/Haya
24-Apr-21 23:18:45.015327 | DEBUG    | MAIN LOGGER                    | get_project_dirpath() -> str: C:/Users/hayar/OneDrive/Äîêóìåíòû/AutoExecDoc Projects/Haya
24-Apr-21 23:18:45.019327 | DEBUG    | MAIN LOGGER                    | IN create_and_config_db_project()                                               
24-Apr-21 23:18:45.019327 | DEBUG    | MAIN LOGGER                    | get_db_project_dirpath() -> str: C:/Users/hayar/OneDrive/Äîêóìåíòû/AutoExecDoc Projects/Haya\project.db
24-Apr-21 23:18:45.020331 | DEBUG    | MAIN LOGGER                    | IN update_structure_exec_doc()                                                  
24-Apr-21 23:18:45.020331 | DEBUG    | MAIN LOGGER                    | IN clear_tr_sed()                                                               
24-Apr-21 23:18:45.021328 | DEBUG    | MAIN LOGGER                    | get_current_name() -> str: Haya                                                 
24-Apr-21 23:18:45.021328 | DEBUG    | MAIN LOGGER                    | IN get_project_node() -> object                                                 
24-Apr-21 23:18:45.022328 | DEBUG    | MAIN LOGGER                    | get_db_project_dirpath() -> str: C:/Users/hayar/OneDrive/Äîêóìåíòû/AutoExecDoc Projects/Haya\project.db
24-Apr-21 23:18:45.022328 | DEBUG    | MAIN LOGGER                    | IN dfs(parent_node): parent_node = {'id_node': 0, 'name_node': 'Ïğîåêò', 'id_parent': None, 'order_node': '0', 'type_node': 'PROJECT', 'template_name': None, 'included': None}
24-Apr-21 23:18:45.023328 | DEBUG    | MAIN LOGGER                    | IN get_childs(parent_node) -> list: parent_node = {'id_node': 0, 'name_node': 'Ïğîåêò', 'id_parent': None, 'order_node': '0', 'type_node': 'PROJECT', 'template_name': None, 'included': None}
24-Apr-21 23:18:45.024329 | DEBUG    | MAIN LOGGER                    | get_db_project_dirpath() -> str: C:/Users/hayar/OneDrive/Äîêóìåíòû/AutoExecDoc Projects/Haya\project.db
24-Apr-21 23:18:45.025329 | DEBUG    | MAIN LOGGER                    | IN set_item_in_nodes_to_items(node): node = {'id_node': 10, 'name_node': 'Òèòóëüíûé ëèñò', 'id_parent': 0, 'order_node': '1', 'type_node': 'FORM', 'template_name': 'main', 'included': '1'}
24-Apr-21 23:18:45.025329 | DEBUG    | MAIN LOGGER                    | IN set_state_included_for_childs(node, state): node = {'id_node': 10, 'name_node': 'Òèòóëüíûé ëèñò', 'id_parent': 0, 'order_node': '1', 'type_node': 'FORM', 'template_name': 'main', 'included': '1'}, state = False
24-Apr-21 23:18:45.026331 | DEBUG    | MAIN LOGGER                    | IN set_included_for_node(node, state): node = {'id_node': 10, 'name_node': 'Òèòóëüíûé ëèñò', 'id_parent': 0, 'order_node': '1', 'type_node': 'FORM', 'template_name': 'main', 'included': '1'}, state = False
24-Apr-21 23:18:45.027331 | DEBUG    | MAIN LOGGER                    | get_db_project_dirpath() -> str: C:/Users/hayar/OneDrive/Äîêóìåíòû/AutoExecDoc Projects/Haya\project.db
24-Apr-21 23:18:45.032330 | DEBUG    | MAIN LOGGER                    | IN set_state_included_for_childs(node, state): node = {'id_node': 10, 'name_node': 'Òèòóëüíûé ëèñò', 'id_parent': 0, 'order_node': '1', 'type_node': 'FORM', 'template_name': 'main', 'included': '1'}, state = True
24-Apr-21 23:18:45.032330 | DEBUG    | MAIN LOGGER                    | IN set_included_for_node(node, state): node = {'id_node': 10, 'name_node': 'Òèòóëüíûé ëèñò', 'id_parent': 0, 'order_node': '1', 'type_node': 'FORM', 'template_name': 'main', 'included': '1'}, state = True
24-Apr-21 23:18:45.034330 | DEBUG    | MAIN LOGGER                    | get_db_project_dirpath() -> str: C:/Users/hayar/OneDrive/Äîêóìåíòû/AutoExecDoc Projects/Haya\project.db
24-Apr-21 23:18:45.039331 | DEBUG    | MAIN LOGGER                    | IN dfs(parent_node): parent_node = {'id_node': 10, 'name_node': 'Òèòóëüíûé ëèñò', 'id_parent': 0, 'order_node': '1', 'type_node': 'FORM', 'template_name': 'main', 'included': '1'}
24-Apr-21 23:18:45.040341 | DEBUG    | MAIN LOGGER                    | IN get_childs(parent_node) -> list: parent_node = {'id_node': 10, 'name_node': 'Òèòóëüíûé ëèñò', 'id_parent': 0, 'order_node': '1', 'type_node': 'FORM', 'template_name': 'main', 'included': '1'}
24-Apr-21 23:18:45.041334 | DEBUG    | MAIN LOGGER                    | get_db_project_dirpath() -> str: C:/Users/hayar/OneDrive/Äîêóìåíòû/AutoExecDoc Projects/Haya\project.db
24-Apr-21 23:18:45.043332 | DEBUG    | MAIN LOGGER                    | IN set_item_in_nodes_to_items(node): node = {'id_node': 11, 'name_node': 'Ğååñòğ äîêóìåíòàöèè', 'id_parent': 0, 'order_node': '2', 'type_node': 'FORM', 'template_name': 'main', 'included': '1'}
24-Apr-21 23:18:45.043332 | DEBUG    | MAIN LOGGER                    | IN set_state_included_for_childs(node, state): node = {'id_node': 11, 'name_node': 'Ğååñòğ äîêóìåíòàöèè', 'id_parent': 0, 'order_node': '2', 'type_node': 'FORM', 'template_name': 'main', 'included': '1'}, state = False
24-Apr-21 23:18:45.044332 | DEBUG    | MAIN LOGGER                    | IN set_included_for_node(node, state): node = {'id_node': 11, 'name_node': 'Ğååñòğ äîêóìåíòàöèè', 'id_parent': 0, 'order_node': '2', 'type_node': 'FORM', 'template_name': 'main', 'included': '1'}, state = False
24-Apr-21 23:18:45.044332 | DEBUG    | MAIN LOGGER                    | get_db_project_dirpath() -> str: C:/Users/hayar/OneDrive/Äîêóìåíòû/AutoExecDoc Projects/Haya\project.db
24-Apr-21 23:18:45.049334 | DEBUG    | MAIN LOGGER                    | IN set_state_included_for_childs(node, state): node = {'id_node': 11, 'name_node': 'Ğååñòğ äîêóìåíòàöèè', 'id_parent': 0, 'order_node': '2', 'type_node': 'FORM', 'template_name': 'main', 'included': '1'}, state = True
24-Apr-21 23:18:45.050339 | DEBUG    | MAIN LOGGER                    | IN set_included_for_node(node, state): node = {'id_node': 11, 'name_node': 'Ğååñòğ äîêóìåíòàöèè', 'id_parent': 0, 'order_node': '2', 'type_node': 'FORM', 'template_name': 'main', 'included': '1'}, state = True
24-Apr-21 23:18:45.051337 | DEBUG    | MAIN LOGGER                    | get_db_project_dirpath() -> str: C:/Users/hayar/OneDrive/Äîêóìåíòû/AutoExecDoc Projects/Haya\project.db
24-Apr-21 23:18:45.056336 | DEBUG    | MAIN LOGGER                    | IN dfs(parent_node): parent_node = {'id_node': 11, 'name_node': 'Ğååñòğ äîêóìåíòàöèè', 'id_parent': 0, 'order_node': '2', 'type_node': 'FORM', 'template_name': 'main', 'included': '1'}
24-Apr-21 23:18:45.057336 | DEBUG    | MAIN LOGGER                    | IN get_childs(parent_node) -> list: parent_node = {'id_node': 11, 'name_node': 'Ğååñòğ äîêóìåíòàöèè', 'id_parent': 0, 'order_node': '2', 'type_node': 'FORM', 'template_name': 'main', 'included': '1'}
24-Apr-21 23:18:45.058336 | DEBUG    | MAIN LOGGER                    | get_db_project_dirpath() -> str: C:/Users/hayar/OneDrive/Äîêóìåíòû/AutoExecDoc Projects/Haya\project.db
24-Apr-21 23:18:45.059335 | DEBUG    | MAIN LOGGER                    | IN set_item_in_nodes_to_items(node): node = {'id_node': 12, 'name_node': 'Ïàñïîğò òğàññû', 'id_parent': 0, 'order_node': '3', 'type_node': 'GROUP', 'template_name': None, 'included': '1'}
24-Apr-21 23:18:45.060336 | DEBUG    | MAIN LOGGER                    | IN set_state_included_for_childs(node, state): node = {'id_node': 12, 'name_node': 'Ïàñïîğò òğàññû', 'id_parent': 0, 'order_node': '3', 'type_node': 'GROUP', 'template_name': None, 'included': '1'}, state = False
24-Apr-21 23:18:45.061337 | DEBUG    | MAIN LOGGER                    | IN set_included_for_node(node, state): node = {'id_node': 12, 'name_node': 'Ïàñïîğò òğàññû', 'id_parent': 0, 'order_node': '3', 'type_node': 'GROUP', 'template_name': None, 'included': '1'}, state = False
24-Apr-21 23:18:45.062338 | DEBUG    | MAIN LOGGER                    | get_db_project_dirpath() -> str: C:/Users/hayar/OneDrive/Äîêóìåíòû/AutoExecDoc Projects/Haya\project.db
24-Apr-21 23:18:45.066336 | DEBUG    | MAIN LOGGER                    | IN set_state_included_for_childs(node, state): node = {'id_node': 12, 'name_node': 'Ïàñïîğò òğàññû', 'id_parent': 0, 'order_node': '3', 'type_node': 'GROUP', 'template_name': None, 'included': '1'}, state = True
24-Apr-21 23:18:45.067342 | DEBUG    | MAIN LOGGER                    | IN set_included_for_node(node, state): node = {'id_node': 12, 'name_node': 'Ïàñïîğò òğàññû', 'id_parent': 0, 'order_node': '3', 'type_node': 'GROUP', 'template_name': None, 'included': '1'}, state = True
24-Apr-21 23:18:45.068339 | DEBUG    | MAIN LOGGER                    | get_db_project_dirpath() -> str: C:/Users/hayar/OneDrive/Äîêóìåíòû/AutoExecDoc Projects/Haya\project.db
24-Apr-21 23:18:45.073339 | DEBUG    | MAIN LOGGER                    | IN dfs(parent_node): parent_node = {'id_node': 12, 'name_node': 'Ïàñïîğò òğàññû', 'id_parent': 0, 'order_node': '3', 'type_node': 'GROUP', 'template_name': None, 'included': '1'}
24-Apr-21 23:18:45.075342 | DEBUG    | MAIN LOGGER                    | IN get_childs(parent_node) -> list: parent_node = {'id_node': 12, 'name_node': 'Ïàñïîğò òğàññû', 'id_parent': 0, 'order_node': '3', 'type_node': 'GROUP', 'template_name': None, 'included': '1'}
24-Apr-21 23:18:45.075342 | DEBUG    | MAIN LOGGER                    | get_db_project_dirpath() -> str: C:/Users/hayar/OneDrive/Äîêóìåíòû/AutoExecDoc Projects/Haya\project.db
24-Apr-21 23:18:45.077340 | DEBUG    | MAIN LOGGER                    | IN set_item_in_nodes_to_items(node): node = {'id_node': 1201, 'name_node': 'ÏÒ-1', 'id_parent': 12, 'order_node': '1', 'type_node': 'FORM', 'template_name': 'main', 'included': '1'}
24-Apr-21 23:18:45.078340 | DEBUG    | MAIN LOGGER                    | IN set_state_included_for_childs(node, state): node = {'id_node': 1201, 'name_node': 'ÏÒ-1', 'id_parent': 12, 'order_node': '1', 'type_node': 'FORM', 'template_name': 'main', 'included': '1'}, state = False
24-Apr-21 23:18:45.079340 | DEBUG    | MAIN LOGGER                    | IN set_included_for_node(node, state): node = {'id_node': 1201, 'name_node': 'ÏÒ-1', 'id_parent': 12, 'order_node': '1', 'type_node': 'FORM', 'template_name': 'main', 'included': '1'}, state = False
24-Apr-21 23:18:45.080343 | DEBUG    | MAIN LOGGER                    | get_db_project_dirpath() -> str: C:/Users/hayar/OneDrive/Äîêóìåíòû/AutoExecDoc Projects/Haya\project.db
24-Apr-21 23:18:45.084343 | DEBUG    | MAIN LOGGER                    | IN set_state_included_for_childs(node, state): node = {'id_node': 1201, 'name_node': 'ÏÒ-1', 'id_parent': 12, 'order_node': '1', 'type_node': 'FORM', 'template_name': 'main', 'included': '1'}, state = True
24-Apr-21 23:18:45.084343 | DEBUG    | MAIN LOGGER                    | IN set_included_for_node(node, state): node = {'id_node': 1201, 'name_node': 'ÏÒ-1', 'id_parent': 12, 'order_node': '1', 'type_node': 'FORM', 'template_name': 'main', 'included': '1'}, state = True
24-Apr-21 23:18:45.085344 | DEBUG    | MAIN LOGGER                    | get_db_project_dirpath() -> str: C:/Users/hayar/OneDrive/Äîêóìåíòû/AutoExecDoc Projects/Haya\project.db
24-Apr-21 23:18:45.090342 | DEBUG    | MAIN LOGGER                    | IN dfs(parent_node): parent_node = {'id_node': 1201, 'name_node': 'ÏÒ-1', 'id_parent': 12, 'order_node': '1', 'type_node': 'FORM', 'template_name': 'main', 'included': '1'}
24-Apr-21 23:18:45.091343 | DEBUG    | MAIN LOGGER                    | IN get_childs(parent_node) -> list: parent_node = {'id_node': 1201, 'name_node': 'ÏÒ-1', 'id_parent': 12, 'order_node': '1', 'type_node': 'FORM', 'template_name': 'main', 'included': '1'}
24-Apr-21 23:18:45.092345 | DEBUG    | MAIN LOGGER                    | get_db_project_dirpath() -> str: C:/Users/hayar/OneDrive/Äîêóìåíòû/AutoExecDoc Projects/Haya\project.db
24-Apr-21 23:18:45.094346 | DEBUG    | MAIN LOGGER                    | IN set_item_in_nodes_to_items(node): node = {'id_node': 1202, 'name_node': 'ÏÒ-2', 'id_parent': 12, 'order_node': '2', 'type_node': 'FORM', 'template_name': 'main', 'included': '1'}
24-Apr-21 23:18:45.095348 | DEBUG    | MAIN LOGGER                    | IN set_state_included_for_childs(node, state): node = {'id_node': 1202, 'name_node': 'ÏÒ-2', 'id_parent': 12, 'order_node': '2', 'type_node': 'FORM', 'template_name': 'main', 'included': '1'}, state = False
24-Apr-21 23:18:45.096344 | DEBUG    | MAIN LOGGER                    | IN set_included_for_node(node, state): node = {'id_node': 1202, 'name_node': 'ÏÒ-2', 'id_parent': 12, 'order_node': '2', 'type_node': 'FORM', 'template_name': 'main', 'included': '1'}, state = False
24-Apr-21 23:18:45.097344 | DEBUG    | MAIN LOGGER                    | get_db_project_dirpath() -> str: C:/Users/hayar/OneDrive/Äîêóìåíòû/AutoExecDoc Projects/Haya\project.db
24-Apr-21 23:18:45.101347 | DEBUG    | MAIN LOGGER                    | IN set_state_included_for_childs(node, state): node = {'id_node': 1202, 'name_node': 'ÏÒ-2', 'id_parent': 12, 'order_node': '2', 'type_node': 'FORM', 'template_name': 'main', 'included': '1'}, state = True
24-Apr-21 23:18:45.102346 | DEBUG    | MAIN LOGGER                    | IN set_included_for_node(node, state): node = {'id_node': 1202, 'name_node': 'ÏÒ-2', 'id_parent': 12, 'order_node': '2', 'type_node': 'FORM', 'template_name': 'main', 'included': '1'}, state = True
24-Apr-21 23:18:45.102346 | DEBUG    | MAIN LOGGER                    | get_db_project_dirpath() -> str: C:/Users/hayar/OneDrive/Äîêóìåíòû/AutoExecDoc Projects/Haya\project.db
24-Apr-21 23:18:45.108009 | DEBUG    | MAIN LOGGER                    | IN dfs(parent_node): parent_node = {'id_node': 1202, 'name_node': 'ÏÒ-2', 'id_parent': 12, 'order_node': '2', 'type_node': 'FORM', 'template_name': 'main', 'included': '1'}
24-Apr-21 23:18:45.109010 | DEBUG    | MAIN LOGGER                    | IN get_childs(parent_node) -> list: parent_node = {'id_node': 1202, 'name_node': 'ÏÒ-2', 'id_parent': 12, 'order_node': '2', 'type_node': 'FORM', 'template_name': 'main', 'included': '1'}
24-Apr-21 23:18:45.109010 | DEBUG    | MAIN LOGGER                    | get_db_project_dirpath() -> str: C:/Users/hayar/OneDrive/Äîêóìåíòû/AutoExecDoc Projects/Haya\project.db
24-Apr-21 23:18:45.111011 | DEBUG    | MAIN LOGGER                    | IN set_item_in_nodes_to_items(node): node = {'id_node': 1203, 'name_node': 'ÏÒ-3', 'id_parent': 12, 'order_node': '3', 'type_node': 'FORM', 'template_name': 'main', 'included': '1'}
24-Apr-21 23:18:45.112010 | DEBUG    | MAIN LOGGER                    | IN set_state_included_for_childs(node, state): node = {'id_node': 1203, 'name_node': 'ÏÒ-3', 'id_parent': 12, 'order_node': '3', 'type_node': 'FORM', 'template_name': 'main', 'included': '1'}, state = False
24-Apr-21 23:18:45.112010 | DEBUG    | MAIN LOGGER                    | IN set_included_for_node(node, state): node = {'id_node': 1203, 'name_node': 'ÏÒ-3', 'id_parent': 12, 'order_node': '3', 'type_node': 'FORM', 'template_name': 'main', 'included': '1'}, state = False
24-Apr-21 23:18:45.113010 | DEBUG    | MAIN LOGGER                    | get_db_project_dirpath() -> str: C:/Users/hayar/OneDrive/Äîêóìåíòû/AutoExecDoc Projects/Haya\project.db
24-Apr-21 23:18:45.119011 | DEBUG    | MAIN LOGGER                    | IN set_state_included_for_childs(node, state): node = {'id_node': 1203, 'name_node': 'ÏÒ-3', 'id_parent': 12, 'order_node': '3', 'type_node': 'FORM', 'template_name': 'main', 'included': '1'}, state = True
24-Apr-21 23:18:45.120013 | DEBUG    | MAIN LOGGER                    | IN set_included_for_node(node, state): node = {'id_node': 1203, 'name_node': 'ÏÒ-3', 'id_parent': 12, 'order_node': '3', 'type_node': 'FORM', 'template_name': 'main', 'included': '1'}, state = True
24-Apr-21 23:18:45.121475 | DEBUG    | MAIN LOGGER                    | get_db_project_dirpath() -> str: C:/Users/hayar/OneDrive/Äîêóìåíòû/AutoExecDoc Projects/Haya\project.db
24-Apr-21 23:18:45.128800 | DEBUG    | MAIN LOGGER                    | IN dfs(parent_node): parent_node = {'id_node': 1203, 'name_node': 'ÏÒ-3', 'id_parent': 12, 'order_node': '3', 'type_node': 'FORM', 'template_name': 'main', 'included': '1'}
24-Apr-21 23:18:45.128800 | DEBUG    | MAIN LOGGER                    | IN get_childs(parent_node) -> list: parent_node = {'id_node': 1203, 'name_node': 'ÏÒ-3', 'id_parent': 12, 'order_node': '3', 'type_node': 'FORM', 'template_name': 'main', 'included': '1'}
24-Apr-21 23:18:45.129800 | DEBUG    | MAIN LOGGER                    | get_db_project_dirpath() -> str: C:/Users/hayar/OneDrive/Äîêóìåíòû/AutoExecDoc Projects/Haya\project.db
24-Apr-21 23:18:45.131800 | DEBUG    | MAIN LOGGER                    | IN set_true_actives_project()                                                   
24-Apr-21 23:18:45.131800 | DEBUG    | MAIN LOGGER                    | set_message_for_statusbar(Ïğîåêò c èìåíåì Haya îòêğûò.)                         
24-Apr-21 23:18:46.601554 | DEBUG    | MAIN LOGGER                    | IN update_pages_template(node) : node = {'id_node': 12, 'name_node': 'Ïàñïîğò òğàññû', 'id_parent': 0, 'order_node': '3', 'type_node': 'GROUP', 'template_name': None, 'included': '1'}
24-Apr-21 23:18:46.602556 | DEBUG    | MAIN LOGGER                    | IN get_pages_by_node(node) -> list: node = {'id_node': 12, 'name_node': 'Ïàñïîğò òğàññû', 'id_parent': 0, 'order_node': '3', 'type_node': 'GROUP', 'template_name': None, 'included': '1'}
24-Apr-21 23:18:46.602556 | DEBUG    | MAIN LOGGER                    | get_db_project_dirpath() -> str: C:/Users/hayar/OneDrive/Äîêóìåíòû/AutoExecDoc Projects/Haya\project.db
24-Apr-21 23:18:47.810465 | DEBUG    | MAIN LOGGER                    | IN update_pages_template(node) : node = {'id_node': 1203, 'name_node': 'ÏÒ-3', 'id_parent': 12, 'order_node': '3', 'type_node': 'FORM', 'template_name': 'main', 'included': '1'}
24-Apr-21 23:18:47.811461 | DEBUG    | MAIN LOGGER                    | IN get_pages_by_node(node) -> list: node = {'id_node': 1203, 'name_node': 'ÏÒ-3', 'id_parent': 12, 'order_node': '3', 'type_node': 'FORM', 'template_name': 'main', 'included': '1'}
24-Apr-21 23:18:47.811461 | DEBUG    | MAIN LOGGER                    | get_db_project_dirpath() -> str: C:/Users/hayar/OneDrive/Äîêóìåíòû/AutoExecDoc Projects/Haya\project.db
24-Apr-21 23:18:49.942184 | DEBUG    | MAIN LOGGER                    | IN update_scrollarea()                                                          
24-Apr-21 23:18:49.943195 | DEBUG    | MAIN LOGGER                    | IN delete_all_widgets_in_sa()                                                   
24-Apr-21 23:18:49.943195 | DEBUG    | MAIN LOGGER                    | IN clear_temp_folder()                                                          
24-Apr-21 23:18:49.944196 | DEBUG    | MAIN LOGGER                    | get_temp_dirpath() -> str:                                                      
24-Apr-21 23:18:49.945189 | DEBUG    | MAIN LOGGER                    | IN add_page_for_datas(page): page = {'id_page': 50, 'id_node_parent': 1203, 'page_name': 'Ë.1. Ñêåëåòíàÿ ñõåìà ÂÎËÏ è îñíîâíûå äàííûå öåïåé êàáåëÿ.', 'template_name': '3-ÏÒ3-1', 'page_order': 1, 'included': None}
24-Apr-21 23:18:49.945189 | DEBUG    | MAIN LOGGER                    | IN get_page_data(page) -> list: page = {'id_page': 50, 'id_node_parent': 1203, 'page_name': 'Ë.1. Ñêåëåòíàÿ ñõåìà ÂÎËÏ è îñíîâíûå äàííûå öåïåé êàáåëÿ.', 'template_name': '3-ÏÒ3-1', 'page_order': 1, 'included': None}
24-Apr-21 23:18:49.946189 | DEBUG    | MAIN LOGGER                    | get_db_project_dirpath() -> str: C:/Users/hayar/OneDrive/Äîêóìåíòû/AutoExecDoc Projects/Haya\project.db
24-Apr-21 23:18:49.947197 | DEBUG    | MAIN LOGGER                    | IN add_nodes_for_datas()                                                        
24-Apr-21 23:18:49.948196 | DEBUG    | MAIN LOGGER                    | IN get_node_parent_from_pages(page) -> object: page = {'id_page': 50, 'id_node_parent': 1203, 'page_name': 'Ë.1. Ñêåëåòíàÿ ñõåìà ÂÎËÏ è îñíîâíûå äàííûå öåïåé êàáåëÿ.', 'template_name': '3-ÏÒ3-1', 'page_order': 1, 'included': None}
24-Apr-21 23:18:49.948196 | DEBUG    | MAIN LOGGER                    | get_db_project_dirpath() -> str: C:/Users/hayar/OneDrive/Äîêóìåíòû/AutoExecDoc Projects/Haya\project.db
24-Apr-21 23:18:49.950191 | DEBUG    | MAIN LOGGER                    | IN add_node_for_datas(node): node = {'id_node': 1203, 'name_node': 'ÏÒ-3', 'id_parent': 12, 'order_node': '3', 'type_node': 'FORM', 'template_name': 'main', 'included': '1'}
24-Apr-21 23:18:49.951191 | DEBUG    | MAIN LOGGER                    | IN get_node_data(node) -> list: node = {'id_node': 1203, 'name_node': 'ÏÒ-3', 'id_parent': 12, 'order_node': '3', 'type_node': 'FORM', 'template_name': 'main', 'included': '1'}
24-Apr-21 23:18:49.952190 | DEBUG    | MAIN LOGGER                    | get_db_project_dirpath() -> str: C:/Users/hayar/OneDrive/Äîêóìåíòû/AutoExecDoc Projects/Haya\project.db
24-Apr-21 23:18:49.953191 | DEBUG    | MAIN LOGGER                    | IN get_node_parent(node) -> object: node = {'id_node': 1203, 'name_node': 'ÏÒ-3', 'id_parent': 12, 'order_node': '3', 'type_node': 'FORM', 'template_name': 'main', 'included': '1'}
24-Apr-21 23:18:49.954190 | DEBUG    | MAIN LOGGER                    | get_db_project_dirpath() -> str: C:/Users/hayar/OneDrive/Äîêóìåíòû/AutoExecDoc Projects/Haya\project.db
24-Apr-21 23:18:49.955191 | DEBUG    | MAIN LOGGER                    | IN add_node_for_datas(node): node = {'id_node': 12, 'name_node': 'Ïàñïîğò òğàññû', 'id_parent': 0, 'order_node': '3', 'type_node': 'GROUP', 'template_name': None, 'included': '1'}
24-Apr-21 23:18:49.956193 | DEBUG    | MAIN LOGGER                    | IN get_node_data(node) -> list: node = {'id_node': 12, 'name_node': 'Ïàñïîğò òğàññû', 'id_parent': 0, 'order_node': '3', 'type_node': 'GROUP', 'template_name': None, 'included': '1'}
24-Apr-21 23:18:49.957194 | DEBUG    | MAIN LOGGER                    | get_db_project_dirpath() -> str: C:/Users/hayar/OneDrive/Äîêóìåíòû/AutoExecDoc Projects/Haya\project.db
24-Apr-21 23:18:49.958192 | DEBUG    | MAIN LOGGER                    | IN get_node_parent(node) -> object: node = {'id_node': 12, 'name_node': 'Ïàñïîğò òğàññû', 'id_parent': 0, 'order_node': '3', 'type_node': 'GROUP', 'template_name': None, 'included': '1'}
24-Apr-21 23:18:49.959192 | DEBUG    | MAIN LOGGER                    | get_db_project_dirpath() -> str: C:/Users/hayar/OneDrive/Äîêóìåíòû/AutoExecDoc Projects/Haya\project.db
24-Apr-21 23:18:49.960193 | DEBUG    | MAIN LOGGER                    | IN add_node_for_datas(node): node = {'id_node': 0, 'name_node': 'Ïğîåêò', 'id_parent': None, 'order_node': '0', 'type_node': 'PROJECT', 'template_name': None, 'included': None}
24-Apr-21 23:18:49.961192 | DEBUG    | MAIN LOGGER                    | IN get_node_data(node) -> list: node = {'id_node': 0, 'name_node': 'Ïğîåêò', 'id_parent': None, 'order_node': '0', 'type_node': 'PROJECT', 'template_name': None, 'included': None}
24-Apr-21 23:18:49.961192 | DEBUG    | MAIN LOGGER                    | get_db_project_dirpath() -> str: C:/Users/hayar/OneDrive/Äîêóìåíòû/AutoExecDoc Projects/Haya\project.db
24-Apr-21 23:18:49.962193 | DEBUG    | MAIN LOGGER                    | IN get_node_parent(node) -> object: node = {'id_node': 0, 'name_node': 'Ïğîåêò', 'id_parent': None, 'order_node': '0', 'type_node': 'PROJECT', 'template_name': None, 'included': None}
24-Apr-21 23:18:49.963193 | DEBUG    | MAIN LOGGER                    | get_db_project_dirpath() -> str: C:/Users/hayar/OneDrive/Äîêóìåíòû/AutoExecDoc Projects/Haya\project.db
24-Apr-21 23:18:49.964194 | DEBUG    | MAIN LOGGER                    | IN add_sections_in_sa()                                                         
24-Apr-21 23:18:49.967193 | DEBUG    | MAIN LOGGER                    | IN get_config_content(id_content) -> list: id_content = 1230                    
24-Apr-21 23:18:49.968194 | DEBUG    | MAIN LOGGER                    | get_db_project_dirpath() -> str: C:/Users/hayar/OneDrive/Äîêóìåíòû/AutoExecDoc Projects/Haya\project.db
24-Apr-21 23:18:49.969194 | DEBUG    | MAIN LOGGER                    | FormImage(self, pair, config_content, config_image): pair = {'id_pair': 600, 'id_page': 50, 'id_content': 1230, 'name_content': 'ñêåëåòíàÿ_ñõåìà_ÂÎËÏ', 'value': None}, config_content = {'id_content': 1230, 'name_content': 'ñêåëåòíàÿ_ñõåìà_ÂÎËÏ', 'type_content': 'IMAGE', 'title_content': 'Ñêåëåòíàÿ ñõåìà ÂÎËÏ', 'description_content': None, 'enable': None}, config_image = []
24-Apr-21 23:18:49.981199 | DEBUG    | MAIN LOGGER                    | IN get_config_content(id_content) -> list: id_content = 1003                    
24-Apr-21 23:18:49.982199 | DEBUG    | MAIN LOGGER                    | get_db_project_dirpath() -> str: C:/Users/hayar/OneDrive/Äîêóìåíòû/AutoExecDoc Projects/Haya\project.db
24-Apr-21 23:18:49.983197 | DEBUG    | MAIN LOGGER                    | FormText(self, pair, config_content): pair = {'id_pair': 100, 'id_node': 0, 'id_content': 1003, 'name_content': 'íàçâàíèå_îáúåêòà', 'value': None}, config_content = {'id_content': 1003, 'name_content': 'íàçâàíèå_îáúåêòà', 'type_content': 'TEXT', 'title_content': 'Íàçâàíèå îáúåêòà', 'description_content': None, 'enable': None}
24-Apr-21 23:18:49.986197 | DEBUG    | MAIN LOGGER                    | IN get_config_content(id_content) -> list: id_content = 1004                    
24-Apr-21 23:18:49.987198 | DEBUG    | MAIN LOGGER                    | get_db_project_dirpath() -> str: C:/Users/hayar/OneDrive/Äîêóìåíòû/AutoExecDoc Projects/Haya\project.db
24-Apr-21 23:18:49.988198 | DEBUG    | MAIN LOGGER                    | FormText(self, pair, config_content): pair = {'id_pair': 101, 'id_node': 0, 'id_content': 1004, 'name_content': 'ó÷àñòîê', 'value': None}, config_content = {'id_content': 1004, 'name_content': 'ó÷àñòîê', 'type_content': 'TEXT', 'title_content': 'Ó÷àñòîê', 'description_content': None, 'enable': None}
24-Apr-21 23:18:49.991199 | DEBUG    | MAIN LOGGER                    | IN get_config_content(id_content) -> list: id_content = 1001                    
24-Apr-21 23:18:49.991199 | DEBUG    | MAIN LOGGER                    | get_db_project_dirpath() -> str: C:/Users/hayar/OneDrive/Äîêóìåíòû/AutoExecDoc Projects/Haya\project.db
24-Apr-21 23:18:49.992198 | DEBUG    | MAIN LOGGER                    | FormText(self, pair, config_content): pair = {'id_pair': 102, 'id_node': 0, 'id_content': 1001, 'name_content': 'íàçâàíèå_êîìïàíèè', 'value': None}, config_content = {'id_content': 1001, 'name_content': 'íàçâàíèå_êîìïàíèè', 'type_content': 'TEXT', 'title_content': 'Íàçâàíèå êîìïàíèè', 'description_content': None, 'enable': None}
24-Apr-21 23:18:52.249561 | DEBUG    | MAIN LOGGER                    | IN select_image_for_formimage_in_project() -> str                               
24-Apr-21 23:18:52.250559 | DEBUG    | MAIN LOGGER                    | get_default_folder_projects_dirpath() -> str: C:/Users/hayar/OneDrive/Äîêóìåíòû\AutoExecDoc Projects
24-Apr-21 23:18:58.754585 | DEBUG    | MAIN LOGGER                    | select_image_for_formimage_in_project() -> C:/Users/hayar/Downloads/To Kill a Living Book -for Library Of Ruina-/cover.jpg
24-Apr-21 23:18:58.755585 | DEBUG    | MAIN LOGGER                    | get_temp_dirpath() -> str:                                                      
