24-Apr-24 01:58:15.751121 | DEBUG    | MAIN LOGGER                    | Config logger                                                                   
24-Apr-24 01:58:15.752107 | DEBUG    | MAIN LOGGER                    | IN create_and_config_files_and_folders()                                        
24-Apr-24 01:58:15.752373 | DEBUG    | MAIN LOGGER                    | get_default_folder_projects_dirpath() -> str: C:/Users/hayar/OneDrive/Документы\AutoExecDoc Projects
24-Apr-24 01:58:15.752891 | DEBUG    | MAIN LOGGER                    | IN create_and_config_db_settings()                                              
24-Apr-24 01:58:15.752891 | DEBUG    | MAIN LOGGER                    | get_db_settings_dirpath() -> str: d:\work\project\AutoExecDoc\db\settings.db    
24-Apr-24 01:58:15.797893 | DEBUG    | MAIN LOGGER                    | IN config_controllers()                                                         
24-Apr-24 01:58:15.798485 | DEBUG    | MAIN LOGGER                    | IN connect_statusbar(statusbar)                                                 
24-Apr-24 01:58:15.798485 | DEBUG    | MAIN LOGGER                    | set_message_for_statusbar(Проект не открыт)                                     
24-Apr-24 01:58:15.799489 | DEBUG    | MAIN LOGGER                    | IN connect_structureexecdoc(tr_sed, title_sed)                                  
24-Apr-24 01:58:15.799489 | DEBUG    | MAIN LOGGER                    | IN clear_tr_sed()                                                               
24-Apr-24 01:58:15.800489 | DEBUG    | MAIN LOGGER                    | IN connect_pages_template(lw_pt)                                                
24-Apr-24 01:58:15.800489 | DEBUG    | MAIN LOGGER                    | IN connect_inputforms(sa_if, sa_ifl)                                            
24-Apr-24 01:58:15.801567 | DEBUG    | MAIN LOGGER                    | IN connecting_actions()                                                         
24-Apr-24 01:58:17.377862 | DEBUG    | MAIN LOGGER                    | IN open_project()                                                               
24-Apr-24 01:58:17.378872 | DEBUG    | MAIN LOGGER                    | get_default_folder_projects_dirpath() -> str: C:/Users/hayar/OneDrive/Документы\AutoExecDoc Projects
24-Apr-24 01:58:19.477052 | DEBUG    | MAIN LOGGER                    | select_folder_for_open_project() -> C:/Users/hayar/OneDrive/Документы/AutoExecDoc Projects/ваыа
24-Apr-24 01:58:19.478054 | DEBUG    | MAIN LOGGER                    | IN set_project_dirpaths(folder_path: str): folder_path = C:/Users/hayar/OneDrive/Документы/AutoExecDoc Projects/ваыа
24-Apr-24 01:58:19.479063 | DEBUG    | MAIN LOGGER                    | set_project_dirpath(dirpath: str): dirpath = C:/Users/hayar/OneDrive/Документы/AutoExecDoc Projects/ваыа
24-Apr-24 01:58:19.479063 | DEBUG    | MAIN LOGGER                    | get_project_dirpath() -> str: C:/Users/hayar/OneDrive/Документы/AutoExecDoc Projects/ваыа
24-Apr-24 01:58:19.479063 | DEBUG    | MAIN LOGGER                    | set_db_project_dirpath(dirpath: str): dirpath = C:/Users/hayar/OneDrive/Документы/AutoExecDoc Projects/ваыа\project.db
24-Apr-24 01:58:19.480068 | DEBUG    | MAIN LOGGER                    | IN config_open_project()                                                        
24-Apr-24 01:58:19.480068 | DEBUG    | MAIN LOGGER                    | get_project_dirpath() -> str: C:/Users/hayar/OneDrive/Документы/AutoExecDoc Projects/ваыа
24-Apr-24 01:58:19.480068 | DEBUG    | MAIN LOGGER                    | IN add_or_update_open_project_to_db()                                           
24-Apr-24 01:58:19.481068 | DEBUG    | MAIN LOGGER                    | get_db_settings_dirpath() -> str: d:\work\project\AutoExecDoc\db\settings.db    
24-Apr-24 01:58:19.482053 | DEBUG    | MAIN LOGGER                    | get_project_dirpath() -> str: C:/Users/hayar/OneDrive/Документы/AutoExecDoc Projects/ваыа
24-Apr-24 01:58:19.483062 | DEBUG    | MAIN LOGGER                    | get_project_dirpath() -> str: C:/Users/hayar/OneDrive/Документы/AutoExecDoc Projects/ваыа
24-Apr-24 01:58:19.484072 | DEBUG    | MAIN LOGGER                    | IN update_project_to_db()                                                       
24-Apr-24 01:58:19.484072 | DEBUG    | MAIN LOGGER                    | get_db_settings_dirpath() -> str: d:\work\project\AutoExecDoc\db\settings.db    
24-Apr-24 01:58:19.485057 | DEBUG    | MAIN LOGGER                    | get_project_dirpath() -> str: C:/Users/hayar/OneDrive/Документы/AutoExecDoc Projects/ваыа
24-Apr-24 01:58:19.485057 | DEBUG    | MAIN LOGGER                    | get_project_dirpath() -> str: C:/Users/hayar/OneDrive/Документы/AutoExecDoc Projects/ваыа
24-Apr-24 01:58:19.490055 | DEBUG    | MAIN LOGGER                    | IN create_and_config_db_project()                                               
24-Apr-24 01:58:19.491211 | DEBUG    | MAIN LOGGER                    | get_db_project_dirpath() -> str: C:/Users/hayar/OneDrive/Документы/AutoExecDoc Projects/ваыа\project.db
24-Apr-24 01:58:19.491211 | DEBUG    | MAIN LOGGER                    | IN update_structure_exec_doc()                                                  
24-Apr-24 01:58:19.492057 | DEBUG    | MAIN LOGGER                    | IN clear_tr_sed()                                                               
24-Apr-24 01:58:19.492057 | DEBUG    | MAIN LOGGER                    | get_current_name() -> str: ваыа                                                 
24-Apr-24 01:58:19.493059 | DEBUG    | MAIN LOGGER                    | IN get_project_node() -> object                                                 
24-Apr-24 01:58:19.494058 | DEBUG    | MAIN LOGGER                    | get_db_project_dirpath() -> str: C:/Users/hayar/OneDrive/Документы/AutoExecDoc Projects/ваыа\project.db
24-Apr-24 01:58:19.495057 | DEBUG    | MAIN LOGGER                    | IN dfs(parent_node): parent_node = {'id_node': 0, 'name_node': 'Проект', 'id_parent': None, 'order_node': '0', 'type_node': 'PROJECT', 'template_name': None, 'included': None}
24-Apr-24 01:58:19.496057 | DEBUG    | MAIN LOGGER                    | IN get_childs(parent_node) -> list: parent_node = {'id_node': 0, 'name_node': 'Проект', 'id_parent': None, 'order_node': '0', 'type_node': 'PROJECT', 'template_name': None, 'included': None}
24-Apr-24 01:58:19.497058 | DEBUG    | MAIN LOGGER                    | get_db_project_dirpath() -> str: C:/Users/hayar/OneDrive/Документы/AutoExecDoc Projects/ваыа\project.db
24-Apr-24 01:58:19.498066 | DEBUG    | MAIN LOGGER                    | IN set_item_in_nodes_to_items(node): node = {'id_node': 10, 'name_node': 'Титульный лист', 'id_parent': 0, 'order_node': '1', 'type_node': 'FORM', 'template_name': 'main', 'included': '1'}
24-Apr-24 01:58:19.499065 | DEBUG    | MAIN LOGGER                    | IN set_state_included_for_childs(node, state): node = {'id_node': 10, 'name_node': 'Титульный лист', 'id_parent': 0, 'order_node': '1', 'type_node': 'FORM', 'template_name': 'main', 'included': '1'}, state = False
24-Apr-24 01:58:19.499065 | DEBUG    | MAIN LOGGER                    | IN set_included_for_node(node, state): node = {'id_node': 10, 'name_node': 'Титульный лист', 'id_parent': 0, 'order_node': '1', 'type_node': 'FORM', 'template_name': 'main', 'included': '1'}, state = False
24-Apr-24 01:58:19.500068 | DEBUG    | MAIN LOGGER                    | get_db_project_dirpath() -> str: C:/Users/hayar/OneDrive/Документы/AutoExecDoc Projects/ваыа\project.db
24-Apr-24 01:58:19.505068 | DEBUG    | MAIN LOGGER                    | IN set_state_included_for_childs(node, state): node = {'id_node': 10, 'name_node': 'Титульный лист', 'id_parent': 0, 'order_node': '1', 'type_node': 'FORM', 'template_name': 'main', 'included': '1'}, state = True
24-Apr-24 01:58:19.505068 | DEBUG    | MAIN LOGGER                    | IN set_included_for_node(node, state): node = {'id_node': 10, 'name_node': 'Титульный лист', 'id_parent': 0, 'order_node': '1', 'type_node': 'FORM', 'template_name': 'main', 'included': '1'}, state = True
24-Apr-24 01:58:19.506060 | DEBUG    | MAIN LOGGER                    | get_db_project_dirpath() -> str: C:/Users/hayar/OneDrive/Документы/AutoExecDoc Projects/ваыа\project.db
24-Apr-24 01:58:19.511563 | DEBUG    | MAIN LOGGER                    | IN dfs(parent_node): parent_node = {'id_node': 10, 'name_node': 'Титульный лист', 'id_parent': 0, 'order_node': '1', 'type_node': 'FORM', 'template_name': 'main', 'included': '1'}
24-Apr-24 01:58:19.512565 | DEBUG    | MAIN LOGGER                    | IN get_childs(parent_node) -> list: parent_node = {'id_node': 10, 'name_node': 'Титульный лист', 'id_parent': 0, 'order_node': '1', 'type_node': 'FORM', 'template_name': 'main', 'included': '1'}
24-Apr-24 01:58:19.512565 | DEBUG    | MAIN LOGGER                    | get_db_project_dirpath() -> str: C:/Users/hayar/OneDrive/Документы/AutoExecDoc Projects/ваыа\project.db
24-Apr-24 01:58:19.515565 | DEBUG    | MAIN LOGGER                    | IN set_item_in_nodes_to_items(node): node = {'id_node': 11, 'name_node': 'Реестр документации', 'id_parent': 0, 'order_node': '2', 'type_node': 'FORM', 'template_name': 'main', 'included': '1'}
24-Apr-24 01:58:19.516569 | DEBUG    | MAIN LOGGER                    | IN set_state_included_for_childs(node, state): node = {'id_node': 11, 'name_node': 'Реестр документации', 'id_parent': 0, 'order_node': '2', 'type_node': 'FORM', 'template_name': 'main', 'included': '1'}, state = False
24-Apr-24 01:58:19.517567 | DEBUG    | MAIN LOGGER                    | IN set_included_for_node(node, state): node = {'id_node': 11, 'name_node': 'Реестр документации', 'id_parent': 0, 'order_node': '2', 'type_node': 'FORM', 'template_name': 'main', 'included': '1'}, state = False
24-Apr-24 01:58:19.518568 | DEBUG    | MAIN LOGGER                    | get_db_project_dirpath() -> str: C:/Users/hayar/OneDrive/Документы/AutoExecDoc Projects/ваыа\project.db
24-Apr-24 01:58:19.523569 | DEBUG    | MAIN LOGGER                    | IN set_state_included_for_childs(node, state): node = {'id_node': 11, 'name_node': 'Реестр документации', 'id_parent': 0, 'order_node': '2', 'type_node': 'FORM', 'template_name': 'main', 'included': '1'}, state = True
24-Apr-24 01:58:19.523569 | DEBUG    | MAIN LOGGER                    | IN set_included_for_node(node, state): node = {'id_node': 11, 'name_node': 'Реестр документации', 'id_parent': 0, 'order_node': '2', 'type_node': 'FORM', 'template_name': 'main', 'included': '1'}, state = True
24-Apr-24 01:58:19.524569 | DEBUG    | MAIN LOGGER                    | get_db_project_dirpath() -> str: C:/Users/hayar/OneDrive/Документы/AutoExecDoc Projects/ваыа\project.db
24-Apr-24 01:58:19.531570 | DEBUG    | MAIN LOGGER                    | IN dfs(parent_node): parent_node = {'id_node': 11, 'name_node': 'Реестр документации', 'id_parent': 0, 'order_node': '2', 'type_node': 'FORM', 'template_name': 'main', 'included': '1'}
24-Apr-24 01:58:19.532570 | DEBUG    | MAIN LOGGER                    | IN get_childs(parent_node) -> list: parent_node = {'id_node': 11, 'name_node': 'Реестр документации', 'id_parent': 0, 'order_node': '2', 'type_node': 'FORM', 'template_name': 'main', 'included': '1'}
24-Apr-24 01:58:19.532570 | DEBUG    | MAIN LOGGER                    | get_db_project_dirpath() -> str: C:/Users/hayar/OneDrive/Документы/AutoExecDoc Projects/ваыа\project.db
24-Apr-24 01:58:19.534571 | DEBUG    | MAIN LOGGER                    | IN set_item_in_nodes_to_items(node): node = {'id_node': 12, 'name_node': 'Паспорт трассы', 'id_parent': 0, 'order_node': '3', 'type_node': 'GROUP', 'template_name': None, 'included': '1'}
24-Apr-24 01:58:19.535573 | DEBUG    | MAIN LOGGER                    | IN set_state_included_for_childs(node, state): node = {'id_node': 12, 'name_node': 'Паспорт трассы', 'id_parent': 0, 'order_node': '3', 'type_node': 'GROUP', 'template_name': None, 'included': '1'}, state = False
24-Apr-24 01:58:19.536571 | DEBUG    | MAIN LOGGER                    | IN set_included_for_node(node, state): node = {'id_node': 12, 'name_node': 'Паспорт трассы', 'id_parent': 0, 'order_node': '3', 'type_node': 'GROUP', 'template_name': None, 'included': '1'}, state = False
24-Apr-24 01:58:19.537571 | DEBUG    | MAIN LOGGER                    | get_db_project_dirpath() -> str: C:/Users/hayar/OneDrive/Документы/AutoExecDoc Projects/ваыа\project.db
24-Apr-24 01:58:19.541571 | DEBUG    | MAIN LOGGER                    | IN set_state_included_for_childs(node, state): node = {'id_node': 12, 'name_node': 'Паспорт трассы', 'id_parent': 0, 'order_node': '3', 'type_node': 'GROUP', 'template_name': None, 'included': '1'}, state = True
24-Apr-24 01:58:19.542573 | DEBUG    | MAIN LOGGER                    | IN set_included_for_node(node, state): node = {'id_node': 12, 'name_node': 'Паспорт трассы', 'id_parent': 0, 'order_node': '3', 'type_node': 'GROUP', 'template_name': None, 'included': '1'}, state = True
24-Apr-24 01:58:19.543574 | DEBUG    | MAIN LOGGER                    | get_db_project_dirpath() -> str: C:/Users/hayar/OneDrive/Документы/AutoExecDoc Projects/ваыа\project.db
24-Apr-24 01:58:19.549575 | DEBUG    | MAIN LOGGER                    | IN dfs(parent_node): parent_node = {'id_node': 12, 'name_node': 'Паспорт трассы', 'id_parent': 0, 'order_node': '3', 'type_node': 'GROUP', 'template_name': None, 'included': '1'}
24-Apr-24 01:58:19.549575 | DEBUG    | MAIN LOGGER                    | IN get_childs(parent_node) -> list: parent_node = {'id_node': 12, 'name_node': 'Паспорт трассы', 'id_parent': 0, 'order_node': '3', 'type_node': 'GROUP', 'template_name': None, 'included': '1'}
24-Apr-24 01:58:19.550574 | DEBUG    | MAIN LOGGER                    | get_db_project_dirpath() -> str: C:/Users/hayar/OneDrive/Документы/AutoExecDoc Projects/ваыа\project.db
24-Apr-24 01:58:19.552574 | DEBUG    | MAIN LOGGER                    | IN set_item_in_nodes_to_items(node): node = {'id_node': 1201, 'name_node': 'ПТ-1', 'id_parent': 12, 'order_node': '1', 'type_node': 'FORM', 'template_name': 'main', 'included': '1'}
24-Apr-24 01:58:19.553575 | DEBUG    | MAIN LOGGER                    | IN set_state_included_for_childs(node, state): node = {'id_node': 1201, 'name_node': 'ПТ-1', 'id_parent': 12, 'order_node': '1', 'type_node': 'FORM', 'template_name': 'main', 'included': '1'}, state = False
24-Apr-24 01:58:19.554577 | DEBUG    | MAIN LOGGER                    | IN set_included_for_node(node, state): node = {'id_node': 1201, 'name_node': 'ПТ-1', 'id_parent': 12, 'order_node': '1', 'type_node': 'FORM', 'template_name': 'main', 'included': '1'}, state = False
24-Apr-24 01:58:19.555578 | DEBUG    | MAIN LOGGER                    | get_db_project_dirpath() -> str: C:/Users/hayar/OneDrive/Документы/AutoExecDoc Projects/ваыа\project.db
24-Apr-24 01:58:19.560576 | DEBUG    | MAIN LOGGER                    | IN set_state_included_for_childs(node, state): node = {'id_node': 1201, 'name_node': 'ПТ-1', 'id_parent': 12, 'order_node': '1', 'type_node': 'FORM', 'template_name': 'main', 'included': '1'}, state = True
24-Apr-24 01:58:19.561576 | DEBUG    | MAIN LOGGER                    | IN set_included_for_node(node, state): node = {'id_node': 1201, 'name_node': 'ПТ-1', 'id_parent': 12, 'order_node': '1', 'type_node': 'FORM', 'template_name': 'main', 'included': '1'}, state = True
24-Apr-24 01:58:19.562579 | DEBUG    | MAIN LOGGER                    | get_db_project_dirpath() -> str: C:/Users/hayar/OneDrive/Документы/AutoExecDoc Projects/ваыа\project.db
24-Apr-24 01:58:19.567768 | DEBUG    | MAIN LOGGER                    | IN dfs(parent_node): parent_node = {'id_node': 1201, 'name_node': 'ПТ-1', 'id_parent': 12, 'order_node': '1', 'type_node': 'FORM', 'template_name': 'main', 'included': '1'}
24-Apr-24 01:58:19.568282 | DEBUG    | MAIN LOGGER                    | IN get_childs(parent_node) -> list: parent_node = {'id_node': 1201, 'name_node': 'ПТ-1', 'id_parent': 12, 'order_node': '1', 'type_node': 'FORM', 'template_name': 'main', 'included': '1'}
24-Apr-24 01:58:19.569279 | DEBUG    | MAIN LOGGER                    | get_db_project_dirpath() -> str: C:/Users/hayar/OneDrive/Документы/AutoExecDoc Projects/ваыа\project.db
24-Apr-24 01:58:19.572278 | DEBUG    | MAIN LOGGER                    | IN set_item_in_nodes_to_items(node): node = {'id_node': 1202, 'name_node': 'ПТ-2', 'id_parent': 12, 'order_node': '2', 'type_node': 'FORM', 'template_name': 'main', 'included': '1'}
24-Apr-24 01:58:19.572278 | DEBUG    | MAIN LOGGER                    | IN set_state_included_for_childs(node, state): node = {'id_node': 1202, 'name_node': 'ПТ-2', 'id_parent': 12, 'order_node': '2', 'type_node': 'FORM', 'template_name': 'main', 'included': '1'}, state = False
24-Apr-24 01:58:19.573280 | DEBUG    | MAIN LOGGER                    | IN set_included_for_node(node, state): node = {'id_node': 1202, 'name_node': 'ПТ-2', 'id_parent': 12, 'order_node': '2', 'type_node': 'FORM', 'template_name': 'main', 'included': '1'}, state = False
24-Apr-24 01:58:19.574281 | DEBUG    | MAIN LOGGER                    | get_db_project_dirpath() -> str: C:/Users/hayar/OneDrive/Документы/AutoExecDoc Projects/ваыа\project.db
24-Apr-24 01:58:19.579589 | DEBUG    | MAIN LOGGER                    | IN set_state_included_for_childs(node, state): node = {'id_node': 1202, 'name_node': 'ПТ-2', 'id_parent': 12, 'order_node': '2', 'type_node': 'FORM', 'template_name': 'main', 'included': '1'}, state = True
24-Apr-24 01:58:19.580285 | DEBUG    | MAIN LOGGER                    | IN set_included_for_node(node, state): node = {'id_node': 1202, 'name_node': 'ПТ-2', 'id_parent': 12, 'order_node': '2', 'type_node': 'FORM', 'template_name': 'main', 'included': '1'}, state = True
24-Apr-24 01:58:19.581393 | DEBUG    | MAIN LOGGER                    | get_db_project_dirpath() -> str: C:/Users/hayar/OneDrive/Документы/AutoExecDoc Projects/ваыа\project.db
24-Apr-24 01:58:19.587290 | DEBUG    | MAIN LOGGER                    | IN dfs(parent_node): parent_node = {'id_node': 1202, 'name_node': 'ПТ-2', 'id_parent': 12, 'order_node': '2', 'type_node': 'FORM', 'template_name': 'main', 'included': '1'}
24-Apr-24 01:58:19.588292 | DEBUG    | MAIN LOGGER                    | IN get_childs(parent_node) -> list: parent_node = {'id_node': 1202, 'name_node': 'ПТ-2', 'id_parent': 12, 'order_node': '2', 'type_node': 'FORM', 'template_name': 'main', 'included': '1'}
24-Apr-24 01:58:19.589293 | DEBUG    | MAIN LOGGER                    | get_db_project_dirpath() -> str: C:/Users/hayar/OneDrive/Документы/AutoExecDoc Projects/ваыа\project.db
24-Apr-24 01:58:19.590291 | DEBUG    | MAIN LOGGER                    | IN set_item_in_nodes_to_items(node): node = {'id_node': 1203, 'name_node': 'ПТ-3', 'id_parent': 12, 'order_node': '3', 'type_node': 'FORM', 'template_name': 'main', 'included': '1'}
24-Apr-24 01:58:19.591292 | DEBUG    | MAIN LOGGER                    | IN set_state_included_for_childs(node, state): node = {'id_node': 1203, 'name_node': 'ПТ-3', 'id_parent': 12, 'order_node': '3', 'type_node': 'FORM', 'template_name': 'main', 'included': '1'}, state = False
24-Apr-24 01:58:19.592292 | DEBUG    | MAIN LOGGER                    | IN set_included_for_node(node, state): node = {'id_node': 1203, 'name_node': 'ПТ-3', 'id_parent': 12, 'order_node': '3', 'type_node': 'FORM', 'template_name': 'main', 'included': '1'}, state = False
24-Apr-24 01:58:19.592292 | DEBUG    | MAIN LOGGER                    | get_db_project_dirpath() -> str: C:/Users/hayar/OneDrive/Документы/AutoExecDoc Projects/ваыа\project.db
24-Apr-24 01:58:19.597293 | DEBUG    | MAIN LOGGER                    | IN set_state_included_for_childs(node, state): node = {'id_node': 1203, 'name_node': 'ПТ-3', 'id_parent': 12, 'order_node': '3', 'type_node': 'FORM', 'template_name': 'main', 'included': '1'}, state = True
24-Apr-24 01:58:19.598293 | DEBUG    | MAIN LOGGER                    | IN set_included_for_node(node, state): node = {'id_node': 1203, 'name_node': 'ПТ-3', 'id_parent': 12, 'order_node': '3', 'type_node': 'FORM', 'template_name': 'main', 'included': '1'}, state = True
24-Apr-24 01:58:19.599293 | DEBUG    | MAIN LOGGER                    | get_db_project_dirpath() -> str: C:/Users/hayar/OneDrive/Документы/AutoExecDoc Projects/ваыа\project.db
24-Apr-24 01:58:19.604293 | DEBUG    | MAIN LOGGER                    | IN dfs(parent_node): parent_node = {'id_node': 1203, 'name_node': 'ПТ-3', 'id_parent': 12, 'order_node': '3', 'type_node': 'FORM', 'template_name': 'main', 'included': '1'}
24-Apr-24 01:58:19.604293 | DEBUG    | MAIN LOGGER                    | IN get_childs(parent_node) -> list: parent_node = {'id_node': 1203, 'name_node': 'ПТ-3', 'id_parent': 12, 'order_node': '3', 'type_node': 'FORM', 'template_name': 'main', 'included': '1'}
24-Apr-24 01:58:19.605240 | DEBUG    | MAIN LOGGER                    | get_db_project_dirpath() -> str: C:/Users/hayar/OneDrive/Документы/AutoExecDoc Projects/ваыа\project.db
24-Apr-24 01:58:19.607243 | DEBUG    | MAIN LOGGER                    | set_new_dirpaths_for_project()                                                  
24-Apr-24 01:58:19.607243 | DEBUG    | MAIN LOGGER                    | get_project_dirpath() -> str: C:/Users/hayar/OneDrive/Документы/AutoExecDoc Projects/ваыа
24-Apr-24 01:58:19.608244 | DEBUG    | MAIN LOGGER                    | get_project_dirpath() -> str: C:/Users/hayar/OneDrive/Документы/AutoExecDoc Projects/ваыа
24-Apr-24 01:58:19.609245 | DEBUG    | MAIN LOGGER                    | get_project_dirpath() -> str: C:/Users/hayar/OneDrive/Документы/AutoExecDoc Projects/ваыа
24-Apr-24 01:58:19.609245 | DEBUG    | MAIN LOGGER                    | IN add_forms_folders_to_new_project()                                           
24-Apr-24 01:58:19.610245 | DEBUG    | MAIN LOGGER                    | get_forms_folder_dirpath() -> str: C:/Users/hayar/OneDrive/Документы/AutoExecDoc Projects/ваыа\forms
24-Apr-24 01:58:19.611347 | DEBUG    | MAIN LOGGER                    | get_image_folder_dirpath() -> str: C:/Users/hayar/OneDrive/Документы/AutoExecDoc Projects/ваыа\images
24-Apr-24 01:58:19.612245 | DEBUG    | MAIN LOGGER                    | get_pdfs_folder_dirpath() -> str: C:/Users/hayar/OneDrive/Документы/AutoExecDoc Projects/ваыа\pdfs
24-Apr-24 01:58:19.612245 | DEBUG    | MAIN LOGGER                    | get_temp_dirpath() -> str:                                                      
24-Apr-24 01:58:19.613246 | DEBUG    | MAIN LOGGER                    | IN set_true_actives_project()                                                   
24-Apr-24 01:58:19.613246 | DEBUG    | MAIN LOGGER                    | set_message_for_statusbar(Проект c именем ваыа открыт.)                         
24-Apr-24 01:58:20.337047 | DEBUG    | MAIN LOGGER                    | IN update_pages_template(node) : node = {'id_node': 11, 'name_node': 'Реестр документации', 'id_parent': 0, 'order_node': '2', 'type_node': 'FORM', 'template_name': 'main', 'included': '1'}
24-Apr-24 01:58:20.337047 | DEBUG    | MAIN LOGGER                    | IN get_pages_by_node(node) -> list: node = {'id_node': 11, 'name_node': 'Реестр документации', 'id_parent': 0, 'order_node': '2', 'type_node': 'FORM', 'template_name': 'main', 'included': '1'}
24-Apr-24 01:58:20.338662 | DEBUG    | MAIN LOGGER                    | get_db_project_dirpath() -> str: C:/Users/hayar/OneDrive/Документы/AutoExecDoc Projects/ваыа\project.db
24-Apr-24 01:58:21.765809 | DEBUG    | MAIN LOGGER                    | IN item_page_updated(current): current = <package.controllers.pagestemplate.MyListWidgetItem object at 0x000001C0FCF52F80>
24-Apr-24 01:58:21.766797 | DEBUG    | MAIN LOGGER                    | IN add_page_for_datas(page): page = {'id_page': 20, 'id_node_parent': 11, 'page_name': 'Л.1. Реестр исполнительной документации ВОЛС.', 'template_name': '2-РД-1', 'page_order': 1, 'included': None}
24-Apr-24 01:58:21.767791 | DEBUG    | MAIN LOGGER                    | IN get_page_data(page) -> list: page = {'id_page': 20, 'id_node_parent': 11, 'page_name': 'Л.1. Реестр исполнительной документации ВОЛС.', 'template_name': '2-РД-1', 'page_order': 1, 'included': None}
24-Apr-24 01:58:21.768797 | DEBUG    | MAIN LOGGER                    | get_db_project_dirpath() -> str: C:/Users/hayar/OneDrive/Документы/AutoExecDoc Projects/ваыа\project.db
24-Apr-24 01:58:21.770566 | DEBUG    | MAIN LOGGER                    | IN add_nodes_for_datas()                                                        
24-Apr-24 01:58:21.770566 | DEBUG    | MAIN LOGGER                    | IN get_node_parent_from_pages(page) -> object: page = {'id_page': 20, 'id_node_parent': 11, 'page_name': 'Л.1. Реестр исполнительной документации ВОЛС.', 'template_name': '2-РД-1', 'page_order': 1, 'included': None}
24-Apr-24 01:58:21.771669 | DEBUG    | MAIN LOGGER                    | get_db_project_dirpath() -> str: C:/Users/hayar/OneDrive/Документы/AutoExecDoc Projects/ваыа\project.db
24-Apr-24 01:58:21.772572 | DEBUG    | MAIN LOGGER                    | IN add_node_for_datas(node): node = {'id_node': 11, 'name_node': 'Реестр документации', 'id_parent': 0, 'order_node': '2', 'type_node': 'FORM', 'template_name': 'main', 'included': '1'}
24-Apr-24 01:58:21.773579 | DEBUG    | MAIN LOGGER                    | IN get_node_data(node) -> list: node = {'id_node': 11, 'name_node': 'Реестр документации', 'id_parent': 0, 'order_node': '2', 'type_node': 'FORM', 'template_name': 'main', 'included': '1'}
24-Apr-24 01:58:21.774572 | DEBUG    | MAIN LOGGER                    | get_db_project_dirpath() -> str: C:/Users/hayar/OneDrive/Документы/AutoExecDoc Projects/ваыа\project.db
24-Apr-24 01:58:21.775572 | DEBUG    | MAIN LOGGER                    | IN get_node_parent(node) -> object: node = {'id_node': 11, 'name_node': 'Реестр документации', 'id_parent': 0, 'order_node': '2', 'type_node': 'FORM', 'template_name': 'main', 'included': '1'}
24-Apr-24 01:58:21.776571 | DEBUG    | MAIN LOGGER                    | get_db_project_dirpath() -> str: C:/Users/hayar/OneDrive/Документы/AutoExecDoc Projects/ваыа\project.db
24-Apr-24 01:58:21.777573 | DEBUG    | MAIN LOGGER                    | IN add_node_for_datas(node): node = {'id_node': 0, 'name_node': 'Проект', 'id_parent': None, 'order_node': '0', 'type_node': 'PROJECT', 'template_name': None, 'included': None}
24-Apr-24 01:58:21.777573 | DEBUG    | MAIN LOGGER                    | IN get_node_data(node) -> list: node = {'id_node': 0, 'name_node': 'Проект', 'id_parent': None, 'order_node': '0', 'type_node': 'PROJECT', 'template_name': None, 'included': None}
24-Apr-24 01:58:21.778573 | DEBUG    | MAIN LOGGER                    | get_db_project_dirpath() -> str: C:/Users/hayar/OneDrive/Документы/AutoExecDoc Projects/ваыа\project.db
24-Apr-24 01:58:21.779572 | DEBUG    | MAIN LOGGER                    | IN get_node_parent(node) -> object: node = {'id_node': 0, 'name_node': 'Проект', 'id_parent': None, 'order_node': '0', 'type_node': 'PROJECT', 'template_name': None, 'included': None}
24-Apr-24 01:58:21.780572 | DEBUG    | MAIN LOGGER                    | get_db_project_dirpath() -> str: C:/Users/hayar/OneDrive/Документы/AutoExecDoc Projects/ваыа\project.db
24-Apr-24 01:58:21.781572 | DEBUG    | MAIN LOGGER                    | IN update_scrollarea()                                                          
24-Apr-24 01:58:21.782573 | DEBUG    | MAIN LOGGER                    | IN delete_all_widgets_in_sa()                                                   
24-Apr-24 01:58:21.782573 | DEBUG    | MAIN LOGGER                    | IN add_page_for_datas(page): page = {'id_page': 20, 'id_node_parent': 11, 'page_name': 'Л.1. Реестр исполнительной документации ВОЛС.', 'template_name': '2-РД-1', 'page_order': 1, 'included': None}
24-Apr-24 01:58:21.783575 | DEBUG    | MAIN LOGGER                    | IN get_page_data(page) -> list: page = {'id_page': 20, 'id_node_parent': 11, 'page_name': 'Л.1. Реестр исполнительной документации ВОЛС.', 'template_name': '2-РД-1', 'page_order': 1, 'included': None}
24-Apr-24 01:58:21.784575 | DEBUG    | MAIN LOGGER                    | get_db_project_dirpath() -> str: C:/Users/hayar/OneDrive/Документы/AutoExecDoc Projects/ваыа\project.db
24-Apr-24 01:58:21.785573 | DEBUG    | MAIN LOGGER                    | IN add_nodes_for_datas()                                                        
24-Apr-24 01:58:21.785573 | DEBUG    | MAIN LOGGER                    | IN get_node_parent_from_pages(page) -> object: page = {'id_page': 20, 'id_node_parent': 11, 'page_name': 'Л.1. Реестр исполнительной документации ВОЛС.', 'template_name': '2-РД-1', 'page_order': 1, 'included': None}
24-Apr-24 01:58:21.786573 | DEBUG    | MAIN LOGGER                    | get_db_project_dirpath() -> str: C:/Users/hayar/OneDrive/Документы/AutoExecDoc Projects/ваыа\project.db
24-Apr-24 01:58:21.787574 | DEBUG    | MAIN LOGGER                    | IN add_node_for_datas(node): node = {'id_node': 11, 'name_node': 'Реестр документации', 'id_parent': 0, 'order_node': '2', 'type_node': 'FORM', 'template_name': 'main', 'included': '1'}
24-Apr-24 01:58:21.788575 | DEBUG    | MAIN LOGGER                    | IN get_node_data(node) -> list: node = {'id_node': 11, 'name_node': 'Реестр документации', 'id_parent': 0, 'order_node': '2', 'type_node': 'FORM', 'template_name': 'main', 'included': '1'}
24-Apr-24 01:58:21.789576 | DEBUG    | MAIN LOGGER                    | get_db_project_dirpath() -> str: C:/Users/hayar/OneDrive/Документы/AutoExecDoc Projects/ваыа\project.db
24-Apr-24 01:58:21.790575 | DEBUG    | MAIN LOGGER                    | IN get_node_parent(node) -> object: node = {'id_node': 11, 'name_node': 'Реестр документации', 'id_parent': 0, 'order_node': '2', 'type_node': 'FORM', 'template_name': 'main', 'included': '1'}
24-Apr-24 01:58:21.791575 | DEBUG    | MAIN LOGGER                    | get_db_project_dirpath() -> str: C:/Users/hayar/OneDrive/Документы/AutoExecDoc Projects/ваыа\project.db
24-Apr-24 01:58:21.792575 | DEBUG    | MAIN LOGGER                    | IN add_node_for_datas(node): node = {'id_node': 0, 'name_node': 'Проект', 'id_parent': None, 'order_node': '0', 'type_node': 'PROJECT', 'template_name': None, 'included': None}
24-Apr-24 01:58:21.793576 | DEBUG    | MAIN LOGGER                    | IN get_node_data(node) -> list: node = {'id_node': 0, 'name_node': 'Проект', 'id_parent': None, 'order_node': '0', 'type_node': 'PROJECT', 'template_name': None, 'included': None}
24-Apr-24 01:58:21.793576 | DEBUG    | MAIN LOGGER                    | get_db_project_dirpath() -> str: C:/Users/hayar/OneDrive/Документы/AutoExecDoc Projects/ваыа\project.db
24-Apr-24 01:58:21.794575 | DEBUG    | MAIN LOGGER                    | IN get_node_parent(node) -> object: node = {'id_node': 0, 'name_node': 'Проект', 'id_parent': None, 'order_node': '0', 'type_node': 'PROJECT', 'template_name': None, 'included': None}
24-Apr-24 01:58:21.795578 | DEBUG    | MAIN LOGGER                    | get_db_project_dirpath() -> str: C:/Users/hayar/OneDrive/Документы/AutoExecDoc Projects/ваыа\project.db
24-Apr-24 01:58:21.796576 | DEBUG    | MAIN LOGGER                    | IN add_sections_in_sa()                                                         
24-Apr-24 01:58:21.800576 | DEBUG    | MAIN LOGGER                    | IN get_config_content(id_content) -> list: id_content = 1200                    
24-Apr-24 01:58:21.801579 | DEBUG    | MAIN LOGGER                    | get_db_project_dirpath() -> str: C:/Users/hayar/OneDrive/Документы/AutoExecDoc Projects/ваыа\project.db
24-Apr-24 01:58:21.802992 | DEBUG    | MAIN LOGGER                    | IN get_config_table(id_content) -> list: id_content = 1200                      
24-Apr-24 01:58:21.803508 | DEBUG    | MAIN LOGGER                    | get_db_project_dirpath() -> str: C:/Users/hayar/OneDrive/Документы/AutoExecDoc Projects/ваыа\project.db
24-Apr-24 01:58:21.806500 | DEBUG    | MAIN LOGGER                    | create_table_from_value(self, json_data): data = [["1\u0444", "1\u043d", "f", "1\u043d", "\u043f\u043f\u043f\u043f\u043f\u043f"], ["2\u0444", "", "dsf", "sf", "\u043f\u043f\u043f\u043f"], ["3\u0444", "2\u043d", "f", "sd", "\u043f\u043f"]]
24-Apr-24 01:58:21.809504 | DEBUG    | MAIN LOGGER                    | IN get_config_content(id_content) -> list: id_content = 1201                    
24-Apr-24 01:58:21.809504 | DEBUG    | MAIN LOGGER                    | get_db_project_dirpath() -> str: C:/Users/hayar/OneDrive/Документы/AutoExecDoc Projects/ваыа\project.db
24-Apr-24 01:58:21.810503 | DEBUG    | MAIN LOGGER                    | IN get_config_table(id_content) -> list: id_content = 1201                      
24-Apr-24 01:58:21.811504 | DEBUG    | MAIN LOGGER                    | get_db_project_dirpath() -> str: C:/Users/hayar/OneDrive/Документы/AutoExecDoc Projects/ваыа\project.db
24-Apr-24 01:58:21.814502 | DEBUG    | MAIN LOGGER                    | create_table_from_value(self, json_data): data = None                           
24-Apr-24 01:58:21.816505 | DEBUG    | MAIN LOGGER                    | IN get_config_content(id_content) -> list: id_content = 1202                    
24-Apr-24 01:58:21.817504 | DEBUG    | MAIN LOGGER                    | get_db_project_dirpath() -> str: C:/Users/hayar/OneDrive/Документы/AutoExecDoc Projects/ваыа\project.db
24-Apr-24 01:58:21.818505 | DEBUG    | MAIN LOGGER                    | IN get_config_table(id_content) -> list: id_content = 1202                      
24-Apr-24 01:58:21.818505 | DEBUG    | MAIN LOGGER                    | get_db_project_dirpath() -> str: C:/Users/hayar/OneDrive/Документы/AutoExecDoc Projects/ваыа\project.db
24-Apr-24 01:58:21.823509 | DEBUG    | MAIN LOGGER                    | create_table_from_value(self, json_data): data = None                           
24-Apr-24 01:58:21.834507 | DEBUG    | MAIN LOGGER                    | IN get_config_content(id_content) -> list: id_content = 1003                    
24-Apr-24 01:58:21.835510 | DEBUG    | MAIN LOGGER                    | get_db_project_dirpath() -> str: C:/Users/hayar/OneDrive/Документы/AutoExecDoc Projects/ваыа\project.db
24-Apr-24 01:58:21.836511 | DEBUG    | MAIN LOGGER                    | FormText(self, pair, config_content): pair = {'id_pair': 100, 'id_node': 0, 'id_content': 1003, 'name_content': 'название_объекта', 'value': 'Рощино'}, config_content = {'id_content': 1003, 'name_content': 'название_объекта', 'type_content': 'TEXT', 'title_content': 'Название объекта', 'description_content': None, 'enable': None}
24-Apr-24 01:58:21.838508 | DEBUG    | MAIN LOGGER                    | IN get_config_content(id_content) -> list: id_content = 1004                    
24-Apr-24 01:58:21.839510 | DEBUG    | MAIN LOGGER                    | get_db_project_dirpath() -> str: C:/Users/hayar/OneDrive/Документы/AutoExecDoc Projects/ваыа\project.db
24-Apr-24 01:58:21.840511 | DEBUG    | MAIN LOGGER                    | FormText(self, pair, config_content): pair = {'id_pair': 101, 'id_node': 0, 'id_content': 1004, 'name_content': 'участок', 'value': 'Приозерск'}, config_content = {'id_content': 1004, 'name_content': 'участок', 'type_content': 'TEXT', 'title_content': 'Участок', 'description_content': None, 'enable': None}
24-Apr-24 01:58:21.843512 | DEBUG    | MAIN LOGGER                    | IN get_config_content(id_content) -> list: id_content = 1001                    
24-Apr-24 01:58:21.843512 | DEBUG    | MAIN LOGGER                    | get_db_project_dirpath() -> str: C:/Users/hayar/OneDrive/Документы/AutoExecDoc Projects/ваыа\project.db
24-Apr-24 01:58:21.844513 | DEBUG    | MAIN LOGGER                    | FormText(self, pair, config_content): pair = {'id_pair': 102, 'id_node': 0, 'id_content': 1001, 'name_content': 'название_компании', 'value': 'Лампа'}, config_content = {'id_content': 1001, 'name_content': 'название_компании', 'type_content': 'TEXT', 'title_content': 'Название компании', 'description_content': None, 'enable': None}
24-Apr-24 01:58:21.849069 | DEBUG    | MAIN LOGGER                    | IN open_pdf_file_for_page(page): page = {'id_page': 20, 'id_node_parent': 11, 'page_name': 'Л.1. Реестр исполнительной документации ВОЛС.', 'template_name': '2-РД-1', 'page_order': 1, 'included': None}
24-Apr-24 01:58:21.850059 | DEBUG    | MAIN LOGGER                    | get_pdfs_folder_dirpath() -> str: C:/Users/hayar/OneDrive/Документы/AutoExecDoc Projects/ваыа\pdfs
24-Apr-24 01:58:21.851057 | DEBUG    | MAIN LOGGER                    | IN create_page_pdf(page): page = {'id_page': 20, 'id_node_parent': 11, 'page_name': 'Л.1. Реестр исполнительной документации ВОЛС.', 'template_name': '2-РД-1', 'page_order': 1, 'included': None}
24-Apr-24 01:58:21.851057 | DEBUG    | MAIN LOGGER                    | IN create_docx_page(page): page = {'id_page': 20, 'id_node_parent': 11, 'page_name': 'Л.1. Реестр исполнительной документации ВОЛС.', 'template_name': '2-РД-1', 'page_order': 1, 'included': None}
24-Apr-24 01:58:21.852057 | DEBUG    | MAIN LOGGER                    | get_forms_folder_dirpath() -> str: C:/Users/hayar/OneDrive/Документы/AutoExecDoc Projects/ваыа\forms
24-Apr-24 01:58:21.852057 | DEBUG    | MAIN LOGGER                    | get_temp_dirpath() -> str:                                                      
24-Apr-24 01:58:21.853058 | DEBUG    | MAIN LOGGER                    | IN get_config_content(id_content) -> list: id_content = 1200                    
24-Apr-24 01:58:21.853058 | DEBUG    | MAIN LOGGER                    | get_db_project_dirpath() -> str: C:/Users/hayar/OneDrive/Документы/AutoExecDoc Projects/ваыа\project.db
24-Apr-24 01:58:21.854060 | DEBUG    | MAIN LOGGER                    | IN get_config_table(id_content) -> list: id_content = 1200                      
24-Apr-24 01:58:21.855058 | DEBUG    | MAIN LOGGER                    | get_db_project_dirpath() -> str: C:/Users/hayar/OneDrive/Документы/AutoExecDoc Projects/ваыа\project.db
24-Apr-24 01:58:21.856058 | DEBUG    | MAIN LOGGER                    | IN get_config_content(id_content) -> list: id_content = 1201                    
24-Apr-24 01:58:21.856058 | DEBUG    | MAIN LOGGER                    | get_db_project_dirpath() -> str: C:/Users/hayar/OneDrive/Документы/AutoExecDoc Projects/ваыа\project.db
24-Apr-24 01:58:21.858059 | DEBUG    | MAIN LOGGER                    | IN get_config_table(id_content) -> list: id_content = 1201                      
24-Apr-24 01:58:21.858059 | DEBUG    | MAIN LOGGER                    | get_db_project_dirpath() -> str: C:/Users/hayar/OneDrive/Документы/AutoExecDoc Projects/ваыа\project.db
24-Apr-24 01:58:21.860064 | DEBUG    | MAIN LOGGER                    | IN get_config_content(id_content) -> list: id_content = 1202                    
24-Apr-24 01:58:21.860064 | DEBUG    | MAIN LOGGER                    | get_db_project_dirpath() -> str: C:/Users/hayar/OneDrive/Документы/AutoExecDoc Projects/ваыа\project.db
24-Apr-24 01:58:21.861140 | DEBUG    | MAIN LOGGER                    | IN get_config_table(id_content) -> list: id_content = 1202                      
24-Apr-24 01:58:21.861140 | DEBUG    | MAIN LOGGER                    | get_db_project_dirpath() -> str: C:/Users/hayar/OneDrive/Документы/AutoExecDoc Projects/ваыа\project.db
24-Apr-24 01:58:21.862060 | DEBUG    | MAIN LOGGER                    | IN get_config_content(id_content) -> list: id_content = 1003                    
24-Apr-24 01:58:21.863062 | DEBUG    | MAIN LOGGER                    | get_db_project_dirpath() -> str: C:/Users/hayar/OneDrive/Документы/AutoExecDoc Projects/ваыа\project.db
24-Apr-24 01:58:21.864062 | DEBUG    | MAIN LOGGER                    | IN get_config_content(id_content) -> list: id_content = 1004                    
24-Apr-24 01:58:21.865062 | DEBUG    | MAIN LOGGER                    | get_db_project_dirpath() -> str: C:/Users/hayar/OneDrive/Документы/AutoExecDoc Projects/ваыа\project.db
24-Apr-24 01:58:21.866061 | DEBUG    | MAIN LOGGER                    | IN get_config_content(id_content) -> list: id_content = 1001                    
24-Apr-24 01:58:21.866061 | DEBUG    | MAIN LOGGER                    | get_db_project_dirpath() -> str: C:/Users/hayar/OneDrive/Документы/AutoExecDoc Projects/ваыа\project.db
24-Apr-24 01:58:21.934253 | DEBUG    | MAIN LOGGER                    | IN create_pdf_from_docx_page(page): page = {'id_page': 20, 'id_node_parent': 11, 'page_name': 'Л.1. Реестр исполнительной документации ВОЛС.', 'template_name': '2-РД-1', 'page_order': 1, 'included': None}
24-Apr-24 01:58:21.935252 | DEBUG    | MAIN LOGGER                    | IN load_pdf_for_view(file_path): file_path = C:\Users\hayar\OneDrive\Документы\AutoExecDoc Projects\ваыа\pdfs\2-РД-1.pdf
24-Apr-24 02:04:05.357791 | DEBUG    | MAIN LOGGER                    | IN closeEvent(self, event): event = <PySide6.QtCore.QEvent(QEvent::Close)>      
24-Apr-24 02:04:05.358792 | DEBUG    | MAIN LOGGER                    | get_temp_dirpath() -> str:                                                      
24-Apr-24 02:04:05.359793 | DEBUG    | MAIN LOGGER                    | IN clear_temp_folder(is_del_folder): is_del_folder = True, temp_dirpath = C:\Users\hayar\AppData\Local\Temp\tmpcl6ciewk
24-Apr-24 02:04:05.360793 | DEBUG    | MAIN LOGGER                    | get_temp_dirpath() -> str:                                                      
