2024-08-23 04:33:02,501 - DEBUG - [34m Config logger[00m
2024-08-23 04:33:02,501 - DEBUG - [34m self.current_directory = d:\work\project\AutoExecDoc[00m
2024-08-23 04:33:02,501 - DEBUG - [34m FileFolderManager create_and_setting_files_and_folders()[00m
2024-08-23 04:33:02,501 - DEBUG - [34m DirPathManager get_default_folder_projects_dirpath() -> str: C:/Users/hayar/Documents\AutoExecDoc Projects[00m
2024-08-23 04:33:02,507 - DEBUG - [34m SettingsDatabase create_and_setting_db_settings()[00m
2024-08-23 04:33:02,507 - DEBUG - [34m DirPathManager get_db_settings_dirpath() -> str: d:\work\project\AutoExecDoc\db\settings.db[00m
2024-08-23 04:33:02,507 - DEBUG - [34m OfficePackets resetting_office_packets()[00m
2024-08-23 04:33:02,507 - DEBUG - [34m MsWordThread __init__()[00m
2024-08-23 04:33:02,507 - DEBUG - [34m OfficePackets run_libreoffice()[00m
2024-08-23 04:33:02,507 - DEBUG - [34m SettingsDatabase get_conn() -> object[00m
2024-08-23 04:33:02,507 - DEBUG - [34m MsWordThread initialize_msword()[00m
2024-08-23 04:33:02,507 - DEBUG - [34m DirPathManager get_db_settings_dirpath() -> str: d:\work\project\AutoExecDoc\db\settings.db[00m
2024-08-23 04:33:02,507 - DEBUG - [34m SettingsDatabase get_fetchone(cursor, conn) -> list[00m
2024-08-23 04:33:02,507 - DEBUG - [34m SettingsDatabase get_libreoffice_path():
result = {'value_setting': 'C:\\Program Files\\LibreOffice\\program\\soffice.exe'}[00m
2024-08-23 04:33:02,877 - DEBUG - [34m MainWindow config()[00m
2024-08-23 04:33:02,877 - DEBUG - [34m MainWindow update_menu_recent_projects()[00m
2024-08-23 04:33:02,878 - DEBUG - [34m SettingsDatabase get_conn() -> object[00m
2024-08-23 04:33:02,878 - DEBUG - [34m DirPathManager get_db_settings_dirpath() -> str: d:\work\project\AutoExecDoc\db\settings.db[00m
2024-08-23 04:33:02,878 - DEBUG - [34m SettingsDatabase get_fetchall(cursor, conn) -> list[00m
2024-08-23 04:33:02,879 - DEBUG - [34m SettingsDatabase get_last_projects():
result = [{'id_project': 7, 'name_project': 'Алло', 'directory_project': 'C:/Users/hayar/Documents/AutoExecDoc Projects/Алло', 'date_create_project': '2024-08-22 21:47:31', 'date_last_open_project': '2024-08-23 04:14:43'}, {'id_project': 6, 'name_project': 'Привт', 'directory_project': 'C:/Users/hayar/Documents/AutoExecDoc Projects/Привт', 'date_create_project': '2024-08-22 03:00:26', 'date_last_open_project': '2024-08-22 21:35:49'}, {'id_project': 4, 'name_project': 'бРА', 'directory_project': 'C:/Users/hayar/Documents/AutoExecDoc Projects/бРА', 'date_create_project': '2024-08-22 00:30:47', 'date_last_open_project': '2024-08-22 03:53:58'}, {'id_project': 5, 'name_project': 'Привет Мир', 'directory_project': 'C:/Users/hayar/Documents/AutoExecDoc Projects/Привет Мир', 'date_create_project': '2024-08-22 02:56:32', 'date_last_open_project': '2024-08-22 02:58:23'}, {'id_project': 3, 'name_project': 'яяя', 'directory_project': 'C:/Users/hayar/Documents/AutoExecDoc Projects/яяя', 'date_create_project': '2024-08-21 23:22:25', 'date_last_open_project': '2024-08-22 00:29:12'}][00m
2024-08-23 04:33:02,880 - DEBUG - [34m MainWindow config_controllers()[00m
2024-08-23 04:33:02,880 - DEBUG - [34m StatusBar connect_statusbar(statusbar)[00m
2024-08-23 04:33:02,880 - DEBUG - [34m Icons get_icons(size):
size = 16[00m
2024-08-23 04:33:02,883 - DEBUG - [34m StatusBar config_statusbar()[00m
2024-08-23 04:33:02,883 - DEBUG - [34m StatusBar config_msword()[00m
2024-08-23 04:33:02,883 - DEBUG - [34m StatusBar get_red_circle() -> QLabel:
label = <PySide6.QtWidgets.QLabel(0x1b35297cb10) at 0x000001B353B2C880>[00m
2024-08-23 04:33:02,883 - DEBUG - [34m StatusBar get_yellow_circle() -> QLabel:
label = <PySide6.QtWidgets.QLabel(0x1b35297c870) at 0x000001B353B2C980>[00m
2024-08-23 04:33:02,883 - DEBUG - [34m StatusBar get_green_circle() -> QLabel:
label = <PySide6.QtWidgets.QLabel(0x1b35297ce10) at 0x000001B353B2CA00>[00m
2024-08-23 04:33:02,889 - DEBUG - [34m StatusBar config_libreoffice()[00m
2024-08-23 04:33:02,889 - DEBUG - [34m StatusBar get_red_circle() -> QLabel:
label = <PySide6.QtWidgets.QLabel(0x1b352979e70) at 0x000001B353B2CB40>[00m
2024-08-23 04:33:02,890 - DEBUG - [34m StatusBar get_yellow_circle() -> QLabel:
label = <PySide6.QtWidgets.QLabel(0x1b35297a530) at 0x000001B353B2CC80>[00m
2024-08-23 04:33:02,891 - DEBUG - [34m StatusBar get_green_circle() -> QLabel:
label = <PySide6.QtWidgets.QLabel(0x1b35297a110) at 0x000001B353B2CD00>[00m
2024-08-23 04:33:02,894 - DEBUG - [34m StatusBar config_update_statusbar()[00m
2024-08-23 04:33:02,894 - DEBUG - [34m OfficePackets get_status_msword():
self.__status_msword = False[00m
2024-08-23 04:33:02,895 - DEBUG - [34m StatusBar update_status_status_msword_label(status_msword):
status_msword = False[00m
2024-08-23 04:33:02,895 - DEBUG - [34m OfficePackets get_status_libreoffice():
self.__status_libreoffice = False[00m
2024-08-23 04:33:02,896 - DEBUG - [34m StatusBar update_status_libreoffice_label(status_libreoffice):
status_libreoffice = False[00m
2024-08-23 04:33:02,896 - DEBUG - [34m StatusBar set_message(message):
message = Проект не открыт[00m
2024-08-23 04:33:02,897 - DEBUG - [34m SettingsDatabase get_conn() -> object[00m
2024-08-23 04:33:02,897 - DEBUG - [34m DirPathManager get_db_settings_dirpath() -> str: d:\work\project\AutoExecDoc\db\settings.db[00m
2024-08-23 04:33:02,898 - DEBUG - [34m SettingsDatabase get_fetchone(cursor, conn) -> list[00m
2024-08-23 04:33:02,898 - DEBUG - [34m SettingsDatabase get_app_converter():
result = {'value_setting': 'MSWORD'}[00m
2024-08-23 04:33:02,898 - DEBUG - [34m StatusBar update_name_app_converter()[00m
2024-08-23 04:33:02,898 - DEBUG - [34m StatusBar connecting_actions()[00m
2024-08-23 04:33:02,898 - DEBUG - [34m TWStructureExecDoc connect_structureexecdoc(tr_sed)[00m
2024-08-23 04:33:02,898 - DEBUG - [34m Icons get_icons(size):
size = 16[00m
2024-08-23 04:33:02,898 - DEBUG - [34m TWStructureExecDoc clear_tr_sed()[00m
2024-08-23 04:33:02,898 - DEBUG - [34m LWPagesTemplate connect_pages_template(lw_pt):
lw_pt = <PySide6.QtWidgets.QListWidget(0x1b350789200, name="lw_pages_template") at 0x000001B353B17A40>[00m
2024-08-23 04:33:02,898 - DEBUG - [34m Icons get_icons(size):
size = 16[00m
2024-08-23 04:33:02,898 - DEBUG - [34m LWPagesTemplate clear_pt()[00m
2024-08-23 04:33:02,898 - DEBUG - [34m ComboxTemplates connect_combox_templates(combox_templates):
combox_templates = <PySide6.QtWidgets.QComboBox(0x1b35077ea20, name="combox_templates") at 0x000001B353B17940>[00m
2024-08-23 04:33:02,904 - DEBUG - [34m SAInputForms connect_inputforms(sa_if, sa_ifl):
sa_if = <PySide6.QtWidgets.QScrollArea(0x1b35272d450, name="scrollarea_inputforms") at 0x000001B353B17F80>,
sa_ifl = <PySide6.QtWidgets.QWidget(0x1b34efa20e0, name="scrollarea_inputforms_layout") at 0x000001B353B24500>[00m
2024-08-23 04:33:02,904 - DEBUG - [34m PdfView connect_pdfview()[00m
2024-08-23 04:33:02,904 - DEBUG - [34m PdfView config_pdf_view_in_mainwindow()[00m
2024-08-23 04:33:02,904 - DEBUG - [34m MainWindow connecting_actions()[00m
2024-08-23 04:33:02,904 - DEBUG - [34m CommonWithOsmb run()[00m
2024-08-23 04:33:02,904 - DEBUG - [34m Icons get_icons(size):
size = 16[00m
2024-08-23 04:33:02,904 - DEBUG - [34m Icons get_icons(size):
size = 16[00m
2024-08-23 04:33:02,904 - DEBUG - [34m ResizeQt __init__(osbm)[00m
2024-08-23 04:33:02,962 - DEBUG - [34m OfficePackets update_status_msword(status):
status = None[00m
2024-08-23 04:33:02,964 - DEBUG - [34m StatusBar update_status_status_msword_label(status_msword):
status_msword = None[00m
2024-08-23 04:33:03,965 - DEBUG - [34m Project open_project()[00m
2024-08-23 04:33:03,965 - DEBUG - [34m Project check_project_before_new_or_open()[00m
2024-08-23 04:33:03,965 - DEBUG - [34m DirPathManager get_default_folder_projects_dirpath() -> str: C:/Users/hayar/Documents\AutoExecDoc Projects[00m
2024-08-23 04:33:05,202 - DEBUG - [34m OfficePackets update_status_msword(status):
status = True[00m
2024-08-23 04:33:05,202 - DEBUG - [34m StatusBar update_status_status_msword_label(status_msword):
status_msword = True[00m
2024-08-23 04:33:05,244 - DEBUG - [34m DialogWindows select_folder_for_open_project() -> C:/Users/hayar/Documents/AutoExecDoc Projects/Алло/Алло.aed[00m
2024-08-23 04:33:05,244 - DEBUG - [34m Project set_project_dirpaths(folder_path: str):
folder_path = C:/Users/hayar/Documents/AutoExecDoc Projects/Алло[00m
2024-08-23 04:33:05,250 - DEBUG - [34m DirPathManager set_project_dirpath(dirpath: str):
dirpath = C:/Users/hayar/Documents/AutoExecDoc Projects/Алло[00m
2024-08-23 04:33:05,251 - DEBUG - [34m DirPathManager get_project_dirpath() -> str: C:/Users/hayar/Documents/AutoExecDoc Projects/Алло[00m
2024-08-23 04:33:05,251 - DEBUG - [34m DirPathManager set_db_project_dirpath(dirpath: str):
dirpath = C:/Users/hayar/Documents/AutoExecDoc Projects/Алло\project.db[00m
2024-08-23 04:33:05,251 - DEBUG - [34m Project clear_window_before_new_or_open_project()[00m
2024-08-23 04:33:05,251 - DEBUG - [34m TWStructureExecDoc clear_tr_sed()[00m
2024-08-23 04:33:05,251 - DEBUG - [34m LWPagesTemplate clear_pt()[00m
2024-08-23 04:33:05,251 - DEBUG - [34m PdfView set_empty_pdf_view()[00m
2024-08-23 04:33:05,251 - DEBUG - [34m SAInputForms delete_all_widgets_in_sa()[00m
2024-08-23 04:33:05,251 - DEBUG - [34m Project config_open_project()[00m
2024-08-23 04:33:05,251 - DEBUG - [34m DirPathManager get_project_dirpath() -> str: C:/Users/hayar/Documents/AutoExecDoc Projects/Алло[00m
2024-08-23 04:33:05,251 - DEBUG - [34m SettingsDatabase get_conn() -> object[00m
2024-08-23 04:33:05,251 - DEBUG - [34m DirPathManager get_db_settings_dirpath() -> str: d:\work\project\AutoExecDoc\db\settings.db[00m
2024-08-23 04:33:05,251 - DEBUG - [34m SettingsDatabase set_project_current_name(project_name):
project_name = Алло[00m
2024-08-23 04:33:05,251 - DEBUG - [34m SettingsDatabase add_or_update_open_project_to_db()[00m
2024-08-23 04:33:05,251 - DEBUG - [34m SettingsDatabase get_conn() -> object[00m
2024-08-23 04:33:05,251 - DEBUG - [34m DirPathManager get_db_settings_dirpath() -> str: d:\work\project\AutoExecDoc\db\settings.db[00m
2024-08-23 04:33:05,251 - DEBUG - [34m DirPathManager get_project_dirpath() -> str: C:/Users/hayar/Documents/AutoExecDoc Projects/Алло[00m
2024-08-23 04:33:05,251 - DEBUG - [34m DirPathManager get_project_dirpath() -> str: C:/Users/hayar/Documents/AutoExecDoc Projects/Алло[00m
2024-08-23 04:33:05,257 - DEBUG - [34m SettingsDatabase get_fetchone(cursor, conn) -> list[00m
2024-08-23 04:33:05,258 - DEBUG - [34m SettingsDatabase update_project_to_db()[00m
2024-08-23 04:33:05,258 - DEBUG - [34m SettingsDatabase get_conn() -> object[00m
2024-08-23 04:33:05,258 - DEBUG - [34m DirPathManager get_db_settings_dirpath() -> str: d:\work\project\AutoExecDoc\db\settings.db[00m
2024-08-23 04:33:05,259 - DEBUG - [34m DirPathManager get_project_dirpath() -> str: C:/Users/hayar/Documents/AutoExecDoc Projects/Алло[00m
2024-08-23 04:33:05,260 - DEBUG - [34m DirPathManager get_project_dirpath() -> str: C:/Users/hayar/Documents/AutoExecDoc Projects/Алло[00m
2024-08-23 04:33:05,264 - DEBUG - [34m ProjectDatabase create_and_config_db_project()[00m
2024-08-23 04:33:05,264 - DEBUG - [34m DirPathManager get_db_project_dirpath() -> str: C:/Users/hayar/Documents/AutoExecDoc Projects/Алло\project.db[00m
2024-08-23 04:33:05,264 - DEBUG - [34m ProjectDatabase set_all_included_in_db_project_to_true()[00m
2024-08-23 04:33:05,264 - DEBUG - [34m ProjectDatabase get_conn() -> object[00m
2024-08-23 04:33:05,265 - DEBUG - [34m DirPathManager get_db_project_dirpath() -> str: C:/Users/hayar/Documents/AutoExecDoc Projects/Алло\project.db[00m
2024-08-23 04:33:05,267 - DEBUG - [34m MainWindow update_main_window()[00m
2024-08-23 04:33:05,267 - DEBUG - [34m TWStructureExecDoc update_structure_exec_doc()[00m
2024-08-23 04:33:05,267 - DEBUG - [34m TWStructureExecDoc get_current_node()[00m
2024-08-23 04:33:05,269 - DEBUG - [34m TWStructureExecDoc clear_tr_sed()[00m
2024-08-23 04:33:05,269 - DEBUG - [34m SettingsDatabase get_conn() -> object[00m
2024-08-23 04:33:05,269 - DEBUG - [34m DirPathManager get_db_settings_dirpath() -> str: d:\work\project\AutoExecDoc\db\settings.db[00m
2024-08-23 04:33:05,269 - DEBUG - [34m SettingsDatabase get_fetchone(cursor, conn) -> list[00m
2024-08-23 04:33:05,270 - DEBUG - [34m SettingsDatabase get_project_current_name():
result = {'value_setting': 'Алло'}[00m
2024-08-23 04:33:05,270 - DEBUG - [34m ProjectDatabase get_conn() -> object[00m
2024-08-23 04:33:05,270 - DEBUG - [34m DirPathManager get_db_project_dirpath() -> str: C:/Users/hayar/Documents/AutoExecDoc Projects/Алло\project.db[00m
2024-08-23 04:33:05,270 - DEBUG - [34m ProjectDatabase get_fetchone(cursor, conn) -> list[00m
2024-08-23 04:33:05,271 - DEBUG - [34m ProjectDatabase get_project_node() -> object:
result = {'id_node': 0, 'name_node': 'Проект', 'id_parent': None, 'order_node': '0', 'type_node': 'PROJECT', 'id_active_template': None, 'included': 1}[00m
2024-08-23 04:33:05,271 - DEBUG - [34m TWStructureExecDoc dfs(parent_node):
parent_node = {'id_node': 0, 'name_node': 'Проект', 'id_parent': None, 'order_node': '0', 'type_node': 'PROJECT', 'id_active_template': None, 'included': 1}
 open_node = None[00m
2024-08-23 04:33:05,271 - DEBUG - [34m ProjectDatabase get_conn() -> object[00m
2024-08-23 04:33:05,272 - DEBUG - [34m DirPathManager get_db_project_dirpath() -> str: C:/Users/hayar/Documents/AutoExecDoc Projects/Алло\project.db[00m
2024-08-23 04:33:05,273 - DEBUG - [34m ProjectDatabase get_fetchall(cursor, conn) -> list[00m
2024-08-23 04:33:05,273 - DEBUG - [34m ProjectDatabase get_childs(parent_node) -> list: parent_node = {'id_node': 0, 'name_node': 'Проект', 'id_parent': None, 'order_node': '0', 'type_node': 'PROJECT', 'id_active_template': None, 'included': 1}
result = [{'id_node': 3, 'name_node': 'Ранетки', 'id_parent': 0, 'order_node': '0', 'type_node': 'GROUP', 'id_active_template': None, 'included': 1}][00m
2024-08-23 04:33:05,273 - DEBUG - [34m TWStructureExecDoc set_item_in_nodes_to_items(node):
node = {'id_node': 3, 'name_node': 'Ранетки', 'id_parent': 0, 'order_node': '0', 'type_node': 'GROUP', 'id_active_template': None, 'included': 1}[00m
2024-08-23 04:33:05,273 - DEBUG - [34m TWStructureExecDoc add_item_in_tree_widget(node):
node = {'id_node': 3, 'name_node': 'Ранетки', 'id_parent': 0, 'order_node': '0', 'type_node': 'GROUP', 'id_active_template': None, 'included': 1}[00m
2024-08-23 04:33:05,273 - DEBUG - [34m TWStructureExecDoc get_text_by_node(item, node):
item = <PySide6.QtWidgets.QTreeWidgetItem object at 0x000001B353B17700>,
node = {'id_node': 3, 'name_node': 'Ранетки', 'id_parent': 0, 'order_node': '0', 'type_node': 'GROUP', 'id_active_template': None, 'included': 1}[00m
2024-08-23 04:33:05,273 - DEBUG - [34m TWStructureExecDoc set_expanded_for_item(item, node):
item = <PySide6.QtWidgets.QTreeWidgetItem object at 0x000001B353B17700>,
node = {'id_node': 3, 'name_node': 'Ранетки', 'id_parent': 0, 'order_node': '0', 'type_node': 'GROUP', 'id_active_template': None, 'included': 1}[00m
2024-08-23 04:33:05,273 - DEBUG - [34m TWStructureExecDoc dfs(parent_node):
parent_node = {'id_node': 3, 'name_node': 'Ранетки', 'id_parent': 0, 'order_node': '0', 'type_node': 'GROUP', 'id_active_template': None, 'included': 1}
 open_node = None[00m
2024-08-23 04:33:05,273 - DEBUG - [34m ProjectDatabase get_conn() -> object[00m
2024-08-23 04:33:05,273 - DEBUG - [34m DirPathManager get_db_project_dirpath() -> str: C:/Users/hayar/Documents/AutoExecDoc Projects/Алло\project.db[00m
2024-08-23 04:33:05,278 - DEBUG - [34m ProjectDatabase get_fetchall(cursor, conn) -> list[00m
2024-08-23 04:33:05,278 - DEBUG - [34m ProjectDatabase get_childs(parent_node) -> list: parent_node = {'id_node': 3, 'name_node': 'Ранетки', 'id_parent': 0, 'order_node': '0', 'type_node': 'GROUP', 'id_active_template': None, 'included': 1}
result = [{'id_node': 4, 'name_node': 'Раз', 'id_parent': 3, 'order_node': '0', 'type_node': 'FORM', 'id_active_template': 18, 'included': 1}][00m
2024-08-23 04:33:05,279 - DEBUG - [34m TWStructureExecDoc set_item_in_nodes_to_items(node):
node = {'id_node': 4, 'name_node': 'Раз', 'id_parent': 3, 'order_node': '0', 'type_node': 'FORM', 'id_active_template': 18, 'included': 1}[00m
2024-08-23 04:33:05,280 - DEBUG - [34m TWStructureExecDoc add_item_in_tree_widget(node):
node = {'id_node': 4, 'name_node': 'Раз', 'id_parent': 3, 'order_node': '0', 'type_node': 'FORM', 'id_active_template': 18, 'included': 1}[00m
2024-08-23 04:33:05,281 - DEBUG - [34m TWStructureExecDoc get_text_by_node(item, node):
item = <PySide6.QtWidgets.QTreeWidgetItem object at 0x000001B353B0E500>,
node = {'id_node': 4, 'name_node': 'Раз', 'id_parent': 3, 'order_node': '0', 'type_node': 'FORM', 'id_active_template': 18, 'included': 1}[00m
2024-08-23 04:33:05,282 - DEBUG - [34m TWStructureExecDoc set_expanded_for_item(item, node):
item = <PySide6.QtWidgets.QTreeWidgetItem object at 0x000001B353B0E500>,
node = {'id_node': 4, 'name_node': 'Раз', 'id_parent': 3, 'order_node': '0', 'type_node': 'FORM', 'id_active_template': 18, 'included': 1}[00m
2024-08-23 04:33:05,282 - DEBUG - [34m TWStructureExecDoc dfs(parent_node):
parent_node = {'id_node': 4, 'name_node': 'Раз', 'id_parent': 3, 'order_node': '0', 'type_node': 'FORM', 'id_active_template': 18, 'included': 1}
 open_node = None[00m
2024-08-23 04:33:05,282 - DEBUG - [34m ProjectDatabase get_conn() -> object[00m
2024-08-23 04:33:05,282 - DEBUG - [34m DirPathManager get_db_project_dirpath() -> str: C:/Users/hayar/Documents/AutoExecDoc Projects/Алло\project.db[00m
2024-08-23 04:33:05,285 - DEBUG - [34m ProjectDatabase get_fetchall(cursor, conn) -> list[00m
2024-08-23 04:33:05,286 - DEBUG - [34m ProjectDatabase get_childs(parent_node) -> list: parent_node = {'id_node': 4, 'name_node': 'Раз', 'id_parent': 3, 'order_node': '0', 'type_node': 'FORM', 'id_active_template': 18, 'included': 1}
result = [][00m
2024-08-23 04:33:05,288 - DEBUG - [34m TWStructureExecDoc current_item_changed(current):
current = <PySide6.QtWidgets.QTreeWidgetItem object at 0x000001B353B17700>[00m
2024-08-23 04:33:05,288 - DEBUG - [34m ComboxTemplates update_combox_templates(node):
node = {'id_active_template': None, 'id_node': 3, 'id_parent': 0, 'included': 1, 'name_node': 'Ранетки', 'order_node': '0', 'type_node': 'GROUP'}[00m
2024-08-23 04:33:05,288 - DEBUG - [34m ProjectDatabase get_conn() -> object[00m
2024-08-23 04:33:05,288 - DEBUG - [34m DirPathManager get_db_project_dirpath() -> str: C:/Users/hayar/Documents/AutoExecDoc Projects/Алло\project.db[00m
2024-08-23 04:33:05,292 - DEBUG - [34m ProjectDatabase get_fetchall(cursor, conn) -> list[00m
2024-08-23 04:33:05,293 - DEBUG - [34m ProjectDatabase get_templates_by_form(form) -> list: form = {'id_node': 3}
result = [][00m
2024-08-23 04:33:05,294 - DEBUG - [34m ComboxTemplates combox_templates_changed(index):
index = 0[00m
2024-08-23 04:33:05,295 - DEBUG - [34m LWPagesTemplate update_pages_template(template):
template = None[00m
2024-08-23 04:33:05,295 - DEBUG - [34m LWPagesTemplate clear_pt()[00m
2024-08-23 04:33:05,295 - DEBUG - [34m TWStructureExecDoc get_current_node()[00m
2024-08-23 04:33:05,297 - DEBUG - [34m ComboxTemplates update_combox_templates(node):
node = {'id_active_template': None, 'id_node': 3, 'id_parent': 0, 'included': 1, 'name_node': 'Ранетки', 'order_node': '0', 'type_node': 'GROUP'}[00m
2024-08-23 04:33:05,298 - DEBUG - [34m ProjectDatabase get_conn() -> object[00m
2024-08-23 04:33:05,298 - DEBUG - [34m DirPathManager get_db_project_dirpath() -> str: C:/Users/hayar/Documents/AutoExecDoc Projects/Алло\project.db[00m
2024-08-23 04:33:05,298 - DEBUG - [34m ProjectDatabase get_fetchall(cursor, conn) -> list[00m
2024-08-23 04:33:05,298 - DEBUG - [34m ProjectDatabase get_templates_by_form(form) -> list: form = {'id_node': 3}
result = [][00m
2024-08-23 04:33:05,301 - DEBUG - [34m ComboxTemplates combox_templates_changed(index):
index = 0[00m
2024-08-23 04:33:05,301 - DEBUG - [34m LWPagesTemplate update_pages_template(template):
template = None[00m
2024-08-23 04:33:05,302 - DEBUG - [34m LWPagesTemplate clear_pt()[00m
2024-08-23 04:33:05,302 - DEBUG - [34m LWPagesTemplate get_page_by_current_item()[00m
2024-08-23 04:33:05,302 - DEBUG - [34m SAInputForms update_scrollarea()[00m
2024-08-23 04:33:05,303 - DEBUG - [34m SAInputForms delete_all_widgets_in_sa()[00m
2024-08-23 04:33:05,303 - DEBUG - [34m DirPathManager set_new_dirpaths_for_project()[00m
2024-08-23 04:33:05,303 - DEBUG - [34m DirPathManager get_project_dirpath() -> str: C:/Users/hayar/Documents/AutoExecDoc Projects/Алло[00m
2024-08-23 04:33:05,303 - DEBUG - [34m DirPathManager get_project_dirpath() -> str: C:/Users/hayar/Documents/AutoExecDoc Projects/Алло[00m
2024-08-23 04:33:05,303 - DEBUG - [34m DirPathManager get_project_dirpath() -> str: C:/Users/hayar/Documents/AutoExecDoc Projects/Алло[00m
2024-08-23 04:33:05,304 - DEBUG - [34m Project set_true_actives_project()[00m
2024-08-23 04:33:05,304 - DEBUG - [34m StatusBar set_message(message):
message = Проект c именем Алло открыт.[00m
2024-08-23 04:33:05,304 - DEBUG - [34m FileFolderManager create_folders_and_aed_for_project()[00m
2024-08-23 04:33:05,304 - DEBUG - [34m FileFolderManager check_aed_file()[00m
2024-08-23 04:33:05,306 - DEBUG - [34m SettingsDatabase get_conn() -> object[00m
2024-08-23 04:33:05,306 - DEBUG - [34m DirPathManager get_db_settings_dirpath() -> str: d:\work\project\AutoExecDoc\db\settings.db[00m
2024-08-23 04:33:05,307 - DEBUG - [34m SettingsDatabase get_fetchone(cursor, conn) -> list[00m
2024-08-23 04:33:05,307 - DEBUG - [34m SettingsDatabase get_project_current_name():
result = {'value_setting': 'Алло'}[00m
2024-08-23 04:33:05,307 - DEBUG - [34m DirPathManager get_project_dirpath() -> str: C:/Users/hayar/Documents/AutoExecDoc Projects/Алло[00m
2024-08-23 04:33:05,308 - DEBUG - [34m DirPathManager get_forms_folder_dirpath() -> str: C:/Users/hayar/Documents/AutoExecDoc Projects/Алло\forms[00m
2024-08-23 04:33:05,308 - DEBUG - [34m DirPathManager get_image_folder_dirpath() -> str: C:/Users/hayar/Documents/AutoExecDoc Projects/Алло\images[00m
2024-08-23 04:33:05,308 - DEBUG - [34m get_pdfs_folder_dirpath() -> str: C:/Users/hayar/Documents/AutoExecDoc Projects/Алло\pdfs[00m
2024-08-23 04:33:05,309 - DEBUG - [34m DirPathManager get_temp_dirpath() -> str:[00m
2024-08-23 04:33:05,309 - DEBUG - [34m MainWindow update_menu_recent_projects()[00m
2024-08-23 04:33:05,309 - DEBUG - [34m SettingsDatabase get_conn() -> object[00m
2024-08-23 04:33:05,309 - DEBUG - [34m DirPathManager get_db_settings_dirpath() -> str: d:\work\project\AutoExecDoc\db\settings.db[00m
2024-08-23 04:33:05,310 - DEBUG - [34m SettingsDatabase get_fetchall(cursor, conn) -> list[00m
2024-08-23 04:33:05,310 - DEBUG - [34m SettingsDatabase get_last_projects():
result = [{'id_project': 7, 'name_project': 'Алло', 'directory_project': 'C:/Users/hayar/Documents/AutoExecDoc Projects/Алло', 'date_create_project': '2024-08-22 21:47:31', 'date_last_open_project': '2024-08-23 04:33:05'}, {'id_project': 6, 'name_project': 'Привт', 'directory_project': 'C:/Users/hayar/Documents/AutoExecDoc Projects/Привт', 'date_create_project': '2024-08-22 03:00:26', 'date_last_open_project': '2024-08-22 21:35:49'}, {'id_project': 4, 'name_project': 'бРА', 'directory_project': 'C:/Users/hayar/Documents/AutoExecDoc Projects/бРА', 'date_create_project': '2024-08-22 00:30:47', 'date_last_open_project': '2024-08-22 03:53:58'}, {'id_project': 5, 'name_project': 'Привет Мир', 'directory_project': 'C:/Users/hayar/Documents/AutoExecDoc Projects/Привет Мир', 'date_create_project': '2024-08-22 02:56:32', 'date_last_open_project': '2024-08-22 02:58:23'}, {'id_project': 3, 'name_project': 'яяя', 'directory_project': 'C:/Users/hayar/Documents/AutoExecDoc Projects/яяя', 'date_create_project': '2024-08-21 23:22:25', 'date_last_open_project': '2024-08-22 00:29:12'}][00m
2024-08-23 04:33:06,529 - DEBUG - [34m MainWindow edit_templates()[00m
2024-08-23 04:33:06,536 - DEBUG - [34m TemplatesListDialogWindow __init__(osbm)[00m
2024-08-23 04:33:06,546 - DEBUG - [34m Icons get_icons(size):
size = 16[00m
2024-08-23 04:33:06,546 - DEBUG - [34m TemplatesListDialogWindow config_lws()[00m
2024-08-23 04:33:06,547 - DEBUG - [34m TemplatesListDialogWindow reconfig(type_reconfig): type_reconfig = REFORM[00m
2024-08-23 04:33:06,547 - DEBUG - [34m TemplatesListDialogWindow config_forms()[00m
2024-08-23 04:33:06,547 - DEBUG - [34m ProjectDatabase get_conn() -> object[00m
2024-08-23 04:33:06,548 - DEBUG - [34m DirPathManager get_db_project_dirpath() -> str: C:/Users/hayar/Documents/AutoExecDoc Projects/Алло\project.db[00m
2024-08-23 04:33:06,548 - DEBUG - [34m ProjectDatabase get_fetchall(cursor, conn) -> list[00m
2024-08-23 04:33:06,549 - DEBUG - [34m ProjectDatabase get_form_nodes() -> list:
result = [{'id_node': 4, 'name_node': 'Раз', 'id_parent': 3, 'order_node': '0', 'type_node': 'FORM', 'id_active_template': 18, 'included': 1}][00m
2024-08-23 04:33:06,550 - DEBUG - [34m TemplatesListDialogWindow config_templates()[00m
2024-08-23 04:33:06,550 - DEBUG - [34m ProjectDatabase get_conn() -> object[00m
2024-08-23 04:33:06,551 - DEBUG - [34m DirPathManager get_db_project_dirpath() -> str: C:/Users/hayar/Documents/AutoExecDoc Projects/Алло\project.db[00m
2024-08-23 04:33:06,551 - DEBUG - [34m ProjectDatabase get_fetchall(cursor, conn) -> list[00m
2024-08-23 04:33:06,552 - DEBUG - [34m ProjectDatabase get_templates_by_form(form) -> list: form = {'id_active_template': 18, 'id_node': 4, 'id_parent': 3, 'included': 1, 'name_node': 'Раз', 'order_node': '0', 'type_node': 'FORM'}
result = [{'id_template': 16, 'name_template': 'Оригинал', 'id_parent_node': 4}, {'id_template': 18, 'name_template': 'Копия', 'id_parent_node': 4}][00m
2024-08-23 04:33:06,553 - DEBUG - [34m CustomItemQListWidget __init__(osbm, data):
osbm = <package.app.ObjectsManager object at 0x000001B34CCF8850>
type_window = TEMPLATE
data = {'id_template': 16, 'name_template': 'Оригинал', 'id_parent_node': 4}[00m
2024-08-23 04:33:06,560 - DEBUG - [34m TemplatesListDialogWindow config_buttons_for_item(item_widget)
item_widget = <package.components.widgets.customitemqlistwidget.CustomItemQListWidget(0x1b352f001f0, name="CustomItemQListWidget") at 0x000001B356650180>[00m
2024-08-23 04:33:06,561 - DEBUG - [34m CustomItemQListWidget get_btn_edit()[00m
2024-08-23 04:33:06,561 - DEBUG - [34m CustomItemQListWidget get_btn_delete()[00m
2024-08-23 04:33:06,561 - DEBUG - [34m CustomItemQListWidget get_type_window():
self.__type_window = TEMPLATE[00m
2024-08-23 04:33:06,561 - DEBUG - [34m CustomItemQListWidget get_data():
self.__data = {'id_template': 16, 'name_template': 'Оригинал', 'id_parent_node': 4}[00m
2024-08-23 04:33:06,561 - DEBUG - [34m CustomItemQListWidget get_is_active():
self.__is_active = False[00m
2024-08-23 04:33:06,563 - DEBUG - [34m CustomItemQListWidget get_data():
self.__data = {'id_template': 16, 'name_template': 'Оригинал', 'id_parent_node': 4}[00m
2024-08-23 04:33:06,563 - DEBUG - [34m CustomItemQListWidget get_is_active():
self.__is_active = False[00m
2024-08-23 04:33:06,564 - DEBUG - [34m CustomItemQListWidget __init__(osbm, data):
osbm = <package.app.ObjectsManager object at 0x000001B34CCF8850>
type_window = TEMPLATE
data = {'id_template': 18, 'name_template': 'Копия', 'id_parent_node': 4}[00m
2024-08-23 04:33:06,569 - DEBUG - [34m TemplatesListDialogWindow config_buttons_for_item(item_widget)
item_widget = <package.components.widgets.customitemqlistwidget.CustomItemQListWidget(0x1b352effa70, name="CustomItemQListWidget") at 0x000001B356650B80>[00m
2024-08-23 04:33:06,569 - DEBUG - [34m CustomItemQListWidget get_btn_edit()[00m
2024-08-23 04:33:06,570 - DEBUG - [34m CustomItemQListWidget get_btn_delete()[00m
2024-08-23 04:33:06,570 - DEBUG - [34m CustomItemQListWidget get_type_window():
self.__type_window = TEMPLATE[00m
2024-08-23 04:33:06,571 - DEBUG - [34m CustomItemQListWidget get_data():
self.__data = {'id_template': 18, 'name_template': 'Копия', 'id_parent_node': 4}[00m
2024-08-23 04:33:06,571 - DEBUG - [34m CustomItemQListWidget get_is_active():
self.__is_active = True[00m
2024-08-23 04:33:06,572 - DEBUG - [34m CustomItemQListWidget get_data():
self.__data = {'id_template': 18, 'name_template': 'Копия', 'id_parent_node': 4}[00m
2024-08-23 04:33:06,572 - DEBUG - [34m CustomItemQListWidget get_is_active():
self.__is_active = True[00m
2024-08-23 04:33:06,572 - DEBUG - [34m TemplatesListDialogWindow config_pages()[00m
2024-08-23 04:33:06,572 - DEBUG - [34m ProjectDatabase get_conn() -> object[00m
2024-08-23 04:33:06,572 - DEBUG - [34m DirPathManager get_db_project_dirpath() -> str: C:/Users/hayar/Documents/AutoExecDoc Projects/Алло\project.db[00m
2024-08-23 04:33:06,572 - DEBUG - [34m ProjectDatabase get_fetchall(cursor, conn) -> list[00m
2024-08-23 04:33:06,572 - DEBUG - [34m ProjectDatabase get_pages_by_template(template) -> list: template = {'id_parent_node': 4, 'id_template': 16, 'name_template': 'Оригинал'}
result = [{'id_page': 1, 'id_parent_template': 16, 'name_page': 'Докс', 'filename_page': 'DOCX_2024-08-23_01-03-14', 'typefile_page': 'DOCX', 'order_page': 0, 'included': 1}, {'id_page': 2, 'id_parent_template': 16, 'name_page': 'Пдфка', 'filename_page': 'PDF_2024-08-23_01-03-36', 'typefile_page': 'PDF', 'order_page': 1, 'included': 1}][00m
2024-08-23 04:33:06,572 - DEBUG - [34m CustomItemQListWidget __init__(osbm, data):
osbm = <package.app.ObjectsManager object at 0x000001B34CCF8850>
type_window = PAGE
data = {'id_page': 1, 'id_parent_template': 16, 'name_page': 'Докс', 'filename_page': 'DOCX_2024-08-23_01-03-14', 'typefile_page': 'DOCX', 'order_page': 0, 'included': 1}[00m
2024-08-23 04:33:06,580 - DEBUG - [34m TemplatesListDialogWindow config_buttons_for_item(item_widget)
item_widget = <package.components.widgets.customitemqlistwidget.CustomItemQListWidget(0x1b35cb7d7b0, name="CustomItemQListWidget") at 0x000001B3566469C0>[00m
2024-08-23 04:33:06,581 - DEBUG - [34m CustomItemQListWidget get_btn_edit()[00m
2024-08-23 04:33:06,581 - DEBUG - [34m CustomItemQListWidget get_btn_delete()[00m
2024-08-23 04:33:06,581 - DEBUG - [34m CustomItemQListWidget get_type_window():
self.__type_window = PAGE[00m
2024-08-23 04:33:06,581 - DEBUG - [34m CustomItemQListWidget get_data():
self.__data = {'id_page': 1, 'id_parent_template': 16, 'name_page': 'Докс', 'filename_page': 'DOCX_2024-08-23_01-03-14', 'typefile_page': 'DOCX', 'order_page': 0, 'included': 1}[00m
2024-08-23 04:33:06,581 - DEBUG - [34m CustomItemQListWidget get_is_active():
self.__is_active = False[00m
2024-08-23 04:33:06,583 - DEBUG - [34m CustomItemQListWidget get_data():
self.__data = {'id_page': 1, 'id_parent_template': 16, 'name_page': 'Докс', 'filename_page': 'DOCX_2024-08-23_01-03-14', 'typefile_page': 'DOCX', 'order_page': 0, 'included': 1}[00m
2024-08-23 04:33:06,583 - DEBUG - [34m CustomItemQListWidget get_is_active():
self.__is_active = False[00m
2024-08-23 04:33:06,583 - DEBUG - [34m CustomItemQListWidget __init__(osbm, data):
osbm = <package.app.ObjectsManager object at 0x000001B34CCF8850>
type_window = PAGE
data = {'id_page': 2, 'id_parent_template': 16, 'name_page': 'Пдфка', 'filename_page': 'PDF_2024-08-23_01-03-36', 'typefile_page': 'PDF', 'order_page': 1, 'included': 1}[00m
2024-08-23 04:33:06,588 - DEBUG - [34m TemplatesListDialogWindow config_buttons_for_item(item_widget)
item_widget = <package.components.widgets.customitemqlistwidget.CustomItemQListWidget(0x1b35cd523d0, name="CustomItemQListWidget") at 0x000001B35B136E00>[00m
2024-08-23 04:33:06,588 - DEBUG - [34m CustomItemQListWidget get_btn_edit()[00m
2024-08-23 04:33:06,588 - DEBUG - [34m CustomItemQListWidget get_btn_delete()[00m
2024-08-23 04:33:06,588 - DEBUG - [34m CustomItemQListWidget get_type_window():
self.__type_window = PAGE[00m
2024-08-23 04:33:06,588 - DEBUG - [34m CustomItemQListWidget get_data():
self.__data = {'id_page': 2, 'id_parent_template': 16, 'name_page': 'Пдфка', 'filename_page': 'PDF_2024-08-23_01-03-36', 'typefile_page': 'PDF', 'order_page': 1, 'included': 1}[00m
2024-08-23 04:33:06,588 - DEBUG - [34m CustomItemQListWidget get_is_active():
self.__is_active = False[00m
2024-08-23 04:33:06,588 - DEBUG - [34m CustomItemQListWidget get_data():
self.__data = {'id_page': 2, 'id_parent_template': 16, 'name_page': 'Пдфка', 'filename_page': 'PDF_2024-08-23_01-03-36', 'typefile_page': 'PDF', 'order_page': 1, 'included': 1}[00m
2024-08-23 04:33:06,588 - DEBUG - [34m CustomItemQListWidget get_is_active():
self.__is_active = False[00m
2024-08-23 04:33:06,591 - DEBUG - [34m TemplatesListDialogWindow connecting_actions()[00m
2024-08-23 04:33:07,996 - DEBUG - [34m MainWindow update_main_window()[00m
2024-08-23 04:33:07,996 - DEBUG - [34m TWStructureExecDoc update_structure_exec_doc()[00m
2024-08-23 04:33:07,996 - DEBUG - [34m TWStructureExecDoc get_current_node()[00m
2024-08-23 04:33:07,996 - DEBUG - [34m TWStructureExecDoc clear_tr_sed()[00m
2024-08-23 04:33:07,996 - DEBUG - [34m SettingsDatabase get_conn() -> object[00m
2024-08-23 04:33:07,996 - DEBUG - [34m DirPathManager get_db_settings_dirpath() -> str: d:\work\project\AutoExecDoc\db\settings.db[00m
2024-08-23 04:33:07,996 - DEBUG - [34m SettingsDatabase get_fetchone(cursor, conn) -> list[00m
2024-08-23 04:33:07,996 - DEBUG - [34m SettingsDatabase get_project_current_name():
result = {'value_setting': 'Алло'}[00m
2024-08-23 04:33:07,996 - DEBUG - [34m ProjectDatabase get_conn() -> object[00m
2024-08-23 04:33:07,996 - DEBUG - [34m DirPathManager get_db_project_dirpath() -> str: C:/Users/hayar/Documents/AutoExecDoc Projects/Алло\project.db[00m
2024-08-23 04:33:07,996 - DEBUG - [34m ProjectDatabase get_fetchone(cursor, conn) -> list[00m
2024-08-23 04:33:07,996 - DEBUG - [34m ProjectDatabase get_project_node() -> object:
result = {'id_node': 0, 'name_node': 'Проект', 'id_parent': None, 'order_node': '0', 'type_node': 'PROJECT', 'id_active_template': None, 'included': 1}[00m
2024-08-23 04:33:07,996 - DEBUG - [34m TWStructureExecDoc dfs(parent_node):
parent_node = {'id_node': 0, 'name_node': 'Проект', 'id_parent': None, 'order_node': '0', 'type_node': 'PROJECT', 'id_active_template': None, 'included': 1}
 open_node = {'id_active_template': None, 'id_node': 3, 'id_parent': 0, 'included': 1, 'name_node': 'Ранетки', 'order_node': '0', 'type_node': 'GROUP'}[00m
2024-08-23 04:33:07,996 - DEBUG - [34m ProjectDatabase get_conn() -> object[00m
2024-08-23 04:33:07,996 - DEBUG - [34m DirPathManager get_db_project_dirpath() -> str: C:/Users/hayar/Documents/AutoExecDoc Projects/Алло\project.db[00m
2024-08-23 04:33:07,996 - DEBUG - [34m ProjectDatabase get_fetchall(cursor, conn) -> list[00m
2024-08-23 04:33:07,996 - DEBUG - [34m ProjectDatabase get_childs(parent_node) -> list: parent_node = {'id_node': 0, 'name_node': 'Проект', 'id_parent': None, 'order_node': '0', 'type_node': 'PROJECT', 'id_active_template': None, 'included': 1}
result = [{'id_node': 3, 'name_node': 'Ранетки', 'id_parent': 0, 'order_node': '0', 'type_node': 'GROUP', 'id_active_template': None, 'included': 1}][00m
2024-08-23 04:33:07,996 - DEBUG - [34m TWStructureExecDoc set_item_in_nodes_to_items(node):
node = {'id_node': 3, 'name_node': 'Ранетки', 'id_parent': 0, 'order_node': '0', 'type_node': 'GROUP', 'id_active_template': None, 'included': 1}[00m
2024-08-23 04:33:08,008 - DEBUG - [34m TWStructureExecDoc add_item_in_tree_widget(node):
node = {'id_node': 3, 'name_node': 'Ранетки', 'id_parent': 0, 'order_node': '0', 'type_node': 'GROUP', 'id_active_template': None, 'included': 1}[00m
2024-08-23 04:33:08,008 - DEBUG - [34m TWStructureExecDoc get_text_by_node(item, node):
item = <PySide6.QtWidgets.QTreeWidgetItem object at 0x000001B353B0E200>,
node = {'id_node': 3, 'name_node': 'Ранетки', 'id_parent': 0, 'order_node': '0', 'type_node': 'GROUP', 'id_active_template': None, 'included': 1}[00m
2024-08-23 04:33:08,009 - DEBUG - [34m TWStructureExecDoc set_expanded_for_item(item, node):
item = <PySide6.QtWidgets.QTreeWidgetItem object at 0x000001B353B0E200>,
node = {'id_node': 3, 'name_node': 'Ранетки', 'id_parent': 0, 'order_node': '0', 'type_node': 'GROUP', 'id_active_template': None, 'included': 1}[00m
2024-08-23 04:33:08,010 - DEBUG - [34m TWStructureExecDoc dfs(parent_node):
parent_node = {'id_node': 3, 'name_node': 'Ранетки', 'id_parent': 0, 'order_node': '0', 'type_node': 'GROUP', 'id_active_template': None, 'included': 1}
 open_node = {'id_active_template': None, 'id_node': 3, 'id_parent': 0, 'included': 1, 'name_node': 'Ранетки', 'order_node': '0', 'type_node': 'GROUP'}[00m
2024-08-23 04:33:08,010 - DEBUG - [34m ProjectDatabase get_conn() -> object[00m
2024-08-23 04:33:08,010 - DEBUG - [34m DirPathManager get_db_project_dirpath() -> str: C:/Users/hayar/Documents/AutoExecDoc Projects/Алло\project.db[00m
2024-08-23 04:33:08,012 - DEBUG - [34m ProjectDatabase get_fetchall(cursor, conn) -> list[00m
2024-08-23 04:33:08,012 - DEBUG - [34m ProjectDatabase get_childs(parent_node) -> list: parent_node = {'id_node': 3, 'name_node': 'Ранетки', 'id_parent': 0, 'order_node': '0', 'type_node': 'GROUP', 'id_active_template': None, 'included': 1}
result = [{'id_node': 4, 'name_node': 'Раз', 'id_parent': 3, 'order_node': '0', 'type_node': 'FORM', 'id_active_template': 18, 'included': 1}][00m
2024-08-23 04:33:08,012 - DEBUG - [34m TWStructureExecDoc set_item_in_nodes_to_items(node):
node = {'id_node': 4, 'name_node': 'Раз', 'id_parent': 3, 'order_node': '0', 'type_node': 'FORM', 'id_active_template': 18, 'included': 1}[00m
2024-08-23 04:33:08,012 - DEBUG - [34m TWStructureExecDoc add_item_in_tree_widget(node):
node = {'id_node': 4, 'name_node': 'Раз', 'id_parent': 3, 'order_node': '0', 'type_node': 'FORM', 'id_active_template': 18, 'included': 1}[00m
2024-08-23 04:33:08,012 - DEBUG - [34m TWStructureExecDoc get_text_by_node(item, node):
item = <PySide6.QtWidgets.QTreeWidgetItem object at 0x000001B356646080>,
node = {'id_node': 4, 'name_node': 'Раз', 'id_parent': 3, 'order_node': '0', 'type_node': 'FORM', 'id_active_template': 18, 'included': 1}[00m
2024-08-23 04:33:08,012 - DEBUG - [34m TWStructureExecDoc set_expanded_for_item(item, node):
item = <PySide6.QtWidgets.QTreeWidgetItem object at 0x000001B356646080>,
node = {'id_node': 4, 'name_node': 'Раз', 'id_parent': 3, 'order_node': '0', 'type_node': 'FORM', 'id_active_template': 18, 'included': 1}[00m
2024-08-23 04:33:08,015 - DEBUG - [34m TWStructureExecDoc dfs(parent_node):
parent_node = {'id_node': 4, 'name_node': 'Раз', 'id_parent': 3, 'order_node': '0', 'type_node': 'FORM', 'id_active_template': 18, 'included': 1}
 open_node = {'id_active_template': None, 'id_node': 3, 'id_parent': 0, 'included': 1, 'name_node': 'Ранетки', 'order_node': '0', 'type_node': 'GROUP'}[00m
2024-08-23 04:33:08,015 - DEBUG - [34m ProjectDatabase get_conn() -> object[00m
2024-08-23 04:33:08,016 - DEBUG - [34m DirPathManager get_db_project_dirpath() -> str: C:/Users/hayar/Documents/AutoExecDoc Projects/Алло\project.db[00m
2024-08-23 04:33:08,016 - DEBUG - [34m ProjectDatabase get_fetchall(cursor, conn) -> list[00m
2024-08-23 04:33:08,016 - DEBUG - [34m ProjectDatabase get_childs(parent_node) -> list: parent_node = {'id_node': 4, 'name_node': 'Раз', 'id_parent': 3, 'order_node': '0', 'type_node': 'FORM', 'id_active_template': 18, 'included': 1}
result = [][00m
2024-08-23 04:33:08,016 - DEBUG - [34m TWStructureExecDoc get_current_node()[00m
2024-08-23 04:33:08,016 - DEBUG - [34m ComboxTemplates update_combox_templates(node):
node = {'id_active_template': None, 'id_node': 3, 'id_parent': 0, 'included': 1, 'name_node': 'Ранетки', 'order_node': '0', 'type_node': 'GROUP'}[00m
2024-08-23 04:33:08,016 - DEBUG - [34m ProjectDatabase get_conn() -> object[00m
2024-08-23 04:33:08,018 - DEBUG - [34m DirPathManager get_db_project_dirpath() -> str: C:/Users/hayar/Documents/AutoExecDoc Projects/Алло\project.db[00m
2024-08-23 04:33:08,018 - DEBUG - [34m ProjectDatabase get_fetchall(cursor, conn) -> list[00m
2024-08-23 04:33:08,018 - DEBUG - [34m ProjectDatabase get_templates_by_form(form) -> list: form = {'id_node': 3}
result = [][00m
2024-08-23 04:33:08,018 - DEBUG - [34m ComboxTemplates combox_templates_changed(index):
index = 0[00m
2024-08-23 04:33:08,019 - DEBUG - [34m LWPagesTemplate update_pages_template(template):
template = None[00m
2024-08-23 04:33:08,019 - DEBUG - [34m LWPagesTemplate clear_pt()[00m
2024-08-23 04:33:08,019 - DEBUG - [34m LWPagesTemplate get_page_by_current_item()[00m
2024-08-23 04:33:08,019 - DEBUG - [34m SAInputForms update_scrollarea()[00m
2024-08-23 04:33:08,020 - DEBUG - [34m SAInputForms delete_all_widgets_in_sa()[00m
2024-08-23 04:33:08,939 - DEBUG - [34m MainWindow edit_variables()[00m
2024-08-23 04:33:08,939 - DEBUG - [34m VariablesListDialogWindow __init__(osbm)[00m
2024-08-23 04:33:08,945 - DEBUG - [34m VariablesListDialogWindow initalizate_tabs_objects()[00m
2024-08-23 04:33:08,946 - DEBUG - [34m ProjectDatabase get_conn() -> object[00m
2024-08-23 04:33:08,946 - DEBUG - [34m DirPathManager get_db_project_dirpath() -> str: C:/Users/hayar/Documents/AutoExecDoc Projects/Алло\project.db[00m
2024-08-23 04:33:08,947 - DEBUG - [34m ProjectDatabase get_fetchone(cursor, conn) -> list[00m
2024-08-23 04:33:08,947 - DEBUG - [34m ProjectDatabase get_project_node() -> object:
result = {'id_node': 0, 'name_node': 'Проект', 'id_parent': None, 'order_node': '0', 'type_node': 'PROJECT', 'id_active_template': None, 'included': 1}[00m
2024-08-23 04:33:08,947 - DEBUG - [34m ProjectDatabase get_conn() -> object[00m
2024-08-23 04:33:08,947 - DEBUG - [34m DirPathManager get_db_project_dirpath() -> str: C:/Users/hayar/Documents/AutoExecDoc Projects/Алло\project.db[00m
2024-08-23 04:33:08,947 - DEBUG - [34m ProjectDatabase get_fetchall(cursor, conn) -> list[00m
2024-08-23 04:33:08,947 - DEBUG - [34m ProjectDatabase get_group_nodes() -> list:
result = [{'id_node': 3, 'name_node': 'Ранетки', 'id_parent': 0, 'order_node': '0', 'type_node': 'GROUP', 'id_active_template': None, 'included': 1}][00m
2024-08-23 04:33:08,947 - DEBUG - [34m ProjectDatabase get_conn() -> object[00m
2024-08-23 04:33:08,947 - DEBUG - [34m DirPathManager get_db_project_dirpath() -> str: C:/Users/hayar/Documents/AutoExecDoc Projects/Алло\project.db[00m
2024-08-23 04:33:08,947 - DEBUG - [34m ProjectDatabase get_fetchall(cursor, conn) -> list[00m
2024-08-23 04:33:08,951 - DEBUG - [34m ProjectDatabase get_form_nodes() -> list:
result = [{'id_node': 4, 'name_node': 'Раз', 'id_parent': 3, 'order_node': '0', 'type_node': 'FORM', 'id_active_template': 18, 'included': 1}][00m
2024-08-23 04:33:08,974 - DEBUG - [34m Icons get_icons(size):
size = 16[00m
2024-08-23 04:33:08,975 - DEBUG - [34m VariablesListDialogWindow config()[00m
2024-08-23 04:33:09,016 - DEBUG - [34m VariablesListDialogWindow config_tws()[00m
2024-08-23 04:33:09,017 - DEBUG - [34m VariablesListDialogWindow config_tw(self, tw):
table_widget = <PySide6.QtWidgets.QTableWidget(0x1b35ce92fa0, name="table_project_variables") at 0x000001B35B141380>[00m
2024-08-23 04:33:09,021 - DEBUG - [34m VariablesListDialogWindow config_tw(self, tw):
table_widget = <PySide6.QtWidgets.QTableWidget(0x1b35cefe9a0, name="table_group_variables") at 0x000001B35B1496C0>[00m
2024-08-23 04:33:09,022 - DEBUG - [34m VariablesListDialogWindow config_tw(self, tw):
table_widget = <PySide6.QtWidgets.QTableWidget(0x1b35cefc090, name="table_ftp_variables") at 0x000001B35B151400>[00m
2024-08-23 04:33:09,023 - DEBUG - [34m VariablesListDialogWindow config_tw(self, tw):
table_widget = <PySide6.QtWidgets.QTableWidget(0x1b35ce92340, name="table_editor_project_variables") at 0x000001B356646140>[00m
2024-08-23 04:33:09,024 - DEBUG - [34m VariablesListDialogWindow config_tw(self, tw):
table_widget = <PySide6.QtWidgets.QTableWidget(0x1b35cefef40, name="table_editor_group_variables") at 0x000001B35B141F40>[00m
2024-08-23 04:33:09,025 - DEBUG - [34m VariablesListDialogWindow config_tw(self, tw):
table_widget = <PySide6.QtWidgets.QTableWidget(0x1b35cefb430, name="table_editor_ftp_variables") at 0x000001B35B149540>[00m
2024-08-23 04:33:09,026 - DEBUG - [34m VariablesListDialogWindow connecting_actions()[00m
2024-08-23 04:33:09,027 - DEBUG - [34m VariablesListDialogWindow show_tab_project()[00m
2024-08-23 04:33:09,027 - DEBUG - [34m VariablesListDialogWindow caf_two_tables(self, type_table):
type_table = project_variables[00m
2024-08-23 04:33:09,027 - DEBUG - [34m VariablesListDialogWindow caf_table(self, type_table, editor):
type_table = project_variables
editor = False[00m
2024-08-23 04:33:09,029 - DEBUG - [34m VariablesListDialogWindow get_table_by_parameters(self, type_table, editor):
type_table = project_variables
editor = False[00m
2024-08-23 04:33:09,030 - DEBUG - [34m ProjectDatabase get_conn() -> object[00m
2024-08-23 04:33:09,030 - DEBUG - [34m DirPathManager get_db_project_dirpath() -> str: C:/Users/hayar/Documents/AutoExecDoc Projects/Алло\project.db[00m
2024-08-23 04:33:09,031 - DEBUG - [34m ProjectDatabase get_fetchall(cursor, conn) -> list[00m
2024-08-23 04:33:09,031 - DEBUG - [34m ProjectDatabase get_node_data(node) -> list: node = {'id_node': 0, 'name_node': 'Проект', 'id_parent': None, 'order_node': '0', 'type_node': 'PROJECT', 'id_active_template': None, 'included': 1}
result = [{'id_pair': 3, 'id_node': 0, 'id_variable': 1, 'name_variable': None, 'value_pair': '10.10.2010'}][00m
2024-08-23 04:33:09,032 - DEBUG - [34m ProjectDatabase get_conn() -> object[00m
2024-08-23 04:33:09,032 - DEBUG - [34m DirPathManager get_db_project_dirpath() -> str: C:/Users/hayar/Documents/AutoExecDoc Projects/Алло\project.db[00m
2024-08-23 04:33:09,032 - DEBUG - [34m ProjectDatabase get_fetchone(cursor, conn) -> list[00m
2024-08-23 04:33:09,033 - DEBUG - [34m ProjectDatabase get_config_variable(id_variable) -> list: id_variable = 1
result = {'id_variable': 1, 'name_variable': 'участок', 'type_variable': 'DATE', 'title_variable': 'участок', 'order_variable': 0, 'config_variable': '{"FORMAT": ""}', 'description_variable': '', 'is_global': None}[00m
2024-08-23 04:33:09,033 - DEBUG - [34m VariablesListDialogWindow get_data_by_parameters(self, type_table, editor):
type_table = project_variables
editor = False
data = [{'id_variable': 1, 'name_variable': 'участок', 'type_variable': 'DATE', 'title_variable': 'участок', 'order_variable': 0, 'config_variable': '{"FORMAT": ""}', 'description_variable': '', 'is_global': None}][00m
2024-08-23 04:33:09,036 - DEBUG - [34m VariablesListDialogWindow caf_table(self, type_table, editor):
type_table = project_variables
editor = True[00m
2024-08-23 04:33:09,037 - DEBUG - [34m VariablesListDialogWindow get_table_by_parameters(self, type_table, editor):
type_table = project_variables
editor = True[00m
2024-08-23 04:33:09,037 - DEBUG - [34m ProjectDatabase get_conn() -> object[00m
2024-08-23 04:33:09,037 - DEBUG - [34m DirPathManager get_db_project_dirpath() -> str: C:/Users/hayar/Documents/AutoExecDoc Projects/Алло\project.db[00m
2024-08-23 04:33:09,039 - DEBUG - [34m ProjectDatabase get_fetchall(cursor, conn) -> list[00m
2024-08-23 04:33:09,039 - DEBUG - [34m ProjectDatabase get_node_data(node) -> list: node = {'id_node': 0, 'name_node': 'Проект', 'id_parent': None, 'order_node': '0', 'type_node': 'PROJECT', 'id_active_template': None, 'included': 1}
result = [{'id_pair': 3, 'id_node': 0, 'id_variable': 1, 'name_variable': None, 'value_pair': '10.10.2010'}][00m
2024-08-23 04:33:09,040 - DEBUG - [34m ProjectDatabase get_conn() -> object[00m
2024-08-23 04:33:09,040 - DEBUG - [34m DirPathManager get_db_project_dirpath() -> str: C:/Users/hayar/Documents/AutoExecDoc Projects/Алло\project.db[00m
2024-08-23 04:33:09,041 - DEBUG - [34m ProjectDatabase get_fetchone(cursor, conn) -> list[00m
2024-08-23 04:33:09,041 - DEBUG - [34m ProjectDatabase get_config_variable(id_variable) -> list: id_variable = 1
result = {'id_variable': 1, 'name_variable': 'участок', 'type_variable': 'DATE', 'title_variable': 'участок', 'order_variable': 0, 'config_variable': '{"FORMAT": ""}', 'description_variable': '', 'is_global': None}[00m
2024-08-23 04:33:09,041 - DEBUG - [34m ProjectDatabase get_conn() -> object[00m
2024-08-23 04:33:09,041 - DEBUG - [34m DirPathManager get_db_project_dirpath() -> str: C:/Users/hayar/Documents/AutoExecDoc Projects/Алло\project.db[00m
2024-08-23 04:33:09,042 - DEBUG - [34m ProjectDatabase get_fetchall(cursor, conn) -> list[00m
2024-08-23 04:33:09,042 - DEBUG - [34m ProjectDatabase get_variables() -> list
result = [{'id_variable': 1, 'name_variable': 'участок', 'type_variable': 'DATE', 'title_variable': 'участок', 'order_variable': 0, 'config_variable': '{"FORMAT": ""}', 'description_variable': '', 'is_global': None}, {'id_variable': 2, 'name_variable': 'номер_кабеля', 'type_variable': 'TEXT', 'title_variable': 'номер_кабеля', 'order_variable': 1, 'config_variable': None, 'description_variable': '', 'is_global': None}, {'id_variable': 3, 'name_variable': 'название_компании', 'type_variable': 'TEXT', 'title_variable': 'название_компании', 'order_variable': 2, 'config_variable': None, 'description_variable': '', 'is_global': None}, {'id_variable': 4, 'name_variable': 'адрес_компании', 'type_variable': 'TEXT', 'title_variable': 'адрес_компании', 'order_variable': 3, 'config_variable': None, 'description_variable': '', 'is_global': None}, {'id_variable': 5, 'name_variable': 'строительно_монтажная_организация', 'type_variable': 'TEXT', 'title_variable': 'строительно_монтажная_организация', 'order_variable': 4, 'config_variable': None, 'description_variable': '', 'is_global': None}][00m
2024-08-23 04:33:09,043 - DEBUG - [34m VariablesListDialogWindow get_data_by_parameters(self, type_table, editor):
type_table = project_variables
editor = True
editor_data = [{'id_variable': 1, 'name_variable': 'участок', 'type_variable': 'DATE', 'title_variable': 'участок', 'order_variable': 0, 'config_variable': '{"FORMAT": ""}', 'description_variable': '', 'is_global': None, '_checked': True}, {'id_variable': 2, 'name_variable': 'номер_кабеля', 'type_variable': 'TEXT', 'title_variable': 'номер_кабеля', 'order_variable': 1, 'config_variable': None, 'description_variable': '', 'is_global': None, '_checked': False}, {'id_variable': 3, 'name_variable': 'название_компании', 'type_variable': 'TEXT', 'title_variable': 'название_компании', 'order_variable': 2, 'config_variable': None, 'description_variable': '', 'is_global': None, '_checked': False}, {'id_variable': 4, 'name_variable': 'адрес_компании', 'type_variable': 'TEXT', 'title_variable': 'адрес_компании', 'order_variable': 3, 'config_variable': None, 'description_variable': '', 'is_global': None, '_checked': False}, {'id_variable': 5, 'name_variable': 'строительно_монтажная_организация', 'type_variable': 'TEXT', 'title_variable': 'строительно_монтажная_организация', 'order_variable': 4, 'config_variable': None, 'description_variable': '', 'is_global': None, '_checked': False}][00m
2024-08-23 04:33:10,148 - DEBUG - [34m MainWindow update_main_window()[00m
2024-08-23 04:33:10,148 - DEBUG - [34m TWStructureExecDoc update_structure_exec_doc()[00m
2024-08-23 04:33:10,148 - DEBUG - [34m TWStructureExecDoc get_current_node()[00m
2024-08-23 04:33:10,148 - DEBUG - [34m TWStructureExecDoc clear_tr_sed()[00m
2024-08-23 04:33:10,148 - DEBUG - [34m SettingsDatabase get_conn() -> object[00m
2024-08-23 04:33:10,155 - DEBUG - [34m DirPathManager get_db_settings_dirpath() -> str: d:\work\project\AutoExecDoc\db\settings.db[00m
2024-08-23 04:33:10,155 - DEBUG - [34m SettingsDatabase get_fetchone(cursor, conn) -> list[00m
2024-08-23 04:33:10,155 - DEBUG - [34m SettingsDatabase get_project_current_name():
result = {'value_setting': 'Алло'}[00m
2024-08-23 04:33:10,155 - DEBUG - [34m ProjectDatabase get_conn() -> object[00m
2024-08-23 04:33:10,155 - DEBUG - [34m DirPathManager get_db_project_dirpath() -> str: C:/Users/hayar/Documents/AutoExecDoc Projects/Алло\project.db[00m
2024-08-23 04:33:10,155 - DEBUG - [34m ProjectDatabase get_fetchone(cursor, conn) -> list[00m
2024-08-23 04:33:10,155 - DEBUG - [34m ProjectDatabase get_project_node() -> object:
result = {'id_node': 0, 'name_node': 'Проект', 'id_parent': None, 'order_node': '0', 'type_node': 'PROJECT', 'id_active_template': None, 'included': 1}[00m
2024-08-23 04:33:10,155 - DEBUG - [34m TWStructureExecDoc dfs(parent_node):
parent_node = {'id_node': 0, 'name_node': 'Проект', 'id_parent': None, 'order_node': '0', 'type_node': 'PROJECT', 'id_active_template': None, 'included': 1}
 open_node = {'id_active_template': None, 'id_node': 3, 'id_parent': 0, 'included': 1, 'name_node': 'Ранетки', 'order_node': '0', 'type_node': 'GROUP'}[00m
2024-08-23 04:33:10,155 - DEBUG - [34m ProjectDatabase get_conn() -> object[00m
2024-08-23 04:33:10,155 - DEBUG - [34m DirPathManager get_db_project_dirpath() -> str: C:/Users/hayar/Documents/AutoExecDoc Projects/Алло\project.db[00m
2024-08-23 04:33:10,159 - DEBUG - [34m ProjectDatabase get_fetchall(cursor, conn) -> list[00m
2024-08-23 04:33:10,159 - DEBUG - [34m ProjectDatabase get_childs(parent_node) -> list: parent_node = {'id_node': 0, 'name_node': 'Проект', 'id_parent': None, 'order_node': '0', 'type_node': 'PROJECT', 'id_active_template': None, 'included': 1}
result = [{'id_node': 3, 'name_node': 'Ранетки', 'id_parent': 0, 'order_node': '0', 'type_node': 'GROUP', 'id_active_template': None, 'included': 1}][00m
2024-08-23 04:33:10,159 - DEBUG - [34m TWStructureExecDoc set_item_in_nodes_to_items(node):
node = {'id_node': 3, 'name_node': 'Ранетки', 'id_parent': 0, 'order_node': '0', 'type_node': 'GROUP', 'id_active_template': None, 'included': 1}[00m
2024-08-23 04:33:10,160 - DEBUG - [34m TWStructureExecDoc add_item_in_tree_widget(node):
node = {'id_node': 3, 'name_node': 'Ранетки', 'id_parent': 0, 'order_node': '0', 'type_node': 'GROUP', 'id_active_template': None, 'included': 1}[00m
2024-08-23 04:33:10,160 - DEBUG - [34m TWStructureExecDoc get_text_by_node(item, node):
item = <PySide6.QtWidgets.QTreeWidgetItem object at 0x000001B356650200>,
node = {'id_node': 3, 'name_node': 'Ранетки', 'id_parent': 0, 'order_node': '0', 'type_node': 'GROUP', 'id_active_template': None, 'included': 1}[00m
2024-08-23 04:33:10,161 - DEBUG - [34m TWStructureExecDoc set_expanded_for_item(item, node):
item = <PySide6.QtWidgets.QTreeWidgetItem object at 0x000001B356650200>,
node = {'id_node': 3, 'name_node': 'Ранетки', 'id_parent': 0, 'order_node': '0', 'type_node': 'GROUP', 'id_active_template': None, 'included': 1}[00m
2024-08-23 04:33:10,162 - DEBUG - [34m TWStructureExecDoc dfs(parent_node):
parent_node = {'id_node': 3, 'name_node': 'Ранетки', 'id_parent': 0, 'order_node': '0', 'type_node': 'GROUP', 'id_active_template': None, 'included': 1}
 open_node = {'id_active_template': None, 'id_node': 3, 'id_parent': 0, 'included': 1, 'name_node': 'Ранетки', 'order_node': '0', 'type_node': 'GROUP'}[00m
2024-08-23 04:33:10,162 - DEBUG - [34m ProjectDatabase get_conn() -> object[00m
2024-08-23 04:33:10,162 - DEBUG - [34m DirPathManager get_db_project_dirpath() -> str: C:/Users/hayar/Documents/AutoExecDoc Projects/Алло\project.db[00m
2024-08-23 04:33:10,163 - DEBUG - [34m ProjectDatabase get_fetchall(cursor, conn) -> list[00m
2024-08-23 04:33:10,163 - DEBUG - [34m ProjectDatabase get_childs(parent_node) -> list: parent_node = {'id_node': 3, 'name_node': 'Ранетки', 'id_parent': 0, 'order_node': '0', 'type_node': 'GROUP', 'id_active_template': None, 'included': 1}
result = [{'id_node': 4, 'name_node': 'Раз', 'id_parent': 3, 'order_node': '0', 'type_node': 'FORM', 'id_active_template': 18, 'included': 1}][00m
2024-08-23 04:33:10,164 - DEBUG - [34m TWStructureExecDoc set_item_in_nodes_to_items(node):
node = {'id_node': 4, 'name_node': 'Раз', 'id_parent': 3, 'order_node': '0', 'type_node': 'FORM', 'id_active_template': 18, 'included': 1}[00m
2024-08-23 04:33:10,164 - DEBUG - [34m TWStructureExecDoc add_item_in_tree_widget(node):
node = {'id_node': 4, 'name_node': 'Раз', 'id_parent': 3, 'order_node': '0', 'type_node': 'FORM', 'id_active_template': 18, 'included': 1}[00m
2024-08-23 04:33:10,165 - DEBUG - [34m TWStructureExecDoc get_text_by_node(item, node):
item = <PySide6.QtWidgets.QTreeWidgetItem object at 0x000001B353B17700>,
node = {'id_node': 4, 'name_node': 'Раз', 'id_parent': 3, 'order_node': '0', 'type_node': 'FORM', 'id_active_template': 18, 'included': 1}[00m
2024-08-23 04:33:10,165 - DEBUG - [34m TWStructureExecDoc set_expanded_for_item(item, node):
item = <PySide6.QtWidgets.QTreeWidgetItem object at 0x000001B353B17700>,
node = {'id_node': 4, 'name_node': 'Раз', 'id_parent': 3, 'order_node': '0', 'type_node': 'FORM', 'id_active_template': 18, 'included': 1}[00m
2024-08-23 04:33:10,166 - DEBUG - [34m TWStructureExecDoc dfs(parent_node):
parent_node = {'id_node': 4, 'name_node': 'Раз', 'id_parent': 3, 'order_node': '0', 'type_node': 'FORM', 'id_active_template': 18, 'included': 1}
 open_node = {'id_active_template': None, 'id_node': 3, 'id_parent': 0, 'included': 1, 'name_node': 'Ранетки', 'order_node': '0', 'type_node': 'GROUP'}[00m
2024-08-23 04:33:10,166 - DEBUG - [34m ProjectDatabase get_conn() -> object[00m
2024-08-23 04:33:10,166 - DEBUG - [34m DirPathManager get_db_project_dirpath() -> str: C:/Users/hayar/Documents/AutoExecDoc Projects/Алло\project.db[00m
2024-08-23 04:33:10,167 - DEBUG - [34m ProjectDatabase get_fetchall(cursor, conn) -> list[00m
2024-08-23 04:33:10,167 - DEBUG - [34m ProjectDatabase get_childs(parent_node) -> list: parent_node = {'id_node': 4, 'name_node': 'Раз', 'id_parent': 3, 'order_node': '0', 'type_node': 'FORM', 'id_active_template': 18, 'included': 1}
result = [][00m
2024-08-23 04:33:10,168 - DEBUG - [34m TWStructureExecDoc get_current_node()[00m
2024-08-23 04:33:10,168 - DEBUG - [34m ComboxTemplates update_combox_templates(node):
node = {'id_active_template': None, 'id_node': 3, 'id_parent': 0, 'included': 1, 'name_node': 'Ранетки', 'order_node': '0', 'type_node': 'GROUP'}[00m
2024-08-23 04:33:10,168 - DEBUG - [34m ProjectDatabase get_conn() -> object[00m
2024-08-23 04:33:10,169 - DEBUG - [34m DirPathManager get_db_project_dirpath() -> str: C:/Users/hayar/Documents/AutoExecDoc Projects/Алло\project.db[00m
2024-08-23 04:33:10,170 - DEBUG - [34m ProjectDatabase get_fetchall(cursor, conn) -> list[00m
2024-08-23 04:33:10,170 - DEBUG - [34m ProjectDatabase get_templates_by_form(form) -> list: form = {'id_node': 3}
result = [][00m
2024-08-23 04:33:10,170 - DEBUG - [34m ComboxTemplates combox_templates_changed(index):
index = 0[00m
2024-08-23 04:33:10,171 - DEBUG - [34m LWPagesTemplate update_pages_template(template):
template = None[00m
2024-08-23 04:33:10,171 - DEBUG - [34m LWPagesTemplate clear_pt()[00m
2024-08-23 04:33:10,171 - DEBUG - [34m LWPagesTemplate get_page_by_current_item()[00m
2024-08-23 04:33:10,171 - DEBUG - [34m SAInputForms update_scrollarea()[00m
2024-08-23 04:33:10,171 - DEBUG - [34m SAInputForms delete_all_widgets_in_sa()[00m
2024-08-23 04:33:11,099 - DEBUG - [34m MainWindow edit_structure_nodes()[00m
2024-08-23 04:33:11,099 - DEBUG - [34m NodesEditorDialogWindow __init__(osbm)[00m
2024-08-23 04:33:11,106 - DEBUG - [34m Icons get_icons(size):
size = 16[00m
2024-08-23 04:33:11,107 - DEBUG - [34m NodesEditorDialogWindow config()[00m
2024-08-23 04:33:11,114 - DEBUG - [34m NodesEditorDialogWindow reconfig()[00m
2024-08-23 04:33:11,115 - DEBUG - [34m ProjectDatabase get_conn() -> object[00m
2024-08-23 04:33:11,115 - DEBUG - [34m DirPathManager get_db_project_dirpath() -> str: C:/Users/hayar/Documents/AutoExecDoc Projects/Алло\project.db[00m
2024-08-23 04:33:11,115 - DEBUG - [34m ProjectDatabase get_fetchall(cursor, conn) -> list[00m
2024-08-23 04:33:11,116 - DEBUG - [34m ProjectDatabase get_nodes() -> list:
result = [{'id_node': 0, 'name_node': 'Проект', 'id_parent': None, 'order_node': '0', 'type_node': 'PROJECT', 'id_active_template': None, 'included': 1}, {'id_node': 3, 'name_node': 'Ранетки', 'id_parent': 0, 'order_node': '0', 'type_node': 'GROUP', 'id_active_template': None, 'included': 1}, {'id_node': 4, 'name_node': 'Раз', 'id_parent': 3, 'order_node': '0', 'type_node': 'FORM', 'id_active_template': 18, 'included': 1}][00m
2024-08-23 04:33:11,118 - DEBUG - [34m NodesEditorDialogWindow find_project_node()[00m
2024-08-23 04:33:11,118 - DEBUG - [34m NodesEditorDialogWindow dfs(parent_node, open_node):
parent_node = {'id_node': 0, 'name_node': 'Проект', 'id_parent': None, 'order_node': '0', 'type_node': 'PROJECT', 'id_active_template': None, 'included': 1}
open_node = None[00m
2024-08-23 04:33:11,118 - DEBUG - [34m NodesEditorDialogWindow get_childs(parent_node):
parent_node = {'id_node': 0, 'name_node': 'Проект', 'id_parent': None, 'order_node': '0', 'type_node': 'PROJECT', 'id_active_template': None, 'included': 1}
childs = [{'id_node': 3, 'name_node': 'Ранетки', 'id_parent': 0, 'order_node': '0', 'type_node': 'GROUP', 'id_active_template': None, 'included': 1}][00m
2024-08-23 04:33:11,119 - DEBUG - [34m NodesEditorDialogWindow set_item_in_nodes_to_items(node):
node = {'id_node': 3, 'name_node': 'Ранетки', 'id_parent': 0, 'order_node': '0', 'type_node': 'GROUP', 'id_active_template': None, 'included': 1}
open_node = None[00m
2024-08-23 04:33:11,119 - DEBUG - [34m NodesEditorDialogWindow get_text_by_node(item, node):
item = <PySide6.QtWidgets.QTreeWidgetItem object at 0x000001B354871EC0>,
node = {'id_node': 3, 'name_node': 'Ранетки', 'id_parent': 0, 'order_node': '0', 'type_node': 'GROUP', 'id_active_template': None, 'included': 1}[00m
2024-08-23 04:33:11,120 - DEBUG - [34m NodesEditorDialogWindow dfs(parent_node, open_node):
parent_node = {'id_node': 3, 'name_node': 'Ранетки', 'id_parent': 0, 'order_node': '0', 'type_node': 'GROUP', 'id_active_template': None, 'included': 1}
open_node = None[00m
2024-08-23 04:33:11,120 - DEBUG - [34m NodesEditorDialogWindow get_childs(parent_node):
parent_node = {'id_node': 3, 'name_node': 'Ранетки', 'id_parent': 0, 'order_node': '0', 'type_node': 'GROUP', 'id_active_template': None, 'included': 1}
childs = [{'id_node': 4, 'name_node': 'Раз', 'id_parent': 3, 'order_node': '0', 'type_node': 'FORM', 'id_active_template': 18, 'included': 1}][00m
2024-08-23 04:33:11,121 - DEBUG - [34m NodesEditorDialogWindow set_item_in_nodes_to_items(node):
node = {'id_node': 4, 'name_node': 'Раз', 'id_parent': 3, 'order_node': '0', 'type_node': 'FORM', 'id_active_template': 18, 'included': 1}
open_node = None[00m
2024-08-23 04:33:11,121 - DEBUG - [34m NodesEditorDialogWindow get_text_by_node(item, node):
item = <PySide6.QtWidgets.QTreeWidgetItem object at 0x000001B354878280>,
node = {'id_node': 4, 'name_node': 'Раз', 'id_parent': 3, 'order_node': '0', 'type_node': 'FORM', 'id_active_template': 18, 'included': 1}[00m
2024-08-23 04:33:11,122 - DEBUG - [34m NodesEditorDialogWindow dfs(parent_node, open_node):
parent_node = {'id_node': 4, 'name_node': 'Раз', 'id_parent': 3, 'order_node': '0', 'type_node': 'FORM', 'id_active_template': 18, 'included': 1}
open_node = None[00m
2024-08-23 04:33:11,122 - DEBUG - [34m NodesEditorDialogWindow get_childs(parent_node):
parent_node = {'id_node': 4, 'name_node': 'Раз', 'id_parent': 3, 'order_node': '0', 'type_node': 'FORM', 'id_active_template': 18, 'included': 1}
childs = [][00m
2024-08-23 04:33:11,123 - DEBUG - [34m NodesEditorDialogWindow config_actions()[00m
2024-08-23 04:33:12,321 - DEBUG - [34m MainWindow update_main_window()[00m
2024-08-23 04:33:12,321 - DEBUG - [34m TWStructureExecDoc update_structure_exec_doc()[00m
2024-08-23 04:33:12,321 - DEBUG - [34m TWStructureExecDoc get_current_node()[00m
2024-08-23 04:33:12,321 - DEBUG - [34m TWStructureExecDoc clear_tr_sed()[00m
2024-08-23 04:33:12,321 - DEBUG - [34m SettingsDatabase get_conn() -> object[00m
2024-08-23 04:33:12,321 - DEBUG - [34m DirPathManager get_db_settings_dirpath() -> str: d:\work\project\AutoExecDoc\db\settings.db[00m
2024-08-23 04:33:12,321 - DEBUG - [34m SettingsDatabase get_fetchone(cursor, conn) -> list[00m
2024-08-23 04:33:12,321 - DEBUG - [34m SettingsDatabase get_project_current_name():
result = {'value_setting': 'Алло'}[00m
2024-08-23 04:33:12,321 - DEBUG - [34m ProjectDatabase get_conn() -> object[00m
2024-08-23 04:33:12,321 - DEBUG - [34m DirPathManager get_db_project_dirpath() -> str: C:/Users/hayar/Documents/AutoExecDoc Projects/Алло\project.db[00m
2024-08-23 04:33:12,321 - DEBUG - [34m ProjectDatabase get_fetchone(cursor, conn) -> list[00m
2024-08-23 04:33:12,321 - DEBUG - [34m ProjectDatabase get_project_node() -> object:
result = {'id_node': 0, 'name_node': 'Проект', 'id_parent': None, 'order_node': '0', 'type_node': 'PROJECT', 'id_active_template': None, 'included': 1}[00m
2024-08-23 04:33:12,321 - DEBUG - [34m TWStructureExecDoc dfs(parent_node):
parent_node = {'id_node': 0, 'name_node': 'Проект', 'id_parent': None, 'order_node': '0', 'type_node': 'PROJECT', 'id_active_template': None, 'included': 1}
 open_node = {'id_active_template': None, 'id_node': 3, 'id_parent': 0, 'included': 1, 'name_node': 'Ранетки', 'order_node': '0', 'type_node': 'GROUP'}[00m
2024-08-23 04:33:12,328 - DEBUG - [34m ProjectDatabase get_conn() -> object[00m
2024-08-23 04:33:12,328 - DEBUG - [34m DirPathManager get_db_project_dirpath() -> str: C:/Users/hayar/Documents/AutoExecDoc Projects/Алло\project.db[00m
2024-08-23 04:33:12,328 - DEBUG - [34m ProjectDatabase get_fetchall(cursor, conn) -> list[00m
2024-08-23 04:33:12,328 - DEBUG - [34m ProjectDatabase get_childs(parent_node) -> list: parent_node = {'id_node': 0, 'name_node': 'Проект', 'id_parent': None, 'order_node': '0', 'type_node': 'PROJECT', 'id_active_template': None, 'included': 1}
result = [{'id_node': 3, 'name_node': 'Ранетки', 'id_parent': 0, 'order_node': '0', 'type_node': 'GROUP', 'id_active_template': None, 'included': 1}][00m
2024-08-23 04:33:12,330 - DEBUG - [34m TWStructureExecDoc set_item_in_nodes_to_items(node):
node = {'id_node': 3, 'name_node': 'Ранетки', 'id_parent': 0, 'order_node': '0', 'type_node': 'GROUP', 'id_active_template': None, 'included': 1}[00m
2024-08-23 04:33:12,330 - DEBUG - [34m TWStructureExecDoc add_item_in_tree_widget(node):
node = {'id_node': 3, 'name_node': 'Ранетки', 'id_parent': 0, 'order_node': '0', 'type_node': 'GROUP', 'id_active_template': None, 'included': 1}[00m
2024-08-23 04:33:12,330 - DEBUG - [34m TWStructureExecDoc get_text_by_node(item, node):
item = <PySide6.QtWidgets.QTreeWidgetItem object at 0x000001B35B15BC00>,
node = {'id_node': 3, 'name_node': 'Ранетки', 'id_parent': 0, 'order_node': '0', 'type_node': 'GROUP', 'id_active_template': None, 'included': 1}[00m
2024-08-23 04:33:12,331 - DEBUG - [34m TWStructureExecDoc set_expanded_for_item(item, node):
item = <PySide6.QtWidgets.QTreeWidgetItem object at 0x000001B35B15BC00>,
node = {'id_node': 3, 'name_node': 'Ранетки', 'id_parent': 0, 'order_node': '0', 'type_node': 'GROUP', 'id_active_template': None, 'included': 1}[00m
2024-08-23 04:33:12,331 - DEBUG - [34m TWStructureExecDoc dfs(parent_node):
parent_node = {'id_node': 3, 'name_node': 'Ранетки', 'id_parent': 0, 'order_node': '0', 'type_node': 'GROUP', 'id_active_template': None, 'included': 1}
 open_node = {'id_active_template': None, 'id_node': 3, 'id_parent': 0, 'included': 1, 'name_node': 'Ранетки', 'order_node': '0', 'type_node': 'GROUP'}[00m
2024-08-23 04:33:12,332 - DEBUG - [34m ProjectDatabase get_conn() -> object[00m
2024-08-23 04:33:12,332 - DEBUG - [34m DirPathManager get_db_project_dirpath() -> str: C:/Users/hayar/Documents/AutoExecDoc Projects/Алло\project.db[00m
2024-08-23 04:33:12,332 - DEBUG - [34m ProjectDatabase get_fetchall(cursor, conn) -> list[00m
2024-08-23 04:33:12,333 - DEBUG - [34m ProjectDatabase get_childs(parent_node) -> list: parent_node = {'id_node': 3, 'name_node': 'Ранетки', 'id_parent': 0, 'order_node': '0', 'type_node': 'GROUP', 'id_active_template': None, 'included': 1}
result = [{'id_node': 4, 'name_node': 'Раз', 'id_parent': 3, 'order_node': '0', 'type_node': 'FORM', 'id_active_template': 18, 'included': 1}][00m
2024-08-23 04:33:12,333 - DEBUG - [34m TWStructureExecDoc set_item_in_nodes_to_items(node):
node = {'id_node': 4, 'name_node': 'Раз', 'id_parent': 3, 'order_node': '0', 'type_node': 'FORM', 'id_active_template': 18, 'included': 1}[00m
2024-08-23 04:33:12,334 - DEBUG - [34m TWStructureExecDoc add_item_in_tree_widget(node):
node = {'id_node': 4, 'name_node': 'Раз', 'id_parent': 3, 'order_node': '0', 'type_node': 'FORM', 'id_active_template': 18, 'included': 1}[00m
2024-08-23 04:33:12,335 - DEBUG - [34m TWStructureExecDoc get_text_by_node(item, node):
item = <PySide6.QtWidgets.QTreeWidgetItem object at 0x000001B353B0E200>,
node = {'id_node': 4, 'name_node': 'Раз', 'id_parent': 3, 'order_node': '0', 'type_node': 'FORM', 'id_active_template': 18, 'included': 1}[00m
2024-08-23 04:33:12,335 - DEBUG - [34m TWStructureExecDoc set_expanded_for_item(item, node):
item = <PySide6.QtWidgets.QTreeWidgetItem object at 0x000001B353B0E200>,
node = {'id_node': 4, 'name_node': 'Раз', 'id_parent': 3, 'order_node': '0', 'type_node': 'FORM', 'id_active_template': 18, 'included': 1}[00m
2024-08-23 04:33:12,336 - DEBUG - [34m TWStructureExecDoc dfs(parent_node):
parent_node = {'id_node': 4, 'name_node': 'Раз', 'id_parent': 3, 'order_node': '0', 'type_node': 'FORM', 'id_active_template': 18, 'included': 1}
 open_node = {'id_active_template': None, 'id_node': 3, 'id_parent': 0, 'included': 1, 'name_node': 'Ранетки', 'order_node': '0', 'type_node': 'GROUP'}[00m
2024-08-23 04:33:12,336 - DEBUG - [34m ProjectDatabase get_conn() -> object[00m
2024-08-23 04:33:12,337 - DEBUG - [34m DirPathManager get_db_project_dirpath() -> str: C:/Users/hayar/Documents/AutoExecDoc Projects/Алло\project.db[00m
2024-08-23 04:33:12,337 - DEBUG - [34m ProjectDatabase get_fetchall(cursor, conn) -> list[00m
2024-08-23 04:33:12,338 - DEBUG - [34m ProjectDatabase get_childs(parent_node) -> list: parent_node = {'id_node': 4, 'name_node': 'Раз', 'id_parent': 3, 'order_node': '0', 'type_node': 'FORM', 'id_active_template': 18, 'included': 1}
result = [][00m
2024-08-23 04:33:12,338 - DEBUG - [34m TWStructureExecDoc get_current_node()[00m
2024-08-23 04:33:12,338 - DEBUG - [34m ComboxTemplates update_combox_templates(node):
node = {'id_active_template': None, 'id_node': 3, 'id_parent': 0, 'included': 1, 'name_node': 'Ранетки', 'order_node': '0', 'type_node': 'GROUP'}[00m
2024-08-23 04:33:12,339 - DEBUG - [34m ProjectDatabase get_conn() -> object[00m
2024-08-23 04:33:12,339 - DEBUG - [34m DirPathManager get_db_project_dirpath() -> str: C:/Users/hayar/Documents/AutoExecDoc Projects/Алло\project.db[00m
2024-08-23 04:33:12,339 - DEBUG - [34m ProjectDatabase get_fetchall(cursor, conn) -> list[00m
2024-08-23 04:33:12,339 - DEBUG - [34m ProjectDatabase get_templates_by_form(form) -> list: form = {'id_node': 3}
result = [][00m
2024-08-23 04:33:12,340 - DEBUG - [34m ComboxTemplates combox_templates_changed(index):
index = 0[00m
2024-08-23 04:33:12,341 - DEBUG - [34m LWPagesTemplate update_pages_template(template):
template = None[00m
2024-08-23 04:33:12,341 - DEBUG - [34m LWPagesTemplate clear_pt()[00m
2024-08-23 04:33:12,341 - DEBUG - [34m LWPagesTemplate get_page_by_current_item()[00m
2024-08-23 04:33:12,341 - DEBUG - [34m SAInputForms update_scrollarea()[00m
2024-08-23 04:33:12,341 - DEBUG - [34m SAInputForms delete_all_widgets_in_sa()[00m
2024-08-23 04:34:25,569 - DEBUG - [34m MainWindow edit_variables()[00m
2024-08-23 04:34:25,570 - DEBUG - [34m VariablesListDialogWindow __init__(osbm)[00m
2024-08-23 04:34:25,570 - DEBUG - [34m VariablesListDialogWindow initalizate_tabs_objects()[00m
2024-08-23 04:34:25,570 - DEBUG - [34m ProjectDatabase get_conn() -> object[00m
2024-08-23 04:34:25,570 - DEBUG - [34m DirPathManager get_db_project_dirpath() -> str: C:/Users/hayar/Documents/AutoExecDoc Projects/Алло\project.db[00m
2024-08-23 04:34:25,571 - DEBUG - [34m ProjectDatabase get_fetchone(cursor, conn) -> list[00m
2024-08-23 04:34:25,571 - DEBUG - [34m ProjectDatabase get_project_node() -> object:
result = {'id_node': 0, 'name_node': 'Проект', 'id_parent': None, 'order_node': '0', 'type_node': 'PROJECT', 'id_active_template': None, 'included': 1}[00m
2024-08-23 04:34:25,572 - DEBUG - [34m ProjectDatabase get_conn() -> object[00m
2024-08-23 04:34:25,572 - DEBUG - [34m DirPathManager get_db_project_dirpath() -> str: C:/Users/hayar/Documents/AutoExecDoc Projects/Алло\project.db[00m
2024-08-23 04:34:25,573 - DEBUG - [34m ProjectDatabase get_fetchall(cursor, conn) -> list[00m
2024-08-23 04:34:25,573 - DEBUG - [34m ProjectDatabase get_group_nodes() -> list:
result = [{'id_node': 3, 'name_node': 'Ранетки', 'id_parent': 0, 'order_node': '0', 'type_node': 'GROUP', 'id_active_template': None, 'included': 1}][00m
2024-08-23 04:34:25,573 - DEBUG - [34m ProjectDatabase get_conn() -> object[00m
2024-08-23 04:34:25,573 - DEBUG - [34m DirPathManager get_db_project_dirpath() -> str: C:/Users/hayar/Documents/AutoExecDoc Projects/Алло\project.db[00m
2024-08-23 04:34:25,574 - DEBUG - [34m ProjectDatabase get_fetchall(cursor, conn) -> list[00m
2024-08-23 04:34:25,575 - DEBUG - [34m ProjectDatabase get_form_nodes() -> list:
result = [{'id_node': 4, 'name_node': 'Раз', 'id_parent': 3, 'order_node': '0', 'type_node': 'FORM', 'id_active_template': 18, 'included': 1}][00m
2024-08-23 04:34:25,593 - DEBUG - [34m Icons get_icons(size):
size = 16[00m
2024-08-23 04:34:25,594 - DEBUG - [34m VariablesListDialogWindow config()[00m
2024-08-23 04:34:25,630 - DEBUG - [34m VariablesListDialogWindow config_tws()[00m
2024-08-23 04:34:25,630 - DEBUG - [34m VariablesListDialogWindow config_tw(self, tw):
table_widget = <PySide6.QtWidgets.QTableWidget(0x1b35d1f3630, name="table_project_variables") at 0x000001B354878640>[00m
2024-08-23 04:34:25,637 - DEBUG - [34m VariablesListDialogWindow config_tw(self, tw):
table_widget = <PySide6.QtWidgets.QTableWidget(0x1b350569630, name="table_group_variables") at 0x000001B354880180>[00m
2024-08-23 04:34:25,637 - DEBUG - [34m VariablesListDialogWindow config_tw(self, tw):
table_widget = <PySide6.QtWidgets.QTableWidget(0x1b35056beb0, name="table_ftp_variables") at 0x000001B3548806C0>[00m
2024-08-23 04:34:25,637 - DEBUG - [34m VariablesListDialogWindow config_tw(self, tw):
table_widget = <PySide6.QtWidgets.QTableWidget(0x1b352e22340, name="table_editor_project_variables") at 0x000001B35B151380>[00m
2024-08-23 04:34:25,637 - DEBUG - [34m VariablesListDialogWindow config_tw(self, tw):
table_widget = <PySide6.QtWidgets.QTableWidget(0x1b350569480, name="table_editor_group_variables") at 0x000001B354878E40>[00m
2024-08-23 04:34:25,637 - DEBUG - [34m VariablesListDialogWindow config_tw(self, tw):
table_widget = <PySide6.QtWidgets.QTableWidget(0x1b35056c330, name="table_editor_ftp_variables") at 0x000001B354880100>[00m
2024-08-23 04:34:25,642 - DEBUG - [34m VariablesListDialogWindow connecting_actions()[00m
2024-08-23 04:34:25,643 - DEBUG - [34m VariablesListDialogWindow show_tab_project()[00m
2024-08-23 04:34:25,643 - DEBUG - [34m VariablesListDialogWindow caf_two_tables(self, type_table):
type_table = project_variables[00m
2024-08-23 04:34:25,644 - DEBUG - [34m VariablesListDialogWindow caf_table(self, type_table, editor):
type_table = project_variables
editor = False[00m
2024-08-23 04:34:25,645 - DEBUG - [34m VariablesListDialogWindow get_table_by_parameters(self, type_table, editor):
type_table = project_variables
editor = False[00m
2024-08-23 04:34:25,645 - DEBUG - [34m ProjectDatabase get_conn() -> object[00m
2024-08-23 04:34:25,645 - DEBUG - [34m DirPathManager get_db_project_dirpath() -> str: C:/Users/hayar/Documents/AutoExecDoc Projects/Алло\project.db[00m
2024-08-23 04:34:25,646 - DEBUG - [34m ProjectDatabase get_fetchall(cursor, conn) -> list[00m
2024-08-23 04:34:25,647 - DEBUG - [34m ProjectDatabase get_node_data(node) -> list: node = {'id_node': 0, 'name_node': 'Проект', 'id_parent': None, 'order_node': '0', 'type_node': 'PROJECT', 'id_active_template': None, 'included': 1}
result = [{'id_pair': 3, 'id_node': 0, 'id_variable': 1, 'name_variable': None, 'value_pair': '10.10.2010'}][00m
2024-08-23 04:34:25,647 - DEBUG - [34m ProjectDatabase get_conn() -> object[00m
2024-08-23 04:34:25,648 - DEBUG - [34m DirPathManager get_db_project_dirpath() -> str: C:/Users/hayar/Documents/AutoExecDoc Projects/Алло\project.db[00m
2024-08-23 04:34:25,648 - DEBUG - [34m ProjectDatabase get_fetchone(cursor, conn) -> list[00m
2024-08-23 04:34:25,648 - DEBUG - [34m ProjectDatabase get_config_variable(id_variable) -> list: id_variable = 1
result = {'id_variable': 1, 'name_variable': 'участок', 'type_variable': 'DATE', 'title_variable': 'участок', 'order_variable': 0, 'config_variable': '{"FORMAT": ""}', 'description_variable': '', 'is_global': None}[00m
2024-08-23 04:34:25,649 - DEBUG - [34m VariablesListDialogWindow get_data_by_parameters(self, type_table, editor):
type_table = project_variables
editor = False
data = [{'id_variable': 1, 'name_variable': 'участок', 'type_variable': 'DATE', 'title_variable': 'участок', 'order_variable': 0, 'config_variable': '{"FORMAT": ""}', 'description_variable': '', 'is_global': None}][00m
2024-08-23 04:34:25,650 - DEBUG - [34m VariablesListDialogWindow caf_table(self, type_table, editor):
type_table = project_variables
editor = True[00m
2024-08-23 04:34:25,650 - DEBUG - [34m VariablesListDialogWindow get_table_by_parameters(self, type_table, editor):
type_table = project_variables
editor = True[00m
2024-08-23 04:34:25,651 - DEBUG - [34m ProjectDatabase get_conn() -> object[00m
2024-08-23 04:34:25,652 - DEBUG - [34m DirPathManager get_db_project_dirpath() -> str: C:/Users/hayar/Documents/AutoExecDoc Projects/Алло\project.db[00m
2024-08-23 04:34:25,652 - DEBUG - [34m ProjectDatabase get_fetchall(cursor, conn) -> list[00m
2024-08-23 04:34:25,653 - DEBUG - [34m ProjectDatabase get_node_data(node) -> list: node = {'id_node': 0, 'name_node': 'Проект', 'id_parent': None, 'order_node': '0', 'type_node': 'PROJECT', 'id_active_template': None, 'included': 1}
result = [{'id_pair': 3, 'id_node': 0, 'id_variable': 1, 'name_variable': None, 'value_pair': '10.10.2010'}][00m
2024-08-23 04:34:25,653 - DEBUG - [34m ProjectDatabase get_conn() -> object[00m
2024-08-23 04:34:25,653 - DEBUG - [34m DirPathManager get_db_project_dirpath() -> str: C:/Users/hayar/Documents/AutoExecDoc Projects/Алло\project.db[00m
2024-08-23 04:34:25,654 - DEBUG - [34m ProjectDatabase get_fetchone(cursor, conn) -> list[00m
2024-08-23 04:34:25,654 - DEBUG - [34m ProjectDatabase get_config_variable(id_variable) -> list: id_variable = 1
result = {'id_variable': 1, 'name_variable': 'участок', 'type_variable': 'DATE', 'title_variable': 'участок', 'order_variable': 0, 'config_variable': '{"FORMAT": ""}', 'description_variable': '', 'is_global': None}[00m
2024-08-23 04:34:25,655 - DEBUG - [34m ProjectDatabase get_conn() -> object[00m
2024-08-23 04:34:25,655 - DEBUG - [34m DirPathManager get_db_project_dirpath() -> str: C:/Users/hayar/Documents/AutoExecDoc Projects/Алло\project.db[00m
2024-08-23 04:34:25,655 - DEBUG - [34m ProjectDatabase get_fetchall(cursor, conn) -> list[00m
2024-08-23 04:34:25,656 - DEBUG - [34m ProjectDatabase get_variables() -> list
result = [{'id_variable': 1, 'name_variable': 'участок', 'type_variable': 'DATE', 'title_variable': 'участок', 'order_variable': 0, 'config_variable': '{"FORMAT": ""}', 'description_variable': '', 'is_global': None}, {'id_variable': 2, 'name_variable': 'номер_кабеля', 'type_variable': 'TEXT', 'title_variable': 'номер_кабеля', 'order_variable': 1, 'config_variable': None, 'description_variable': '', 'is_global': None}, {'id_variable': 3, 'name_variable': 'название_компании', 'type_variable': 'TEXT', 'title_variable': 'название_компании', 'order_variable': 2, 'config_variable': None, 'description_variable': '', 'is_global': None}, {'id_variable': 4, 'name_variable': 'адрес_компании', 'type_variable': 'TEXT', 'title_variable': 'адрес_компании', 'order_variable': 3, 'config_variable': None, 'description_variable': '', 'is_global': None}, {'id_variable': 5, 'name_variable': 'строительно_монтажная_организация', 'type_variable': 'TEXT', 'title_variable': 'строительно_монтажная_организация', 'order_variable': 4, 'config_variable': None, 'description_variable': '', 'is_global': None}][00m
2024-08-23 04:34:25,657 - DEBUG - [34m VariablesListDialogWindow get_data_by_parameters(self, type_table, editor):
type_table = project_variables
editor = True
editor_data = [{'id_variable': 1, 'name_variable': 'участок', 'type_variable': 'DATE', 'title_variable': 'участок', 'order_variable': 0, 'config_variable': '{"FORMAT": ""}', 'description_variable': '', 'is_global': None, '_checked': True}, {'id_variable': 2, 'name_variable': 'номер_кабеля', 'type_variable': 'TEXT', 'title_variable': 'номер_кабеля', 'order_variable': 1, 'config_variable': None, 'description_variable': '', 'is_global': None, '_checked': False}, {'id_variable': 3, 'name_variable': 'название_компании', 'type_variable': 'TEXT', 'title_variable': 'название_компании', 'order_variable': 2, 'config_variable': None, 'description_variable': '', 'is_global': None, '_checked': False}, {'id_variable': 4, 'name_variable': 'адрес_компании', 'type_variable': 'TEXT', 'title_variable': 'адрес_компании', 'order_variable': 3, 'config_variable': None, 'description_variable': '', 'is_global': None, '_checked': False}, {'id_variable': 5, 'name_variable': 'строительно_монтажная_организация', 'type_variable': 'TEXT', 'title_variable': 'строительно_монтажная_организация', 'order_variable': 4, 'config_variable': None, 'description_variable': '', 'is_global': None, '_checked': False}][00m
2024-08-23 04:34:29,929 - DEBUG - [34m VariablesListDialogWindow edit_variable(btn):
btn = <PySide6.QtWidgets.QPushButton(0x1b35d47ce70) at 0x000001B35488AFC0>[00m
2024-08-23 04:34:29,929 - DEBUG - [34m NedVariableDialogWindow(osbm, type_window):
type_window = edit
variable = {'id_variable': 2, 'name_variable': 'номер_кабеля', 'type_variable': 'TEXT', 'title_variable': 'номер_кабеля', 'order_variable': 1, 'config_variable': None, 'description_variable': '', 'is_global': None, '_checked': False}[00m
2024-08-23 04:34:29,929 - DEBUG - [34m NedVariableDialogWindow config_combox_typevariable()[00m
2024-08-23 04:34:29,929 - DEBUG - [34m VariableTypes get_variable_types()[00m
2024-08-23 04:34:29,929 - DEBUG - [34m VariableTypes get_index_by_data(data):
type_variable = TEXT
 result = 0[00m
2024-08-23 04:34:29,929 - DEBUG - [34m NedVariableDialogWindow config_combox_neighboor()[00m
2024-08-23 04:34:29,942 - DEBUG - [34m NedVariableDialogWindow config_by_type_window()[00m
2024-08-23 04:34:29,942 - DEBUG - [34m NedVariableDialogWindow config_additional_info(index):
index = None[00m
2024-08-23 04:34:29,943 - DEBUG - [34m VariableTypes get_index_by_data(data):
type_variable = TEXT
 result = 0[00m
2024-08-23 04:34:29,943 - DEBUG - [34m NedVariableDialogWindow connecting_actions()[00m
2024-08-23 04:34:29,958 - DEBUG - [34m ResizeQt set_resize(widget)[00m
2024-08-23 04:34:32,228 - DEBUG - [34m NedVariableDialogWindow on_combox_typevariable_changed(index):
index = 1[00m
2024-08-23 04:34:32,228 - DEBUG - [34m NedVariableDialogWindow config_additional_info(index):
index = 1[00m
2024-08-23 04:34:32,228 - DEBUG - [34m NedDateVariable __init__(osbm, type_window, variable=None):
type_window = edit
variable = {'id_variable': 2, 'name_variable': 'номер_кабеля', 'type_variable': 'TEXT', 'title_variable': 'номер_кабеля', 'order_variable': 1, 'config_variable': None, 'description_variable': '', 'is_global': None, '_checked': False}[00m
2024-08-23 04:34:32,228 - DEBUG - [34m NedDateVariable config_lineedit_format()[00m
2024-08-23 04:34:32,243 - DEBUG - [34m ResizeQt set_resize(widget)[00m
2024-08-23 04:34:32,992 - DEBUG - [34m NedVariableDialogWindow on_combox_typevariable_changed(index):
index = 0[00m
2024-08-23 04:34:32,998 - DEBUG - [34m NedVariableDialogWindow config_additional_info(index):
index = 0[00m
2024-08-23 04:34:33,000 - DEBUG - [34m ResizeQt set_resize(widget)[00m
2024-08-23 04:34:34,048 - DEBUG - [34m NedVariableDialogWindow on_combox_typevariable_changed(index):
index = 1[00m
2024-08-23 04:34:34,048 - DEBUG - [34m NedVariableDialogWindow config_additional_info(index):
index = 1[00m
2024-08-23 04:34:34,048 - DEBUG - [34m NedDateVariable __init__(osbm, type_window, variable=None):
type_window = edit
variable = {'id_variable': 2, 'name_variable': 'номер_кабеля', 'type_variable': 'TEXT', 'title_variable': 'номер_кабеля', 'order_variable': 1, 'config_variable': None, 'description_variable': '', 'is_global': None, '_checked': False}[00m
2024-08-23 04:34:34,055 - DEBUG - [34m NedDateVariable config_lineedit_format()[00m
2024-08-23 04:34:34,063 - DEBUG - [34m ResizeQt set_resize(widget)[00m
2024-08-23 04:34:35,020 - DEBUG - [34m NedVariableDialogWindow on_combox_typevariable_changed(index):
index = 0[00m
2024-08-23 04:34:35,020 - DEBUG - [34m NedVariableDialogWindow config_additional_info(index):
index = 0[00m
2024-08-23 04:34:35,020 - DEBUG - [34m ResizeQt set_resize(widget)[00m
2024-08-23 04:34:38,678 - DEBUG - [34m NedVariableDialogWindow on_combox_typevariable_changed(index):
index = 1[00m
2024-08-23 04:34:38,678 - DEBUG - [34m NedVariableDialogWindow config_additional_info(index):
index = 1[00m
2024-08-23 04:34:38,680 - DEBUG - [34m NedDateVariable __init__(osbm, type_window, variable=None):
type_window = edit
variable = {'id_variable': 2, 'name_variable': 'номер_кабеля', 'type_variable': 'TEXT', 'title_variable': 'номер_кабеля', 'order_variable': 1, 'config_variable': None, 'description_variable': '', 'is_global': None, '_checked': False}[00m
2024-08-23 04:34:38,680 - DEBUG - [34m NedDateVariable config_lineedit_format()[00m
2024-08-23 04:34:38,680 - DEBUG - [34m ResizeQt set_resize(widget)[00m
2024-08-23 04:34:39,326 - DEBUG - [34m NedVariableDialogWindow on_combox_typevariable_changed(index):
index = 0[00m
2024-08-23 04:34:39,326 - DEBUG - [34m NedVariableDialogWindow config_additional_info(index):
index = 0[00m
2024-08-23 04:34:39,326 - DEBUG - [34m ResizeQt set_resize(widget)[00m
2024-08-23 04:34:44,479 - DEBUG - [34m NedVariableDialogWindow on_combox_typevariable_changed(index):
index = 1[00m
2024-08-23 04:34:44,479 - DEBUG - [34m NedVariableDialogWindow config_additional_info(index):
index = 1[00m
2024-08-23 04:34:44,479 - DEBUG - [34m NedDateVariable __init__(osbm, type_window, variable=None):
type_window = edit
variable = {'id_variable': 2, 'name_variable': 'номер_кабеля', 'type_variable': 'TEXT', 'title_variable': 'номер_кабеля', 'order_variable': 1, 'config_variable': None, 'description_variable': '', 'is_global': None, '_checked': False}[00m
2024-08-23 04:34:44,479 - DEBUG - [34m NedDateVariable config_lineedit_format()[00m
2024-08-23 04:34:44,497 - DEBUG - [34m ResizeQt set_resize(widget)[00m
2024-08-23 04:34:45,508 - DEBUG - [34m NedVariableDialogWindow on_combox_typevariable_changed(index):
index = 0[00m
2024-08-23 04:34:45,508 - DEBUG - [34m NedVariableDialogWindow config_additional_info(index):
index = 0[00m
2024-08-23 04:34:45,508 - DEBUG - [34m ResizeQt set_resize(widget)[00m
2024-08-23 04:34:46,417 - DEBUG - [34m NedVariableDialogWindow on_combox_typevariable_changed(index):
index = 2[00m
2024-08-23 04:34:46,424 - DEBUG - [34m NedVariableDialogWindow config_additional_info(index):
index = 2[00m
2024-08-23 04:34:46,424 - DEBUG - [34m NedTableVariable __init__(osbm, type_window)[00m
2024-08-23 04:34:46,424 - DEBUG - [34m NedTableVariable config_combox_typetable()[00m
2024-08-23 04:34:46,424 - DEBUG - [34m TableTypes get_table_types()[00m
2024-08-23 04:34:46,424 - DEBUG - [34m NedTableVariable config_lw_attrs()[00m
2024-08-23 04:34:46,424 - DEBUG - [34m NedTableVariable config_by_type_window()[00m
2024-08-23 04:34:46,424 - DEBUG - [34m TableTypes get_index_by_data(data):
data = None
 result = 0[00m
2024-08-23 04:34:46,430 - DEBUG - [34m NedTableVariable typetable_changed(index):
index = 0[00m
2024-08-23 04:34:46,430 - DEBUG - [34m TableTypes get_is_edit_rowcols_by_index(index):
index = 0
 result = False[00m
2024-08-23 04:34:46,431 - DEBUG - [34m NedTableVariable connecting_actions()[00m
2024-08-23 04:34:46,442 - DEBUG - [34m ResizeQt set_resize(widget)[00m
2024-08-23 04:34:47,314 - DEBUG - [34m NedVariableDialogWindow on_combox_typevariable_changed(index):
index = 3[00m
2024-08-23 04:34:47,314 - DEBUG - [34m NedVariableDialogWindow config_additional_info(index):
index = 3[00m
2024-08-23 04:34:47,314 - DEBUG - [34m NedImageVariable __init__(osbm, type_window, variable=None):
type_window = edit
variable = {'id_variable': 2, 'name_variable': 'номер_кабеля', 'type_variable': 'TEXT', 'title_variable': 'номер_кабеля', 'order_variable': 1, 'config_variable': None, 'description_variable': '', 'is_global': None, '_checked': False}[00m
2024-08-23 04:34:47,320 - DEBUG - [34m NedImageVariable config_combox_units()[00m
2024-08-23 04:34:47,320 - DEBUG - [34m Units get_units()[00m
2024-08-23 04:34:47,320 - DEBUG - [34m NedImageVariable config_combox_sms()[00m
2024-08-23 04:34:47,324 - DEBUG - [34m SizingModes get_sizing_modes()[00m
2024-08-23 04:34:47,324 - DEBUG - [34m NedImageVariable config_by_type_window()[00m
2024-08-23 04:34:47,324 - DEBUG - [34m Units get_index_unit_by_data(data):
data_unit = None
 result = 0[00m
2024-08-23 04:34:47,325 - DEBUG - [34m SizingModes get_index_sizing_mode_by_data(data):
data_sizing_mode = None
 result = 0[00m
2024-08-23 04:34:47,325 - DEBUG - [34m NedImageVariable combox_sms_index_changed(index): index = 0[00m
2024-08-23 04:34:47,325 - DEBUG - [34m SizingModes get_is_wh_by_index(index):
index = 0
 result = False[00m
2024-08-23 04:34:47,325 - DEBUG - [34m NedImageVariable connecting_actions()[00m
2024-08-23 04:34:47,343 - DEBUG - [34m ResizeQt set_resize(widget)[00m
2024-08-23 04:34:48,113 - DEBUG - [34m NedVariableDialogWindow on_combox_typevariable_changed(index):
index = 0[00m
2024-08-23 04:34:48,113 - DEBUG - [34m NedVariableDialogWindow config_additional_info(index):
index = 0[00m
2024-08-23 04:34:48,119 - DEBUG - [34m ResizeQt set_resize(widget)[00m
2024-08-23 04:34:49,674 - DEBUG - [34m MainWindow update_main_window()[00m
2024-08-23 04:34:49,675 - DEBUG - [34m TWStructureExecDoc update_structure_exec_doc()[00m
2024-08-23 04:34:49,675 - DEBUG - [34m TWStructureExecDoc get_current_node()[00m
2024-08-23 04:34:49,675 - DEBUG - [34m TWStructureExecDoc clear_tr_sed()[00m
2024-08-23 04:34:49,676 - DEBUG - [34m SettingsDatabase get_conn() -> object[00m
2024-08-23 04:34:49,676 - DEBUG - [34m DirPathManager get_db_settings_dirpath() -> str: d:\work\project\AutoExecDoc\db\settings.db[00m
2024-08-23 04:34:49,677 - DEBUG - [34m SettingsDatabase get_fetchone(cursor, conn) -> list[00m
2024-08-23 04:34:49,677 - DEBUG - [34m SettingsDatabase get_project_current_name():
result = {'value_setting': 'Алло'}[00m
2024-08-23 04:34:49,678 - DEBUG - [34m ProjectDatabase get_conn() -> object[00m
2024-08-23 04:34:49,678 - DEBUG - [34m DirPathManager get_db_project_dirpath() -> str: C:/Users/hayar/Documents/AutoExecDoc Projects/Алло\project.db[00m
2024-08-23 04:34:49,678 - DEBUG - [34m ProjectDatabase get_fetchone(cursor, conn) -> list[00m
2024-08-23 04:34:49,679 - DEBUG - [34m ProjectDatabase get_project_node() -> object:
result = {'id_node': 0, 'name_node': 'Проект', 'id_parent': None, 'order_node': '0', 'type_node': 'PROJECT', 'id_active_template': None, 'included': 1}[00m
2024-08-23 04:34:49,679 - DEBUG - [34m TWStructureExecDoc dfs(parent_node):
parent_node = {'id_node': 0, 'name_node': 'Проект', 'id_parent': None, 'order_node': '0', 'type_node': 'PROJECT', 'id_active_template': None, 'included': 1}
 open_node = {'id_active_template': None, 'id_node': 3, 'id_parent': 0, 'included': 1, 'name_node': 'Ранетки', 'order_node': '0', 'type_node': 'GROUP'}[00m
2024-08-23 04:34:49,679 - DEBUG - [34m ProjectDatabase get_conn() -> object[00m
2024-08-23 04:34:49,679 - DEBUG - [34m DirPathManager get_db_project_dirpath() -> str: C:/Users/hayar/Documents/AutoExecDoc Projects/Алло\project.db[00m
2024-08-23 04:34:49,680 - DEBUG - [34m ProjectDatabase get_fetchall(cursor, conn) -> list[00m
2024-08-23 04:34:49,681 - DEBUG - [34m ProjectDatabase get_childs(parent_node) -> list: parent_node = {'id_node': 0, 'name_node': 'Проект', 'id_parent': None, 'order_node': '0', 'type_node': 'PROJECT', 'id_active_template': None, 'included': 1}
result = [{'id_node': 3, 'name_node': 'Ранетки', 'id_parent': 0, 'order_node': '0', 'type_node': 'GROUP', 'id_active_template': None, 'included': 1}][00m
2024-08-23 04:34:49,681 - DEBUG - [34m TWStructureExecDoc set_item_in_nodes_to_items(node):
node = {'id_node': 3, 'name_node': 'Ранетки', 'id_parent': 0, 'order_node': '0', 'type_node': 'GROUP', 'id_active_template': None, 'included': 1}[00m
2024-08-23 04:34:49,682 - DEBUG - [34m TWStructureExecDoc add_item_in_tree_widget(node):
node = {'id_node': 3, 'name_node': 'Ранетки', 'id_parent': 0, 'order_node': '0', 'type_node': 'GROUP', 'id_active_template': None, 'included': 1}[00m
2024-08-23 04:34:49,683 - DEBUG - [34m TWStructureExecDoc get_text_by_node(item, node):
item = <PySide6.QtWidgets.QTreeWidgetItem object at 0x000001B35489CB40>,
node = {'id_node': 3, 'name_node': 'Ранетки', 'id_parent': 0, 'order_node': '0', 'type_node': 'GROUP', 'id_active_template': None, 'included': 1}[00m
2024-08-23 04:34:49,683 - DEBUG - [34m TWStructureExecDoc set_expanded_for_item(item, node):
item = <PySide6.QtWidgets.QTreeWidgetItem object at 0x000001B35489CB40>,
node = {'id_node': 3, 'name_node': 'Ранетки', 'id_parent': 0, 'order_node': '0', 'type_node': 'GROUP', 'id_active_template': None, 'included': 1}[00m
2024-08-23 04:34:49,684 - DEBUG - [34m TWStructureExecDoc dfs(parent_node):
parent_node = {'id_node': 3, 'name_node': 'Ранетки', 'id_parent': 0, 'order_node': '0', 'type_node': 'GROUP', 'id_active_template': None, 'included': 1}
 open_node = {'id_active_template': None, 'id_node': 3, 'id_parent': 0, 'included': 1, 'name_node': 'Ранетки', 'order_node': '0', 'type_node': 'GROUP'}[00m
2024-08-23 04:34:49,684 - DEBUG - [34m ProjectDatabase get_conn() -> object[00m
2024-08-23 04:34:49,685 - DEBUG - [34m DirPathManager get_db_project_dirpath() -> str: C:/Users/hayar/Documents/AutoExecDoc Projects/Алло\project.db[00m
2024-08-23 04:34:49,686 - DEBUG - [34m ProjectDatabase get_fetchall(cursor, conn) -> list[00m
2024-08-23 04:34:49,686 - DEBUG - [34m ProjectDatabase get_childs(parent_node) -> list: parent_node = {'id_node': 3, 'name_node': 'Ранетки', 'id_parent': 0, 'order_node': '0', 'type_node': 'GROUP', 'id_active_template': None, 'included': 1}
result = [{'id_node': 4, 'name_node': 'Раз', 'id_parent': 3, 'order_node': '0', 'type_node': 'FORM', 'id_active_template': 18, 'included': 1}][00m
2024-08-23 04:34:49,686 - DEBUG - [34m TWStructureExecDoc set_item_in_nodes_to_items(node):
node = {'id_node': 4, 'name_node': 'Раз', 'id_parent': 3, 'order_node': '0', 'type_node': 'FORM', 'id_active_template': 18, 'included': 1}[00m
2024-08-23 04:34:49,687 - DEBUG - [34m TWStructureExecDoc add_item_in_tree_widget(node):
node = {'id_node': 4, 'name_node': 'Раз', 'id_parent': 3, 'order_node': '0', 'type_node': 'FORM', 'id_active_template': 18, 'included': 1}[00m
2024-08-23 04:34:49,687 - DEBUG - [34m TWStructureExecDoc get_text_by_node(item, node):
item = <PySide6.QtWidgets.QTreeWidgetItem object at 0x000001B356650200>,
node = {'id_node': 4, 'name_node': 'Раз', 'id_parent': 3, 'order_node': '0', 'type_node': 'FORM', 'id_active_template': 18, 'included': 1}[00m
2024-08-23 04:34:49,687 - DEBUG - [34m TWStructureExecDoc set_expanded_for_item(item, node):
item = <PySide6.QtWidgets.QTreeWidgetItem object at 0x000001B356650200>,
node = {'id_node': 4, 'name_node': 'Раз', 'id_parent': 3, 'order_node': '0', 'type_node': 'FORM', 'id_active_template': 18, 'included': 1}[00m
2024-08-23 04:34:49,688 - DEBUG - [34m TWStructureExecDoc dfs(parent_node):
parent_node = {'id_node': 4, 'name_node': 'Раз', 'id_parent': 3, 'order_node': '0', 'type_node': 'FORM', 'id_active_template': 18, 'included': 1}
 open_node = {'id_active_template': None, 'id_node': 3, 'id_parent': 0, 'included': 1, 'name_node': 'Ранетки', 'order_node': '0', 'type_node': 'GROUP'}[00m
2024-08-23 04:34:49,688 - DEBUG - [34m ProjectDatabase get_conn() -> object[00m
2024-08-23 04:34:49,688 - DEBUG - [34m DirPathManager get_db_project_dirpath() -> str: C:/Users/hayar/Documents/AutoExecDoc Projects/Алло\project.db[00m
2024-08-23 04:34:49,689 - DEBUG - [34m ProjectDatabase get_fetchall(cursor, conn) -> list[00m
2024-08-23 04:34:49,689 - DEBUG - [34m ProjectDatabase get_childs(parent_node) -> list: parent_node = {'id_node': 4, 'name_node': 'Раз', 'id_parent': 3, 'order_node': '0', 'type_node': 'FORM', 'id_active_template': 18, 'included': 1}
result = [][00m
2024-08-23 04:34:49,689 - DEBUG - [34m TWStructureExecDoc get_current_node()[00m
2024-08-23 04:34:49,689 - DEBUG - [34m ComboxTemplates update_combox_templates(node):
node = {'id_active_template': None, 'id_node': 3, 'id_parent': 0, 'included': 1, 'name_node': 'Ранетки', 'order_node': '0', 'type_node': 'GROUP'}[00m
2024-08-23 04:34:49,691 - DEBUG - [34m ProjectDatabase get_conn() -> object[00m
2024-08-23 04:34:49,691 - DEBUG - [34m DirPathManager get_db_project_dirpath() -> str: C:/Users/hayar/Documents/AutoExecDoc Projects/Алло\project.db[00m
2024-08-23 04:34:49,691 - DEBUG - [34m ProjectDatabase get_fetchall(cursor, conn) -> list[00m
2024-08-23 04:34:49,691 - DEBUG - [34m ProjectDatabase get_templates_by_form(form) -> list: form = {'id_node': 3}
result = [][00m
2024-08-23 04:34:49,691 - DEBUG - [34m ComboxTemplates combox_templates_changed(index):
index = 0[00m
2024-08-23 04:34:49,692 - DEBUG - [34m LWPagesTemplate update_pages_template(template):
template = None[00m
2024-08-23 04:34:49,692 - DEBUG - [34m LWPagesTemplate clear_pt()[00m
2024-08-23 04:34:49,692 - DEBUG - [34m LWPagesTemplate get_page_by_current_item()[00m
2024-08-23 04:34:49,692 - DEBUG - [34m SAInputForms update_scrollarea()[00m
2024-08-23 04:34:49,692 - DEBUG - [34m SAInputForms delete_all_widgets_in_sa()[00m
2024-08-23 04:34:50,446 - DEBUG - [34m MainWindow ()[00m
2024-08-23 04:34:50,446 - DEBUG - [34m PdfView set_empty_pdf_view()[00m
2024-08-23 04:34:50,446 - DEBUG - [34m DirPathManager get_temp_dirpath() -> str:[00m
2024-08-23 04:34:50,446 - DEBUG - [34m FileFolderManager clear_temp_folder(is_del_folder):
is_del_folder = True,
temp_dirpath = C:\Users\hayar\AppData\Local\Temp\tmpvh7olxrg[00m
2024-08-23 04:34:50,446 - DEBUG - [34m DirPathManager get_temp_dirpath() -> str:[00m
2024-08-23 04:34:50,456 - DEBUG - [34m OfficePackets terminate_msword()[00m
2024-08-23 04:34:50,456 - DEBUG - [34m MsWordThread terminate_msword()[00m
2024-08-23 04:34:50,458 - ERROR - [31m {message}[00m
