2024-08-21 21:08:09,288 - DEBUG - [34m Config logger[00m
2024-08-21 21:08:09,288 - DEBUG - [34m self.current_directory = d:\work\project\AutoExecDoc[00m
2024-08-21 21:08:09,288 - DEBUG - [34m FileFolderManager create_and_setting_files_and_folders()[00m
2024-08-21 21:08:09,288 - DEBUG - [34m DirPathManager get_default_folder_projects_dirpath() -> str: C:/Users/hayar/Documents\AutoExecDoc Projects[00m
2024-08-21 21:08:09,288 - DEBUG - [34m SettingsDatabase create_and_setting_db_settings()[00m
2024-08-21 21:08:09,297 - DEBUG - [34m DirPathManager get_db_settings_dirpath() -> str: d:\work\project\AutoExecDoc\db\settings.db[00m
2024-08-21 21:08:09,297 - DEBUG - [34m OfficePackets resetting_office_packets()[00m
2024-08-21 21:08:09,319 - DEBUG - [34m MsWordThread __init__()[00m
2024-08-21 21:08:09,332 - DEBUG - [34m OfficePackets run_libreoffice()[00m
2024-08-21 21:08:09,505 - DEBUG - [34m SettingsDatabase get_conn() -> object[00m
2024-08-21 21:08:09,505 - DEBUG - [34m DirPathManager get_db_settings_dirpath() -> str: d:\work\project\AutoExecDoc\db\settings.db[00m
2024-08-21 21:08:09,505 - DEBUG - [34m SettingsDatabase get_fetchone(cursor, conn) -> list[00m
2024-08-21 21:08:09,505 - DEBUG - [34m SettingsDatabase get_libreoffice_path():
result = {'value_setting': 'C:\\Program Files\\LibreOffice\\program\\soffice.exe'}[00m
2024-08-21 21:08:09,505 - DEBUG - [34m MsWordThread initialize_msword()[00m
2024-08-21 21:08:09,505 - DEBUG - [34m MainWindow config()[00m
2024-08-21 21:08:09,520 - DEBUG - [34m MainWindow update_menu_recent_projects()[00m
2024-08-21 21:08:09,520 - DEBUG - [34m SettingsDatabase get_conn() -> object[00m
2024-08-21 21:08:09,520 - DEBUG - [34m DirPathManager get_db_settings_dirpath() -> str: d:\work\project\AutoExecDoc\db\settings.db[00m
2024-08-21 21:08:09,520 - DEBUG - [34m SettingsDatabase get_fetchall(cursor, conn) -> list[00m
2024-08-21 21:08:09,520 - DEBUG - [34m SettingsDatabase get_last_projects():
result = [{'id_project': 46, 'name_project': 'лотус', 'directory_project': 'C:/Users/hayar/Documents/AutoExecDoc Projects/лотус', 'date_create_project': '2024-08-21 02:53:32', 'date_last_open_project': '2024-08-21 21:06:54'}, {'id_project': 45, 'name_project': 'xvxvc', 'directory_project': 'C:/Users/hayar/Documents/AutoExecDoc Projects/xvxvc', 'date_create_project': '2024-08-21 01:47:41', 'date_last_open_project': '2024-08-21 01:47:41'}, {'id_project': 44, 'name_project': 'вапвапавпвыфпв', 'directory_project': 'C:/Users/hayar/Documents/AutoExecDoc Projects/вапвапавпвыфпв', 'date_create_project': '2024-08-19 21:40:35', 'date_last_open_project': '2024-08-21 01:47:31'}, {'id_project': 43, 'name_project': 'Бла-Бла', 'directory_project': 'C:/Users/hayar/Documents/AutoExecDoc Projects/Бла-Бла', 'date_create_project': '2024-08-18 02:19:37', 'date_last_open_project': '2024-08-19 21:29:00'}, {'id_project': 40, 'name_project': 'Привет', 'directory_project': 'C:/Users/hayar/Documents/AutoExecDoc Projects/Привет', 'date_create_project': '2024-08-17 22:45:28', 'date_last_open_project': '2024-08-17 22:45:28'}][00m
2024-08-21 21:08:09,520 - DEBUG - [34m MainWindow config_controllers()[00m
2024-08-21 21:08:09,576 - DEBUG - [34m StatusBar connect_statusbar(statusbar)[00m
2024-08-21 21:08:09,577 - DEBUG - [34m Icons get_icons(size):
size = 12[00m
2024-08-21 21:08:09,578 - DEBUG - [34m StatusBar config_statusbar()[00m
2024-08-21 21:08:09,579 - DEBUG - [34m StatusBar config_msword()[00m
2024-08-21 21:08:09,579 - DEBUG - [34m StatusBar get_red_circle() -> QLabel:
label = <PySide6.QtWidgets.QLabel(0x1d405a4b320) at 0x000001D406B49D00>[00m
2024-08-21 21:08:09,579 - DEBUG - [34m StatusBar get_yellow_circle() -> QLabel:
label = <PySide6.QtWidgets.QLabel(0x1d405a4ac60) at 0x000001D406B49E80>[00m
2024-08-21 21:08:09,579 - DEBUG - [34m StatusBar get_green_circle() -> QLabel:
label = <PySide6.QtWidgets.QLabel(0x1d405a48980) at 0x000001D406B2B400>[00m
2024-08-21 21:08:09,579 - DEBUG - [34m StatusBar config_libreoffice()[00m
2024-08-21 21:08:09,581 - DEBUG - [34m StatusBar get_red_circle() -> QLabel:
label = <PySide6.QtWidgets.QLabel(0x1d405a47a20) at 0x000001D4096B1400>[00m
2024-08-21 21:08:09,582 - DEBUG - [34m StatusBar get_yellow_circle() -> QLabel:
label = <PySide6.QtWidgets.QLabel(0x1d405a48440) at 0x000001D4096B1580>[00m
2024-08-21 21:08:09,583 - DEBUG - [34m StatusBar get_green_circle() -> QLabel:
label = <PySide6.QtWidgets.QLabel(0x1d405a47d20) at 0x000001D4096B17C0>[00m
2024-08-21 21:08:09,593 - DEBUG - [34m StatusBar config_update_statusbar()[00m
2024-08-21 21:08:09,594 - DEBUG - [34m OfficePackets get_status_msword():
self.__status_msword = False[00m
2024-08-21 21:08:09,602 - DEBUG - [34m StatusBar update_status_status_msword_label(status_msword):
status_msword = False[00m
2024-08-21 21:08:09,602 - DEBUG - [34m OfficePackets get_status_libreoffice():
self.__status_libreoffice = False[00m
2024-08-21 21:08:09,602 - DEBUG - [34m StatusBar update_status_libreoffice_label(status_libreoffice):
status_libreoffice = False[00m
2024-08-21 21:08:09,602 - DEBUG - [34m StatusBar set_message(message):
message = Проект не открыт[00m
2024-08-21 21:08:09,602 - DEBUG - [34m SettingsDatabase get_conn() -> object[00m
2024-08-21 21:08:09,609 - DEBUG - [34m DirPathManager get_db_settings_dirpath() -> str: d:\work\project\AutoExecDoc\db\settings.db[00m
2024-08-21 21:08:09,623 - DEBUG - [34m SettingsDatabase get_fetchone(cursor, conn) -> list[00m
2024-08-21 21:08:09,623 - DEBUG - [34m SettingsDatabase get_app_converter():
result = {'value_setting': 'MSWORD'}[00m
2024-08-21 21:08:09,633 - DEBUG - [34m StatusBar update_name_app_converter()[00m
2024-08-21 21:08:09,637 - DEBUG - [34m StatusBar connecting_actions()[00m
2024-08-21 21:08:09,644 - DEBUG - [34m TWStructureExecDoc connect_structureexecdoc(tr_sed)[00m
2024-08-21 21:08:09,644 - DEBUG - [34m Icons get_icons(size):
size = 12[00m
2024-08-21 21:08:09,660 - DEBUG - [34m TWStructureExecDoc clear_tr_sed()[00m
2024-08-21 21:08:09,663 - DEBUG - [34m LWPagesTemplate connect_pages_template(lw_pt):
lw_pt = <PySide6.QtWidgets.QListWidget(0x1d4057e9890, name="lw_pages_template") at 0x000001D406B38880>[00m
2024-08-21 21:08:09,665 - DEBUG - [34m Icons get_icons(size):
size = 12[00m
2024-08-21 21:08:09,672 - DEBUG - [34m LWPagesTemplate clear_pt()[00m
2024-08-21 21:08:09,672 - DEBUG - [34m ComboxTemplates connect_combox_templates(combox_templates):
combox_templates = <PySide6.QtWidgets.QComboBox(0x1d4057ed370, name="combox_templates") at 0x000001D406B38780>[00m
2024-08-21 21:08:09,672 - DEBUG - [34m SAInputForms connect_inputforms(sa_if, sa_ifl):
sa_if = <PySide6.QtWidgets.QScrollArea(0x1d4057f7f90, name="scrollarea_inputforms") at 0x000001D406B38DC0>,
sa_ifl = <PySide6.QtWidgets.QWidget(0x1d402271fe0, name="scrollarea_inputforms_layout") at 0x000001D406B42640>[00m
2024-08-21 21:08:09,679 - DEBUG - [34m PdfView connect_pdfview()[00m
2024-08-21 21:08:09,714 - DEBUG - [34m PdfView config_pdf_view_in_mainwindow()[00m
2024-08-21 21:08:09,716 - DEBUG - [34m MainWindow connecting_actions()[00m
2024-08-21 21:08:09,728 - DEBUG - [34m CommonWithOsmb run()[00m
2024-08-21 21:08:09,731 - DEBUG - [34m Icons get_icons(size):
size = 12[00m
2024-08-21 21:08:09,737 - DEBUG - [34m ResizeQt __init__(osbm)[00m
2024-08-21 21:08:09,739 - DEBUG - [34m OfficePackets update_status_msword(status):
status = None[00m
2024-08-21 21:08:09,742 - DEBUG - [34m StatusBar update_status_status_msword_label(status_msword):
status_msword = None[00m
2024-08-21 21:08:10,033 - DEBUG - [34m OfficePackets update_status_msword(status):
status = True[00m
2024-08-21 21:08:10,033 - DEBUG - [34m StatusBar update_status_status_msword_label(status_msword):
status_msword = True[00m
2024-08-21 21:08:10,749 - DEBUG - [34m Project open_project()[00m
2024-08-21 21:08:10,749 - DEBUG - [34m Project check_project_before_new_or_open()[00m
2024-08-21 21:08:10,755 - DEBUG - [34m DirPathManager get_default_folder_projects_dirpath() -> str: C:/Users/hayar/Documents\AutoExecDoc Projects[00m
2024-08-21 21:08:12,106 - DEBUG - [34m DialogWindows select_folder_for_open_project() -> C:/Users/hayar/Documents/AutoExecDoc Projects/лотус/лотус.aed[00m
2024-08-21 21:08:12,106 - DEBUG - [34m Project set_project_dirpaths(folder_path: str):
folder_path = C:/Users/hayar/Documents/AutoExecDoc Projects/лотус[00m
2024-08-21 21:08:12,110 - DEBUG - [34m DirPathManager set_project_dirpath(dirpath: str):
dirpath = C:/Users/hayar/Documents/AutoExecDoc Projects/лотус[00m
2024-08-21 21:08:12,110 - DEBUG - [34m DirPathManager get_project_dirpath() -> str: C:/Users/hayar/Documents/AutoExecDoc Projects/лотус[00m
2024-08-21 21:08:12,110 - DEBUG - [34m DirPathManager set_db_project_dirpath(dirpath: str):
dirpath = C:/Users/hayar/Documents/AutoExecDoc Projects/лотус\project.db[00m
2024-08-21 21:08:12,110 - DEBUG - [34m Project clear_window_before_new_or_open_project()[00m
2024-08-21 21:08:12,111 - DEBUG - [34m TWStructureExecDoc clear_tr_sed()[00m
2024-08-21 21:08:12,111 - DEBUG - [34m LWPagesTemplate clear_pt()[00m
2024-08-21 21:08:12,111 - DEBUG - [34m PdfView set_empty_pdf_view()[00m
2024-08-21 21:08:12,111 - DEBUG - [34m SAInputForms delete_all_widgets_in_sa()[00m
2024-08-21 21:08:12,112 - DEBUG - [34m Project config_open_project()[00m
2024-08-21 21:08:12,112 - DEBUG - [34m DirPathManager get_project_dirpath() -> str: C:/Users/hayar/Documents/AutoExecDoc Projects/лотус[00m
2024-08-21 21:08:12,112 - DEBUG - [34m SettingsDatabase get_conn() -> object[00m
2024-08-21 21:08:12,112 - DEBUG - [34m DirPathManager get_db_settings_dirpath() -> str: d:\work\project\AutoExecDoc\db\settings.db[00m
2024-08-21 21:08:12,112 - DEBUG - [34m SettingsDatabase set_project_current_name(project_name):
project_name = лотус[00m
2024-08-21 21:08:12,113 - DEBUG - [34m SettingsDatabase add_or_update_open_project_to_db()[00m
2024-08-21 21:08:12,113 - DEBUG - [34m SettingsDatabase get_conn() -> object[00m
2024-08-21 21:08:12,113 - DEBUG - [34m DirPathManager get_db_settings_dirpath() -> str: d:\work\project\AutoExecDoc\db\settings.db[00m
2024-08-21 21:08:12,113 - DEBUG - [34m DirPathManager get_project_dirpath() -> str: C:/Users/hayar/Documents/AutoExecDoc Projects/лотус[00m
2024-08-21 21:08:12,114 - DEBUG - [34m DirPathManager get_project_dirpath() -> str: C:/Users/hayar/Documents/AutoExecDoc Projects/лотус[00m
2024-08-21 21:08:12,114 - DEBUG - [34m SettingsDatabase get_fetchone(cursor, conn) -> list[00m
2024-08-21 21:08:12,114 - DEBUG - [34m SettingsDatabase update_project_to_db()[00m
2024-08-21 21:08:12,114 - DEBUG - [34m SettingsDatabase get_conn() -> object[00m
2024-08-21 21:08:12,114 - DEBUG - [34m DirPathManager get_db_settings_dirpath() -> str: d:\work\project\AutoExecDoc\db\settings.db[00m
2024-08-21 21:08:12,115 - DEBUG - [34m DirPathManager get_project_dirpath() -> str: C:/Users/hayar/Documents/AutoExecDoc Projects/лотус[00m
2024-08-21 21:08:12,115 - DEBUG - [34m DirPathManager get_project_dirpath() -> str: C:/Users/hayar/Documents/AutoExecDoc Projects/лотус[00m
2024-08-21 21:08:12,115 - DEBUG - [34m ProjectDatabase create_and_config_db_project()[00m
2024-08-21 21:08:12,115 - DEBUG - [34m DirPathManager get_db_project_dirpath() -> str: C:/Users/hayar/Documents/AutoExecDoc Projects/лотус\project.db[00m
2024-08-21 21:08:12,116 - DEBUG - [34m ProjectDatabase set_all_included_in_db_project_to_true()[00m
2024-08-21 21:08:12,116 - DEBUG - [34m ProjectDatabase get_conn() -> object[00m
2024-08-21 21:08:12,117 - DEBUG - [34m DirPathManager get_db_project_dirpath() -> str: C:/Users/hayar/Documents/AutoExecDoc Projects/лотус\project.db[00m
2024-08-21 21:08:12,117 - DEBUG - [34m MainWindow update_main_window()[00m
2024-08-21 21:08:12,118 - DEBUG - [34m TWStructureExecDoc update_structure_exec_doc()[00m
2024-08-21 21:08:12,118 - DEBUG - [34m TWStructureExecDoc get_current_node()[00m
2024-08-21 21:08:12,118 - DEBUG - [34m TWStructureExecDoc clear_tr_sed()[00m
2024-08-21 21:08:12,118 - DEBUG - [34m SettingsDatabase get_conn() -> object[00m
2024-08-21 21:08:12,119 - DEBUG - [34m DirPathManager get_db_settings_dirpath() -> str: d:\work\project\AutoExecDoc\db\settings.db[00m
2024-08-21 21:08:12,119 - DEBUG - [34m SettingsDatabase get_fetchone(cursor, conn) -> list[00m
2024-08-21 21:08:12,120 - DEBUG - [34m SettingsDatabase get_project_current_name():
result = {'value_setting': 'лотус'}[00m
2024-08-21 21:08:12,120 - DEBUG - [34m ProjectDatabase get_conn() -> object[00m
2024-08-21 21:08:12,120 - DEBUG - [34m DirPathManager get_db_project_dirpath() -> str: C:/Users/hayar/Documents/AutoExecDoc Projects/лотус\project.db[00m
2024-08-21 21:08:12,121 - DEBUG - [34m ProjectDatabase get_fetchone(cursor, conn) -> list[00m
2024-08-21 21:08:12,122 - DEBUG - [34m ProjectDatabase get_project_node() -> object:
result = {'id_node': 0, 'name_node': 'Проект', 'id_parent': None, 'order_node': '0', 'type_node': 'PROJECT', 'id_active_template': None, 'included': 1}[00m
2024-08-21 21:08:12,123 - DEBUG - [34m TWStructureExecDoc dfs(parent_node):
parent_node = {'id_node': 0, 'name_node': 'Проект', 'id_parent': None, 'order_node': '0', 'type_node': 'PROJECT', 'id_active_template': None, 'included': 1}
 open_node = None[00m
2024-08-21 21:08:12,124 - DEBUG - [34m ProjectDatabase get_conn() -> object[00m
2024-08-21 21:08:12,125 - DEBUG - [34m DirPathManager get_db_project_dirpath() -> str: C:/Users/hayar/Documents/AutoExecDoc Projects/лотус\project.db[00m
2024-08-21 21:08:12,126 - DEBUG - [34m ProjectDatabase get_fetchall(cursor, conn) -> list[00m
2024-08-21 21:08:12,126 - DEBUG - [34m ProjectDatabase get_childs(parent_node) -> list: parent_node = {'id_node': 0, 'name_node': 'Проект', 'id_parent': None, 'order_node': '0', 'type_node': 'PROJECT', 'id_active_template': None, 'included': 1}
result = [{'id_node': 10, 'name_node': 'Титульный лист', 'id_parent': 0, 'order_node': '1', 'type_node': 'FORM', 'id_active_template': 1, 'included': 1}, {'id_node': 11, 'name_node': 'Реестр документации', 'id_parent': 0, 'order_node': '2', 'type_node': 'FORM', 'id_active_template': 2, 'included': 1}, {'id_node': 12, 'name_node': 'Паспорт трассы', 'id_parent': 0, 'order_node': '3', 'type_node': 'GROUP', 'id_active_template': None, 'included': 1}][00m
2024-08-21 21:08:12,126 - DEBUG - [34m TWStructureExecDoc set_item_in_nodes_to_items(node):
node = {'id_node': 10, 'name_node': 'Титульный лист', 'id_parent': 0, 'order_node': '1', 'type_node': 'FORM', 'id_active_template': 1, 'included': 1}[00m
2024-08-21 21:08:12,127 - DEBUG - [34m TWStructureExecDoc add_item_in_tree_widget(node):
node = {'id_node': 10, 'name_node': 'Титульный лист', 'id_parent': 0, 'order_node': '1', 'type_node': 'FORM', 'id_active_template': 1, 'included': 1}[00m
2024-08-21 21:08:12,128 - DEBUG - [34m TWStructureExecDoc get_text_by_node(item, node):
item = <PySide6.QtWidgets.QTreeWidgetItem object at 0x000001D40A698A40>,
node = {'id_node': 10, 'name_node': 'Титульный лист', 'id_parent': 0, 'order_node': '1', 'type_node': 'FORM', 'id_active_template': 1, 'included': 1}[00m
2024-08-21 21:08:12,128 - DEBUG - [34m TWStructureExecDoc set_expanded_for_item(item, node):
item = <PySide6.QtWidgets.QTreeWidgetItem object at 0x000001D40A698A40>,
node = {'id_node': 10, 'name_node': 'Титульный лист', 'id_parent': 0, 'order_node': '1', 'type_node': 'FORM', 'id_active_template': 1, 'included': 1}[00m
2024-08-21 21:08:12,128 - DEBUG - [34m TWStructureExecDoc dfs(parent_node):
parent_node = {'id_node': 10, 'name_node': 'Титульный лист', 'id_parent': 0, 'order_node': '1', 'type_node': 'FORM', 'id_active_template': 1, 'included': 1}
 open_node = None[00m
2024-08-21 21:08:12,130 - DEBUG - [34m ProjectDatabase get_conn() -> object[00m
2024-08-21 21:08:12,130 - DEBUG - [34m DirPathManager get_db_project_dirpath() -> str: C:/Users/hayar/Documents/AutoExecDoc Projects/лотус\project.db[00m
2024-08-21 21:08:12,130 - DEBUG - [34m ProjectDatabase get_fetchall(cursor, conn) -> list[00m
2024-08-21 21:08:12,131 - DEBUG - [34m ProjectDatabase get_childs(parent_node) -> list: parent_node = {'id_node': 10, 'name_node': 'Титульный лист', 'id_parent': 0, 'order_node': '1', 'type_node': 'FORM', 'id_active_template': 1, 'included': 1}
result = [][00m
2024-08-21 21:08:12,132 - DEBUG - [34m TWStructureExecDoc set_item_in_nodes_to_items(node):
node = {'id_node': 11, 'name_node': 'Реестр документации', 'id_parent': 0, 'order_node': '2', 'type_node': 'FORM', 'id_active_template': 2, 'included': 1}[00m
2024-08-21 21:08:12,133 - DEBUG - [34m TWStructureExecDoc add_item_in_tree_widget(node):
node = {'id_node': 11, 'name_node': 'Реестр документации', 'id_parent': 0, 'order_node': '2', 'type_node': 'FORM', 'id_active_template': 2, 'included': 1}[00m
2024-08-21 21:08:12,133 - DEBUG - [34m TWStructureExecDoc get_text_by_node(item, node):
item = <PySide6.QtWidgets.QTreeWidgetItem object at 0x000001D40A6A7680>,
node = {'id_node': 11, 'name_node': 'Реестр документации', 'id_parent': 0, 'order_node': '2', 'type_node': 'FORM', 'id_active_template': 2, 'included': 1}[00m
2024-08-21 21:08:12,134 - DEBUG - [34m TWStructureExecDoc set_expanded_for_item(item, node):
item = <PySide6.QtWidgets.QTreeWidgetItem object at 0x000001D40A6A7680>,
node = {'id_node': 11, 'name_node': 'Реестр документации', 'id_parent': 0, 'order_node': '2', 'type_node': 'FORM', 'id_active_template': 2, 'included': 1}[00m
2024-08-21 21:08:12,134 - DEBUG - [34m TWStructureExecDoc dfs(parent_node):
parent_node = {'id_node': 11, 'name_node': 'Реестр документации', 'id_parent': 0, 'order_node': '2', 'type_node': 'FORM', 'id_active_template': 2, 'included': 1}
 open_node = None[00m
2024-08-21 21:08:12,135 - DEBUG - [34m ProjectDatabase get_conn() -> object[00m
2024-08-21 21:08:12,136 - DEBUG - [34m DirPathManager get_db_project_dirpath() -> str: C:/Users/hayar/Documents/AutoExecDoc Projects/лотус\project.db[00m
2024-08-21 21:08:12,136 - DEBUG - [34m ProjectDatabase get_fetchall(cursor, conn) -> list[00m
2024-08-21 21:08:12,137 - DEBUG - [34m ProjectDatabase get_childs(parent_node) -> list: parent_node = {'id_node': 11, 'name_node': 'Реестр документации', 'id_parent': 0, 'order_node': '2', 'type_node': 'FORM', 'id_active_template': 2, 'included': 1}
result = [][00m
2024-08-21 21:08:12,138 - DEBUG - [34m TWStructureExecDoc set_item_in_nodes_to_items(node):
node = {'id_node': 12, 'name_node': 'Паспорт трассы', 'id_parent': 0, 'order_node': '3', 'type_node': 'GROUP', 'id_active_template': None, 'included': 1}[00m
2024-08-21 21:08:12,138 - DEBUG - [34m TWStructureExecDoc add_item_in_tree_widget(node):
node = {'id_node': 12, 'name_node': 'Паспорт трассы', 'id_parent': 0, 'order_node': '3', 'type_node': 'GROUP', 'id_active_template': None, 'included': 1}[00m
2024-08-21 21:08:12,138 - DEBUG - [34m TWStructureExecDoc get_text_by_node(item, node):
item = <PySide6.QtWidgets.QTreeWidgetItem object at 0x000001D40A6BC980>,
node = {'id_node': 12, 'name_node': 'Паспорт трассы', 'id_parent': 0, 'order_node': '3', 'type_node': 'GROUP', 'id_active_template': None, 'included': 1}[00m
2024-08-21 21:08:12,138 - DEBUG - [34m TWStructureExecDoc set_expanded_for_item(item, node):
item = <PySide6.QtWidgets.QTreeWidgetItem object at 0x000001D40A6BC980>,
node = {'id_node': 12, 'name_node': 'Паспорт трассы', 'id_parent': 0, 'order_node': '3', 'type_node': 'GROUP', 'id_active_template': None, 'included': 1}[00m
2024-08-21 21:08:12,138 - DEBUG - [34m TWStructureExecDoc dfs(parent_node):
parent_node = {'id_node': 12, 'name_node': 'Паспорт трассы', 'id_parent': 0, 'order_node': '3', 'type_node': 'GROUP', 'id_active_template': None, 'included': 1}
 open_node = None[00m
2024-08-21 21:08:12,138 - DEBUG - [34m ProjectDatabase get_conn() -> object[00m
2024-08-21 21:08:12,138 - DEBUG - [34m DirPathManager get_db_project_dirpath() -> str: C:/Users/hayar/Documents/AutoExecDoc Projects/лотус\project.db[00m
2024-08-21 21:08:12,138 - DEBUG - [34m ProjectDatabase get_fetchall(cursor, conn) -> list[00m
2024-08-21 21:08:12,138 - DEBUG - [34m ProjectDatabase get_childs(parent_node) -> list: parent_node = {'id_node': 12, 'name_node': 'Паспорт трассы', 'id_parent': 0, 'order_node': '3', 'type_node': 'GROUP', 'id_active_template': None, 'included': 1}
result = [{'id_node': 1201, 'name_node': 'ПТ-1', 'id_parent': 12, 'order_node': '1', 'type_node': 'FORM', 'id_active_template': 3, 'included': 1}, {'id_node': 1202, 'name_node': 'ПТ-2', 'id_parent': 12, 'order_node': '2', 'type_node': 'FORM', 'id_active_template': 4, 'included': 1}, {'id_node': 1203, 'name_node': 'ПТ-3', 'id_parent': 12, 'order_node': '3', 'type_node': 'FORM', 'id_active_template': 5, 'included': 1}][00m
2024-08-21 21:08:12,138 - DEBUG - [34m TWStructureExecDoc set_item_in_nodes_to_items(node):
node = {'id_node': 1201, 'name_node': 'ПТ-1', 'id_parent': 12, 'order_node': '1', 'type_node': 'FORM', 'id_active_template': 3, 'included': 1}[00m
2024-08-21 21:08:12,138 - DEBUG - [34m TWStructureExecDoc add_item_in_tree_widget(node):
node = {'id_node': 1201, 'name_node': 'ПТ-1', 'id_parent': 12, 'order_node': '1', 'type_node': 'FORM', 'id_active_template': 3, 'included': 1}[00m
2024-08-21 21:08:12,144 - DEBUG - [34m TWStructureExecDoc get_text_by_node(item, node):
item = <PySide6.QtWidgets.QTreeWidgetItem object at 0x000001D40C6CA3C0>,
node = {'id_node': 1201, 'name_node': 'ПТ-1', 'id_parent': 12, 'order_node': '1', 'type_node': 'FORM', 'id_active_template': 3, 'included': 1}[00m
2024-08-21 21:08:12,145 - DEBUG - [34m TWStructureExecDoc set_expanded_for_item(item, node):
item = <PySide6.QtWidgets.QTreeWidgetItem object at 0x000001D40C6CA3C0>,
node = {'id_node': 1201, 'name_node': 'ПТ-1', 'id_parent': 12, 'order_node': '1', 'type_node': 'FORM', 'id_active_template': 3, 'included': 1}[00m
2024-08-21 21:08:12,145 - DEBUG - [34m TWStructureExecDoc dfs(parent_node):
parent_node = {'id_node': 1201, 'name_node': 'ПТ-1', 'id_parent': 12, 'order_node': '1', 'type_node': 'FORM', 'id_active_template': 3, 'included': 1}
 open_node = None[00m
2024-08-21 21:08:12,145 - DEBUG - [34m ProjectDatabase get_conn() -> object[00m
2024-08-21 21:08:12,145 - DEBUG - [34m DirPathManager get_db_project_dirpath() -> str: C:/Users/hayar/Documents/AutoExecDoc Projects/лотус\project.db[00m
2024-08-21 21:08:12,145 - DEBUG - [34m ProjectDatabase get_fetchall(cursor, conn) -> list[00m
2024-08-21 21:08:12,145 - DEBUG - [34m ProjectDatabase get_childs(parent_node) -> list: parent_node = {'id_node': 1201, 'name_node': 'ПТ-1', 'id_parent': 12, 'order_node': '1', 'type_node': 'FORM', 'id_active_template': 3, 'included': 1}
result = [][00m
2024-08-21 21:08:12,145 - DEBUG - [34m TWStructureExecDoc set_item_in_nodes_to_items(node):
node = {'id_node': 1202, 'name_node': 'ПТ-2', 'id_parent': 12, 'order_node': '2', 'type_node': 'FORM', 'id_active_template': 4, 'included': 1}[00m
2024-08-21 21:08:12,145 - DEBUG - [34m TWStructureExecDoc add_item_in_tree_widget(node):
node = {'id_node': 1202, 'name_node': 'ПТ-2', 'id_parent': 12, 'order_node': '2', 'type_node': 'FORM', 'id_active_template': 4, 'included': 1}[00m
2024-08-21 21:08:12,145 - DEBUG - [34m TWStructureExecDoc get_text_by_node(item, node):
item = <PySide6.QtWidgets.QTreeWidgetItem object at 0x000001D40C6E4280>,
node = {'id_node': 1202, 'name_node': 'ПТ-2', 'id_parent': 12, 'order_node': '2', 'type_node': 'FORM', 'id_active_template': 4, 'included': 1}[00m
2024-08-21 21:08:12,145 - DEBUG - [34m TWStructureExecDoc set_expanded_for_item(item, node):
item = <PySide6.QtWidgets.QTreeWidgetItem object at 0x000001D40C6E4280>,
node = {'id_node': 1202, 'name_node': 'ПТ-2', 'id_parent': 12, 'order_node': '2', 'type_node': 'FORM', 'id_active_template': 4, 'included': 1}[00m
2024-08-21 21:08:12,145 - DEBUG - [34m TWStructureExecDoc dfs(parent_node):
parent_node = {'id_node': 1202, 'name_node': 'ПТ-2', 'id_parent': 12, 'order_node': '2', 'type_node': 'FORM', 'id_active_template': 4, 'included': 1}
 open_node = None[00m
2024-08-21 21:08:12,152 - DEBUG - [34m ProjectDatabase get_conn() -> object[00m
2024-08-21 21:08:12,152 - DEBUG - [34m DirPathManager get_db_project_dirpath() -> str: C:/Users/hayar/Documents/AutoExecDoc Projects/лотус\project.db[00m
2024-08-21 21:08:12,152 - DEBUG - [34m ProjectDatabase get_fetchall(cursor, conn) -> list[00m
2024-08-21 21:08:12,152 - DEBUG - [34m ProjectDatabase get_childs(parent_node) -> list: parent_node = {'id_node': 1202, 'name_node': 'ПТ-2', 'id_parent': 12, 'order_node': '2', 'type_node': 'FORM', 'id_active_template': 4, 'included': 1}
result = [][00m
2024-08-21 21:08:12,152 - DEBUG - [34m TWStructureExecDoc set_item_in_nodes_to_items(node):
node = {'id_node': 1203, 'name_node': 'ПТ-3', 'id_parent': 12, 'order_node': '3', 'type_node': 'FORM', 'id_active_template': 5, 'included': 1}[00m
2024-08-21 21:08:12,152 - DEBUG - [34m TWStructureExecDoc add_item_in_tree_widget(node):
node = {'id_node': 1203, 'name_node': 'ПТ-3', 'id_parent': 12, 'order_node': '3', 'type_node': 'FORM', 'id_active_template': 5, 'included': 1}[00m
2024-08-21 21:08:12,152 - DEBUG - [34m TWStructureExecDoc get_text_by_node(item, node):
item = <PySide6.QtWidgets.QTreeWidgetItem object at 0x000001D40C6F7340>,
node = {'id_node': 1203, 'name_node': 'ПТ-3', 'id_parent': 12, 'order_node': '3', 'type_node': 'FORM', 'id_active_template': 5, 'included': 1}[00m
2024-08-21 21:08:12,152 - DEBUG - [34m TWStructureExecDoc set_expanded_for_item(item, node):
item = <PySide6.QtWidgets.QTreeWidgetItem object at 0x000001D40C6F7340>,
node = {'id_node': 1203, 'name_node': 'ПТ-3', 'id_parent': 12, 'order_node': '3', 'type_node': 'FORM', 'id_active_template': 5, 'included': 1}[00m
2024-08-21 21:08:12,152 - DEBUG - [34m TWStructureExecDoc dfs(parent_node):
parent_node = {'id_node': 1203, 'name_node': 'ПТ-3', 'id_parent': 12, 'order_node': '3', 'type_node': 'FORM', 'id_active_template': 5, 'included': 1}
 open_node = None[00m
2024-08-21 21:08:12,152 - DEBUG - [34m ProjectDatabase get_conn() -> object[00m
2024-08-21 21:08:12,152 - DEBUG - [34m DirPathManager get_db_project_dirpath() -> str: C:/Users/hayar/Documents/AutoExecDoc Projects/лотус\project.db[00m
2024-08-21 21:08:12,152 - DEBUG - [34m ProjectDatabase get_fetchall(cursor, conn) -> list[00m
2024-08-21 21:08:12,157 - DEBUG - [34m ProjectDatabase get_childs(parent_node) -> list: parent_node = {'id_node': 1203, 'name_node': 'ПТ-3', 'id_parent': 12, 'order_node': '3', 'type_node': 'FORM', 'id_active_template': 5, 'included': 1}
result = [][00m
2024-08-21 21:08:12,157 - DEBUG - [34m TWStructureExecDoc current_item_changed(current):
current = <PySide6.QtWidgets.QTreeWidgetItem object at 0x000001D40A698A40>[00m
2024-08-21 21:08:12,157 - DEBUG - [34m ComboxTemplates update_combox_templates(node):
node = {'id_active_template': 1, 'id_node': 10, 'id_parent': 0, 'included': 1, 'name_node': 'Титульный лист', 'order_node': '1', 'type_node': 'FORM'}[00m
2024-08-21 21:08:12,159 - DEBUG - [34m ProjectDatabase get_conn() -> object[00m
2024-08-21 21:08:12,159 - DEBUG - [34m DirPathManager get_db_project_dirpath() -> str: C:/Users/hayar/Documents/AutoExecDoc Projects/лотус\project.db[00m
2024-08-21 21:08:12,159 - DEBUG - [34m ProjectDatabase get_fetchall(cursor, conn) -> list[00m
2024-08-21 21:08:12,159 - DEBUG - [34m ProjectDatabase get_templates_by_form(form) -> list: form = {'id_node': 10}
result = [{'id_template': 1, 'name_template': 'main', 'id_parent_node': 10}][00m
2024-08-21 21:08:12,159 - DEBUG - [34m LWPagesTemplate update_pages_template(template):
template = {'id_parent_node': 10, 'id_template': 1, 'name_template': 'main'}[00m
2024-08-21 21:08:12,159 - DEBUG - [34m LWPagesTemplate clear_pt()[00m
2024-08-21 21:08:12,159 - DEBUG - [34m ProjectDatabase get_conn() -> object[00m
2024-08-21 21:08:12,159 - DEBUG - [34m DirPathManager get_db_project_dirpath() -> str: C:/Users/hayar/Documents/AutoExecDoc Projects/лотус\project.db[00m
2024-08-21 21:08:12,159 - DEBUG - [34m ProjectDatabase get_fetchall(cursor, conn) -> list[00m
2024-08-21 21:08:12,159 - DEBUG - [34m ProjectDatabase get_pages_by_template(template) -> list: template = {'id_parent_node': 10, 'id_template': 1, 'name_template': 'main'}
result = [{'id_page': 10, 'id_parent_template': 1, 'name_page': 'Л.1. Титульный лист.', 'filename_page': '10', 'order_page': 0, 'included': 1}, {'id_page': 11, 'id_parent_template': 1, 'name_page': 'Л.2. Титульный лист.', 'filename_page': '11', 'order_page': 1, 'included': 1}, {'id_page': 55, 'id_parent_template': 1, 'name_page': 'asdasdasdsad', 'filename_page': 'docx_2024-08-21_06-35-20', 'order_page': 2, 'included': 1}][00m
2024-08-21 21:08:12,159 - DEBUG - [34m TWStructureExecDoc get_current_node()[00m
2024-08-21 21:08:12,159 - DEBUG - [34m ComboxTemplates update_combox_templates(node):
node = {'id_active_template': 1, 'id_node': 10, 'id_parent': 0, 'included': 1, 'name_node': 'Титульный лист', 'order_node': '1', 'type_node': 'FORM'}[00m
2024-08-21 21:08:12,165 - DEBUG - [34m ProjectDatabase get_conn() -> object[00m
2024-08-21 21:08:12,166 - DEBUG - [34m DirPathManager get_db_project_dirpath() -> str: C:/Users/hayar/Documents/AutoExecDoc Projects/лотус\project.db[00m
2024-08-21 21:08:12,166 - DEBUG - [34m ProjectDatabase get_fetchall(cursor, conn) -> list[00m
2024-08-21 21:08:12,167 - DEBUG - [34m ProjectDatabase get_templates_by_form(form) -> list: form = {'id_node': 10}
result = [{'id_template': 1, 'name_template': 'main', 'id_parent_node': 10}][00m
2024-08-21 21:08:12,167 - DEBUG - [34m LWPagesTemplate update_pages_template(template):
template = {'id_parent_node': 10, 'id_template': 1, 'name_template': 'main'}[00m
2024-08-21 21:08:12,167 - DEBUG - [34m LWPagesTemplate clear_pt()[00m
2024-08-21 21:08:12,167 - DEBUG - [34m ProjectDatabase get_conn() -> object[00m
2024-08-21 21:08:12,168 - DEBUG - [34m DirPathManager get_db_project_dirpath() -> str: C:/Users/hayar/Documents/AutoExecDoc Projects/лотус\project.db[00m
2024-08-21 21:08:12,168 - DEBUG - [34m ProjectDatabase get_fetchall(cursor, conn) -> list[00m
2024-08-21 21:08:12,168 - DEBUG - [34m ProjectDatabase get_pages_by_template(template) -> list: template = {'id_parent_node': 10, 'id_template': 1, 'name_template': 'main'}
result = [{'id_page': 10, 'id_parent_template': 1, 'name_page': 'Л.1. Титульный лист.', 'filename_page': '10', 'order_page': 0, 'included': 1}, {'id_page': 11, 'id_parent_template': 1, 'name_page': 'Л.2. Титульный лист.', 'filename_page': '11', 'order_page': 1, 'included': 1}, {'id_page': 55, 'id_parent_template': 1, 'name_page': 'asdasdasdsad', 'filename_page': 'docx_2024-08-21_06-35-20', 'order_page': 2, 'included': 1}][00m
2024-08-21 21:08:12,168 - DEBUG - [34m LWPagesTemplate get_page_by_current_item()[00m
2024-08-21 21:08:12,169 - DEBUG - [34m SAInputForms update_scrollarea()[00m
2024-08-21 21:08:12,169 - DEBUG - [34m SAInputForms delete_all_widgets_in_sa()[00m
2024-08-21 21:08:12,169 - DEBUG - [34m DirPathManager set_new_dirpaths_for_project()[00m
2024-08-21 21:08:12,169 - DEBUG - [34m DirPathManager get_project_dirpath() -> str: C:/Users/hayar/Documents/AutoExecDoc Projects/лотус[00m
2024-08-21 21:08:12,169 - DEBUG - [34m DirPathManager get_project_dirpath() -> str: C:/Users/hayar/Documents/AutoExecDoc Projects/лотус[00m
2024-08-21 21:08:12,169 - DEBUG - [34m DirPathManager get_project_dirpath() -> str: C:/Users/hayar/Documents/AutoExecDoc Projects/лотус[00m
2024-08-21 21:08:12,169 - DEBUG - [34m Project set_true_actives_project()[00m
2024-08-21 21:08:12,169 - DEBUG - [34m StatusBar set_message(message):
message = Проект c именем лотус открыт.[00m
2024-08-21 21:08:12,169 - DEBUG - [34m FileFolderManager create_folders_and_aed_for_project()[00m
2024-08-21 21:08:12,169 - DEBUG - [34m FileFolderManager check_aed_file()[00m
2024-08-21 21:08:12,169 - DEBUG - [34m SettingsDatabase get_conn() -> object[00m
2024-08-21 21:08:12,169 - DEBUG - [34m DirPathManager get_db_settings_dirpath() -> str: d:\work\project\AutoExecDoc\db\settings.db[00m
2024-08-21 21:08:12,172 - DEBUG - [34m SettingsDatabase get_fetchone(cursor, conn) -> list[00m
2024-08-21 21:08:12,172 - DEBUG - [34m SettingsDatabase get_project_current_name():
result = {'value_setting': 'лотус'}[00m
2024-08-21 21:08:12,172 - DEBUG - [34m DirPathManager get_project_dirpath() -> str: C:/Users/hayar/Documents/AutoExecDoc Projects/лотус[00m
2024-08-21 21:08:12,173 - DEBUG - [34m DirPathManager get_forms_folder_dirpath() -> str: C:/Users/hayar/Documents/AutoExecDoc Projects/лотус\forms[00m
2024-08-21 21:08:12,174 - DEBUG - [34m DirPathManager get_image_folder_dirpath() -> str: C:/Users/hayar/Documents/AutoExecDoc Projects/лотус\images[00m
2024-08-21 21:08:12,174 - DEBUG - [34m get_pdfs_folder_dirpath() -> str: C:/Users/hayar/Documents/AutoExecDoc Projects/лотус\pdfs[00m
2024-08-21 21:08:12,174 - DEBUG - [34m DirPathManager get_temp_dirpath() -> str:[00m
2024-08-21 21:08:12,174 - DEBUG - [34m MainWindow update_menu_recent_projects()[00m
2024-08-21 21:08:12,175 - DEBUG - [34m SettingsDatabase get_conn() -> object[00m
2024-08-21 21:08:12,176 - DEBUG - [34m DirPathManager get_db_settings_dirpath() -> str: d:\work\project\AutoExecDoc\db\settings.db[00m
2024-08-21 21:08:12,176 - DEBUG - [34m SettingsDatabase get_fetchall(cursor, conn) -> list[00m
2024-08-21 21:08:12,176 - DEBUG - [34m SettingsDatabase get_last_projects():
result = [{'id_project': 46, 'name_project': 'лотус', 'directory_project': 'C:/Users/hayar/Documents/AutoExecDoc Projects/лотус', 'date_create_project': '2024-08-21 02:53:32', 'date_last_open_project': '2024-08-21 21:08:12'}, {'id_project': 45, 'name_project': 'xvxvc', 'directory_project': 'C:/Users/hayar/Documents/AutoExecDoc Projects/xvxvc', 'date_create_project': '2024-08-21 01:47:41', 'date_last_open_project': '2024-08-21 01:47:41'}, {'id_project': 44, 'name_project': 'вапвапавпвыфпв', 'directory_project': 'C:/Users/hayar/Documents/AutoExecDoc Projects/вапвапавпвыфпв', 'date_create_project': '2024-08-19 21:40:35', 'date_last_open_project': '2024-08-21 01:47:31'}, {'id_project': 43, 'name_project': 'Бла-Бла', 'directory_project': 'C:/Users/hayar/Documents/AutoExecDoc Projects/Бла-Бла', 'date_create_project': '2024-08-18 02:19:37', 'date_last_open_project': '2024-08-19 21:29:00'}, {'id_project': 40, 'name_project': 'Привет', 'directory_project': 'C:/Users/hayar/Documents/AutoExecDoc Projects/Привет', 'date_create_project': '2024-08-17 22:45:28', 'date_last_open_project': '2024-08-17 22:45:28'}][00m
2024-08-21 21:08:13,720 - DEBUG - [34m LWPagesTemplate item_page_updated(current):
current = <package.controllers.lwpagestemplate.MyListWidgetItem object at 0x000001D40C706D40>[00m
2024-08-21 21:08:13,720 - DEBUG - [34m SAInputForms update_scrollarea()[00m
2024-08-21 21:08:13,720 - DEBUG - [34m SAInputForms delete_all_widgets_in_sa()[00m
2024-08-21 21:08:13,720 - DEBUG - [34m SectionsInfo add_page_for_datas(page):
page = {'id_page': 11, 'id_parent_template': 1, 'name_page': 'Л.2. Титульный лист.', 'filename_page': '11', 'order_page': 1, 'included': 1}[00m
2024-08-21 21:08:13,720 - DEBUG - [34m ProjectDatabase get_conn() -> object[00m
2024-08-21 21:08:13,720 - DEBUG - [34m DirPathManager get_db_project_dirpath() -> str: C:/Users/hayar/Documents/AutoExecDoc Projects/лотус\project.db[00m
2024-08-21 21:08:13,720 - DEBUG - [34m ProjectDatabase get_fetchall(cursor, conn) -> list[00m
2024-08-21 21:08:13,720 - DEBUG - [34m ProjectDatabase get_page_data(page) -> list: page = {'id_page': 11, 'id_parent_template': 1, 'name_page': 'Л.2. Титульный лист.', 'filename_page': '11', 'order_page': 1, 'included': 1}
result = [{'id_pair': 200, 'id_page': 11, 'id_tag': 1100, 'name_tag': 'инж_про_ком', 'value_pair': None}, {'id_pair': 201, 'id_page': 11, 'id_tag': 1101, 'name_tag': 'инж_про_ком_фио', 'value_pair': None}, {'id_pair': 202, 'id_page': 11, 'id_tag': 1102, 'name_tag': 'гла_инж_компания', 'value_pair': None}, {'id_pair': 203, 'id_page': 11, 'id_tag': 1103, 'name_tag': 'гла_инж_фио', 'value_pair': None}][00m
2024-08-21 21:08:13,720 - DEBUG - [34m ProjectDatabase get_conn() -> object[00m
2024-08-21 21:08:13,720 - DEBUG - [34m DirPathManager get_db_project_dirpath() -> str: C:/Users/hayar/Documents/AutoExecDoc Projects/лотус\project.db[00m
2024-08-21 21:08:13,720 - DEBUG - [34m ProjectDatabase get_fetchone(cursor, conn) -> list[00m
2024-08-21 21:08:13,720 - DEBUG - [34m ProjectDatabase get_parent_template() -> object
result = {'id_template': 1, 'name_template': 'main', 'id_parent_node': 10}[00m
2024-08-21 21:08:13,720 - DEBUG - [34m SectionsInfo add_template_for_datas(page):
page = {'id_template': 1, 'name_template': 'main', 'id_parent_node': 10}[00m
2024-08-21 21:08:13,734 - DEBUG - [34m ProjectDatabase get_conn() -> object[00m
2024-08-21 21:08:13,734 - DEBUG - [34m DirPathManager get_db_project_dirpath() -> str: C:/Users/hayar/Documents/AutoExecDoc Projects/лотус\project.db[00m
2024-08-21 21:08:13,735 - DEBUG - [34m ProjectDatabase get_fetchall(cursor, conn) -> list[00m
2024-08-21 21:08:13,736 - DEBUG - [34m ProjectDatabase get_template_data(template) -> list: template = {'id_template': 1, 'name_template': 'main', 'id_parent_node': 10}
result = [][00m
2024-08-21 21:08:13,737 - DEBUG - [34m ProjectDatabase get_conn() -> object[00m
2024-08-21 21:08:13,737 - DEBUG - [34m DirPathManager get_db_project_dirpath() -> str: C:/Users/hayar/Documents/AutoExecDoc Projects/лотус\project.db[00m
2024-08-21 21:08:13,738 - DEBUG - [34m ProjectDatabase get_fetchone(cursor, conn) -> list[00m
2024-08-21 21:08:13,738 - DEBUG - [34m ProjectDatabase get_parent_node_template() -> object
result = {'id_node': 10, 'name_node': 'Титульный лист', 'id_parent': 0, 'order_node': '1', 'type_node': 'FORM', 'id_active_template': 1, 'included': 1}[00m
2024-08-21 21:08:13,739 - DEBUG - [34m SectionsInfo add_nodes_for_sections_info(node):
node = {'id_node': 10, 'name_node': 'Титульный лист', 'id_parent': 0, 'order_node': '1', 'type_node': 'FORM', 'id_active_template': 1, 'included': 1}[00m
2024-08-21 21:08:13,739 - DEBUG - [34m SectionsInfo add_node_for_datas(node):
node = {'id_node': 10, 'name_node': 'Титульный лист', 'id_parent': 0, 'order_node': '1', 'type_node': 'FORM', 'id_active_template': 1, 'included': 1}[00m
2024-08-21 21:08:13,740 - DEBUG - [34m ProjectDatabase get_conn() -> object[00m
2024-08-21 21:08:13,740 - DEBUG - [34m DirPathManager get_db_project_dirpath() -> str: C:/Users/hayar/Documents/AutoExecDoc Projects/лотус\project.db[00m
2024-08-21 21:08:13,740 - DEBUG - [34m ProjectDatabase get_fetchall(cursor, conn) -> list[00m
2024-08-21 21:08:13,740 - DEBUG - [34m ProjectDatabase get_node_data(node) -> list: node = {'id_node': 10, 'name_node': 'Титульный лист', 'id_parent': 0, 'order_node': '1', 'type_node': 'FORM', 'id_active_template': 1, 'included': 1}
result = [{'id_pair': 1000, 'id_node': 10, 'id_tag': 1000, 'name_tag': 'организационно_правовая_форма', 'value_pair': None}, {'id_pair': 1001, 'id_node': 10, 'id_tag': 1002, 'name_tag': 'адрес_компании', 'value_pair': None}, {'id_pair': 1004, 'id_node': 10, 'id_tag': 1005, 'name_tag': 'номер_кабеля', 'value_pair': None}, {'id_pair': 1005, 'id_node': 10, 'id_tag': 1006, 'name_tag': 'заказчик', 'value_pair': None}, {'id_pair': 1006, 'id_node': 10, 'id_tag': 1008, 'name_tag': 'город', 'value_pair': None}, {'id_pair': 1007, 'id_node': 10, 'id_tag': 1009, 'name_tag': 'год', 'value_pair': None}][00m
2024-08-21 21:08:13,741 - DEBUG - [34m ProjectDatabase get_conn() -> object[00m
2024-08-21 21:08:13,741 - DEBUG - [34m DirPathManager get_db_project_dirpath() -> str: C:/Users/hayar/Documents/AutoExecDoc Projects/лотус\project.db[00m
2024-08-21 21:08:13,742 - DEBUG - [34m ProjectDatabase get_fetchone(cursor, conn) -> list[00m
2024-08-21 21:08:13,748 - DEBUG - [34m ProjectDatabase get_node_parent(node) -> object: node = {'id_node': 10, 'name_node': 'Титульный лист', 'id_parent': 0, 'order_node': '1', 'type_node': 'FORM', 'id_active_template': 1, 'included': 1}
result = {'id_node': 0, 'name_node': 'Проект', 'id_parent': None, 'order_node': '0', 'type_node': 'PROJECT', 'id_active_template': None, 'included': 1}[00m
2024-08-21 21:08:13,763 - DEBUG - [34m SectionsInfo add_node_for_datas(node):
node = {'id_node': 0, 'name_node': 'Проект', 'id_parent': None, 'order_node': '0', 'type_node': 'PROJECT', 'id_active_template': None, 'included': 1}[00m
2024-08-21 21:08:13,764 - DEBUG - [34m ProjectDatabase get_conn() -> object[00m
2024-08-21 21:08:13,765 - DEBUG - [34m DirPathManager get_db_project_dirpath() -> str: C:/Users/hayar/Documents/AutoExecDoc Projects/лотус\project.db[00m
2024-08-21 21:08:13,765 - DEBUG - [34m ProjectDatabase get_fetchall(cursor, conn) -> list[00m
2024-08-21 21:08:13,766 - DEBUG - [34m ProjectDatabase get_node_data(node) -> list: node = {'id_node': 0, 'name_node': 'Проект', 'id_parent': None, 'order_node': '0', 'type_node': 'PROJECT', 'id_active_template': None, 'included': 1}
result = [{'id_pair': 100, 'id_node': 0, 'id_tag': 1003, 'name_tag': 'название_объекта', 'value_pair': None}, {'id_pair': 101, 'id_node': 0, 'id_tag': 1004, 'name_tag': 'участок', 'value_pair': None}, {'id_pair': 102, 'id_node': 0, 'id_tag': 1001, 'name_tag': 'название_компании', 'value_pair': None}][00m
2024-08-21 21:08:13,766 - DEBUG - [34m ProjectDatabase get_conn() -> object[00m
2024-08-21 21:08:13,767 - DEBUG - [34m DirPathManager get_db_project_dirpath() -> str: C:/Users/hayar/Documents/AutoExecDoc Projects/лотус\project.db[00m
2024-08-21 21:08:13,767 - DEBUG - [34m ProjectDatabase get_fetchone(cursor, conn) -> list[00m
2024-08-21 21:08:13,767 - DEBUG - [34m ProjectDatabase get_node_parent(node) -> object: node = {'id_node': 0, 'name_node': 'Проект', 'id_parent': None, 'order_node': '0', 'type_node': 'PROJECT', 'id_active_template': None, 'included': 1}
result = {}[00m
2024-08-21 21:08:13,768 - DEBUG - [34m SAInputForms add_sections_in_sa()[00m
2024-08-21 21:08:13,768 - DEBUG - [34m SectionsInfo self.__sections_info = [{'type': 'page', 'page': {'id_page': 11, 'id_parent_template': 1, 'name_page': 'Л.2. Титульный лист.', 'filename_page': '11', 'order_page': 1, 'included': 1}, 'data': [{'id_pair': 200, 'id_page': 11, 'id_tag': 1100, 'name_tag': 'инж_про_ком', 'value_pair': None}, {'id_pair': 201, 'id_page': 11, 'id_tag': 1101, 'name_tag': 'инж_про_ком_фио', 'value_pair': None}, {'id_pair': 202, 'id_page': 11, 'id_tag': 1102, 'name_tag': 'гла_инж_компания', 'value_pair': None}, {'id_pair': 203, 'id_page': 11, 'id_tag': 1103, 'name_tag': 'гла_инж_фио', 'value_pair': None}]}, {'type': 'project', 'project': {'id_node': 0, 'name_node': 'Проект', 'id_parent': None, 'order_node': '0', 'type_node': 'PROJECT', 'id_active_template': None, 'included': 1}, 'data': [{'id_pair': 100, 'id_node': 0, 'id_tag': 1003, 'name_tag': 'название_объекта', 'value_pair': None}, {'id_pair': 101, 'id_node': 0, 'id_tag': 1004, 'name_tag': 'участок', 'value_pair': None}, {'id_pair': 102, 'id_node': 0, 'id_tag': 1001, 'name_tag': 'название_компании', 'value_pair': None}]}][00m
2024-08-21 21:08:13,768 - DEBUG - [34m SAInputForms get_section_name(section_info):
section_info = {'type': 'page', 'page': {'id_page': 11, 'id_parent_template': 1, 'name_page': 'Л.2. Титульный лист.', 'filename_page': '11', 'order_page': 1, 'included': 1}, 'data': [{'id_pair': 200, 'id_page': 11, 'id_tag': 1100, 'name_tag': 'инж_про_ком', 'value_pair': None}, {'id_pair': 201, 'id_page': 11, 'id_tag': 1101, 'name_tag': 'инж_про_ком_фио', 'value_pair': None}, {'id_pair': 202, 'id_page': 11, 'id_tag': 1102, 'name_tag': 'гла_инж_компания', 'value_pair': None}, {'id_pair': 203, 'id_page': 11, 'id_tag': 1103, 'name_tag': 'гла_инж_фио', 'value_pair': None}]}[00m
2024-08-21 21:08:13,770 - DEBUG - [34m ProjectDatabase get_conn() -> object[00m
2024-08-21 21:08:13,770 - DEBUG - [34m DirPathManager get_db_project_dirpath() -> str: C:/Users/hayar/Documents/AutoExecDoc Projects/лотус\project.db[00m
2024-08-21 21:08:13,771 - ERROR - [31m Error in add_sections_in_sa(): no such table: Project_variables[00m
2024-08-21 21:08:13,771 - DEBUG - [34m SAInputForms get_section_name(section_info):
section_info = {'type': 'project', 'project': {'id_node': 0, 'name_node': 'Проект', 'id_parent': None, 'order_node': '0', 'type_node': 'PROJECT', 'id_active_template': None, 'included': 1}, 'data': [{'id_pair': 100, 'id_node': 0, 'id_tag': 1003, 'name_tag': 'название_объекта', 'value_pair': None}, {'id_pair': 101, 'id_node': 0, 'id_tag': 1004, 'name_tag': 'участок', 'value_pair': None}, {'id_pair': 102, 'id_node': 0, 'id_tag': 1001, 'name_tag': 'название_компании', 'value_pair': None}]}[00m
2024-08-21 21:08:13,772 - DEBUG - [34m ProjectDatabase get_conn() -> object[00m
2024-08-21 21:08:13,772 - DEBUG - [34m DirPathManager get_db_project_dirpath() -> str: C:/Users/hayar/Documents/AutoExecDoc Projects/лотус\project.db[00m
2024-08-21 21:08:13,773 - ERROR - [31m Error in add_sections_in_sa(): no such table: Project_variables[00m
2024-08-21 21:08:13,773 - DEBUG - [34m LWPagesTemplate create_and_view_current_page(page):
page = {'id_page': 11, 'id_parent_template': 1, 'name_page': 'Л.2. Титульный лист.', 'filename_page': '11', 'order_page': 1, 'included': 1}[00m
2024-08-21 21:08:13,773 - DEBUG - [34m SettingsDatabase get_conn() -> object[00m
2024-08-21 21:08:13,773 - DEBUG - [34m DirPathManager get_db_settings_dirpath() -> str: d:\work\project\AutoExecDoc\db\settings.db[00m
2024-08-21 21:08:13,774 - DEBUG - [34m SettingsDatabase get_fetchone(cursor, conn) -> list[00m
2024-08-21 21:08:13,774 - DEBUG - [34m SettingsDatabase get_app_converter():
result = {'value_setting': 'MSWORD'}[00m
2024-08-21 21:08:13,774 - DEBUG - [34m OfficePackets get_status_msword():
self.__status_msword = True[00m
2024-08-21 21:08:13,774 - DEBUG - [34m OfficePackets get_status_libreoffice():
self.__status_libreoffice = False[00m
2024-08-21 21:08:13,775 - DEBUG - [34m Converter create_one_page_pdf(page) -> str:
page = {'id_page': 11, 'id_parent_template': 1, 'name_page': 'Л.2. Титульный лист.', 'filename_page': '11', 'order_page': 1, 'included': 1}[00m
2024-08-21 21:08:13,775 - DEBUG - [34m Converter create_page_pdf(page):
page = {'id_page': 11, 'id_parent_template': 1, 'name_page': 'Л.2. Титульный лист.', 'filename_page': '11', 'order_page': 1, 'included': 1}[00m
2024-08-21 21:08:13,775 - DEBUG - [34m SectionsInfo self.__sections_info = [{'type': 'page', 'page': {'id_page': 11, 'id_parent_template': 1, 'name_page': 'Л.2. Титульный лист.', 'filename_page': '11', 'order_page': 1, 'included': 1}, 'data': [{'id_pair': 200, 'id_page': 11, 'id_tag': 1100, 'name_tag': 'инж_про_ком', 'value_pair': None}, {'id_pair': 201, 'id_page': 11, 'id_tag': 1101, 'name_tag': 'инж_про_ком_фио', 'value_pair': None}, {'id_pair': 202, 'id_page': 11, 'id_tag': 1102, 'name_tag': 'гла_инж_компания', 'value_pair': None}, {'id_pair': 203, 'id_page': 11, 'id_tag': 1103, 'name_tag': 'гла_инж_фио', 'value_pair': None}]}, {'type': 'project', 'project': {'id_node': 0, 'name_node': 'Проект', 'id_parent': None, 'order_node': '0', 'type_node': 'PROJECT', 'id_active_template': None, 'included': 1}, 'data': [{'id_pair': 100, 'id_node': 0, 'id_tag': 1003, 'name_tag': 'название_объекта', 'value_pair': None}, {'id_pair': 101, 'id_node': 0, 'id_tag': 1004, 'name_tag': 'участок', 'value_pair': None}, {'id_pair': 102, 'id_node': 0, 'id_tag': 1001, 'name_tag': 'название_компании', 'value_pair': None}]}][00m
2024-08-21 21:08:13,776 - DEBUG - [34m Converter create_docx_page(sections_info, form_page_name, docx_pdf_page_name):
sections_info = [{'type': 'page', 'page': {'id_page': 11, 'id_parent_template': 1, 'name_page': 'Л.2. Титульный лист.', 'filename_page': '11', 'order_page': 1, 'included': 1}, 'data': [{'id_pair': 200, 'id_page': 11, 'id_tag': 1100, 'name_tag': 'инж_про_ком', 'value_pair': None}, {'id_pair': 201, 'id_page': 11, 'id_tag': 1101, 'name_tag': 'инж_про_ком_фио', 'value_pair': None}, {'id_pair': 202, 'id_page': 11, 'id_tag': 1102, 'name_tag': 'гла_инж_компания', 'value_pair': None}, {'id_pair': 203, 'id_page': 11, 'id_tag': 1103, 'name_tag': 'гла_инж_фио', 'value_pair': None}]}, {'type': 'project', 'project': {'id_node': 0, 'name_node': 'Проект', 'id_parent': None, 'order_node': '0', 'type_node': 'PROJECT', 'id_active_template': None, 'included': 1}, 'data': [{'id_pair': 100, 'id_node': 0, 'id_tag': 1003, 'name_tag': 'название_объекта', 'value_pair': None}, {'id_pair': 101, 'id_node': 0, 'id_tag': 1004, 'name_tag': 'участок', 'value_pair': None}, {'id_pair': 102, 'id_node': 0, 'id_tag': 1001, 'name_tag': 'название_компании', 'value_pair': None}]}],
form_page_name = 11,
docx_pdf_page_name = page_11_2024-08-21_21-08-13735251[00m
2024-08-21 21:08:13,777 - DEBUG - [34m Converter get_form_page_fullname_and_docx_page_fullname(form_page_name, docx_pdf_page_name):
form_page_name = 11,
docx_pdf_page_name = page_11_2024-08-21_21-08-13735251[00m
2024-08-21 21:08:13,778 - DEBUG - [34m Converter get_template_path_and_docx_path(form_page_fullname, docx_page_fullname):
form_page_fullname = 11.docx,
docx_page_fullname = page_11_2024-08-21_21-08-13735251.docx[00m
2024-08-21 21:08:13,778 - DEBUG - [34m DirPathManager get_forms_folder_dirpath() -> str: C:/Users/hayar/Documents/AutoExecDoc Projects/лотус\forms[00m
2024-08-21 21:08:13,779 - DEBUG - [34m DirPathManager get_temp_dirpath() -> str:[00m
2024-08-21 21:08:13,779 - DEBUG - [34m Converter rerender(template_path, docx_path, sections_info):
template_path = C:\Users\hayar\Documents\AutoExecDoc Projects\лотус\forms\11.docx,
docx_path = C:\Users\hayar\AppData\Local\Temp\tmp6xl891yb\page_11_2024-08-21_21-08-13735251.docx,
sections_info = [{'type': 'page', 'page': {'id_page': 11, 'id_parent_template': 1, 'name_page': 'Л.2. Титульный лист.', 'filename_page': '11', 'order_page': 1, 'included': 1}, 'data': [{'id_pair': 200, 'id_page': 11, 'id_tag': 1100, 'name_tag': 'инж_про_ком', 'value_pair': None}, {'id_pair': 201, 'id_page': 11, 'id_tag': 1101, 'name_tag': 'инж_про_ком_фио', 'value_pair': None}, {'id_pair': 202, 'id_page': 11, 'id_tag': 1102, 'name_tag': 'гла_инж_компания', 'value_pair': None}, {'id_pair': 203, 'id_page': 11, 'id_tag': 1103, 'name_tag': 'гла_инж_фио', 'value_pair': None}]}, {'type': 'project', 'project': {'id_node': 0, 'name_node': 'Проект', 'id_parent': None, 'order_node': '0', 'type_node': 'PROJECT', 'id_active_template': None, 'included': 1}, 'data': [{'id_pair': 100, 'id_node': 0, 'id_tag': 1003, 'name_tag': 'название_объекта', 'value_pair': None}, {'id_pair': 101, 'id_node': 0, 'id_tag': 1004, 'name_tag': 'участок', 'value_pair': None}, {'id_pair': 102, 'id_node': 0, 'id_tag': 1001, 'name_tag': 'название_компании', 'value_pair': None}]}][00m
2024-08-21 21:08:13,779 - DEBUG - [34m Converter check_type_variable_and_fill_data_variable(pair, data_variable, docx_template):
pair = {'id_pair': 200, 'id_page': 11, 'id_tag': 1100, 'name_tag': 'инж_про_ком', 'value_pair': None},
data_variable = {},
docx_template = <docxtpl.template.DocxTemplate object at 0x000001D4096C32E0>[00m
2024-08-21 21:08:13,780 - DEBUG - [34m ProjectDatabase get_conn() -> object[00m
2024-08-21 21:08:13,780 - DEBUG - [34m DirPathManager get_db_project_dirpath() -> str: C:/Users/hayar/Documents/AutoExecDoc Projects/лотус\project.db[00m
2024-08-21 21:08:13,781 - ERROR - [31m Error in create_and_view_current_page(page): no such table: Project_variables[00m
2024-08-21 21:08:13,781 - DEBUG - [34m PdfView set_empty_pdf_view()[00m
2024-08-21 21:08:18,879 - DEBUG - [34m Project new_project()[00m
2024-08-21 21:08:18,879 - DEBUG - [34m Project check_project_before_new_or_open()[00m
2024-08-21 21:08:18,879 - DEBUG - [34m DialogWindows select_folder_for_new_project() -> str[00m
2024-08-21 21:08:18,879 - DEBUG - [34m DirPathManager get_default_folder_projects_dirpath() -> str: C:/Users/hayar/Documents\AutoExecDoc Projects[00m
2024-08-21 21:08:35,780 - DEBUG - [34m DialogWindows select_folder_for_new_project() -> None[00m
2024-08-21 21:08:36,245 - DEBUG - [34m MainWindow ()[00m
2024-08-21 21:08:36,245 - DEBUG - [34m PdfView set_empty_pdf_view()[00m
2024-08-21 21:08:36,252 - DEBUG - [34m DirPathManager get_temp_dirpath() -> str:[00m
2024-08-21 21:08:36,252 - DEBUG - [34m FileFolderManager clear_temp_folder(is_del_folder):
is_del_folder = True,
temp_dirpath = C:\Users\hayar\AppData\Local\Temp\tmp6xl891yb[00m
2024-08-21 21:08:36,255 - DEBUG - [34m DirPathManager get_temp_dirpath() -> str:[00m
2024-08-21 21:08:36,255 - DEBUG - [34m OfficePackets terminate_msword()[00m
2024-08-21 21:08:36,256 - DEBUG - [34m MsWordThread terminate_msword()[00m
2024-08-21 21:08:36,256 - ERROR - [31m Error in OfficePackets.terminate_msword():
(-2147220995, 'Объект не подключен к серверу', (None, None, None, 0, None))[00m
