24-Apr-23 21:26:01.127860 | DEBUG    | MAIN LOGGER                    | Config logger                                                                   
24-Apr-23 21:26:01.128859 | DEBUG    | MAIN LOGGER                    | IN create_and_config_files_and_folders()                                        
24-Apr-23 21:26:01.128859 | DEBUG    | MAIN LOGGER                    | get_default_folder_projects_dirpath() -> str: C:/Users/hayar/OneDrive/Документы\AutoExecDoc Projects
24-Apr-23 21:26:01.129860 | DEBUG    | MAIN LOGGER                    | IN create_and_config_db_settings()                                              
24-Apr-23 21:26:01.129860 | DEBUG    | MAIN LOGGER                    | get_db_settings_dirpath() -> str: d:\work\project\AutoExecDoc\db\settings.db    
24-Apr-23 21:26:01.699943 | DEBUG    | MAIN LOGGER                    | IN config_controllers()                                                         
24-Apr-23 21:26:01.700944 | DEBUG    | MAIN LOGGER                    | IN connect_statusbar(statusbar)                                                 
24-Apr-23 21:26:01.700944 | DEBUG    | MAIN LOGGER                    | set_message_for_statusbar(Проект не открыт)                                     
24-Apr-23 21:26:01.701944 | DEBUG    | MAIN LOGGER                    | IN connect_structureexecdoc(tr_sed, title_sed)                                  
24-Apr-23 21:26:01.701944 | DEBUG    | MAIN LOGGER                    | IN clear_tr_sed()                                                               
24-Apr-23 21:26:01.704178 | DEBUG    | MAIN LOGGER                    | IN connect_pages_template(lw_pt)                                                
24-Apr-23 21:26:01.704178 | DEBUG    | MAIN LOGGER                    | IN connect_inputforms(sa_if, sa_ifl)                                            
24-Apr-23 21:26:01.704948 | DEBUG    | MAIN LOGGER                    | IN connecting_actions()                                                         
24-Apr-23 21:27:18.040522 | DEBUG    | MAIN LOGGER                    | IN open_project()                                                               
24-Apr-23 21:27:18.041529 | DEBUG    | MAIN LOGGER                    | get_default_folder_projects_dirpath() -> str: C:/Users/hayar/OneDrive/Документы\AutoExecDoc Projects
24-Apr-23 21:27:19.956604 | DEBUG    | MAIN LOGGER                    | select_folder_for_open_project() -> C:/Users/hayar/OneDrive/Документы/AutoExecDoc Projects/dfsfdsfs
24-Apr-23 21:27:19.957603 | DEBUG    | MAIN LOGGER                    | IN set_project_dirpaths(folder_path: str): folder_path = C:/Users/hayar/OneDrive/Документы/AutoExecDoc Projects/dfsfdsfs
24-Apr-23 21:27:19.958605 | DEBUG    | MAIN LOGGER                    | set_project_dirpath(dirpath: str): dirpath = C:/Users/hayar/OneDrive/Документы/AutoExecDoc Projects/dfsfdsfs
24-Apr-23 21:27:19.958605 | DEBUG    | MAIN LOGGER                    | get_project_dirpath() -> str: C:/Users/hayar/OneDrive/Документы/AutoExecDoc Projects/dfsfdsfs
24-Apr-23 21:27:19.959605 | DEBUG    | MAIN LOGGER                    | set_db_project_dirpath(dirpath: str): dirpath = C:/Users/hayar/OneDrive/Документы/AutoExecDoc Projects/dfsfdsfs\project.db
24-Apr-23 21:27:19.960605 | DEBUG    | MAIN LOGGER                    | IN config_open_project()                                                        
24-Apr-23 21:27:19.960605 | DEBUG    | MAIN LOGGER                    | get_project_dirpath() -> str: C:/Users/hayar/OneDrive/Документы/AutoExecDoc Projects/dfsfdsfs
24-Apr-23 21:27:19.961605 | DEBUG    | MAIN LOGGER                    | IN add_or_update_open_project_to_db()                                           
24-Apr-23 21:27:19.961605 | DEBUG    | MAIN LOGGER                    | get_db_settings_dirpath() -> str: d:\work\project\AutoExecDoc\db\settings.db    
24-Apr-23 21:27:19.966606 | DEBUG    | MAIN LOGGER                    | get_project_dirpath() -> str: C:/Users/hayar/OneDrive/Документы/AutoExecDoc Projects/dfsfdsfs
24-Apr-23 21:27:19.967606 | DEBUG    | MAIN LOGGER                    | get_project_dirpath() -> str: C:/Users/hayar/OneDrive/Документы/AutoExecDoc Projects/dfsfdsfs
24-Apr-23 21:27:19.973420 | DEBUG    | MAIN LOGGER                    | IN update_project_to_db()                                                       
24-Apr-23 21:27:19.974422 | DEBUG    | MAIN LOGGER                    | get_db_settings_dirpath() -> str: d:\work\project\AutoExecDoc\db\settings.db    
24-Apr-23 21:27:19.974422 | DEBUG    | MAIN LOGGER                    | get_project_dirpath() -> str: C:/Users/hayar/OneDrive/Документы/AutoExecDoc Projects/dfsfdsfs
24-Apr-23 21:27:19.975422 | DEBUG    | MAIN LOGGER                    | get_project_dirpath() -> str: C:/Users/hayar/OneDrive/Документы/AutoExecDoc Projects/dfsfdsfs
24-Apr-23 21:27:19.979421 | DEBUG    | MAIN LOGGER                    | IN create_and_config_db_project()                                               
24-Apr-23 21:27:19.980427 | DEBUG    | MAIN LOGGER                    | get_db_project_dirpath() -> str: C:/Users/hayar/OneDrive/Документы/AutoExecDoc Projects/dfsfdsfs\project.db
24-Apr-23 21:27:19.980427 | DEBUG    | MAIN LOGGER                    | IN update_structure_exec_doc()                                                  
24-Apr-23 21:27:19.981422 | DEBUG    | MAIN LOGGER                    | IN clear_tr_sed()                                                               
24-Apr-23 21:27:19.982423 | DEBUG    | MAIN LOGGER                    | get_current_name() -> str: dfsfdsfs                                             
24-Apr-23 21:27:19.982423 | DEBUG    | MAIN LOGGER                    | IN get_project_node() -> object                                                 
24-Apr-23 21:27:19.983424 | DEBUG    | MAIN LOGGER                    | get_db_project_dirpath() -> str: C:/Users/hayar/OneDrive/Документы/AutoExecDoc Projects/dfsfdsfs\project.db
24-Apr-23 21:27:19.985422 | DEBUG    | MAIN LOGGER                    | IN dfs(parent_node): parent_node = {'id_node': 0, 'name_node': 'Проект', 'id_parent': None, 'order_node': '0', 'type_node': 'PROJECT', 'template_name': None, 'included': None}
24-Apr-23 21:27:19.987229 | DEBUG    | MAIN LOGGER                    | IN get_childs(parent_node) -> list: parent_node = {'id_node': 0, 'name_node': 'Проект', 'id_parent': None, 'order_node': '0', 'type_node': 'PROJECT', 'template_name': None, 'included': None}
24-Apr-23 21:27:19.988270 | DEBUG    | MAIN LOGGER                    | get_db_project_dirpath() -> str: C:/Users/hayar/OneDrive/Документы/AutoExecDoc Projects/dfsfdsfs\project.db
24-Apr-23 21:27:19.989267 | DEBUG    | MAIN LOGGER                    | IN set_item_in_nodes_to_items(node): node = {'id_node': 10, 'name_node': 'Титульный лист', 'id_parent': 0, 'order_node': '1', 'type_node': 'FORM', 'template_name': 'main', 'included': '1'}
24-Apr-23 21:27:19.990266 | DEBUG    | MAIN LOGGER                    | IN set_state_included_for_childs(node, state): node = {'id_node': 10, 'name_node': 'Титульный лист', 'id_parent': 0, 'order_node': '1', 'type_node': 'FORM', 'template_name': 'main', 'included': '1'}, state = False
24-Apr-23 21:27:19.991267 | DEBUG    | MAIN LOGGER                    | IN set_included_for_node(node, state): node = {'id_node': 10, 'name_node': 'Титульный лист', 'id_parent': 0, 'order_node': '1', 'type_node': 'FORM', 'template_name': 'main', 'included': '1'}, state = False
24-Apr-23 21:27:19.991267 | DEBUG    | MAIN LOGGER                    | get_db_project_dirpath() -> str: C:/Users/hayar/OneDrive/Документы/AutoExecDoc Projects/dfsfdsfs\project.db
24-Apr-23 21:27:19.996268 | DEBUG    | MAIN LOGGER                    | IN set_state_included_for_childs(node, state): node = {'id_node': 10, 'name_node': 'Титульный лист', 'id_parent': 0, 'order_node': '1', 'type_node': 'FORM', 'template_name': 'main', 'included': '1'}, state = True
24-Apr-23 21:27:19.997267 | DEBUG    | MAIN LOGGER                    | IN set_included_for_node(node, state): node = {'id_node': 10, 'name_node': 'Титульный лист', 'id_parent': 0, 'order_node': '1', 'type_node': 'FORM', 'template_name': 'main', 'included': '1'}, state = True
24-Apr-23 21:27:19.997267 | DEBUG    | MAIN LOGGER                    | get_db_project_dirpath() -> str: C:/Users/hayar/OneDrive/Документы/AutoExecDoc Projects/dfsfdsfs\project.db
24-Apr-23 21:27:20.003269 | DEBUG    | MAIN LOGGER                    | IN dfs(parent_node): parent_node = {'id_node': 10, 'name_node': 'Титульный лист', 'id_parent': 0, 'order_node': '1', 'type_node': 'FORM', 'template_name': 'main', 'included': '1'}
24-Apr-23 21:27:20.003269 | DEBUG    | MAIN LOGGER                    | IN get_childs(parent_node) -> list: parent_node = {'id_node': 10, 'name_node': 'Титульный лист', 'id_parent': 0, 'order_node': '1', 'type_node': 'FORM', 'template_name': 'main', 'included': '1'}
24-Apr-23 21:27:20.004271 | DEBUG    | MAIN LOGGER                    | get_db_project_dirpath() -> str: C:/Users/hayar/OneDrive/Документы/AutoExecDoc Projects/dfsfdsfs\project.db
24-Apr-23 21:27:20.006270 | DEBUG    | MAIN LOGGER                    | IN set_item_in_nodes_to_items(node): node = {'id_node': 11, 'name_node': 'Реестр документации', 'id_parent': 0, 'order_node': '2', 'type_node': 'FORM', 'template_name': 'main', 'included': '1'}
24-Apr-23 21:27:20.007271 | DEBUG    | MAIN LOGGER                    | IN set_state_included_for_childs(node, state): node = {'id_node': 11, 'name_node': 'Реестр документации', 'id_parent': 0, 'order_node': '2', 'type_node': 'FORM', 'template_name': 'main', 'included': '1'}, state = False
24-Apr-23 21:27:20.008270 | DEBUG    | MAIN LOGGER                    | IN set_included_for_node(node, state): node = {'id_node': 11, 'name_node': 'Реестр документации', 'id_parent': 0, 'order_node': '2', 'type_node': 'FORM', 'template_name': 'main', 'included': '1'}, state = False
24-Apr-23 21:27:20.008270 | DEBUG    | MAIN LOGGER                    | get_db_project_dirpath() -> str: C:/Users/hayar/OneDrive/Документы/AutoExecDoc Projects/dfsfdsfs\project.db
24-Apr-23 21:27:20.013272 | DEBUG    | MAIN LOGGER                    | IN set_state_included_for_childs(node, state): node = {'id_node': 11, 'name_node': 'Реестр документации', 'id_parent': 0, 'order_node': '2', 'type_node': 'FORM', 'template_name': 'main', 'included': '1'}, state = True
24-Apr-23 21:27:20.014275 | DEBUG    | MAIN LOGGER                    | IN set_included_for_node(node, state): node = {'id_node': 11, 'name_node': 'Реестр документации', 'id_parent': 0, 'order_node': '2', 'type_node': 'FORM', 'template_name': 'main', 'included': '1'}, state = True
24-Apr-23 21:27:20.015272 | DEBUG    | MAIN LOGGER                    | get_db_project_dirpath() -> str: C:/Users/hayar/OneDrive/Документы/AutoExecDoc Projects/dfsfdsfs\project.db
24-Apr-23 21:27:20.021273 | DEBUG    | MAIN LOGGER                    | IN dfs(parent_node): parent_node = {'id_node': 11, 'name_node': 'Реестр документации', 'id_parent': 0, 'order_node': '2', 'type_node': 'FORM', 'template_name': 'main', 'included': '1'}
24-Apr-23 21:27:20.021273 | DEBUG    | MAIN LOGGER                    | IN get_childs(parent_node) -> list: parent_node = {'id_node': 11, 'name_node': 'Реестр документации', 'id_parent': 0, 'order_node': '2', 'type_node': 'FORM', 'template_name': 'main', 'included': '1'}
24-Apr-23 21:27:20.022274 | DEBUG    | MAIN LOGGER                    | get_db_project_dirpath() -> str: C:/Users/hayar/OneDrive/Документы/AutoExecDoc Projects/dfsfdsfs\project.db
24-Apr-23 21:27:20.024273 | DEBUG    | MAIN LOGGER                    | IN set_item_in_nodes_to_items(node): node = {'id_node': 12, 'name_node': 'Паспорт трассы', 'id_parent': 0, 'order_node': '3', 'type_node': 'GROUP', 'template_name': None, 'included': '1'}
24-Apr-23 21:27:20.024273 | DEBUG    | MAIN LOGGER                    | IN set_state_included_for_childs(node, state): node = {'id_node': 12, 'name_node': 'Паспорт трассы', 'id_parent': 0, 'order_node': '3', 'type_node': 'GROUP', 'template_name': None, 'included': '1'}, state = False
24-Apr-23 21:27:20.025274 | DEBUG    | MAIN LOGGER                    | IN set_included_for_node(node, state): node = {'id_node': 12, 'name_node': 'Паспорт трассы', 'id_parent': 0, 'order_node': '3', 'type_node': 'GROUP', 'template_name': None, 'included': '1'}, state = False
24-Apr-23 21:27:20.025274 | DEBUG    | MAIN LOGGER                    | get_db_project_dirpath() -> str: C:/Users/hayar/OneDrive/Документы/AutoExecDoc Projects/dfsfdsfs\project.db
24-Apr-23 21:27:20.031274 | DEBUG    | MAIN LOGGER                    | IN set_state_included_for_childs(node, state): node = {'id_node': 12, 'name_node': 'Паспорт трассы', 'id_parent': 0, 'order_node': '3', 'type_node': 'GROUP', 'template_name': None, 'included': '1'}, state = True
24-Apr-23 21:27:20.032274 | DEBUG    | MAIN LOGGER                    | IN set_included_for_node(node, state): node = {'id_node': 12, 'name_node': 'Паспорт трассы', 'id_parent': 0, 'order_node': '3', 'type_node': 'GROUP', 'template_name': None, 'included': '1'}, state = True
24-Apr-23 21:27:20.033276 | DEBUG    | MAIN LOGGER                    | get_db_project_dirpath() -> str: C:/Users/hayar/OneDrive/Документы/AutoExecDoc Projects/dfsfdsfs\project.db
24-Apr-23 21:27:20.039277 | DEBUG    | MAIN LOGGER                    | IN dfs(parent_node): parent_node = {'id_node': 12, 'name_node': 'Паспорт трассы', 'id_parent': 0, 'order_node': '3', 'type_node': 'GROUP', 'template_name': None, 'included': '1'}
24-Apr-23 21:27:20.040277 | DEBUG    | MAIN LOGGER                    | IN get_childs(parent_node) -> list: parent_node = {'id_node': 12, 'name_node': 'Паспорт трассы', 'id_parent': 0, 'order_node': '3', 'type_node': 'GROUP', 'template_name': None, 'included': '1'}
24-Apr-23 21:27:20.042278 | DEBUG    | MAIN LOGGER                    | get_db_project_dirpath() -> str: C:/Users/hayar/OneDrive/Документы/AutoExecDoc Projects/dfsfdsfs\project.db
24-Apr-23 21:27:20.044277 | DEBUG    | MAIN LOGGER                    | IN set_item_in_nodes_to_items(node): node = {'id_node': 1201, 'name_node': 'ПТ-1', 'id_parent': 12, 'order_node': '1', 'type_node': 'FORM', 'template_name': 'main', 'included': '1'}
24-Apr-23 21:27:20.044277 | DEBUG    | MAIN LOGGER                    | IN set_state_included_for_childs(node, state): node = {'id_node': 1201, 'name_node': 'ПТ-1', 'id_parent': 12, 'order_node': '1', 'type_node': 'FORM', 'template_name': 'main', 'included': '1'}, state = False
24-Apr-23 21:27:20.045279 | DEBUG    | MAIN LOGGER                    | IN set_included_for_node(node, state): node = {'id_node': 1201, 'name_node': 'ПТ-1', 'id_parent': 12, 'order_node': '1', 'type_node': 'FORM', 'template_name': 'main', 'included': '1'}, state = False
24-Apr-23 21:27:20.046280 | DEBUG    | MAIN LOGGER                    | get_db_project_dirpath() -> str: C:/Users/hayar/OneDrive/Документы/AutoExecDoc Projects/dfsfdsfs\project.db
24-Apr-23 21:27:20.050280 | DEBUG    | MAIN LOGGER                    | IN set_state_included_for_childs(node, state): node = {'id_node': 1201, 'name_node': 'ПТ-1', 'id_parent': 12, 'order_node': '1', 'type_node': 'FORM', 'template_name': 'main', 'included': '1'}, state = True
24-Apr-23 21:27:20.051281 | DEBUG    | MAIN LOGGER                    | IN set_included_for_node(node, state): node = {'id_node': 1201, 'name_node': 'ПТ-1', 'id_parent': 12, 'order_node': '1', 'type_node': 'FORM', 'template_name': 'main', 'included': '1'}, state = True
24-Apr-23 21:27:20.052282 | DEBUG    | MAIN LOGGER                    | get_db_project_dirpath() -> str: C:/Users/hayar/OneDrive/Документы/AutoExecDoc Projects/dfsfdsfs\project.db
24-Apr-23 21:27:20.058281 | DEBUG    | MAIN LOGGER                    | IN dfs(parent_node): parent_node = {'id_node': 1201, 'name_node': 'ПТ-1', 'id_parent': 12, 'order_node': '1', 'type_node': 'FORM', 'template_name': 'main', 'included': '1'}
24-Apr-23 21:27:20.059283 | DEBUG    | MAIN LOGGER                    | IN get_childs(parent_node) -> list: parent_node = {'id_node': 1201, 'name_node': 'ПТ-1', 'id_parent': 12, 'order_node': '1', 'type_node': 'FORM', 'template_name': 'main', 'included': '1'}
24-Apr-23 21:27:20.060283 | DEBUG    | MAIN LOGGER                    | get_db_project_dirpath() -> str: C:/Users/hayar/OneDrive/Документы/AutoExecDoc Projects/dfsfdsfs\project.db
24-Apr-23 21:27:20.061282 | DEBUG    | MAIN LOGGER                    | IN set_item_in_nodes_to_items(node): node = {'id_node': 1202, 'name_node': 'ПТ-2', 'id_parent': 12, 'order_node': '2', 'type_node': 'FORM', 'template_name': 'main', 'included': '1'}
24-Apr-23 21:27:20.062282 | DEBUG    | MAIN LOGGER                    | IN set_state_included_for_childs(node, state): node = {'id_node': 1202, 'name_node': 'ПТ-2', 'id_parent': 12, 'order_node': '2', 'type_node': 'FORM', 'template_name': 'main', 'included': '1'}, state = False
24-Apr-23 21:27:20.063283 | DEBUG    | MAIN LOGGER                    | IN set_included_for_node(node, state): node = {'id_node': 1202, 'name_node': 'ПТ-2', 'id_parent': 12, 'order_node': '2', 'type_node': 'FORM', 'template_name': 'main', 'included': '1'}, state = False
24-Apr-23 21:27:20.063283 | DEBUG    | MAIN LOGGER                    | get_db_project_dirpath() -> str: C:/Users/hayar/OneDrive/Документы/AutoExecDoc Projects/dfsfdsfs\project.db
24-Apr-23 21:27:20.068283 | DEBUG    | MAIN LOGGER                    | IN set_state_included_for_childs(node, state): node = {'id_node': 1202, 'name_node': 'ПТ-2', 'id_parent': 12, 'order_node': '2', 'type_node': 'FORM', 'template_name': 'main', 'included': '1'}, state = True
24-Apr-23 21:27:20.069285 | DEBUG    | MAIN LOGGER                    | IN set_included_for_node(node, state): node = {'id_node': 1202, 'name_node': 'ПТ-2', 'id_parent': 12, 'order_node': '2', 'type_node': 'FORM', 'template_name': 'main', 'included': '1'}, state = True
24-Apr-23 21:27:20.070284 | DEBUG    | MAIN LOGGER                    | get_db_project_dirpath() -> str: C:/Users/hayar/OneDrive/Документы/AutoExecDoc Projects/dfsfdsfs\project.db
24-Apr-23 21:27:20.076285 | DEBUG    | MAIN LOGGER                    | IN dfs(parent_node): parent_node = {'id_node': 1202, 'name_node': 'ПТ-2', 'id_parent': 12, 'order_node': '2', 'type_node': 'FORM', 'template_name': 'main', 'included': '1'}
24-Apr-23 21:27:20.077288 | DEBUG    | MAIN LOGGER                    | IN get_childs(parent_node) -> list: parent_node = {'id_node': 1202, 'name_node': 'ПТ-2', 'id_parent': 12, 'order_node': '2', 'type_node': 'FORM', 'template_name': 'main', 'included': '1'}
24-Apr-23 21:27:20.077288 | DEBUG    | MAIN LOGGER                    | get_db_project_dirpath() -> str: C:/Users/hayar/OneDrive/Документы/AutoExecDoc Projects/dfsfdsfs\project.db
24-Apr-23 21:27:20.079286 | DEBUG    | MAIN LOGGER                    | IN set_item_in_nodes_to_items(node): node = {'id_node': 1203, 'name_node': 'ПТ-3', 'id_parent': 12, 'order_node': '3', 'type_node': 'FORM', 'template_name': 'main', 'included': '1'}
24-Apr-23 21:27:20.080286 | DEBUG    | MAIN LOGGER                    | IN set_state_included_for_childs(node, state): node = {'id_node': 1203, 'name_node': 'ПТ-3', 'id_parent': 12, 'order_node': '3', 'type_node': 'FORM', 'template_name': 'main', 'included': '1'}, state = False
24-Apr-23 21:27:20.081288 | DEBUG    | MAIN LOGGER                    | IN set_included_for_node(node, state): node = {'id_node': 1203, 'name_node': 'ПТ-3', 'id_parent': 12, 'order_node': '3', 'type_node': 'FORM', 'template_name': 'main', 'included': '1'}, state = False
24-Apr-23 21:27:20.082292 | DEBUG    | MAIN LOGGER                    | get_db_project_dirpath() -> str: C:/Users/hayar/OneDrive/Документы/AutoExecDoc Projects/dfsfdsfs\project.db
24-Apr-23 21:27:20.086287 | DEBUG    | MAIN LOGGER                    | IN set_state_included_for_childs(node, state): node = {'id_node': 1203, 'name_node': 'ПТ-3', 'id_parent': 12, 'order_node': '3', 'type_node': 'FORM', 'template_name': 'main', 'included': '1'}, state = True
24-Apr-23 21:27:20.087289 | DEBUG    | MAIN LOGGER                    | IN set_included_for_node(node, state): node = {'id_node': 1203, 'name_node': 'ПТ-3', 'id_parent': 12, 'order_node': '3', 'type_node': 'FORM', 'template_name': 'main', 'included': '1'}, state = True
24-Apr-23 21:27:20.088289 | DEBUG    | MAIN LOGGER                    | get_db_project_dirpath() -> str: C:/Users/hayar/OneDrive/Документы/AutoExecDoc Projects/dfsfdsfs\project.db
24-Apr-23 21:27:20.093289 | DEBUG    | MAIN LOGGER                    | IN dfs(parent_node): parent_node = {'id_node': 1203, 'name_node': 'ПТ-3', 'id_parent': 12, 'order_node': '3', 'type_node': 'FORM', 'template_name': 'main', 'included': '1'}
24-Apr-23 21:27:20.094291 | DEBUG    | MAIN LOGGER                    | IN get_childs(parent_node) -> list: parent_node = {'id_node': 1203, 'name_node': 'ПТ-3', 'id_parent': 12, 'order_node': '3', 'type_node': 'FORM', 'template_name': 'main', 'included': '1'}
24-Apr-23 21:27:20.095292 | DEBUG    | MAIN LOGGER                    | get_db_project_dirpath() -> str: C:/Users/hayar/OneDrive/Документы/AutoExecDoc Projects/dfsfdsfs\project.db
24-Apr-23 21:27:20.098292 | DEBUG    | MAIN LOGGER                    | IN set_true_actives_project()                                                   
24-Apr-23 21:27:20.099291 | DEBUG    | MAIN LOGGER                    | set_message_for_statusbar(Проект c именем dfsfdsfs открыт.)                     
24-Apr-23 21:27:21.245873 | DEBUG    | MAIN LOGGER                    | IN update_pages_template(node) : node = {'id_node': 10, 'name_node': 'Титульный лист', 'id_parent': 0, 'order_node': '1', 'type_node': 'FORM', 'template_name': 'main', 'included': '1'}
24-Apr-23 21:27:21.246881 | DEBUG    | MAIN LOGGER                    | IN get_pages_by_node(node) -> list: node = {'id_node': 10, 'name_node': 'Титульный лист', 'id_parent': 0, 'order_node': '1', 'type_node': 'FORM', 'template_name': 'main', 'included': '1'}
24-Apr-23 21:27:21.246881 | DEBUG    | MAIN LOGGER                    | get_db_project_dirpath() -> str: C:/Users/hayar/OneDrive/Документы/AutoExecDoc Projects/dfsfdsfs\project.db
24-Apr-23 21:27:24.408857 | DEBUG    | MAIN LOGGER                    | IN item_clicked(current): current = <package.controllers.pagestemplate.MyListWidgetItem object at 0x00000182E0353C80>
24-Apr-23 21:27:24.408857 | DEBUG    | MAIN LOGGER                    | IN add_page_for_datas(page): page = {'id_page': 10, 'id_node_parent': 10, 'page_name': 'Л.1. Титульный лист.', 'template_name': '1-ТЛ-1', 'page_order': 1, 'included': None}
24-Apr-23 21:27:24.409849 | DEBUG    | MAIN LOGGER                    | IN get_page_data(page) -> list: page = {'id_page': 10, 'id_node_parent': 10, 'page_name': 'Л.1. Титульный лист.', 'template_name': '1-ТЛ-1', 'page_order': 1, 'included': None}
24-Apr-23 21:27:24.409849 | DEBUG    | MAIN LOGGER                    | get_db_project_dirpath() -> str: C:/Users/hayar/OneDrive/Документы/AutoExecDoc Projects/dfsfdsfs\project.db
24-Apr-23 21:27:24.411858 | DEBUG    | MAIN LOGGER                    | IN add_nodes_for_datas()                                                        
24-Apr-23 21:27:24.411858 | DEBUG    | MAIN LOGGER                    | IN get_node_parent_from_pages(page) -> object: page = {'id_page': 10, 'id_node_parent': 10, 'page_name': 'Л.1. Титульный лист.', 'template_name': '1-ТЛ-1', 'page_order': 1, 'included': None}
24-Apr-23 21:27:24.412852 | DEBUG    | MAIN LOGGER                    | get_db_project_dirpath() -> str: C:/Users/hayar/OneDrive/Документы/AutoExecDoc Projects/dfsfdsfs\project.db
24-Apr-23 21:27:24.413865 | DEBUG    | MAIN LOGGER                    | IN add_node_for_datas(node): node = {'id_node': 10, 'name_node': 'Титульный лист', 'id_parent': 0, 'order_node': '1', 'type_node': 'FORM', 'template_name': 'main', 'included': '1'}
24-Apr-23 21:27:24.413865 | DEBUG    | MAIN LOGGER                    | IN get_node_data(node) -> list: node = {'id_node': 10, 'name_node': 'Титульный лист', 'id_parent': 0, 'order_node': '1', 'type_node': 'FORM', 'template_name': 'main', 'included': '1'}
24-Apr-23 21:27:24.414859 | DEBUG    | MAIN LOGGER                    | get_db_project_dirpath() -> str: C:/Users/hayar/OneDrive/Документы/AutoExecDoc Projects/dfsfdsfs\project.db
24-Apr-23 21:27:24.415868 | DEBUG    | MAIN LOGGER                    | IN get_node_parent(node) -> object: node = {'id_node': 10, 'name_node': 'Титульный лист', 'id_parent': 0, 'order_node': '1', 'type_node': 'FORM', 'template_name': 'main', 'included': '1'}
24-Apr-23 21:27:24.416852 | DEBUG    | MAIN LOGGER                    | get_db_project_dirpath() -> str: C:/Users/hayar/OneDrive/Документы/AutoExecDoc Projects/dfsfdsfs\project.db
24-Apr-23 21:27:24.417866 | DEBUG    | MAIN LOGGER                    | IN add_node_for_datas(node): node = {'id_node': 0, 'name_node': 'Проект', 'id_parent': None, 'order_node': '0', 'type_node': 'PROJECT', 'template_name': None, 'included': None}
24-Apr-23 21:27:24.417866 | DEBUG    | MAIN LOGGER                    | IN get_node_data(node) -> list: node = {'id_node': 0, 'name_node': 'Проект', 'id_parent': None, 'order_node': '0', 'type_node': 'PROJECT', 'template_name': None, 'included': None}
24-Apr-23 21:27:24.418859 | DEBUG    | MAIN LOGGER                    | get_db_project_dirpath() -> str: C:/Users/hayar/OneDrive/Документы/AutoExecDoc Projects/dfsfdsfs\project.db
24-Apr-23 21:27:24.419866 | DEBUG    | MAIN LOGGER                    | IN get_node_parent(node) -> object: node = {'id_node': 0, 'name_node': 'Проект', 'id_parent': None, 'order_node': '0', 'type_node': 'PROJECT', 'template_name': None, 'included': None}
24-Apr-23 21:27:24.419866 | DEBUG    | MAIN LOGGER                    | get_db_project_dirpath() -> str: C:/Users/hayar/OneDrive/Документы/AutoExecDoc Projects/dfsfdsfs\project.db
24-Apr-23 21:27:24.420871 | DEBUG    | MAIN LOGGER                    | IN update_scrollarea()                                                          
24-Apr-23 21:27:24.420871 | DEBUG    | MAIN LOGGER                    | IN delete_all_widgets_in_sa()                                                   
24-Apr-23 21:27:24.421870 | DEBUG    | MAIN LOGGER                    | IN add_page_for_datas(page): page = {'id_page': 10, 'id_node_parent': 10, 'page_name': 'Л.1. Титульный лист.', 'template_name': '1-ТЛ-1', 'page_order': 1, 'included': None}
24-Apr-23 21:27:24.421870 | DEBUG    | MAIN LOGGER                    | IN get_page_data(page) -> list: page = {'id_page': 10, 'id_node_parent': 10, 'page_name': 'Л.1. Титульный лист.', 'template_name': '1-ТЛ-1', 'page_order': 1, 'included': None}
24-Apr-23 21:27:24.422860 | DEBUG    | MAIN LOGGER                    | get_db_project_dirpath() -> str: C:/Users/hayar/OneDrive/Документы/AutoExecDoc Projects/dfsfdsfs\project.db
24-Apr-23 21:27:24.423873 | DEBUG    | MAIN LOGGER                    | IN add_nodes_for_datas()                                                        
24-Apr-23 21:27:24.423873 | DEBUG    | MAIN LOGGER                    | IN get_node_parent_from_pages(page) -> object: page = {'id_page': 10, 'id_node_parent': 10, 'page_name': 'Л.1. Титульный лист.', 'template_name': '1-ТЛ-1', 'page_order': 1, 'included': None}
24-Apr-23 21:27:24.424861 | DEBUG    | MAIN LOGGER                    | get_db_project_dirpath() -> str: C:/Users/hayar/OneDrive/Документы/AutoExecDoc Projects/dfsfdsfs\project.db
24-Apr-23 21:27:24.425854 | DEBUG    | MAIN LOGGER                    | IN add_node_for_datas(node): node = {'id_node': 10, 'name_node': 'Титульный лист', 'id_parent': 0, 'order_node': '1', 'type_node': 'FORM', 'template_name': 'main', 'included': '1'}
24-Apr-23 21:27:24.426855 | DEBUG    | MAIN LOGGER                    | IN get_node_data(node) -> list: node = {'id_node': 10, 'name_node': 'Титульный лист', 'id_parent': 0, 'order_node': '1', 'type_node': 'FORM', 'template_name': 'main', 'included': '1'}
24-Apr-23 21:27:24.426855 | DEBUG    | MAIN LOGGER                    | get_db_project_dirpath() -> str: C:/Users/hayar/OneDrive/Документы/AutoExecDoc Projects/dfsfdsfs\project.db
24-Apr-23 21:27:24.427855 | DEBUG    | MAIN LOGGER                    | IN get_node_parent(node) -> object: node = {'id_node': 10, 'name_node': 'Титульный лист', 'id_parent': 0, 'order_node': '1', 'type_node': 'FORM', 'template_name': 'main', 'included': '1'}
24-Apr-23 21:27:24.428856 | DEBUG    | MAIN LOGGER                    | get_db_project_dirpath() -> str: C:/Users/hayar/OneDrive/Документы/AutoExecDoc Projects/dfsfdsfs\project.db
24-Apr-23 21:27:24.429856 | DEBUG    | MAIN LOGGER                    | IN add_node_for_datas(node): node = {'id_node': 0, 'name_node': 'Проект', 'id_parent': None, 'order_node': '0', 'type_node': 'PROJECT', 'template_name': None, 'included': None}
24-Apr-23 21:27:24.430854 | DEBUG    | MAIN LOGGER                    | IN get_node_data(node) -> list: node = {'id_node': 0, 'name_node': 'Проект', 'id_parent': None, 'order_node': '0', 'type_node': 'PROJECT', 'template_name': None, 'included': None}
24-Apr-23 21:27:24.431859 | DEBUG    | MAIN LOGGER                    | get_db_project_dirpath() -> str: C:/Users/hayar/OneDrive/Документы/AutoExecDoc Projects/dfsfdsfs\project.db
24-Apr-23 21:27:24.433860 | DEBUG    | MAIN LOGGER                    | IN get_node_parent(node) -> object: node = {'id_node': 0, 'name_node': 'Проект', 'id_parent': None, 'order_node': '0', 'type_node': 'PROJECT', 'template_name': None, 'included': None}
24-Apr-23 21:27:24.434859 | DEBUG    | MAIN LOGGER                    | get_db_project_dirpath() -> str: C:/Users/hayar/OneDrive/Документы/AutoExecDoc Projects/dfsfdsfs\project.db
24-Apr-23 21:27:24.435856 | DEBUG    | MAIN LOGGER                    | IN add_sections_in_sa()                                                         
24-Apr-23 21:27:24.442093 | DEBUG    | MAIN LOGGER                    | IN get_config_content(id_content) -> list: id_content = 1007                    
24-Apr-23 21:27:24.442093 | DEBUG    | MAIN LOGGER                    | get_db_project_dirpath() -> str: C:/Users/hayar/OneDrive/Документы/AutoExecDoc Projects/dfsfdsfs\project.db
24-Apr-23 21:27:24.443094 | DEBUG    | MAIN LOGGER                    | FormText(self, pair, config_content): pair = {'id_pair': 100, 'id_page': 10, 'id_content': 1007, 'name_content': 'строительно_монтажная_организация', 'value': None}, config_content = {'id_content': 1007, 'name_content': 'строительно_монтажная_организация', 'type_content': 'TEXT', 'title_content': 'Строительно-монтажная организация', 'description_content': None, 'enable': None}
24-Apr-23 21:27:24.451096 | DEBUG    | MAIN LOGGER                    | IN get_config_content(id_content) -> list: id_content = 1008                    
24-Apr-23 21:27:24.452098 | DEBUG    | MAIN LOGGER                    | get_db_project_dirpath() -> str: C:/Users/hayar/OneDrive/Документы/AutoExecDoc Projects/dfsfdsfs\project.db
24-Apr-23 21:27:24.453098 | DEBUG    | MAIN LOGGER                    | FormText(self, pair, config_content): pair = {'id_pair': 101, 'id_page': 10, 'id_content': 1008, 'name_content': 'город', 'value': None}, config_content = {'id_content': 1008, 'name_content': 'город', 'type_content': 'TEXT', 'title_content': 'Город', 'description_content': None, 'enable': None}
24-Apr-23 21:27:24.456099 | DEBUG    | MAIN LOGGER                    | IN get_config_content(id_content) -> list: id_content = 1009                    
24-Apr-23 21:27:24.456099 | DEBUG    | MAIN LOGGER                    | get_db_project_dirpath() -> str: C:/Users/hayar/OneDrive/Документы/AutoExecDoc Projects/dfsfdsfs\project.db
24-Apr-23 21:27:24.457098 | DEBUG    | MAIN LOGGER                    | IN get_config_date(id_content) -> list: name_content = 1009                     
24-Apr-23 21:27:24.458099 | DEBUG    | MAIN LOGGER                    | get_db_project_dirpath() -> str: C:/Users/hayar/OneDrive/Документы/AutoExecDoc Projects/dfsfdsfs\project.db
24-Apr-23 21:27:24.458099 | DEBUG    | MAIN LOGGER                    | FormDate(self, pair, config_content, config_date): pair = {'id_pair': 102, 'id_page': 10, 'id_content': 1009, 'name_content': 'год', 'value': None}, config_content = {'id_content': 1009, 'name_content': 'год', 'type_content': 'DATE', 'title_content': 'Год', 'description_content': None, 'enable': None}, config_date = []
24-Apr-23 21:27:24.472103 | DEBUG    | MAIN LOGGER                    | IN get_config_content(id_content) -> list: id_content = 1000                    
24-Apr-23 21:27:24.472103 | DEBUG    | MAIN LOGGER                    | get_db_project_dirpath() -> str: C:/Users/hayar/OneDrive/Документы/AutoExecDoc Projects/dfsfdsfs\project.db
24-Apr-23 21:27:24.473103 | DEBUG    | MAIN LOGGER                    | FormText(self, pair, config_content): pair = {'id_pair': 1000, 'id_node': 10, 'id_content': 1000, 'name_content': 'организационно_правовая_форма', 'value': None}, config_content = {'id_content': 1000, 'name_content': 'организационно_правовая_форма', 'type_content': 'TEXT', 'title_content': 'Организационно-правовая форма', 'description_content': None, 'enable': None}
24-Apr-23 21:27:24.476103 | DEBUG    | MAIN LOGGER                    | IN get_config_content(id_content) -> list: id_content = 1002                    
24-Apr-23 21:27:24.476103 | DEBUG    | MAIN LOGGER                    | get_db_project_dirpath() -> str: C:/Users/hayar/OneDrive/Документы/AutoExecDoc Projects/dfsfdsfs\project.db
24-Apr-23 21:27:24.477104 | DEBUG    | MAIN LOGGER                    | FormText(self, pair, config_content): pair = {'id_pair': 1001, 'id_node': 10, 'id_content': 1002, 'name_content': 'адрес_компании', 'value': None}, config_content = {'id_content': 1002, 'name_content': 'адрес_компании', 'type_content': 'TEXT', 'title_content': 'Адрес компании', 'description_content': None, 'enable': None}
24-Apr-23 21:27:24.479106 | DEBUG    | MAIN LOGGER                    | IN get_config_content(id_content) -> list: id_content = 1003                    
24-Apr-23 21:27:24.480105 | DEBUG    | MAIN LOGGER                    | get_db_project_dirpath() -> str: C:/Users/hayar/OneDrive/Документы/AutoExecDoc Projects/dfsfdsfs\project.db
24-Apr-23 21:27:24.481104 | DEBUG    | MAIN LOGGER                    | FormText(self, pair, config_content): pair = {'id_pair': 1002, 'id_node': 10, 'id_content': 1003, 'name_content': 'название_объекта', 'value': None}, config_content = {'id_content': 1003, 'name_content': 'название_объекта', 'type_content': 'TEXT', 'title_content': 'Название объекта', 'description_content': None, 'enable': None}
24-Apr-23 21:27:24.483106 | DEBUG    | MAIN LOGGER                    | IN get_config_content(id_content) -> list: id_content = 1004                    
24-Apr-23 21:27:24.484106 | DEBUG    | MAIN LOGGER                    | get_db_project_dirpath() -> str: C:/Users/hayar/OneDrive/Документы/AutoExecDoc Projects/dfsfdsfs\project.db
24-Apr-23 21:27:24.485106 | DEBUG    | MAIN LOGGER                    | FormText(self, pair, config_content): pair = {'id_pair': 1003, 'id_node': 10, 'id_content': 1004, 'name_content': 'участок', 'value': None}, config_content = {'id_content': 1004, 'name_content': 'участок', 'type_content': 'TEXT', 'title_content': 'Участок', 'description_content': None, 'enable': None}
24-Apr-23 21:27:24.487107 | DEBUG    | MAIN LOGGER                    | IN get_config_content(id_content) -> list: id_content = 1005                    
24-Apr-23 21:27:24.488105 | DEBUG    | MAIN LOGGER                    | get_db_project_dirpath() -> str: C:/Users/hayar/OneDrive/Документы/AutoExecDoc Projects/dfsfdsfs\project.db
24-Apr-23 21:27:24.489107 | DEBUG    | MAIN LOGGER                    | FormText(self, pair, config_content): pair = {'id_pair': 1004, 'id_node': 10, 'id_content': 1005, 'name_content': 'номер_кабеля', 'value': None}, config_content = {'id_content': 1005, 'name_content': 'номер_кабеля', 'type_content': 'TEXT', 'title_content': 'Номер кабеля', 'description_content': None, 'enable': None}
24-Apr-23 21:27:24.490353 | DEBUG    | MAIN LOGGER                    | IN get_config_content(id_content) -> list: id_content = 1006                    
24-Apr-23 21:27:24.491346 | DEBUG    | MAIN LOGGER                    | get_db_project_dirpath() -> str: C:/Users/hayar/OneDrive/Документы/AutoExecDoc Projects/dfsfdsfs\project.db
24-Apr-23 21:27:24.492341 | DEBUG    | MAIN LOGGER                    | FormText(self, pair, config_content): pair = {'id_pair': 1005, 'id_node': 10, 'id_content': 1006, 'name_content': 'заказчик', 'value': None}, config_content = {'id_content': 1006, 'name_content': 'заказчик', 'type_content': 'TEXT', 'title_content': 'Заказчик', 'description_content': None, 'enable': None}
24-Apr-23 21:27:24.502290 | DEBUG    | MAIN LOGGER                    | IN get_config_content(id_content) -> list: id_content = 1003                    
24-Apr-23 21:27:24.503288 | DEBUG    | MAIN LOGGER                    | get_db_project_dirpath() -> str: C:/Users/hayar/OneDrive/Документы/AutoExecDoc Projects/dfsfdsfs\project.db
24-Apr-23 21:27:24.504294 | DEBUG    | MAIN LOGGER                    | FormText(self, pair, config_content): pair = {'id_pair': 100, 'id_node': 0, 'id_content': 1003, 'name_content': 'название_объекта', 'value': 'Рощино'}, config_content = {'id_content': 1003, 'name_content': 'название_объекта', 'type_content': 'TEXT', 'title_content': 'Название объекта', 'description_content': None, 'enable': None}
24-Apr-23 21:27:24.506294 | DEBUG    | MAIN LOGGER                    | IN get_config_content(id_content) -> list: id_content = 1004                    
24-Apr-23 21:27:24.507287 | DEBUG    | MAIN LOGGER                    | get_db_project_dirpath() -> str: C:/Users/hayar/OneDrive/Документы/AutoExecDoc Projects/dfsfdsfs\project.db
24-Apr-23 21:27:24.508288 | DEBUG    | MAIN LOGGER                    | FormText(self, pair, config_content): pair = {'id_pair': 101, 'id_node': 0, 'id_content': 1004, 'name_content': 'участок', 'value': 'поселок Рощино'}, config_content = {'id_content': 1004, 'name_content': 'участок', 'type_content': 'TEXT', 'title_content': 'Участок', 'description_content': None, 'enable': None}
24-Apr-23 21:27:24.510303 | DEBUG    | MAIN LOGGER                    | IN get_config_content(id_content) -> list: id_content = 1001                    
24-Apr-23 21:27:24.511289 | DEBUG    | MAIN LOGGER                    | get_db_project_dirpath() -> str: C:/Users/hayar/OneDrive/Документы/AutoExecDoc Projects/dfsfdsfs\project.db
24-Apr-23 21:27:24.512289 | DEBUG    | MAIN LOGGER                    | FormText(self, pair, config_content): pair = {'id_pair': 102, 'id_node': 0, 'id_content': 1001, 'name_content': 'название_компании', 'value': None}, config_content = {'id_content': 1001, 'name_content': 'название_компании', 'type_content': 'TEXT', 'title_content': 'Название компании', 'description_content': None, 'enable': None}
