24-Apr-24 21:56:23.728955 | DEBUG    | MAIN LOGGER                    | Config logger                                                                   
24-Apr-24 21:56:23.729942 | DEBUG    | MAIN LOGGER                    | IN create_and_config_files_and_folders()                                        
24-Apr-24 21:56:23.730937 | DEBUG    | MAIN LOGGER                    | get_default_folder_projects_dirpath() -> str: C:/Users/hayar/OneDrive/Документы\AutoExecDoc Projects
24-Apr-24 21:56:23.730937 | DEBUG    | MAIN LOGGER                    | IN create_and_config_db_settings()                                              
24-Apr-24 21:56:23.731936 | DEBUG    | MAIN LOGGER                    | get_db_settings_dirpath() -> str: d:\work\project\AutoExecDoc\db\settings.db    
24-Apr-24 21:56:23.775395 | DEBUG    | MAIN LOGGER                    | IN config_controllers()                                                         
24-Apr-24 21:56:23.776397 | DEBUG    | MAIN LOGGER                    | IN connect_statusbar(statusbar)                                                 
24-Apr-24 21:56:23.776397 | DEBUG    | MAIN LOGGER                    | set_message_for_statusbar(Проект не открыт)                                     
24-Apr-24 21:56:23.777400 | DEBUG    | MAIN LOGGER                    | IN connect_structureexecdoc(tr_sed, title_sed)                                  
24-Apr-24 21:56:23.778398 | DEBUG    | MAIN LOGGER                    | IN clear_tr_sed()                                                               
24-Apr-24 21:56:23.778398 | DEBUG    | MAIN LOGGER                    | IN connect_pages_template(lw_pt)                                                
24-Apr-24 21:56:23.779399 | DEBUG    | MAIN LOGGER                    | IN connect_inputforms(sa_if, sa_ifl)                                            
24-Apr-24 21:56:23.780403 | DEBUG    | MAIN LOGGER                    | IN connecting_actions()                                                         
24-Apr-24 21:56:25.105762 | DEBUG    | MAIN LOGGER                    | IN open_project()                                                               
24-Apr-24 21:56:25.107774 | DEBUG    | MAIN LOGGER                    | get_default_folder_projects_dirpath() -> str: C:/Users/hayar/OneDrive/Документы\AutoExecDoc Projects
24-Apr-24 21:56:26.410247 | DEBUG    | MAIN LOGGER                    | select_folder_for_open_project() -> C:/Users/hayar/OneDrive/Документы/AutoExecDoc Projects/Новая игра
24-Apr-24 21:56:26.410247 | DEBUG    | MAIN LOGGER                    | IN set_project_dirpaths(folder_path: str): folder_path = C:/Users/hayar/OneDrive/Документы/AutoExecDoc Projects/Новая игра
24-Apr-24 21:56:26.411247 | DEBUG    | MAIN LOGGER                    | set_project_dirpath(dirpath: str): dirpath = C:/Users/hayar/OneDrive/Документы/AutoExecDoc Projects/Новая игра
24-Apr-24 21:56:26.411247 | DEBUG    | MAIN LOGGER                    | get_project_dirpath() -> str: C:/Users/hayar/OneDrive/Документы/AutoExecDoc Projects/Новая игра
24-Apr-24 21:56:26.412246 | DEBUG    | MAIN LOGGER                    | set_db_project_dirpath(dirpath: str): dirpath = C:/Users/hayar/OneDrive/Документы/AutoExecDoc Projects/Новая игра\project.db
24-Apr-24 21:56:26.412246 | DEBUG    | MAIN LOGGER                    | IN config_open_project()                                                        
24-Apr-24 21:56:26.413248 | DEBUG    | MAIN LOGGER                    | get_project_dirpath() -> str: C:/Users/hayar/OneDrive/Документы/AutoExecDoc Projects/Новая игра
24-Apr-24 21:56:26.413248 | DEBUG    | MAIN LOGGER                    | IN add_or_update_open_project_to_db()                                           
24-Apr-24 21:56:26.414247 | DEBUG    | MAIN LOGGER                    | get_db_settings_dirpath() -> str: d:\work\project\AutoExecDoc\db\settings.db    
24-Apr-24 21:56:26.415248 | DEBUG    | MAIN LOGGER                    | get_project_dirpath() -> str: C:/Users/hayar/OneDrive/Документы/AutoExecDoc Projects/Новая игра
24-Apr-24 21:56:26.417247 | DEBUG    | MAIN LOGGER                    | get_project_dirpath() -> str: C:/Users/hayar/OneDrive/Документы/AutoExecDoc Projects/Новая игра
24-Apr-24 21:56:26.418916 | DEBUG    | MAIN LOGGER                    | IN update_project_to_db()                                                       
24-Apr-24 21:56:26.419444 | DEBUG    | MAIN LOGGER                    | get_db_settings_dirpath() -> str: d:\work\project\AutoExecDoc\db\settings.db    
24-Apr-24 21:56:26.419444 | DEBUG    | MAIN LOGGER                    | get_project_dirpath() -> str: C:/Users/hayar/OneDrive/Документы/AutoExecDoc Projects/Новая игра
24-Apr-24 21:56:26.420422 | DEBUG    | MAIN LOGGER                    | get_project_dirpath() -> str: C:/Users/hayar/OneDrive/Документы/AutoExecDoc Projects/Новая игра
24-Apr-24 21:56:26.424423 | DEBUG    | MAIN LOGGER                    | IN create_and_config_db_project()                                               
24-Apr-24 21:56:26.424423 | DEBUG    | MAIN LOGGER                    | get_db_project_dirpath() -> str: C:/Users/hayar/OneDrive/Документы/AutoExecDoc Projects/Новая игра\project.db
24-Apr-24 21:56:26.425425 | DEBUG    | MAIN LOGGER                    | IN update_structure_exec_doc()                                                  
24-Apr-24 21:56:26.426425 | DEBUG    | MAIN LOGGER                    | IN clear_tr_sed()                                                               
24-Apr-24 21:56:26.427427 | DEBUG    | MAIN LOGGER                    | get_current_name() -> str: Новая игра                                           
24-Apr-24 21:56:26.427427 | DEBUG    | MAIN LOGGER                    | IN get_project_node() -> object                                                 
24-Apr-24 21:56:26.428424 | DEBUG    | MAIN LOGGER                    | get_db_project_dirpath() -> str: C:/Users/hayar/OneDrive/Документы/AutoExecDoc Projects/Новая игра\project.db
24-Apr-24 21:56:26.429424 | DEBUG    | MAIN LOGGER                    | IN dfs_exec_doc(parent_node): parent_node = {'id_node': 0, 'name_node': 'Проект', 'id_parent': None, 'order_node': '0', 'type_node': 'PROJECT', 'template_name': None, 'included': None}
24-Apr-24 21:56:26.429424 | DEBUG    | MAIN LOGGER                    | IN get_childs(parent_node) -> list: parent_node = {'id_node': 0, 'name_node': 'Проект', 'id_parent': None, 'order_node': '0', 'type_node': 'PROJECT', 'template_name': None, 'included': None}
24-Apr-24 21:56:26.430423 | DEBUG    | MAIN LOGGER                    | get_db_project_dirpath() -> str: C:/Users/hayar/OneDrive/Документы/AutoExecDoc Projects/Новая игра\project.db
24-Apr-24 21:56:26.431425 | DEBUG    | MAIN LOGGER                    | IN set_item_in_nodes_to_items(node): node = {'id_node': 10, 'name_node': 'Титульный лист', 'id_parent': 0, 'order_node': '1', 'type_node': 'FORM', 'template_name': 'main', 'included': '1'}
24-Apr-24 21:56:26.432425 | DEBUG    | MAIN LOGGER                    | IN set_state_included_for_childs(node, state): node = {'id_node': 10, 'name_node': 'Титульный лист', 'id_parent': 0, 'order_node': '1', 'type_node': 'FORM', 'template_name': 'main', 'included': '1'}, state = False
24-Apr-24 21:56:26.433425 | DEBUG    | MAIN LOGGER                    | IN set_included_for_node(node, state): node = {'id_node': 10, 'name_node': 'Титульный лист', 'id_parent': 0, 'order_node': '1', 'type_node': 'FORM', 'template_name': 'main', 'included': '1'}, state = False
24-Apr-24 21:56:26.433425 | DEBUG    | MAIN LOGGER                    | get_db_project_dirpath() -> str: C:/Users/hayar/OneDrive/Документы/AutoExecDoc Projects/Новая игра\project.db
24-Apr-24 21:56:26.439429 | DEBUG    | MAIN LOGGER                    | IN set_state_included_for_childs(node, state): node = {'id_node': 10, 'name_node': 'Титульный лист', 'id_parent': 0, 'order_node': '1', 'type_node': 'FORM', 'template_name': 'main', 'included': '1'}, state = True
24-Apr-24 21:56:26.440426 | DEBUG    | MAIN LOGGER                    | IN set_included_for_node(node, state): node = {'id_node': 10, 'name_node': 'Титульный лист', 'id_parent': 0, 'order_node': '1', 'type_node': 'FORM', 'template_name': 'main', 'included': '1'}, state = True
24-Apr-24 21:56:26.441429 | DEBUG    | MAIN LOGGER                    | get_db_project_dirpath() -> str: C:/Users/hayar/OneDrive/Документы/AutoExecDoc Projects/Новая игра\project.db
24-Apr-24 21:56:26.446428 | DEBUG    | MAIN LOGGER                    | IN dfs_exec_doc(parent_node): parent_node = {'id_node': 10, 'name_node': 'Титульный лист', 'id_parent': 0, 'order_node': '1', 'type_node': 'FORM', 'template_name': 'main', 'included': '1'}
24-Apr-24 21:56:26.447432 | DEBUG    | MAIN LOGGER                    | IN get_childs(parent_node) -> list: parent_node = {'id_node': 10, 'name_node': 'Титульный лист', 'id_parent': 0, 'order_node': '1', 'type_node': 'FORM', 'template_name': 'main', 'included': '1'}
24-Apr-24 21:56:26.448428 | DEBUG    | MAIN LOGGER                    | get_db_project_dirpath() -> str: C:/Users/hayar/OneDrive/Документы/AutoExecDoc Projects/Новая игра\project.db
24-Apr-24 21:56:26.451428 | DEBUG    | MAIN LOGGER                    | IN set_item_in_nodes_to_items(node): node = {'id_node': 11, 'name_node': 'Реестр документации', 'id_parent': 0, 'order_node': '2', 'type_node': 'FORM', 'template_name': 'main', 'included': '1'}
24-Apr-24 21:56:26.452430 | DEBUG    | MAIN LOGGER                    | IN set_state_included_for_childs(node, state): node = {'id_node': 11, 'name_node': 'Реестр документации', 'id_parent': 0, 'order_node': '2', 'type_node': 'FORM', 'template_name': 'main', 'included': '1'}, state = False
24-Apr-24 21:56:26.453430 | DEBUG    | MAIN LOGGER                    | IN set_included_for_node(node, state): node = {'id_node': 11, 'name_node': 'Реестр документации', 'id_parent': 0, 'order_node': '2', 'type_node': 'FORM', 'template_name': 'main', 'included': '1'}, state = False
24-Apr-24 21:56:26.453430 | DEBUG    | MAIN LOGGER                    | get_db_project_dirpath() -> str: C:/Users/hayar/OneDrive/Документы/AutoExecDoc Projects/Новая игра\project.db
24-Apr-24 21:56:26.458429 | DEBUG    | MAIN LOGGER                    | IN set_state_included_for_childs(node, state): node = {'id_node': 11, 'name_node': 'Реестр документации', 'id_parent': 0, 'order_node': '2', 'type_node': 'FORM', 'template_name': 'main', 'included': '1'}, state = True
24-Apr-24 21:56:26.459431 | DEBUG    | MAIN LOGGER                    | IN set_included_for_node(node, state): node = {'id_node': 11, 'name_node': 'Реестр документации', 'id_parent': 0, 'order_node': '2', 'type_node': 'FORM', 'template_name': 'main', 'included': '1'}, state = True
24-Apr-24 21:56:26.460433 | DEBUG    | MAIN LOGGER                    | get_db_project_dirpath() -> str: C:/Users/hayar/OneDrive/Документы/AutoExecDoc Projects/Новая игра\project.db
24-Apr-24 21:56:26.466432 | DEBUG    | MAIN LOGGER                    | IN dfs_exec_doc(parent_node): parent_node = {'id_node': 11, 'name_node': 'Реестр документации', 'id_parent': 0, 'order_node': '2', 'type_node': 'FORM', 'template_name': 'main', 'included': '1'}
24-Apr-24 21:56:26.466432 | DEBUG    | MAIN LOGGER                    | IN get_childs(parent_node) -> list: parent_node = {'id_node': 11, 'name_node': 'Реестр документации', 'id_parent': 0, 'order_node': '2', 'type_node': 'FORM', 'template_name': 'main', 'included': '1'}
24-Apr-24 21:56:26.467435 | DEBUG    | MAIN LOGGER                    | get_db_project_dirpath() -> str: C:/Users/hayar/OneDrive/Документы/AutoExecDoc Projects/Новая игра\project.db
24-Apr-24 21:56:26.469434 | DEBUG    | MAIN LOGGER                    | IN set_item_in_nodes_to_items(node): node = {'id_node': 12, 'name_node': 'Паспорт трассы', 'id_parent': 0, 'order_node': '3', 'type_node': 'GROUP', 'template_name': None, 'included': '1'}
24-Apr-24 21:56:26.470432 | DEBUG    | MAIN LOGGER                    | IN set_state_included_for_childs(node, state): node = {'id_node': 12, 'name_node': 'Паспорт трассы', 'id_parent': 0, 'order_node': '3', 'type_node': 'GROUP', 'template_name': None, 'included': '1'}, state = False
24-Apr-24 21:56:26.470432 | DEBUG    | MAIN LOGGER                    | IN set_included_for_node(node, state): node = {'id_node': 12, 'name_node': 'Паспорт трассы', 'id_parent': 0, 'order_node': '3', 'type_node': 'GROUP', 'template_name': None, 'included': '1'}, state = False
24-Apr-24 21:56:26.471434 | DEBUG    | MAIN LOGGER                    | get_db_project_dirpath() -> str: C:/Users/hayar/OneDrive/Документы/AutoExecDoc Projects/Новая игра\project.db
24-Apr-24 21:56:26.476433 | DEBUG    | MAIN LOGGER                    | IN set_state_included_for_childs(node, state): node = {'id_node': 12, 'name_node': 'Паспорт трассы', 'id_parent': 0, 'order_node': '3', 'type_node': 'GROUP', 'template_name': None, 'included': '1'}, state = True
24-Apr-24 21:56:26.477439 | DEBUG    | MAIN LOGGER                    | IN set_included_for_node(node, state): node = {'id_node': 12, 'name_node': 'Паспорт трассы', 'id_parent': 0, 'order_node': '3', 'type_node': 'GROUP', 'template_name': None, 'included': '1'}, state = True
24-Apr-24 21:56:26.478435 | DEBUG    | MAIN LOGGER                    | get_db_project_dirpath() -> str: C:/Users/hayar/OneDrive/Документы/AutoExecDoc Projects/Новая игра\project.db
24-Apr-24 21:56:26.484649 | DEBUG    | MAIN LOGGER                    | IN dfs_exec_doc(parent_node): parent_node = {'id_node': 12, 'name_node': 'Паспорт трассы', 'id_parent': 0, 'order_node': '3', 'type_node': 'GROUP', 'template_name': None, 'included': '1'}
24-Apr-24 21:56:26.485651 | DEBUG    | MAIN LOGGER                    | IN get_childs(parent_node) -> list: parent_node = {'id_node': 12, 'name_node': 'Паспорт трассы', 'id_parent': 0, 'order_node': '3', 'type_node': 'GROUP', 'template_name': None, 'included': '1'}
24-Apr-24 21:56:26.485651 | DEBUG    | MAIN LOGGER                    | get_db_project_dirpath() -> str: C:/Users/hayar/OneDrive/Документы/AutoExecDoc Projects/Новая игра\project.db
24-Apr-24 21:56:26.487651 | DEBUG    | MAIN LOGGER                    | IN set_item_in_nodes_to_items(node): node = {'id_node': 1201, 'name_node': 'ПТ-1', 'id_parent': 12, 'order_node': '1', 'type_node': 'FORM', 'template_name': 'main', 'included': '1'}
24-Apr-24 21:56:26.488652 | DEBUG    | MAIN LOGGER                    | IN set_state_included_for_childs(node, state): node = {'id_node': 1201, 'name_node': 'ПТ-1', 'id_parent': 12, 'order_node': '1', 'type_node': 'FORM', 'template_name': 'main', 'included': '1'}, state = False
24-Apr-24 21:56:26.489651 | DEBUG    | MAIN LOGGER                    | IN set_included_for_node(node, state): node = {'id_node': 1201, 'name_node': 'ПТ-1', 'id_parent': 12, 'order_node': '1', 'type_node': 'FORM', 'template_name': 'main', 'included': '1'}, state = False
24-Apr-24 21:56:26.489651 | DEBUG    | MAIN LOGGER                    | get_db_project_dirpath() -> str: C:/Users/hayar/OneDrive/Документы/AutoExecDoc Projects/Новая игра\project.db
24-Apr-24 21:56:26.493654 | DEBUG    | MAIN LOGGER                    | IN set_state_included_for_childs(node, state): node = {'id_node': 1201, 'name_node': 'ПТ-1', 'id_parent': 12, 'order_node': '1', 'type_node': 'FORM', 'template_name': 'main', 'included': '1'}, state = True
24-Apr-24 21:56:26.494651 | DEBUG    | MAIN LOGGER                    | IN set_included_for_node(node, state): node = {'id_node': 1201, 'name_node': 'ПТ-1', 'id_parent': 12, 'order_node': '1', 'type_node': 'FORM', 'template_name': 'main', 'included': '1'}, state = True
24-Apr-24 21:56:26.495654 | DEBUG    | MAIN LOGGER                    | get_db_project_dirpath() -> str: C:/Users/hayar/OneDrive/Документы/AutoExecDoc Projects/Новая игра\project.db
24-Apr-24 21:56:26.500654 | DEBUG    | MAIN LOGGER                    | IN dfs_exec_doc(parent_node): parent_node = {'id_node': 1201, 'name_node': 'ПТ-1', 'id_parent': 12, 'order_node': '1', 'type_node': 'FORM', 'template_name': 'main', 'included': '1'}
24-Apr-24 21:56:26.501654 | DEBUG    | MAIN LOGGER                    | IN get_childs(parent_node) -> list: parent_node = {'id_node': 1201, 'name_node': 'ПТ-1', 'id_parent': 12, 'order_node': '1', 'type_node': 'FORM', 'template_name': 'main', 'included': '1'}
24-Apr-24 21:56:26.501654 | DEBUG    | MAIN LOGGER                    | get_db_project_dirpath() -> str: C:/Users/hayar/OneDrive/Документы/AutoExecDoc Projects/Новая игра\project.db
24-Apr-24 21:56:26.503655 | DEBUG    | MAIN LOGGER                    | IN set_item_in_nodes_to_items(node): node = {'id_node': 1202, 'name_node': 'ПТ-2', 'id_parent': 12, 'order_node': '2', 'type_node': 'FORM', 'template_name': 'main', 'included': '1'}
24-Apr-24 21:56:26.504653 | DEBUG    | MAIN LOGGER                    | IN set_state_included_for_childs(node, state): node = {'id_node': 1202, 'name_node': 'ПТ-2', 'id_parent': 12, 'order_node': '2', 'type_node': 'FORM', 'template_name': 'main', 'included': '1'}, state = False
24-Apr-24 21:56:26.505654 | DEBUG    | MAIN LOGGER                    | IN set_included_for_node(node, state): node = {'id_node': 1202, 'name_node': 'ПТ-2', 'id_parent': 12, 'order_node': '2', 'type_node': 'FORM', 'template_name': 'main', 'included': '1'}, state = False
24-Apr-24 21:56:26.505654 | DEBUG    | MAIN LOGGER                    | get_db_project_dirpath() -> str: C:/Users/hayar/OneDrive/Документы/AutoExecDoc Projects/Новая игра\project.db
24-Apr-24 21:56:26.510656 | DEBUG    | MAIN LOGGER                    | IN set_state_included_for_childs(node, state): node = {'id_node': 1202, 'name_node': 'ПТ-2', 'id_parent': 12, 'order_node': '2', 'type_node': 'FORM', 'template_name': 'main', 'included': '1'}, state = True
24-Apr-24 21:56:26.511657 | DEBUG    | MAIN LOGGER                    | IN set_included_for_node(node, state): node = {'id_node': 1202, 'name_node': 'ПТ-2', 'id_parent': 12, 'order_node': '2', 'type_node': 'FORM', 'template_name': 'main', 'included': '1'}, state = True
24-Apr-24 21:56:26.511657 | DEBUG    | MAIN LOGGER                    | get_db_project_dirpath() -> str: C:/Users/hayar/OneDrive/Документы/AutoExecDoc Projects/Новая игра\project.db
24-Apr-24 21:56:26.517656 | DEBUG    | MAIN LOGGER                    | IN dfs_exec_doc(parent_node): parent_node = {'id_node': 1202, 'name_node': 'ПТ-2', 'id_parent': 12, 'order_node': '2', 'type_node': 'FORM', 'template_name': 'main', 'included': '1'}
24-Apr-24 21:56:26.517656 | DEBUG    | MAIN LOGGER                    | IN get_childs(parent_node) -> list: parent_node = {'id_node': 1202, 'name_node': 'ПТ-2', 'id_parent': 12, 'order_node': '2', 'type_node': 'FORM', 'template_name': 'main', 'included': '1'}
24-Apr-24 21:56:26.518658 | DEBUG    | MAIN LOGGER                    | get_db_project_dirpath() -> str: C:/Users/hayar/OneDrive/Документы/AutoExecDoc Projects/Новая игра\project.db
24-Apr-24 21:56:26.521658 | DEBUG    | MAIN LOGGER                    | IN set_item_in_nodes_to_items(node): node = {'id_node': 1203, 'name_node': 'ПТ-3', 'id_parent': 12, 'order_node': '3', 'type_node': 'FORM', 'template_name': 'main', 'included': '1'}
24-Apr-24 21:56:26.521658 | DEBUG    | MAIN LOGGER                    | IN set_state_included_for_childs(node, state): node = {'id_node': 1203, 'name_node': 'ПТ-3', 'id_parent': 12, 'order_node': '3', 'type_node': 'FORM', 'template_name': 'main', 'included': '1'}, state = False
24-Apr-24 21:56:26.522659 | DEBUG    | MAIN LOGGER                    | IN set_included_for_node(node, state): node = {'id_node': 1203, 'name_node': 'ПТ-3', 'id_parent': 12, 'order_node': '3', 'type_node': 'FORM', 'template_name': 'main', 'included': '1'}, state = False
24-Apr-24 21:56:26.522659 | DEBUG    | MAIN LOGGER                    | get_db_project_dirpath() -> str: C:/Users/hayar/OneDrive/Документы/AutoExecDoc Projects/Новая игра\project.db
24-Apr-24 21:56:26.527661 | DEBUG    | MAIN LOGGER                    | IN set_state_included_for_childs(node, state): node = {'id_node': 1203, 'name_node': 'ПТ-3', 'id_parent': 12, 'order_node': '3', 'type_node': 'FORM', 'template_name': 'main', 'included': '1'}, state = True
24-Apr-24 21:56:26.528660 | DEBUG    | MAIN LOGGER                    | IN set_included_for_node(node, state): node = {'id_node': 1203, 'name_node': 'ПТ-3', 'id_parent': 12, 'order_node': '3', 'type_node': 'FORM', 'template_name': 'main', 'included': '1'}, state = True
24-Apr-24 21:56:26.528660 | DEBUG    | MAIN LOGGER                    | get_db_project_dirpath() -> str: C:/Users/hayar/OneDrive/Документы/AutoExecDoc Projects/Новая игра\project.db
24-Apr-24 21:56:26.534662 | DEBUG    | MAIN LOGGER                    | IN dfs_exec_doc(parent_node): parent_node = {'id_node': 1203, 'name_node': 'ПТ-3', 'id_parent': 12, 'order_node': '3', 'type_node': 'FORM', 'template_name': 'main', 'included': '1'}
24-Apr-24 21:56:26.534662 | DEBUG    | MAIN LOGGER                    | IN get_childs(parent_node) -> list: parent_node = {'id_node': 1203, 'name_node': 'ПТ-3', 'id_parent': 12, 'order_node': '3', 'type_node': 'FORM', 'template_name': 'main', 'included': '1'}
24-Apr-24 21:56:26.535661 | DEBUG    | MAIN LOGGER                    | get_db_project_dirpath() -> str: C:/Users/hayar/OneDrive/Документы/AutoExecDoc Projects/Новая игра\project.db
24-Apr-24 21:56:26.537663 | DEBUG    | MAIN LOGGER                    | set_new_dirpaths_for_project()                                                  
24-Apr-24 21:56:26.537663 | DEBUG    | MAIN LOGGER                    | get_project_dirpath() -> str: C:/Users/hayar/OneDrive/Документы/AutoExecDoc Projects/Новая игра
24-Apr-24 21:56:26.538662 | DEBUG    | MAIN LOGGER                    | get_project_dirpath() -> str: C:/Users/hayar/OneDrive/Документы/AutoExecDoc Projects/Новая игра
24-Apr-24 21:56:26.538662 | DEBUG    | MAIN LOGGER                    | IN add_forms_folders_to_new_project()                                           
24-Apr-24 21:56:26.539664 | DEBUG    | MAIN LOGGER                    | get_forms_folder_dirpath() -> str: C:/Users/hayar/OneDrive/Документы/AutoExecDoc Projects/Новая игра\forms
24-Apr-24 21:56:26.539664 | DEBUG    | MAIN LOGGER                    | get_image_folder_dirpath() -> str: C:/Users/hayar/OneDrive/Документы/AutoExecDoc Projects/Новая игра\images
24-Apr-24 21:56:26.540664 | DEBUG    | MAIN LOGGER                    | get_temp_dirpath() -> str:                                                      
24-Apr-24 21:56:26.541703 | DEBUG    | MAIN LOGGER                    | IN set_true_actives_project()                                                   
24-Apr-24 21:56:26.542215 | DEBUG    | MAIN LOGGER                    | set_message_for_statusbar(Проект c именем Новая игра открыт.)                   
24-Apr-24 21:56:27.402691 | DEBUG    | MAIN LOGGER                    | IN update_pages_template(node) : node = {'id_node': 11, 'name_node': 'Реестр документации', 'id_parent': 0, 'order_node': '2', 'type_node': 'FORM', 'template_name': 'main', 'included': '1'}
24-Apr-24 21:56:27.403684 | DEBUG    | MAIN LOGGER                    | IN get_pages_by_node(node) -> list: node = {'id_node': 11, 'name_node': 'Реестр документации', 'id_parent': 0, 'order_node': '2', 'type_node': 'FORM', 'template_name': 'main', 'included': '1'}
24-Apr-24 21:56:27.403684 | DEBUG    | MAIN LOGGER                    | get_db_project_dirpath() -> str: C:/Users/hayar/OneDrive/Документы/AutoExecDoc Projects/Новая игра\project.db
24-Apr-24 21:56:29.065218 | DEBUG    | MAIN LOGGER                    | IN item_page_updated(current): current = <package.controllers.pagestemplate.MyListWidgetItem object at 0x0000019BB3AB8240>
24-Apr-24 21:56:29.066221 | DEBUG    | MAIN LOGGER                    | IN add_page_for_datas(page): page = {'id_page': 20, 'id_node_parent': 11, 'page_name': 'Л.1. Реестр исполнительной документации ВОЛС.', 'template_name': '2-РД-1', 'order_page': 0, 'included': None}
24-Apr-24 21:56:29.067216 | DEBUG    | MAIN LOGGER                    | IN get_page_data(page) -> list: page = {'id_page': 20, 'id_node_parent': 11, 'page_name': 'Л.1. Реестр исполнительной документации ВОЛС.', 'template_name': '2-РД-1', 'order_page': 0, 'included': None}
24-Apr-24 21:56:29.067216 | DEBUG    | MAIN LOGGER                    | get_db_project_dirpath() -> str: C:/Users/hayar/OneDrive/Документы/AutoExecDoc Projects/Новая игра\project.db
24-Apr-24 21:56:29.069224 | DEBUG    | MAIN LOGGER                    | IN add_nodes_for_datas()                                                        
24-Apr-24 21:56:29.070216 | DEBUG    | MAIN LOGGER                    | IN get_node_parent_from_pages(page) -> object: page = {'id_page': 20, 'id_node_parent': 11, 'page_name': 'Л.1. Реестр исполнительной документации ВОЛС.', 'template_name': '2-РД-1', 'order_page': 0, 'included': None}
24-Apr-24 21:56:29.071231 | DEBUG    | MAIN LOGGER                    | get_db_project_dirpath() -> str: C:/Users/hayar/OneDrive/Документы/AutoExecDoc Projects/Новая игра\project.db
24-Apr-24 21:56:29.072220 | DEBUG    | MAIN LOGGER                    | IN add_node_for_datas(node): node = {'id_node': 11, 'name_node': 'Реестр документации', 'id_parent': 0, 'order_node': '2', 'type_node': 'FORM', 'template_name': 'main', 'included': '1'}
24-Apr-24 21:56:29.073219 | DEBUG    | MAIN LOGGER                    | IN get_node_data(node) -> list: node = {'id_node': 11, 'name_node': 'Реестр документации', 'id_parent': 0, 'order_node': '2', 'type_node': 'FORM', 'template_name': 'main', 'included': '1'}
24-Apr-24 21:56:29.073219 | DEBUG    | MAIN LOGGER                    | get_db_project_dirpath() -> str: C:/Users/hayar/OneDrive/Документы/AutoExecDoc Projects/Новая игра\project.db
24-Apr-24 21:56:29.075220 | DEBUG    | MAIN LOGGER                    | IN get_node_parent(node) -> object: node = {'id_node': 11, 'name_node': 'Реестр документации', 'id_parent': 0, 'order_node': '2', 'type_node': 'FORM', 'template_name': 'main', 'included': '1'}
24-Apr-24 21:56:29.075220 | DEBUG    | MAIN LOGGER                    | get_db_project_dirpath() -> str: C:/Users/hayar/OneDrive/Документы/AutoExecDoc Projects/Новая игра\project.db
24-Apr-24 21:56:29.077226 | DEBUG    | MAIN LOGGER                    | IN add_node_for_datas(node): node = {'id_node': 0, 'name_node': 'Проект', 'id_parent': None, 'order_node': '0', 'type_node': 'PROJECT', 'template_name': None, 'included': None}
24-Apr-24 21:56:29.077226 | DEBUG    | MAIN LOGGER                    | IN get_node_data(node) -> list: node = {'id_node': 0, 'name_node': 'Проект', 'id_parent': None, 'order_node': '0', 'type_node': 'PROJECT', 'template_name': None, 'included': None}
24-Apr-24 21:56:29.078220 | DEBUG    | MAIN LOGGER                    | get_db_project_dirpath() -> str: C:/Users/hayar/OneDrive/Документы/AutoExecDoc Projects/Новая игра\project.db
24-Apr-24 21:56:29.079221 | DEBUG    | MAIN LOGGER                    | IN get_node_parent(node) -> object: node = {'id_node': 0, 'name_node': 'Проект', 'id_parent': None, 'order_node': '0', 'type_node': 'PROJECT', 'template_name': None, 'included': None}
24-Apr-24 21:56:29.080221 | DEBUG    | MAIN LOGGER                    | get_db_project_dirpath() -> str: C:/Users/hayar/OneDrive/Документы/AutoExecDoc Projects/Новая игра\project.db
24-Apr-24 21:56:29.081221 | DEBUG    | MAIN LOGGER                    | IN update_scrollarea()                                                          
24-Apr-24 21:56:29.082221 | DEBUG    | MAIN LOGGER                    | IN delete_all_widgets_in_sa()                                                   
24-Apr-24 21:56:29.082221 | DEBUG    | MAIN LOGGER                    | IN add_page_for_datas(page): page = {'id_page': 20, 'id_node_parent': 11, 'page_name': 'Л.1. Реестр исполнительной документации ВОЛС.', 'template_name': '2-РД-1', 'order_page': 0, 'included': None}
24-Apr-24 21:56:29.083220 | DEBUG    | MAIN LOGGER                    | IN get_page_data(page) -> list: page = {'id_page': 20, 'id_node_parent': 11, 'page_name': 'Л.1. Реестр исполнительной документации ВОЛС.', 'template_name': '2-РД-1', 'order_page': 0, 'included': None}
24-Apr-24 21:56:29.084220 | DEBUG    | MAIN LOGGER                    | get_db_project_dirpath() -> str: C:/Users/hayar/OneDrive/Документы/AutoExecDoc Projects/Новая игра\project.db
24-Apr-24 21:56:29.085219 | DEBUG    | MAIN LOGGER                    | IN add_nodes_for_datas()                                                        
24-Apr-24 21:56:29.086222 | DEBUG    | MAIN LOGGER                    | IN get_node_parent_from_pages(page) -> object: page = {'id_page': 20, 'id_node_parent': 11, 'page_name': 'Л.1. Реестр исполнительной документации ВОЛС.', 'template_name': '2-РД-1', 'order_page': 0, 'included': None}
24-Apr-24 21:56:29.087222 | DEBUG    | MAIN LOGGER                    | get_db_project_dirpath() -> str: C:/Users/hayar/OneDrive/Документы/AutoExecDoc Projects/Новая игра\project.db
24-Apr-24 21:56:29.088222 | DEBUG    | MAIN LOGGER                    | IN add_node_for_datas(node): node = {'id_node': 11, 'name_node': 'Реестр документации', 'id_parent': 0, 'order_node': '2', 'type_node': 'FORM', 'template_name': 'main', 'included': '1'}
24-Apr-24 21:56:29.088222 | DEBUG    | MAIN LOGGER                    | IN get_node_data(node) -> list: node = {'id_node': 11, 'name_node': 'Реестр документации', 'id_parent': 0, 'order_node': '2', 'type_node': 'FORM', 'template_name': 'main', 'included': '1'}
24-Apr-24 21:56:29.089220 | DEBUG    | MAIN LOGGER                    | get_db_project_dirpath() -> str: C:/Users/hayar/OneDrive/Документы/AutoExecDoc Projects/Новая игра\project.db
24-Apr-24 21:56:29.090221 | DEBUG    | MAIN LOGGER                    | IN get_node_parent(node) -> object: node = {'id_node': 11, 'name_node': 'Реестр документации', 'id_parent': 0, 'order_node': '2', 'type_node': 'FORM', 'template_name': 'main', 'included': '1'}
24-Apr-24 21:56:29.091223 | DEBUG    | MAIN LOGGER                    | get_db_project_dirpath() -> str: C:/Users/hayar/OneDrive/Документы/AutoExecDoc Projects/Новая игра\project.db
24-Apr-24 21:56:29.092222 | DEBUG    | MAIN LOGGER                    | IN add_node_for_datas(node): node = {'id_node': 0, 'name_node': 'Проект', 'id_parent': None, 'order_node': '0', 'type_node': 'PROJECT', 'template_name': None, 'included': None}
24-Apr-24 21:56:29.093224 | DEBUG    | MAIN LOGGER                    | IN get_node_data(node) -> list: node = {'id_node': 0, 'name_node': 'Проект', 'id_parent': None, 'order_node': '0', 'type_node': 'PROJECT', 'template_name': None, 'included': None}
24-Apr-24 21:56:29.094221 | DEBUG    | MAIN LOGGER                    | get_db_project_dirpath() -> str: C:/Users/hayar/OneDrive/Документы/AutoExecDoc Projects/Новая игра\project.db
24-Apr-24 21:56:29.095222 | DEBUG    | MAIN LOGGER                    | IN get_node_parent(node) -> object: node = {'id_node': 0, 'name_node': 'Проект', 'id_parent': None, 'order_node': '0', 'type_node': 'PROJECT', 'template_name': None, 'included': None}
24-Apr-24 21:56:29.095222 | DEBUG    | MAIN LOGGER                    | get_db_project_dirpath() -> str: C:/Users/hayar/OneDrive/Документы/AutoExecDoc Projects/Новая игра\project.db
24-Apr-24 21:56:29.096223 | DEBUG    | MAIN LOGGER                    | IN add_sections_in_sa()                                                         
24-Apr-24 21:56:29.100225 | DEBUG    | MAIN LOGGER                    | IN get_config_content(id_content) -> list: id_content = 1200                    
24-Apr-24 21:56:29.101225 | DEBUG    | MAIN LOGGER                    | get_db_project_dirpath() -> str: C:/Users/hayar/OneDrive/Документы/AutoExecDoc Projects/Новая игра\project.db
24-Apr-24 21:56:29.103227 | DEBUG    | MAIN LOGGER                    | IN get_config_table(id_content) -> list: id_content = 1200                      
24-Apr-24 21:56:29.103227 | DEBUG    | MAIN LOGGER                    | get_db_project_dirpath() -> str: C:/Users/hayar/OneDrive/Документы/AutoExecDoc Projects/Новая игра\project.db
24-Apr-24 21:56:29.113228 | DEBUG    | MAIN LOGGER                    | create_table_from_value(self, json_data): data = [["", "", "", "", ""], ["\u0432\u044b\u0430\u044b\u0432\u0430", "\u0432\u044b\u0430\u044b\u0432\u0430", "", "", ""], ["", "", "", "", ""]]
24-Apr-24 21:56:29.115231 | DEBUG    | MAIN LOGGER                    | IN get_config_content(id_content) -> list: id_content = 1201                    
24-Apr-24 21:56:29.116230 | DEBUG    | MAIN LOGGER                    | get_db_project_dirpath() -> str: C:/Users/hayar/OneDrive/Документы/AutoExecDoc Projects/Новая игра\project.db
24-Apr-24 21:56:29.118231 | DEBUG    | MAIN LOGGER                    | IN get_config_table(id_content) -> list: id_content = 1201                      
24-Apr-24 21:56:29.119229 | DEBUG    | MAIN LOGGER                    | get_db_project_dirpath() -> str: C:/Users/hayar/OneDrive/Документы/AutoExecDoc Projects/Новая игра\project.db
24-Apr-24 21:56:29.124232 | DEBUG    | MAIN LOGGER                    | create_table_from_value(self, json_data): data = [["", "", "", "\u0447", ""], ["", "", "\u044f\u0447\u0441\u043c", "", ""]]
24-Apr-24 21:56:29.126232 | DEBUG    | MAIN LOGGER                    | IN get_config_content(id_content) -> list: id_content = 1202                    
24-Apr-24 21:56:29.127231 | DEBUG    | MAIN LOGGER                    | get_db_project_dirpath() -> str: C:/Users/hayar/OneDrive/Документы/AutoExecDoc Projects/Новая игра\project.db
24-Apr-24 21:56:29.129232 | DEBUG    | MAIN LOGGER                    | IN get_config_table(id_content) -> list: id_content = 1202                      
24-Apr-24 21:56:29.131233 | DEBUG    | MAIN LOGGER                    | get_db_project_dirpath() -> str: C:/Users/hayar/OneDrive/Документы/AutoExecDoc Projects/Новая игра\project.db
24-Apr-24 21:56:29.136237 | DEBUG    | MAIN LOGGER                    | create_table_from_value(self, json_data): data = [["", "\u0432\u0430", "", "", ""], ["\u044b\u0432\u0430", "", "", "", ""], ["\u044b\u0432\u0430", "", "", "", ""]]
24-Apr-24 21:56:29.152236 | DEBUG    | MAIN LOGGER                    | IN get_config_content(id_content) -> list: id_content = 1003                    
24-Apr-24 21:56:29.153235 | DEBUG    | MAIN LOGGER                    | get_db_project_dirpath() -> str: C:/Users/hayar/OneDrive/Документы/AutoExecDoc Projects/Новая игра\project.db
24-Apr-24 21:56:29.155238 | DEBUG    | MAIN LOGGER                    | FormText(self, pair, config_content): pair = {'id_pair': 100, 'id_node': 0, 'id_content': 1003, 'name_content': 'название_объекта', 'value': None}, config_content = {'id_content': 1003, 'name_content': 'название_объекта', 'type_content': 'TEXT', 'title_content': 'Название объекта', 'description_content': None, 'enable': None}
24-Apr-24 21:56:29.157238 | DEBUG    | MAIN LOGGER                    | IN get_config_content(id_content) -> list: id_content = 1004                    
24-Apr-24 21:56:29.158236 | DEBUG    | MAIN LOGGER                    | get_db_project_dirpath() -> str: C:/Users/hayar/OneDrive/Документы/AutoExecDoc Projects/Новая игра\project.db
24-Apr-24 21:56:29.159238 | DEBUG    | MAIN LOGGER                    | FormText(self, pair, config_content): pair = {'id_pair': 101, 'id_node': 0, 'id_content': 1004, 'name_content': 'участок', 'value': None}, config_content = {'id_content': 1004, 'name_content': 'участок', 'type_content': 'TEXT', 'title_content': 'Участок', 'description_content': None, 'enable': None}
24-Apr-24 21:56:29.162239 | DEBUG    | MAIN LOGGER                    | IN get_config_content(id_content) -> list: id_content = 1001                    
24-Apr-24 21:56:29.162239 | DEBUG    | MAIN LOGGER                    | get_db_project_dirpath() -> str: C:/Users/hayar/OneDrive/Документы/AutoExecDoc Projects/Новая игра\project.db
24-Apr-24 21:56:29.163238 | DEBUG    | MAIN LOGGER                    | FormText(self, pair, config_content): pair = {'id_pair': 102, 'id_node': 0, 'id_content': 1001, 'name_content': 'название_компании', 'value': None}, config_content = {'id_content': 1001, 'name_content': 'название_компании', 'type_content': 'TEXT', 'title_content': 'Название компании', 'description_content': None, 'enable': None}
24-Apr-24 21:56:29.168239 | DEBUG    | MAIN LOGGER                    | IN create_page_pdf(page): page = {'id_page': 20, 'id_node_parent': 11, 'page_name': 'Л.1. Реестр исполнительной документации ВОЛС.', 'template_name': '2-РД-1', 'order_page': 0, 'included': None}
24-Apr-24 21:56:29.169239 | DEBUG    | MAIN LOGGER                    | IN create_docx_page(page): form_page_name = 2-РД-1, docx_pdf_page_name = page_20_20240424215629169239
24-Apr-24 21:56:29.170240 | DEBUG    | MAIN LOGGER                    | get_forms_folder_dirpath() -> str: C:/Users/hayar/OneDrive/Документы/AutoExecDoc Projects/Новая игра\forms
24-Apr-24 21:56:29.171241 | DEBUG    | MAIN LOGGER                    | get_temp_dirpath() -> str:                                                      
24-Apr-24 21:56:29.171241 | DEBUG    | MAIN LOGGER                    | IN get_config_content(id_content) -> list: id_content = 1200                    
24-Apr-24 21:56:29.172241 | DEBUG    | MAIN LOGGER                    | get_db_project_dirpath() -> str: C:/Users/hayar/OneDrive/Документы/AutoExecDoc Projects/Новая игра\project.db
24-Apr-24 21:56:29.174241 | DEBUG    | MAIN LOGGER                    | IN get_config_table(id_content) -> list: id_content = 1200                      
24-Apr-24 21:56:29.175243 | DEBUG    | MAIN LOGGER                    | get_db_project_dirpath() -> str: C:/Users/hayar/OneDrive/Документы/AutoExecDoc Projects/Новая игра\project.db
24-Apr-24 21:56:29.178243 | DEBUG    | MAIN LOGGER                    | IN get_config_content(id_content) -> list: id_content = 1201                    
24-Apr-24 21:56:29.179241 | DEBUG    | MAIN LOGGER                    | get_db_project_dirpath() -> str: C:/Users/hayar/OneDrive/Документы/AutoExecDoc Projects/Новая игра\project.db
24-Apr-24 21:56:29.180243 | DEBUG    | MAIN LOGGER                    | IN get_config_table(id_content) -> list: id_content = 1201                      
24-Apr-24 21:56:29.181242 | DEBUG    | MAIN LOGGER                    | get_db_project_dirpath() -> str: C:/Users/hayar/OneDrive/Документы/AutoExecDoc Projects/Новая игра\project.db
24-Apr-24 21:56:29.184243 | DEBUG    | MAIN LOGGER                    | IN get_config_content(id_content) -> list: id_content = 1202                    
24-Apr-24 21:56:29.184243 | DEBUG    | MAIN LOGGER                    | get_db_project_dirpath() -> str: C:/Users/hayar/OneDrive/Документы/AutoExecDoc Projects/Новая игра\project.db
24-Apr-24 21:56:29.185243 | DEBUG    | MAIN LOGGER                    | IN get_config_table(id_content) -> list: id_content = 1202                      
24-Apr-24 21:56:29.186244 | DEBUG    | MAIN LOGGER                    | get_db_project_dirpath() -> str: C:/Users/hayar/OneDrive/Документы/AutoExecDoc Projects/Новая игра\project.db
24-Apr-24 21:56:29.189244 | DEBUG    | MAIN LOGGER                    | IN get_config_content(id_content) -> list: id_content = 1003                    
24-Apr-24 21:56:29.190244 | DEBUG    | MAIN LOGGER                    | get_db_project_dirpath() -> str: C:/Users/hayar/OneDrive/Документы/AutoExecDoc Projects/Новая игра\project.db
24-Apr-24 21:56:29.191244 | DEBUG    | MAIN LOGGER                    | IN get_config_content(id_content) -> list: id_content = 1004                    
24-Apr-24 21:56:29.191244 | DEBUG    | MAIN LOGGER                    | get_db_project_dirpath() -> str: C:/Users/hayar/OneDrive/Документы/AutoExecDoc Projects/Новая игра\project.db
24-Apr-24 21:56:29.192244 | DEBUG    | MAIN LOGGER                    | IN get_config_content(id_content) -> list: id_content = 1001                    
24-Apr-24 21:56:29.193244 | DEBUG    | MAIN LOGGER                    | get_db_project_dirpath() -> str: C:/Users/hayar/OneDrive/Документы/AutoExecDoc Projects/Новая игра\project.db
24-Apr-24 21:56:29.262400 | DEBUG    | MAIN LOGGER                    | IN create_pdf_from_docx_page(docx_pdf_page_name) -> str: docx_pdf_page_name = page_20_20240424215629169239
24-Apr-24 21:56:29.263401 | DEBUG    | MAIN LOGGER                    | get_temp_dirpath() -> str:                                                      
24-Apr-24 21:56:29.264401 | DEBUG    | MAIN LOGGER                    | get_temp_dirpath() -> str:                                                      
24-Apr-24 21:56:31.861944 | DEBUG    | MAIN LOGGER                    | load_pdf_document(pdf_path): pdf_path = C:\Users\hayar\AppData\Local\Temp\tmpdmxvnwi5\page_20_20240424215629169239.pdf
24-Apr-24 21:57:21.964977 | DEBUG    | MAIN LOGGER                    | IN update_pages_template(node) : node = {'id_node': 1201, 'name_node': 'ПТ-1', 'id_parent': 12, 'order_node': '1', 'type_node': 'FORM', 'template_name': 'main', 'included': '1'}
24-Apr-24 21:57:21.965989 | DEBUG    | MAIN LOGGER                    | IN get_pages_by_node(node) -> list: node = {'id_node': 1201, 'name_node': 'ПТ-1', 'id_parent': 12, 'order_node': '1', 'type_node': 'FORM', 'template_name': 'main', 'included': '1'}
24-Apr-24 21:57:21.965989 | DEBUG    | MAIN LOGGER                    | get_db_project_dirpath() -> str: C:/Users/hayar/OneDrive/Документы/AutoExecDoc Projects/Новая игра\project.db
24-Apr-24 21:57:23.153450 | DEBUG    | MAIN LOGGER                    | IN item_page_updated(current): current = <package.controllers.pagestemplate.MyListWidgetItem object at 0x0000019BB3AB8240>
24-Apr-24 21:57:23.154455 | DEBUG    | MAIN LOGGER                    | IN add_page_for_datas(page): page = {'id_page': 30, 'id_node_parent': 1201, 'page_name': 'Л.1. Паспорт трассы. Опись документов.', 'template_name': '3-ПТ1-1', 'order_page': 0, 'included': None}
24-Apr-24 21:57:23.154455 | DEBUG    | MAIN LOGGER                    | IN get_page_data(page) -> list: page = {'id_page': 30, 'id_node_parent': 1201, 'page_name': 'Л.1. Паспорт трассы. Опись документов.', 'template_name': '3-ПТ1-1', 'order_page': 0, 'included': None}
24-Apr-24 21:57:23.155456 | DEBUG    | MAIN LOGGER                    | get_db_project_dirpath() -> str: C:/Users/hayar/OneDrive/Документы/AutoExecDoc Projects/Новая игра\project.db
24-Apr-24 21:57:23.156455 | DEBUG    | MAIN LOGGER                    | IN add_nodes_for_datas()                                                        
24-Apr-24 21:57:23.157466 | DEBUG    | MAIN LOGGER                    | IN get_node_parent_from_pages(page) -> object: page = {'id_page': 30, 'id_node_parent': 1201, 'page_name': 'Л.1. Паспорт трассы. Опись документов.', 'template_name': '3-ПТ1-1', 'order_page': 0, 'included': None}
24-Apr-24 21:57:23.157466 | DEBUG    | MAIN LOGGER                    | get_db_project_dirpath() -> str: C:/Users/hayar/OneDrive/Документы/AutoExecDoc Projects/Новая игра\project.db
24-Apr-24 21:57:23.159464 | DEBUG    | MAIN LOGGER                    | IN add_node_for_datas(node): node = {'id_node': 1201, 'name_node': 'ПТ-1', 'id_parent': 12, 'order_node': '1', 'type_node': 'FORM', 'template_name': 'main', 'included': '1'}
24-Apr-24 21:57:23.159464 | DEBUG    | MAIN LOGGER                    | IN get_node_data(node) -> list: node = {'id_node': 1201, 'name_node': 'ПТ-1', 'id_parent': 12, 'order_node': '1', 'type_node': 'FORM', 'template_name': 'main', 'included': '1'}
24-Apr-24 21:57:23.160464 | DEBUG    | MAIN LOGGER                    | get_db_project_dirpath() -> str: C:/Users/hayar/OneDrive/Документы/AutoExecDoc Projects/Новая игра\project.db
24-Apr-24 21:57:23.161456 | DEBUG    | MAIN LOGGER                    | IN get_node_parent(node) -> object: node = {'id_node': 1201, 'name_node': 'ПТ-1', 'id_parent': 12, 'order_node': '1', 'type_node': 'FORM', 'template_name': 'main', 'included': '1'}
24-Apr-24 21:57:23.161456 | DEBUG    | MAIN LOGGER                    | get_db_project_dirpath() -> str: C:/Users/hayar/OneDrive/Документы/AutoExecDoc Projects/Новая игра\project.db
24-Apr-24 21:57:23.162465 | DEBUG    | MAIN LOGGER                    | IN add_node_for_datas(node): node = {'id_node': 12, 'name_node': 'Паспорт трассы', 'id_parent': 0, 'order_node': '3', 'type_node': 'GROUP', 'template_name': None, 'included': '1'}
24-Apr-24 21:57:23.163457 | DEBUG    | MAIN LOGGER                    | IN get_node_data(node) -> list: node = {'id_node': 12, 'name_node': 'Паспорт трассы', 'id_parent': 0, 'order_node': '3', 'type_node': 'GROUP', 'template_name': None, 'included': '1'}
24-Apr-24 21:57:23.164456 | DEBUG    | MAIN LOGGER                    | get_db_project_dirpath() -> str: C:/Users/hayar/OneDrive/Документы/AutoExecDoc Projects/Новая игра\project.db
24-Apr-24 21:57:23.165458 | DEBUG    | MAIN LOGGER                    | IN get_node_parent(node) -> object: node = {'id_node': 12, 'name_node': 'Паспорт трассы', 'id_parent': 0, 'order_node': '3', 'type_node': 'GROUP', 'template_name': None, 'included': '1'}
24-Apr-24 21:57:23.166308 | DEBUG    | MAIN LOGGER                    | get_db_project_dirpath() -> str: C:/Users/hayar/OneDrive/Документы/AutoExecDoc Projects/Новая игра\project.db
24-Apr-24 21:57:23.167344 | DEBUG    | MAIN LOGGER                    | IN add_node_for_datas(node): node = {'id_node': 0, 'name_node': 'Проект', 'id_parent': None, 'order_node': '0', 'type_node': 'PROJECT', 'template_name': None, 'included': None}
24-Apr-24 21:57:23.168341 | DEBUG    | MAIN LOGGER                    | IN get_node_data(node) -> list: node = {'id_node': 0, 'name_node': 'Проект', 'id_parent': None, 'order_node': '0', 'type_node': 'PROJECT', 'template_name': None, 'included': None}
24-Apr-24 21:57:23.168341 | DEBUG    | MAIN LOGGER                    | get_db_project_dirpath() -> str: C:/Users/hayar/OneDrive/Документы/AutoExecDoc Projects/Новая игра\project.db
24-Apr-24 21:57:23.169340 | DEBUG    | MAIN LOGGER                    | IN get_node_parent(node) -> object: node = {'id_node': 0, 'name_node': 'Проект', 'id_parent': None, 'order_node': '0', 'type_node': 'PROJECT', 'template_name': None, 'included': None}
24-Apr-24 21:57:23.170342 | DEBUG    | MAIN LOGGER                    | get_db_project_dirpath() -> str: C:/Users/hayar/OneDrive/Документы/AutoExecDoc Projects/Новая игра\project.db
24-Apr-24 21:57:23.171340 | DEBUG    | MAIN LOGGER                    | IN update_scrollarea()                                                          
24-Apr-24 21:57:23.172340 | DEBUG    | MAIN LOGGER                    | IN delete_all_widgets_in_sa()                                                   
24-Apr-24 21:57:23.172340 | DEBUG    | MAIN LOGGER                    | IN add_page_for_datas(page): page = {'id_page': 30, 'id_node_parent': 1201, 'page_name': 'Л.1. Паспорт трассы. Опись документов.', 'template_name': '3-ПТ1-1', 'order_page': 0, 'included': None}
24-Apr-24 21:57:23.173342 | DEBUG    | MAIN LOGGER                    | IN get_page_data(page) -> list: page = {'id_page': 30, 'id_node_parent': 1201, 'page_name': 'Л.1. Паспорт трассы. Опись документов.', 'template_name': '3-ПТ1-1', 'order_page': 0, 'included': None}
24-Apr-24 21:57:23.174342 | DEBUG    | MAIN LOGGER                    | get_db_project_dirpath() -> str: C:/Users/hayar/OneDrive/Документы/AutoExecDoc Projects/Новая игра\project.db
24-Apr-24 21:57:23.175340 | DEBUG    | MAIN LOGGER                    | IN add_nodes_for_datas()                                                        
24-Apr-24 21:57:23.176342 | DEBUG    | MAIN LOGGER                    | IN get_node_parent_from_pages(page) -> object: page = {'id_page': 30, 'id_node_parent': 1201, 'page_name': 'Л.1. Паспорт трассы. Опись документов.', 'template_name': '3-ПТ1-1', 'order_page': 0, 'included': None}
24-Apr-24 21:57:23.176342 | DEBUG    | MAIN LOGGER                    | get_db_project_dirpath() -> str: C:/Users/hayar/OneDrive/Документы/AutoExecDoc Projects/Новая игра\project.db
24-Apr-24 21:57:23.178341 | DEBUG    | MAIN LOGGER                    | IN add_node_for_datas(node): node = {'id_node': 1201, 'name_node': 'ПТ-1', 'id_parent': 12, 'order_node': '1', 'type_node': 'FORM', 'template_name': 'main', 'included': '1'}
24-Apr-24 21:57:23.178341 | DEBUG    | MAIN LOGGER                    | IN get_node_data(node) -> list: node = {'id_node': 1201, 'name_node': 'ПТ-1', 'id_parent': 12, 'order_node': '1', 'type_node': 'FORM', 'template_name': 'main', 'included': '1'}
24-Apr-24 21:57:23.179342 | DEBUG    | MAIN LOGGER                    | get_db_project_dirpath() -> str: C:/Users/hayar/OneDrive/Документы/AutoExecDoc Projects/Новая игра\project.db
24-Apr-24 21:57:23.180342 | DEBUG    | MAIN LOGGER                    | IN get_node_parent(node) -> object: node = {'id_node': 1201, 'name_node': 'ПТ-1', 'id_parent': 12, 'order_node': '1', 'type_node': 'FORM', 'template_name': 'main', 'included': '1'}
24-Apr-24 21:57:23.181344 | DEBUG    | MAIN LOGGER                    | get_db_project_dirpath() -> str: C:/Users/hayar/OneDrive/Документы/AutoExecDoc Projects/Новая игра\project.db
24-Apr-24 21:57:23.182343 | DEBUG    | MAIN LOGGER                    | IN add_node_for_datas(node): node = {'id_node': 12, 'name_node': 'Паспорт трассы', 'id_parent': 0, 'order_node': '3', 'type_node': 'GROUP', 'template_name': None, 'included': '1'}
24-Apr-24 21:57:23.183344 | DEBUG    | MAIN LOGGER                    | IN get_node_data(node) -> list: node = {'id_node': 12, 'name_node': 'Паспорт трассы', 'id_parent': 0, 'order_node': '3', 'type_node': 'GROUP', 'template_name': None, 'included': '1'}
24-Apr-24 21:57:23.183344 | DEBUG    | MAIN LOGGER                    | get_db_project_dirpath() -> str: C:/Users/hayar/OneDrive/Документы/AutoExecDoc Projects/Новая игра\project.db
24-Apr-24 21:57:23.185344 | DEBUG    | MAIN LOGGER                    | IN get_node_parent(node) -> object: node = {'id_node': 12, 'name_node': 'Паспорт трассы', 'id_parent': 0, 'order_node': '3', 'type_node': 'GROUP', 'template_name': None, 'included': '1'}
24-Apr-24 21:57:23.185344 | DEBUG    | MAIN LOGGER                    | get_db_project_dirpath() -> str: C:/Users/hayar/OneDrive/Документы/AutoExecDoc Projects/Новая игра\project.db
24-Apr-24 21:57:23.186344 | DEBUG    | MAIN LOGGER                    | IN add_node_for_datas(node): node = {'id_node': 0, 'name_node': 'Проект', 'id_parent': None, 'order_node': '0', 'type_node': 'PROJECT', 'template_name': None, 'included': None}
24-Apr-24 21:57:23.187342 | DEBUG    | MAIN LOGGER                    | IN get_node_data(node) -> list: node = {'id_node': 0, 'name_node': 'Проект', 'id_parent': None, 'order_node': '0', 'type_node': 'PROJECT', 'template_name': None, 'included': None}
24-Apr-24 21:57:23.187342 | DEBUG    | MAIN LOGGER                    | get_db_project_dirpath() -> str: C:/Users/hayar/OneDrive/Документы/AutoExecDoc Projects/Новая игра\project.db
24-Apr-24 21:57:23.189345 | DEBUG    | MAIN LOGGER                    | IN get_node_parent(node) -> object: node = {'id_node': 0, 'name_node': 'Проект', 'id_parent': None, 'order_node': '0', 'type_node': 'PROJECT', 'template_name': None, 'included': None}
24-Apr-24 21:57:23.190344 | DEBUG    | MAIN LOGGER                    | get_db_project_dirpath() -> str: C:/Users/hayar/OneDrive/Документы/AutoExecDoc Projects/Новая игра\project.db
24-Apr-24 21:57:23.191345 | DEBUG    | MAIN LOGGER                    | IN add_sections_in_sa()                                                         
24-Apr-24 21:57:23.194345 | DEBUG    | MAIN LOGGER                    | IN get_config_content(id_content) -> list: id_content = 1209                    
24-Apr-24 21:57:23.195346 | DEBUG    | MAIN LOGGER                    | get_db_project_dirpath() -> str: C:/Users/hayar/OneDrive/Документы/AutoExecDoc Projects/Новая игра\project.db
24-Apr-24 21:57:23.196346 | DEBUG    | MAIN LOGGER                    | IN get_config_table(id_content) -> list: id_content = 1209                      
24-Apr-24 21:57:23.196346 | DEBUG    | MAIN LOGGER                    | get_db_project_dirpath() -> str: C:/Users/hayar/OneDrive/Документы/AutoExecDoc Projects/Новая игра\project.db
24-Apr-24 21:57:23.200347 | DEBUG    | MAIN LOGGER                    | create_table_from_value(self, json_data): data = None                           
24-Apr-24 21:57:23.207349 | DEBUG    | MAIN LOGGER                    | IN get_config_content(id_content) -> list: id_content = 1003                    
24-Apr-24 21:57:23.208348 | DEBUG    | MAIN LOGGER                    | get_db_project_dirpath() -> str: C:/Users/hayar/OneDrive/Документы/AutoExecDoc Projects/Новая игра\project.db
24-Apr-24 21:57:23.209350 | DEBUG    | MAIN LOGGER                    | FormText(self, pair, config_content): pair = {'id_pair': 100, 'id_node': 0, 'id_content': 1003, 'name_content': 'название_объекта', 'value': None}, config_content = {'id_content': 1003, 'name_content': 'название_объекта', 'type_content': 'TEXT', 'title_content': 'Название объекта', 'description_content': None, 'enable': None}
24-Apr-24 21:57:23.212351 | DEBUG    | MAIN LOGGER                    | IN get_config_content(id_content) -> list: id_content = 1004                    
24-Apr-24 21:57:23.213350 | DEBUG    | MAIN LOGGER                    | get_db_project_dirpath() -> str: C:/Users/hayar/OneDrive/Документы/AutoExecDoc Projects/Новая игра\project.db
24-Apr-24 21:57:23.214350 | DEBUG    | MAIN LOGGER                    | FormText(self, pair, config_content): pair = {'id_pair': 101, 'id_node': 0, 'id_content': 1004, 'name_content': 'участок', 'value': None}, config_content = {'id_content': 1004, 'name_content': 'участок', 'type_content': 'TEXT', 'title_content': 'Участок', 'description_content': None, 'enable': None}
24-Apr-24 21:57:23.217349 | DEBUG    | MAIN LOGGER                    | IN get_config_content(id_content) -> list: id_content = 1001                    
24-Apr-24 21:57:23.217349 | DEBUG    | MAIN LOGGER                    | get_db_project_dirpath() -> str: C:/Users/hayar/OneDrive/Документы/AutoExecDoc Projects/Новая игра\project.db
24-Apr-24 21:57:23.219351 | DEBUG    | MAIN LOGGER                    | FormText(self, pair, config_content): pair = {'id_pair': 102, 'id_node': 0, 'id_content': 1001, 'name_content': 'название_компании', 'value': None}, config_content = {'id_content': 1001, 'name_content': 'название_компании', 'type_content': 'TEXT', 'title_content': 'Название компании', 'description_content': None, 'enable': None}
24-Apr-24 21:57:23.223351 | DEBUG    | MAIN LOGGER                    | IN create_page_pdf(page): page = {'id_page': 30, 'id_node_parent': 1201, 'page_name': 'Л.1. Паспорт трассы. Опись документов.', 'template_name': '3-ПТ1-1', 'order_page': 0, 'included': None}
24-Apr-24 21:57:23.224351 | DEBUG    | MAIN LOGGER                    | IN create_docx_page(page): form_page_name = 3-ПТ1-1, docx_pdf_page_name = page_30_20240424215723224351
24-Apr-24 21:57:23.225355 | DEBUG    | MAIN LOGGER                    | get_forms_folder_dirpath() -> str: C:/Users/hayar/OneDrive/Документы/AutoExecDoc Projects/Новая игра\forms
24-Apr-24 21:57:23.225355 | DEBUG    | MAIN LOGGER                    | get_temp_dirpath() -> str:                                                      
24-Apr-24 21:57:23.226353 | DEBUG    | MAIN LOGGER                    | IN get_config_content(id_content) -> list: id_content = 1209                    
24-Apr-24 21:57:23.227353 | DEBUG    | MAIN LOGGER                    | get_db_project_dirpath() -> str: C:/Users/hayar/OneDrive/Документы/AutoExecDoc Projects/Новая игра\project.db
24-Apr-24 21:57:23.228353 | DEBUG    | MAIN LOGGER                    | IN get_config_table(id_content) -> list: id_content = 1209                      
24-Apr-24 21:57:23.228353 | DEBUG    | MAIN LOGGER                    | get_db_project_dirpath() -> str: C:/Users/hayar/OneDrive/Документы/AutoExecDoc Projects/Новая игра\project.db
24-Apr-24 21:57:23.231354 | DEBUG    | MAIN LOGGER                    | IN get_config_content(id_content) -> list: id_content = 1003                    
24-Apr-24 21:57:23.232355 | DEBUG    | MAIN LOGGER                    | get_db_project_dirpath() -> str: C:/Users/hayar/OneDrive/Документы/AutoExecDoc Projects/Новая игра\project.db
24-Apr-24 21:57:23.233354 | DEBUG    | MAIN LOGGER                    | IN get_config_content(id_content) -> list: id_content = 1004                    
24-Apr-24 21:57:23.234355 | DEBUG    | MAIN LOGGER                    | get_db_project_dirpath() -> str: C:/Users/hayar/OneDrive/Документы/AutoExecDoc Projects/Новая игра\project.db
24-Apr-24 21:57:23.235354 | DEBUG    | MAIN LOGGER                    | IN get_config_content(id_content) -> list: id_content = 1001                    
24-Apr-24 21:57:23.235354 | DEBUG    | MAIN LOGGER                    | get_db_project_dirpath() -> str: C:/Users/hayar/OneDrive/Документы/AutoExecDoc Projects/Новая игра\project.db
24-Apr-24 21:57:23.280971 | DEBUG    | MAIN LOGGER                    | IN create_pdf_from_docx_page(docx_pdf_page_name) -> str: docx_pdf_page_name = page_30_20240424215723224351
24-Apr-24 21:57:23.280971 | DEBUG    | MAIN LOGGER                    | get_temp_dirpath() -> str:                                                      
24-Apr-24 21:57:23.281972 | DEBUG    | MAIN LOGGER                    | get_temp_dirpath() -> str:                                                      
24-Apr-24 21:57:25.799713 | DEBUG    | MAIN LOGGER                    | load_pdf_document(pdf_path): pdf_path = C:\Users\hayar\AppData\Local\Temp\tmpdmxvnwi5\page_30_20240424215723224351.pdf
24-Apr-24 21:57:29.146655 | DEBUG    | MAIN LOGGER                    | IN add_row()                                                                    
24-Apr-24 21:57:29.147654 | DEBUG    | MAIN LOGGER                    | IN to_json(self) -> list:                                                       
24-Apr-24 21:57:29.147654 | DEBUG    | MAIN LOGGER                    | set_new_value_in_pair(self, pair, new_value): pair = {'id_pair': 400, 'id_page': 30, 'id_content': 1209, 'name_content': 'пт_опись_документов', 'value': None}, new_value = [["", "", "", "", ""]]
24-Apr-24 21:57:29.148663 | DEBUG    | MAIN LOGGER                    | IN to_json(self) -> list:                                                       
24-Apr-24 21:57:29.149663 | DEBUG    | MAIN LOGGER                    | set_new_value_in_pair(self, pair, new_value): pair = {'id_pair': 400, 'id_page': 30, 'id_content': 1209, 'name_content': 'пт_опись_документов', 'value': '[["", "", "", "", ""]]'}, new_value = [["", "", "", "", ""]]
24-Apr-24 21:57:29.150663 | DEBUG    | MAIN LOGGER                    | IN to_json(self) -> list:                                                       
24-Apr-24 21:57:29.151664 | DEBUG    | MAIN LOGGER                    | set_new_value_in_pair(self, pair, new_value): pair = {'id_pair': 400, 'id_page': 30, 'id_content': 1209, 'name_content': 'пт_опись_документов', 'value': '[["", "", "", "", ""]]'}, new_value = [["", "", "", "", ""]]
24-Apr-24 21:57:29.151664 | DEBUG    | MAIN LOGGER                    | IN to_json(self) -> list:                                                       
24-Apr-24 21:57:29.152657 | DEBUG    | MAIN LOGGER                    | set_new_value_in_pair(self, pair, new_value): pair = {'id_pair': 400, 'id_page': 30, 'id_content': 1209, 'name_content': 'пт_опись_документов', 'value': '[["", "", "", "", ""]]'}, new_value = [["", "", "", "", ""]]
24-Apr-24 21:57:29.153664 | DEBUG    | MAIN LOGGER                    | IN to_json(self) -> list:                                                       
24-Apr-24 21:57:29.153664 | DEBUG    | MAIN LOGGER                    | set_new_value_in_pair(self, pair, new_value): pair = {'id_pair': 400, 'id_page': 30, 'id_content': 1209, 'name_content': 'пт_опись_документов', 'value': '[["", "", "", "", ""]]'}, new_value = [["", "", "", "", ""]]
24-Apr-24 21:57:30.167683 | DEBUG    | MAIN LOGGER                    | IN to_json(self) -> list:                                                       
24-Apr-24 21:57:30.168682 | DEBUG    | MAIN LOGGER                    | set_new_value_in_pair(self, pair, new_value): pair = {'id_pair': 400, 'id_page': 30, 'id_content': 1209, 'name_content': 'пт_опись_документов', 'value': '[["", "", "", "", ""]]'}, new_value = [["\u0432\u044b\u0430\u044b\u0430", "", "", "", ""]]
24-Apr-24 21:57:30.814065 | DEBUG    | MAIN LOGGER                    | IN add_row()                                                                    
24-Apr-24 21:57:30.815071 | DEBUG    | MAIN LOGGER                    | IN to_json(self) -> list:                                                       
24-Apr-24 21:57:30.816070 | DEBUG    | MAIN LOGGER                    | set_new_value_in_pair(self, pair, new_value): pair = {'id_pair': 400, 'id_page': 30, 'id_content': 1209, 'name_content': 'пт_опись_документов', 'value': '[["\\u0432\\u044b\\u0430\\u044b\\u0430", "", "", "", ""]]'}, new_value = [["\u0432\u044b\u0430\u044b\u0430", "", "", "", ""], ["", "", "", "", ""]]
24-Apr-24 21:57:30.817078 | DEBUG    | MAIN LOGGER                    | IN to_json(self) -> list:                                                       
24-Apr-24 21:57:30.817078 | DEBUG    | MAIN LOGGER                    | set_new_value_in_pair(self, pair, new_value): pair = {'id_pair': 400, 'id_page': 30, 'id_content': 1209, 'name_content': 'пт_опись_документов', 'value': '[["\\u0432\\u044b\\u0430\\u044b\\u0430", "", "", "", ""], ["", "", "", "", ""]]'}, new_value = [["\u0432\u044b\u0430\u044b\u0430", "", "", "", ""], ["", "", "", "", ""]]
24-Apr-24 21:57:30.818071 | DEBUG    | MAIN LOGGER                    | IN to_json(self) -> list:                                                       
24-Apr-24 21:57:30.819070 | DEBUG    | MAIN LOGGER                    | set_new_value_in_pair(self, pair, new_value): pair = {'id_pair': 400, 'id_page': 30, 'id_content': 1209, 'name_content': 'пт_опись_документов', 'value': '[["\\u0432\\u044b\\u0430\\u044b\\u0430", "", "", "", ""], ["", "", "", "", ""]]'}, new_value = [["\u0432\u044b\u0430\u044b\u0430", "", "", "", ""], ["", "", "", "", ""]]
24-Apr-24 21:57:30.820073 | DEBUG    | MAIN LOGGER                    | IN to_json(self) -> list:                                                       
24-Apr-24 21:57:30.820073 | DEBUG    | MAIN LOGGER                    | set_new_value_in_pair(self, pair, new_value): pair = {'id_pair': 400, 'id_page': 30, 'id_content': 1209, 'name_content': 'пт_опись_документов', 'value': '[["\\u0432\\u044b\\u0430\\u044b\\u0430", "", "", "", ""], ["", "", "", "", ""]]'}, new_value = [["\u0432\u044b\u0430\u044b\u0430", "", "", "", ""], ["", "", "", "", ""]]
24-Apr-24 21:57:30.822072 | DEBUG    | MAIN LOGGER                    | IN to_json(self) -> list:                                                       
24-Apr-24 21:57:30.822072 | DEBUG    | MAIN LOGGER                    | set_new_value_in_pair(self, pair, new_value): pair = {'id_pair': 400, 'id_page': 30, 'id_content': 1209, 'name_content': 'пт_опись_документов', 'value': '[["\\u0432\\u044b\\u0430\\u044b\\u0430", "", "", "", ""], ["", "", "", "", ""]]'}, new_value = [["\u0432\u044b\u0430\u044b\u0430", "", "", "", ""], ["", "", "", "", ""]]
24-Apr-24 21:57:31.851607 | DEBUG    | MAIN LOGGER                    | IN to_json(self) -> list:                                                       
24-Apr-24 21:57:31.852608 | DEBUG    | MAIN LOGGER                    | set_new_value_in_pair(self, pair, new_value): pair = {'id_pair': 400, 'id_page': 30, 'id_content': 1209, 'name_content': 'пт_опись_документов', 'value': '[["\\u0432\\u044b\\u0430\\u044b\\u0430", "", "", "", ""], ["", "", "", "", ""]]'}, new_value = [["\u0432\u044b\u0430\u044b\u0430", "", "", "", ""], ["", "\u0441\u0447\u0441\u043c\u0447\u043c", "", "", ""]]
24-Apr-24 21:57:31.923511 | DEBUG    | MAIN LOGGER                    | IN add_row()                                                                    
24-Apr-24 21:57:31.924509 | DEBUG    | MAIN LOGGER                    | IN to_json(self) -> list:                                                       
24-Apr-24 21:57:31.925530 | DEBUG    | MAIN LOGGER                    | set_new_value_in_pair(self, pair, new_value): pair = {'id_pair': 400, 'id_page': 30, 'id_content': 1209, 'name_content': 'пт_опись_документов', 'value': '[["\\u0432\\u044b\\u0430\\u044b\\u0430", "", "", "", ""], ["", "\\u0441\\u0447\\u0441\\u043c\\u0447\\u043c", "", "", ""]]'}, new_value = [["\u0432\u044b\u0430\u044b\u0430", "", "", "", ""], ["", "\u0441\u0447\u0441\u043c\u0447\u043c", "", "", ""], ["", "", "", "", ""]]
24-Apr-24 21:57:31.926530 | DEBUG    | MAIN LOGGER                    | IN to_json(self) -> list:                                                       
24-Apr-24 21:57:31.927525 | DEBUG    | MAIN LOGGER                    | set_new_value_in_pair(self, pair, new_value): pair = {'id_pair': 400, 'id_page': 30, 'id_content': 1209, 'name_content': 'пт_опись_документов', 'value': '[["\\u0432\\u044b\\u0430\\u044b\\u0430", "", "", "", ""], ["", "\\u0441\\u0447\\u0441\\u043c\\u0447\\u043c", "", "", ""], ["", "", "", "", ""]]'}, new_value = [["\u0432\u044b\u0430\u044b\u0430", "", "", "", ""], ["", "\u0441\u0447\u0441\u043c\u0447\u043c", "", "", ""], ["", "", "", "", ""]]
24-Apr-24 21:57:31.928525 | DEBUG    | MAIN LOGGER                    | IN to_json(self) -> list:                                                       
24-Apr-24 21:57:31.929527 | DEBUG    | MAIN LOGGER                    | set_new_value_in_pair(self, pair, new_value): pair = {'id_pair': 400, 'id_page': 30, 'id_content': 1209, 'name_content': 'пт_опись_документов', 'value': '[["\\u0432\\u044b\\u0430\\u044b\\u0430", "", "", "", ""], ["", "\\u0441\\u0447\\u0441\\u043c\\u0447\\u043c", "", "", ""], ["", "", "", "", ""]]'}, new_value = [["\u0432\u044b\u0430\u044b\u0430", "", "", "", ""], ["", "\u0441\u0447\u0441\u043c\u0447\u043c", "", "", ""], ["", "", "", "", ""]]
24-Apr-24 21:57:31.930512 | DEBUG    | MAIN LOGGER                    | IN to_json(self) -> list:                                                       
24-Apr-24 21:57:31.930512 | DEBUG    | MAIN LOGGER                    | set_new_value_in_pair(self, pair, new_value): pair = {'id_pair': 400, 'id_page': 30, 'id_content': 1209, 'name_content': 'пт_опись_документов', 'value': '[["\\u0432\\u044b\\u0430\\u044b\\u0430", "", "", "", ""], ["", "\\u0441\\u0447\\u0441\\u043c\\u0447\\u043c", "", "", ""], ["", "", "", "", ""]]'}, new_value = [["\u0432\u044b\u0430\u044b\u0430", "", "", "", ""], ["", "\u0441\u0447\u0441\u043c\u0447\u043c", "", "", ""], ["", "", "", "", ""]]
24-Apr-24 21:57:31.932520 | DEBUG    | MAIN LOGGER                    | IN to_json(self) -> list:                                                       
24-Apr-24 21:57:31.932520 | DEBUG    | MAIN LOGGER                    | set_new_value_in_pair(self, pair, new_value): pair = {'id_pair': 400, 'id_page': 30, 'id_content': 1209, 'name_content': 'пт_опись_документов', 'value': '[["\\u0432\\u044b\\u0430\\u044b\\u0430", "", "", "", ""], ["", "\\u0441\\u0447\\u0441\\u043c\\u0447\\u043c", "", "", ""], ["", "", "", "", ""]]'}, new_value = [["\u0432\u044b\u0430\u044b\u0430", "", "", "", ""], ["", "\u0441\u0447\u0441\u043c\u0447\u043c", "", "", ""], ["", "", "", "", ""]]
24-Apr-24 21:57:33.391014 | DEBUG    | MAIN LOGGER                    | IN to_json(self) -> list:                                                       
24-Apr-24 21:57:33.392015 | DEBUG    | MAIN LOGGER                    | set_new_value_in_pair(self, pair, new_value): pair = {'id_pair': 400, 'id_page': 30, 'id_content': 1209, 'name_content': 'пт_опись_документов', 'value': '[["\\u0432\\u044b\\u0430\\u044b\\u0430", "", "", "", ""], ["", "\\u0441\\u0447\\u0441\\u043c\\u0447\\u043c", "", "", ""], ["", "", "", "", ""]]'}, new_value = [["\u0432\u044b\u0430\u044b\u0430", "", "", "", ""], ["", "\u0441\u0447\u0441\u043c\u0447\u043c", "", "", ""], ["\u0447\u0441\u043c\u0447\u043c\u0447", "", "", "", ""]]
24-Apr-24 21:57:39.038686 | DEBUG    | MAIN LOGGER                    | IN save_project()                                                               
24-Apr-24 21:57:39.039699 | DEBUG    | MAIN LOGGER                    | get_listwidget_pages_template()                                                 
24-Apr-24 21:57:39.040692 | DEBUG    | MAIN LOGGER                    | IN save_data_to_database()                                                      
24-Apr-24 21:57:39.041695 | DEBUG    | MAIN LOGGER                    | IN get_page_pair_value_by_id(id_pair): id_pair = 400                            
24-Apr-24 21:57:39.042700 | DEBUG    | MAIN LOGGER                    | get_db_project_dirpath() -> str: C:/Users/hayar/OneDrive/Документы/AutoExecDoc Projects/Новая игра\project.db
24-Apr-24 21:57:39.043701 | DEBUG    | MAIN LOGGER                    | IN update_pages_data(id_pair, value): id_pair = 400, value = [["\u0432\u044b\u0430\u044b\u0430", "", "", "", ""], ["", "\u0441\u0447\u0441\u043c\u0447\u043c", "", "", ""], ["\u0447\u0441\u043c\u0447\u043c\u0447", "", "", "", ""]]
24-Apr-24 21:57:39.043701 | DEBUG    | MAIN LOGGER                    | get_db_project_dirpath() -> str: C:/Users/hayar/OneDrive/Документы/AutoExecDoc Projects/Новая игра\project.db
24-Apr-24 21:57:39.054695 | DEBUG    | MAIN LOGGER                    | IN get_config_content(id_content) -> list: id_content = 1209                    
24-Apr-24 21:57:39.055694 | DEBUG    | MAIN LOGGER                    | get_db_project_dirpath() -> str: C:/Users/hayar/OneDrive/Документы/AutoExecDoc Projects/Новая игра\project.db
24-Apr-24 21:57:39.059833 | DEBUG    | MAIN LOGGER                    | IN get_node_pair_value_by_id(id_pair): id_pair = 100                            
24-Apr-24 21:57:39.060844 | DEBUG    | MAIN LOGGER                    | get_db_project_dirpath() -> str: C:/Users/hayar/OneDrive/Документы/AutoExecDoc Projects/Новая игра\project.db
24-Apr-24 21:57:39.061837 | DEBUG    | MAIN LOGGER                    | IN update_nodes_data(id_pair, value): id_pair = 100, value = None               
24-Apr-24 21:57:39.061837 | DEBUG    | MAIN LOGGER                    | get_db_project_dirpath() -> str: C:/Users/hayar/OneDrive/Документы/AutoExecDoc Projects/Новая игра\project.db
24-Apr-24 21:57:39.062837 | DEBUG    | MAIN LOGGER                    | IN get_config_content(id_content) -> list: id_content = 1003                    
24-Apr-24 21:57:39.063844 | DEBUG    | MAIN LOGGER                    | get_db_project_dirpath() -> str: C:/Users/hayar/OneDrive/Документы/AutoExecDoc Projects/Новая игра\project.db
24-Apr-24 21:57:39.064836 | DEBUG    | MAIN LOGGER                    | IN get_node_pair_value_by_id(id_pair): id_pair = 101                            
24-Apr-24 21:57:39.065839 | DEBUG    | MAIN LOGGER                    | get_db_project_dirpath() -> str: C:/Users/hayar/OneDrive/Документы/AutoExecDoc Projects/Новая игра\project.db
24-Apr-24 21:57:39.066839 | DEBUG    | MAIN LOGGER                    | IN update_nodes_data(id_pair, value): id_pair = 101, value = None               
24-Apr-24 21:57:39.066839 | DEBUG    | MAIN LOGGER                    | get_db_project_dirpath() -> str: C:/Users/hayar/OneDrive/Документы/AutoExecDoc Projects/Новая игра\project.db
24-Apr-24 21:57:39.067838 | DEBUG    | MAIN LOGGER                    | IN get_config_content(id_content) -> list: id_content = 1004                    
24-Apr-24 21:57:39.067838 | DEBUG    | MAIN LOGGER                    | get_db_project_dirpath() -> str: C:/Users/hayar/OneDrive/Документы/AutoExecDoc Projects/Новая игра\project.db
24-Apr-24 21:57:39.069837 | DEBUG    | MAIN LOGGER                    | IN get_node_pair_value_by_id(id_pair): id_pair = 102                            
24-Apr-24 21:57:39.069837 | DEBUG    | MAIN LOGGER                    | get_db_project_dirpath() -> str: C:/Users/hayar/OneDrive/Документы/AutoExecDoc Projects/Новая игра\project.db
24-Apr-24 21:57:39.070837 | DEBUG    | MAIN LOGGER                    | IN update_nodes_data(id_pair, value): id_pair = 102, value = None               
24-Apr-24 21:57:39.071839 | DEBUG    | MAIN LOGGER                    | get_db_project_dirpath() -> str: C:/Users/hayar/OneDrive/Документы/AutoExecDoc Projects/Новая игра\project.db
24-Apr-24 21:57:39.071839 | DEBUG    | MAIN LOGGER                    | IN get_config_content(id_content) -> list: id_content = 1001                    
24-Apr-24 21:57:39.072838 | DEBUG    | MAIN LOGGER                    | get_db_project_dirpath() -> str: C:/Users/hayar/OneDrive/Документы/AutoExecDoc Projects/Новая игра\project.db
24-Apr-24 21:57:39.073839 | DEBUG    | MAIN LOGGER                    | IN current_page_to_pdf()                                                        
24-Apr-24 21:57:39.073839 | DEBUG    | MAIN LOGGER                    | IN create_page_pdf(page): page = {'id_page': 30, 'id_node_parent': 1201, 'page_name': 'Л.1. Паспорт трассы. Опись документов.', 'template_name': '3-ПТ1-1', 'order_page': 0, 'included': None}
24-Apr-24 21:57:39.074840 | DEBUG    | MAIN LOGGER                    | IN create_docx_page(page): form_page_name = 3-ПТ1-1, docx_pdf_page_name = page_30_20240424215739074840
24-Apr-24 21:57:39.074840 | DEBUG    | MAIN LOGGER                    | get_forms_folder_dirpath() -> str: C:/Users/hayar/OneDrive/Документы/AutoExecDoc Projects/Новая игра\forms
24-Apr-24 21:57:39.075840 | DEBUG    | MAIN LOGGER                    | get_temp_dirpath() -> str:                                                      
24-Apr-24 21:57:39.075840 | DEBUG    | MAIN LOGGER                    | IN get_config_content(id_content) -> list: id_content = 1209                    
24-Apr-24 21:57:39.076840 | DEBUG    | MAIN LOGGER                    | get_db_project_dirpath() -> str: C:/Users/hayar/OneDrive/Документы/AutoExecDoc Projects/Новая игра\project.db
24-Apr-24 21:57:39.076840 | DEBUG    | MAIN LOGGER                    | IN get_config_table(id_content) -> list: id_content = 1209                      
24-Apr-24 21:57:39.077840 | DEBUG    | MAIN LOGGER                    | get_db_project_dirpath() -> str: C:/Users/hayar/OneDrive/Документы/AutoExecDoc Projects/Новая игра\project.db
24-Apr-24 21:57:39.079840 | DEBUG    | MAIN LOGGER                    | IN get_config_content(id_content) -> list: id_content = 1003                    
24-Apr-24 21:57:39.079840 | DEBUG    | MAIN LOGGER                    | get_db_project_dirpath() -> str: C:/Users/hayar/OneDrive/Документы/AutoExecDoc Projects/Новая игра\project.db
24-Apr-24 21:57:39.080841 | DEBUG    | MAIN LOGGER                    | IN get_config_content(id_content) -> list: id_content = 1004                    
24-Apr-24 21:57:39.081841 | DEBUG    | MAIN LOGGER                    | get_db_project_dirpath() -> str: C:/Users/hayar/OneDrive/Документы/AutoExecDoc Projects/Новая игра\project.db
24-Apr-24 21:57:39.082841 | DEBUG    | MAIN LOGGER                    | IN get_config_content(id_content) -> list: id_content = 1001                    
24-Apr-24 21:57:39.082841 | DEBUG    | MAIN LOGGER                    | get_db_project_dirpath() -> str: C:/Users/hayar/OneDrive/Документы/AutoExecDoc Projects/Новая игра\project.db
24-Apr-24 21:57:39.111910 | DEBUG    | MAIN LOGGER                    | IN create_pdf_from_docx_page(docx_pdf_page_name) -> str: docx_pdf_page_name = page_30_20240424215739074840
24-Apr-24 21:57:39.112910 | DEBUG    | MAIN LOGGER                    | get_temp_dirpath() -> str:                                                      
24-Apr-24 21:57:39.112910 | DEBUG    | MAIN LOGGER                    | get_temp_dirpath() -> str:                                                      
24-Apr-24 21:57:41.613283 | DEBUG    | MAIN LOGGER                    | load_pdf_document(pdf_path): pdf_path = C:\Users\hayar\AppData\Local\Temp\tmpdmxvnwi5\page_30_20240424215739074840.pdf
