24-Jul-17 21:20:52.248962 | DEBUG    | MAIN LOGGER                    | Config logger                                                                   
24-Jul-17 21:20:52.248962 | DEBUG    | MAIN LOGGER                    | self.current_directory = d:\work\project\AutoExecDoc                            
24-Jul-17 21:20:52.248962 | DEBUG    | MAIN LOGGER                    | IN create_and_config_files_and_folders()                                        
24-Jul-17 21:20:52.249982 | DEBUG    | MAIN LOGGER                    | get_default_folder_projects_dirpath() -> str: C:/Users/hayar/Documents\AutoExecDoc Projects
24-Jul-17 21:20:52.249982 | DEBUG    | MAIN LOGGER                    | IN create_and_config_db_settings()                                              
24-Jul-17 21:20:52.249982 | DEBUG    | MAIN LOGGER                    | get_db_settings_dirpath() -> str: d:\work\project\AutoExecDoc\db\settings.db    
24-Jul-17 21:20:52.250970 | DEBUG    | MAIN LOGGER                    | IN config_converter()                                                           
24-Jul-17 21:20:52.250970 | DEBUG    | MAIN LOGGER                    | IN get_app_converter()                                                          
24-Jul-17 21:20:52.250970 | DEBUG    | MAIN LOGGER                    | get_conn() -> object                                                            
24-Jul-17 21:20:52.251970 | DEBUG    | MAIN LOGGER                    | get_db_settings_dirpath() -> str: d:\work\project\AutoExecDoc\db\settings.db    
24-Jul-17 21:20:52.251970 | DEBUG    | MAIN LOGGER                    | get_fetchone(cursor, conn) -> list                                              
24-Jul-17 21:20:52.252983 | DEBUG    | MAIN LOGGER                    | IN initialize_word()                                                            
24-Jul-17 21:20:52.252983 | DEBUG    | MAIN LOGGER                    | get_templates_main_dirpath() -> str: d:\work\project\AutoExecDoc\templates\main 
24-Jul-17 21:20:52.318779 | DEBUG    | MAIN LOGGER                    | IN config_controllers()                                                         
24-Jul-17 21:20:52.318779 | DEBUG    | MAIN LOGGER                    | IN connect_statusbar(statusbar)                                                 
24-Jul-17 21:20:52.319781 | DEBUG    | MAIN LOGGER                    | set_message_for_statusbar(message):
message = Проект не открыт                  
24-Jul-17 21:20:52.319781 | DEBUG    | MAIN LOGGER                    | IN get_app_converter()                                                          
24-Jul-17 21:20:52.320777 | DEBUG    | MAIN LOGGER                    | get_conn() -> object                                                            
24-Jul-17 21:20:52.320777 | DEBUG    | MAIN LOGGER                    | get_db_settings_dirpath() -> str: d:\work\project\AutoExecDoc\db\settings.db    
24-Jul-17 21:20:52.322781 | DEBUG    | MAIN LOGGER                    | get_fetchone(cursor, conn) -> list                                              
24-Jul-17 21:20:52.323776 | DEBUG    | MAIN LOGGER                    | update_name_app_converter()                                                     
24-Jul-17 21:20:52.323776 | DEBUG    | MAIN LOGGER                    | IN connect_structureexecdoc(tr_sed, title_sed)                                  
24-Jul-17 21:20:52.324777 | DEBUG    | MAIN LOGGER                    | IN clear_tr_sed()                                                               
24-Jul-17 21:20:52.325780 | DEBUG    | MAIN LOGGER                    | IN connect_pages_template(lw_pt, title_pt):
lw_pt = <PySide6.QtWidgets.QListWidget(0x2c613b16550, name="listwidget_pages_template") at 0x000002C61508F540>,
title_pt = <PySide6.QtWidgets.QLabel(0x2c613b1f250, name="title_pages_template") at 0x000002C61508F4C0>
24-Jul-17 21:20:52.326784 | DEBUG    | MAIN LOGGER                    | IN connect_inputforms(sa_if, sa_ifl):
sa_if = <PySide6.QtWidgets.QScrollArea(0x2c613b93320, name="scrollarea_inputforms") at 0x000002C61508FAC0>,
sa_ifl = <PySide6.QtWidgets.QWidget(0x2c613b93040, name="scrollarea_inputforms_layout") at 0x000002C61508FD40>
24-Jul-17 21:20:52.327782 | DEBUG    | MAIN LOGGER                    | IN connecting_actions()                                                         
24-Jul-17 21:20:54.068183 | DEBUG    | MAIN LOGGER                    | IN open_project()                                                               
24-Jul-17 21:20:54.068183 | DEBUG    | MAIN LOGGER                    | get_default_folder_projects_dirpath() -> str: C:/Users/hayar/Documents\AutoExecDoc Projects
24-Jul-17 21:20:55.591560 | DEBUG    | MAIN LOGGER                    | select_folder_for_open_project() -> C:/Users/hayar/Documents/AutoExecDoc Projects/libre/libre.aed
24-Jul-17 21:20:55.592562 | DEBUG    | MAIN LOGGER                    | IN set_project_dirpaths(folder_path: str):
folder_path = C:/Users/hayar/Documents/AutoExecDoc Projects/libre
24-Jul-17 21:20:55.592562 | DEBUG    | MAIN LOGGER                    | set_project_dirpath(dirpath: str):
dirpath = C:/Users/hayar/Documents/AutoExecDoc Projects/libre
24-Jul-17 21:20:55.593565 | DEBUG    | MAIN LOGGER                    | get_project_dirpath() -> str: C:/Users/hayar/Documents/AutoExecDoc Projects/libre
24-Jul-17 21:20:55.593565 | DEBUG    | MAIN LOGGER                    | set_db_project_dirpath(dirpath: str):
dirpath = C:/Users/hayar/Documents/AutoExecDoc Projects/libre\project.db
24-Jul-17 21:20:55.594562 | DEBUG    | MAIN LOGGER                    | IN config_open_project()                                                        
24-Jul-17 21:20:55.594562 | DEBUG    | MAIN LOGGER                    | get_project_dirpath() -> str: C:/Users/hayar/Documents/AutoExecDoc Projects/libre
24-Jul-17 21:20:55.594562 | DEBUG    | MAIN LOGGER                    | IN add_or_update_open_project_to_db()                                           
24-Jul-17 21:20:55.595564 | DEBUG    | MAIN LOGGER                    | get_conn() -> object                                                            
24-Jul-17 21:20:55.595564 | DEBUG    | MAIN LOGGER                    | get_db_settings_dirpath() -> str: d:\work\project\AutoExecDoc\db\settings.db    
24-Jul-17 21:20:55.596563 | DEBUG    | MAIN LOGGER                    | get_project_dirpath() -> str: C:/Users/hayar/Documents/AutoExecDoc Projects/libre
24-Jul-17 21:20:55.596563 | DEBUG    | MAIN LOGGER                    | get_project_dirpath() -> str: C:/Users/hayar/Documents/AutoExecDoc Projects/libre
24-Jul-17 21:20:55.597564 | DEBUG    | MAIN LOGGER                    | get_fetchone(cursor, conn) -> list                                              
24-Jul-17 21:20:55.597564 | DEBUG    | MAIN LOGGER                    | IN update_project_to_db()                                                       
24-Jul-17 21:20:55.598563 | DEBUG    | MAIN LOGGER                    | get_conn() -> object                                                            
24-Jul-17 21:20:55.598563 | DEBUG    | MAIN LOGGER                    | get_db_settings_dirpath() -> str: d:\work\project\AutoExecDoc\db\settings.db    
24-Jul-17 21:20:55.599564 | DEBUG    | MAIN LOGGER                    | get_project_dirpath() -> str: C:/Users/hayar/Documents/AutoExecDoc Projects/libre
24-Jul-17 21:20:55.599564 | DEBUG    | MAIN LOGGER                    | get_project_dirpath() -> str: C:/Users/hayar/Documents/AutoExecDoc Projects/libre
24-Jul-17 21:20:55.604560 | DEBUG    | MAIN LOGGER                    | IN create_and_config_db_project()                                               
24-Jul-17 21:20:55.605565 | DEBUG    | MAIN LOGGER                    | get_db_project_dirpath() -> str: C:/Users/hayar/Documents/AutoExecDoc Projects/libre\project.db
24-Jul-17 21:20:55.606565 | DEBUG    | MAIN LOGGER                    | set_all_included_in_db_project_to_true()                                        
24-Jul-17 21:20:55.606565 | DEBUG    | MAIN LOGGER                    | get_conn() -> object                                                            
24-Jul-17 21:20:55.607563 | DEBUG    | MAIN LOGGER                    | get_db_project_dirpath() -> str: C:/Users/hayar/Documents/AutoExecDoc Projects/libre\project.db
24-Jul-17 21:20:55.608565 | DEBUG    | MAIN LOGGER                    | IN update_structure_exec_doc()                                                  
24-Jul-17 21:20:55.608565 | DEBUG    | MAIN LOGGER                    | IN clear_tr_sed()                                                               
24-Jul-17 21:20:55.609565 | DEBUG    | MAIN LOGGER                    | get_current_name() -> str: libre                                                
24-Jul-17 21:20:55.609565 | DEBUG    | MAIN LOGGER                    | get_conn() -> object                                                            
24-Jul-17 21:20:55.610563 | DEBUG    | MAIN LOGGER                    | get_db_project_dirpath() -> str: C:/Users/hayar/Documents/AutoExecDoc Projects/libre\project.db
24-Jul-17 21:20:55.611564 | DEBUG    | MAIN LOGGER                    | get_fetchone(cursor, conn) -> list                                              
24-Jul-17 21:20:55.611564 | DEBUG    | MAIN LOGGER                    | get_project_node() -> object:
result = {'id_node': 0, 'name_node': 'Проект', 'id_parent': None, 'order_node': '0', 'type_node': 'PROJECT', 'id_active_template': None, 'included': 1}
24-Jul-17 21:20:55.612563 | DEBUG    | MAIN LOGGER                    | IN dfs(parent_node):
parent_node = {'id_node': 0, 'name_node': 'Проект', 'id_parent': None, 'order_node': '0', 'type_node': 'PROJECT', 'id_active_template': None, 'included': 1}
24-Jul-17 21:20:55.612563 | DEBUG    | MAIN LOGGER                    | get_conn() -> object                                                            
24-Jul-17 21:20:55.613562 | DEBUG    | MAIN LOGGER                    | get_db_project_dirpath() -> str: C:/Users/hayar/Documents/AutoExecDoc Projects/libre\project.db
24-Jul-17 21:20:55.613562 | DEBUG    | MAIN LOGGER                    | get_fetchall(cursor, conn) -> list                                              
24-Jul-17 21:20:55.614563 | DEBUG    | MAIN LOGGER                    | get_childs(parent_node) -> list: parent_node = {'id_node': 0, 'name_node': 'Проект', 'id_parent': None, 'order_node': '0', 'type_node': 'PROJECT', 'id_active_template': None, 'included': 1}
result = [{'id_node': 10, 'name_node': 'Титульный лист', 'id_parent': 0, 'order_node': '1', 'type_node': 'FORM', 'id_active_template': 1, 'included': 1}, {'id_node': 11, 'name_node': 'Реестр документации', 'id_parent': 0, 'order_node': '2', 'type_node': 'FORM', 'id_active_template': 2, 'included': 1}, {'id_node': 12, 'name_node': 'Паспорт трассы', 'id_parent': 0, 'order_node': '3', 'type_node': 'GROUP', 'id_active_template': None, 'included': 1}]
24-Jul-17 21:20:55.615568 | DEBUG    | MAIN LOGGER                    | IN set_item_in_nodes_to_items(node):
node = {'id_node': 10, 'name_node': 'Титульный лист', 'id_parent': 0, 'order_node': '1', 'type_node': 'FORM', 'id_active_template': 1, 'included': 1}
24-Jul-17 21:20:55.617573 | DEBUG    | MAIN LOGGER                    | IN set_state_included_for_childs(node, state):
id_node = 10,
state = False      
24-Jul-17 21:20:55.617573 | DEBUG    | MAIN LOGGER                    | set_included_for_node(node, state): node = {'id_node': 10, 'name_node': 'Титульный лист', 'id_parent': 0, 'order_node': '1', 'type_node': 'FORM', 'id_active_template': 1, 'included': 1}, state = 0
24-Jul-17 21:20:55.618565 | DEBUG    | MAIN LOGGER                    | get_conn() -> object                                                            
24-Jul-17 21:20:55.619570 | DEBUG    | MAIN LOGGER                    | get_db_project_dirpath() -> str: C:/Users/hayar/Documents/AutoExecDoc Projects/libre\project.db
24-Jul-17 21:20:55.624559 | DEBUG    | MAIN LOGGER                    | IN set_state_included_for_childs(node, state):
id_node = 10,
state = True       
24-Jul-17 21:20:55.625563 | DEBUG    | MAIN LOGGER                    | set_included_for_node(node, state): node = {'id_node': 10, 'name_node': 'Титульный лист', 'id_parent': 0, 'order_node': '1', 'type_node': 'FORM', 'id_active_template': 1, 'included': 1}, state = 1
24-Jul-17 21:20:55.626564 | DEBUG    | MAIN LOGGER                    | get_conn() -> object                                                            
24-Jul-17 21:20:55.626564 | DEBUG    | MAIN LOGGER                    | get_db_project_dirpath() -> str: C:/Users/hayar/Documents/AutoExecDoc Projects/libre\project.db
24-Jul-17 21:20:55.630565 | DEBUG    | MAIN LOGGER                    | IN dfs(parent_node):
parent_node = {'id_node': 10, 'name_node': 'Титульный лист', 'id_parent': 0, 'order_node': '1', 'type_node': 'FORM', 'id_active_template': 1, 'included': 1}
24-Jul-17 21:20:55.631568 | DEBUG    | MAIN LOGGER                    | get_conn() -> object                                                            
24-Jul-17 21:20:55.632566 | DEBUG    | MAIN LOGGER                    | get_db_project_dirpath() -> str: C:/Users/hayar/Documents/AutoExecDoc Projects/libre\project.db
24-Jul-17 21:20:55.633567 | DEBUG    | MAIN LOGGER                    | get_fetchall(cursor, conn) -> list                                              
24-Jul-17 21:20:55.634576 | DEBUG    | MAIN LOGGER                    | get_childs(parent_node) -> list: parent_node = {'id_node': 10, 'name_node': 'Титульный лист', 'id_parent': 0, 'order_node': '1', 'type_node': 'FORM', 'id_active_template': 1, 'included': 1}
result = []
24-Jul-17 21:20:55.635572 | DEBUG    | MAIN LOGGER                    | IN set_item_in_nodes_to_items(node):
node = {'id_node': 11, 'name_node': 'Реестр документации', 'id_parent': 0, 'order_node': '2', 'type_node': 'FORM', 'id_active_template': 2, 'included': 1}
24-Jul-17 21:20:55.636569 | DEBUG    | MAIN LOGGER                    | IN set_state_included_for_childs(node, state):
id_node = 11,
state = False      
24-Jul-17 21:20:55.637564 | DEBUG    | MAIN LOGGER                    | set_included_for_node(node, state): node = {'id_node': 11, 'name_node': 'Реестр документации', 'id_parent': 0, 'order_node': '2', 'type_node': 'FORM', 'id_active_template': 2, 'included': 1}, state = 0
24-Jul-17 21:20:55.638571 | DEBUG    | MAIN LOGGER                    | get_conn() -> object                                                            
24-Jul-17 21:20:55.638571 | DEBUG    | MAIN LOGGER                    | get_db_project_dirpath() -> str: C:/Users/hayar/Documents/AutoExecDoc Projects/libre\project.db
24-Jul-17 21:20:55.643566 | DEBUG    | MAIN LOGGER                    | IN set_state_included_for_childs(node, state):
id_node = 11,
state = True       
24-Jul-17 21:20:55.644566 | DEBUG    | MAIN LOGGER                    | set_included_for_node(node, state): node = {'id_node': 11, 'name_node': 'Реестр документации', 'id_parent': 0, 'order_node': '2', 'type_node': 'FORM', 'id_active_template': 2, 'included': 1}, state = 1
24-Jul-17 21:20:55.645568 | DEBUG    | MAIN LOGGER                    | get_conn() -> object                                                            
24-Jul-17 21:20:55.645568 | DEBUG    | MAIN LOGGER                    | get_db_project_dirpath() -> str: C:/Users/hayar/Documents/AutoExecDoc Projects/libre\project.db
24-Jul-17 21:20:55.650562 | DEBUG    | MAIN LOGGER                    | IN dfs(parent_node):
parent_node = {'id_node': 11, 'name_node': 'Реестр документации', 'id_parent': 0, 'order_node': '2', 'type_node': 'FORM', 'id_active_template': 2, 'included': 1}
24-Jul-17 21:20:55.651570 | DEBUG    | MAIN LOGGER                    | get_conn() -> object                                                            
24-Jul-17 21:20:55.652568 | DEBUG    | MAIN LOGGER                    | get_db_project_dirpath() -> str: C:/Users/hayar/Documents/AutoExecDoc Projects/libre\project.db
24-Jul-17 21:20:55.653563 | DEBUG    | MAIN LOGGER                    | get_fetchall(cursor, conn) -> list                                              
24-Jul-17 21:20:55.653563 | DEBUG    | MAIN LOGGER                    | get_childs(parent_node) -> list: parent_node = {'id_node': 11, 'name_node': 'Реестр документации', 'id_parent': 0, 'order_node': '2', 'type_node': 'FORM', 'id_active_template': 2, 'included': 1}
result = []
24-Jul-17 21:20:55.654562 | DEBUG    | MAIN LOGGER                    | IN set_item_in_nodes_to_items(node):
node = {'id_node': 12, 'name_node': 'Паспорт трассы', 'id_parent': 0, 'order_node': '3', 'type_node': 'GROUP', 'id_active_template': None, 'included': 1}
24-Jul-17 21:20:55.654562 | DEBUG    | MAIN LOGGER                    | IN set_state_included_for_childs(node, state):
id_node = 12,
state = False      
24-Jul-17 21:20:55.655570 | DEBUG    | MAIN LOGGER                    | set_included_for_node(node, state): node = {'id_node': 12, 'name_node': 'Паспорт трассы', 'id_parent': 0, 'order_node': '3', 'type_node': 'GROUP', 'id_active_template': None, 'included': 1}, state = 0
24-Jul-17 21:20:55.656567 | DEBUG    | MAIN LOGGER                    | get_conn() -> object                                                            
24-Jul-17 21:20:55.657567 | DEBUG    | MAIN LOGGER                    | get_db_project_dirpath() -> str: C:/Users/hayar/Documents/AutoExecDoc Projects/libre\project.db
24-Jul-17 21:20:55.661564 | DEBUG    | MAIN LOGGER                    | IN set_state_included_for_childs(node, state):
id_node = 12,
state = True       
24-Jul-17 21:20:55.662568 | DEBUG    | MAIN LOGGER                    | set_included_for_node(node, state): node = {'id_node': 12, 'name_node': 'Паспорт трассы', 'id_parent': 0, 'order_node': '3', 'type_node': 'GROUP', 'id_active_template': None, 'included': 1}, state = 1
24-Jul-17 21:20:55.663568 | DEBUG    | MAIN LOGGER                    | get_conn() -> object                                                            
24-Jul-17 21:20:55.663568 | DEBUG    | MAIN LOGGER                    | get_db_project_dirpath() -> str: C:/Users/hayar/Documents/AutoExecDoc Projects/libre\project.db
24-Jul-17 21:20:55.668570 | DEBUG    | MAIN LOGGER                    | IN dfs(parent_node):
parent_node = {'id_node': 12, 'name_node': 'Паспорт трассы', 'id_parent': 0, 'order_node': '3', 'type_node': 'GROUP', 'id_active_template': None, 'included': 1}
24-Jul-17 21:20:55.670564 | DEBUG    | MAIN LOGGER                    | get_conn() -> object                                                            
24-Jul-17 21:20:55.670564 | DEBUG    | MAIN LOGGER                    | get_db_project_dirpath() -> str: C:/Users/hayar/Documents/AutoExecDoc Projects/libre\project.db
24-Jul-17 21:20:55.671566 | DEBUG    | MAIN LOGGER                    | get_fetchall(cursor, conn) -> list                                              
24-Jul-17 21:20:55.672567 | DEBUG    | MAIN LOGGER                    | get_childs(parent_node) -> list: parent_node = {'id_node': 12, 'name_node': 'Паспорт трассы', 'id_parent': 0, 'order_node': '3', 'type_node': 'GROUP', 'id_active_template': None, 'included': 1}
result = [{'id_node': 1201, 'name_node': 'ПТ-1', 'id_parent': 12, 'order_node': '1', 'type_node': 'FORM', 'id_active_template': 3, 'included': 1}, {'id_node': 1202, 'name_node': 'ПТ-2', 'id_parent': 12, 'order_node': '2', 'type_node': 'FORM', 'id_active_template': 4, 'included': 1}, {'id_node': 1203, 'name_node': 'ПТ-3', 'id_parent': 12, 'order_node': '3', 'type_node': 'FORM', 'id_active_template': 5, 'included': 1}]
24-Jul-17 21:20:55.673571 | DEBUG    | MAIN LOGGER                    | IN set_item_in_nodes_to_items(node):
node = {'id_node': 1201, 'name_node': 'ПТ-1', 'id_parent': 12, 'order_node': '1', 'type_node': 'FORM', 'id_active_template': 3, 'included': 1}
24-Jul-17 21:20:55.673571 | DEBUG    | MAIN LOGGER                    | IN set_state_included_for_childs(node, state):
id_node = 1201,
state = False    
24-Jul-17 21:20:55.674569 | DEBUG    | MAIN LOGGER                    | set_included_for_node(node, state): node = {'id_node': 1201, 'name_node': 'ПТ-1', 'id_parent': 12, 'order_node': '1', 'type_node': 'FORM', 'id_active_template': 3, 'included': 1}, state = 0
24-Jul-17 21:20:55.675569 | DEBUG    | MAIN LOGGER                    | get_conn() -> object                                                            
24-Jul-17 21:20:55.675569 | DEBUG    | MAIN LOGGER                    | get_db_project_dirpath() -> str: C:/Users/hayar/Documents/AutoExecDoc Projects/libre\project.db
24-Jul-17 21:20:55.680560 | DEBUG    | MAIN LOGGER                    | IN set_state_included_for_childs(node, state):
id_node = 1201,
state = True     
24-Jul-17 21:20:55.682565 | DEBUG    | MAIN LOGGER                    | set_included_for_node(node, state): node = {'id_node': 1201, 'name_node': 'ПТ-1', 'id_parent': 12, 'order_node': '1', 'type_node': 'FORM', 'id_active_template': 3, 'included': 1}, state = 1
24-Jul-17 21:20:55.683572 | DEBUG    | MAIN LOGGER                    | get_conn() -> object                                                            
24-Jul-17 21:20:55.683572 | DEBUG    | MAIN LOGGER                    | get_db_project_dirpath() -> str: C:/Users/hayar/Documents/AutoExecDoc Projects/libre\project.db
24-Jul-17 21:20:55.688569 | DEBUG    | MAIN LOGGER                    | IN dfs(parent_node):
parent_node = {'id_node': 1201, 'name_node': 'ПТ-1', 'id_parent': 12, 'order_node': '1', 'type_node': 'FORM', 'id_active_template': 3, 'included': 1}
24-Jul-17 21:20:55.688569 | DEBUG    | MAIN LOGGER                    | get_conn() -> object                                                            
24-Jul-17 21:20:55.689571 | DEBUG    | MAIN LOGGER                    | get_db_project_dirpath() -> str: C:/Users/hayar/Documents/AutoExecDoc Projects/libre\project.db
24-Jul-17 21:20:55.690570 | DEBUG    | MAIN LOGGER                    | get_fetchall(cursor, conn) -> list                                              
24-Jul-17 21:20:55.691571 | DEBUG    | MAIN LOGGER                    | get_childs(parent_node) -> list: parent_node = {'id_node': 1201, 'name_node': 'ПТ-1', 'id_parent': 12, 'order_node': '1', 'type_node': 'FORM', 'id_active_template': 3, 'included': 1}
result = []
24-Jul-17 21:20:55.691571 | DEBUG    | MAIN LOGGER                    | IN set_item_in_nodes_to_items(node):
node = {'id_node': 1202, 'name_node': 'ПТ-2', 'id_parent': 12, 'order_node': '2', 'type_node': 'FORM', 'id_active_template': 4, 'included': 1}
24-Jul-17 21:20:55.692573 | DEBUG    | MAIN LOGGER                    | IN set_state_included_for_childs(node, state):
id_node = 1202,
state = False    
24-Jul-17 21:20:55.693562 | DEBUG    | MAIN LOGGER                    | set_included_for_node(node, state): node = {'id_node': 1202, 'name_node': 'ПТ-2', 'id_parent': 12, 'order_node': '2', 'type_node': 'FORM', 'id_active_template': 4, 'included': 1}, state = 0
24-Jul-17 21:20:55.693562 | DEBUG    | MAIN LOGGER                    | get_conn() -> object                                                            
24-Jul-17 21:20:55.693562 | DEBUG    | MAIN LOGGER                    | get_db_project_dirpath() -> str: C:/Users/hayar/Documents/AutoExecDoc Projects/libre\project.db
24-Jul-17 21:20:55.698563 | DEBUG    | MAIN LOGGER                    | IN set_state_included_for_childs(node, state):
id_node = 1202,
state = True     
24-Jul-17 21:20:55.699566 | DEBUG    | MAIN LOGGER                    | set_included_for_node(node, state): node = {'id_node': 1202, 'name_node': 'ПТ-2', 'id_parent': 12, 'order_node': '2', 'type_node': 'FORM', 'id_active_template': 4, 'included': 1}, state = 1
24-Jul-17 21:20:55.700564 | DEBUG    | MAIN LOGGER                    | get_conn() -> object                                                            
24-Jul-17 21:20:55.700564 | DEBUG    | MAIN LOGGER                    | get_db_project_dirpath() -> str: C:/Users/hayar/Documents/AutoExecDoc Projects/libre\project.db
24-Jul-17 21:20:55.705591 | DEBUG    | MAIN LOGGER                    | IN dfs(parent_node):
parent_node = {'id_node': 1202, 'name_node': 'ПТ-2', 'id_parent': 12, 'order_node': '2', 'type_node': 'FORM', 'id_active_template': 4, 'included': 1}
24-Jul-17 21:20:55.706605 | DEBUG    | MAIN LOGGER                    | get_conn() -> object                                                            
24-Jul-17 21:20:55.706605 | DEBUG    | MAIN LOGGER                    | get_db_project_dirpath() -> str: C:/Users/hayar/Documents/AutoExecDoc Projects/libre\project.db
24-Jul-17 21:20:55.707607 | DEBUG    | MAIN LOGGER                    | get_fetchall(cursor, conn) -> list                                              
24-Jul-17 21:20:55.708607 | DEBUG    | MAIN LOGGER                    | get_childs(parent_node) -> list: parent_node = {'id_node': 1202, 'name_node': 'ПТ-2', 'id_parent': 12, 'order_node': '2', 'type_node': 'FORM', 'id_active_template': 4, 'included': 1}
result = []
24-Jul-17 21:20:55.709613 | DEBUG    | MAIN LOGGER                    | IN set_item_in_nodes_to_items(node):
node = {'id_node': 1203, 'name_node': 'ПТ-3', 'id_parent': 12, 'order_node': '3', 'type_node': 'FORM', 'id_active_template': 5, 'included': 1}
24-Jul-17 21:20:55.710607 | DEBUG    | MAIN LOGGER                    | IN set_state_included_for_childs(node, state):
id_node = 1203,
state = False    
24-Jul-17 21:20:55.711608 | DEBUG    | MAIN LOGGER                    | set_included_for_node(node, state): node = {'id_node': 1203, 'name_node': 'ПТ-3', 'id_parent': 12, 'order_node': '3', 'type_node': 'FORM', 'id_active_template': 5, 'included': 1}, state = 0
24-Jul-17 21:20:55.711608 | DEBUG    | MAIN LOGGER                    | get_conn() -> object                                                            
24-Jul-17 21:20:55.712607 | DEBUG    | MAIN LOGGER                    | get_db_project_dirpath() -> str: C:/Users/hayar/Documents/AutoExecDoc Projects/libre\project.db
24-Jul-17 21:20:55.718610 | DEBUG    | MAIN LOGGER                    | IN set_state_included_for_childs(node, state):
id_node = 1203,
state = True     
24-Jul-17 21:20:55.720618 | DEBUG    | MAIN LOGGER                    | set_included_for_node(node, state): node = {'id_node': 1203, 'name_node': 'ПТ-3', 'id_parent': 12, 'order_node': '3', 'type_node': 'FORM', 'id_active_template': 5, 'included': 1}, state = 1
24-Jul-17 21:20:55.721610 | DEBUG    | MAIN LOGGER                    | get_conn() -> object                                                            
24-Jul-17 21:20:55.722612 | DEBUG    | MAIN LOGGER                    | get_db_project_dirpath() -> str: C:/Users/hayar/Documents/AutoExecDoc Projects/libre\project.db
24-Jul-17 21:20:55.730616 | DEBUG    | MAIN LOGGER                    | IN dfs(parent_node):
parent_node = {'id_node': 1203, 'name_node': 'ПТ-3', 'id_parent': 12, 'order_node': '3', 'type_node': 'FORM', 'id_active_template': 5, 'included': 1}
24-Jul-17 21:20:55.731612 | DEBUG    | MAIN LOGGER                    | get_conn() -> object                                                            
24-Jul-17 21:20:55.732613 | DEBUG    | MAIN LOGGER                    | get_db_project_dirpath() -> str: C:/Users/hayar/Documents/AutoExecDoc Projects/libre\project.db
24-Jul-17 21:20:55.734620 | DEBUG    | MAIN LOGGER                    | get_fetchall(cursor, conn) -> list                                              
24-Jul-17 21:20:55.735610 | DEBUG    | MAIN LOGGER                    | get_childs(parent_node) -> list: parent_node = {'id_node': 1203, 'name_node': 'ПТ-3', 'id_parent': 12, 'order_node': '3', 'type_node': 'FORM', 'id_active_template': 5, 'included': 1}
result = []
24-Jul-17 21:20:55.737614 | DEBUG    | MAIN LOGGER                    | IN set_new_dirpaths_for_project()                                               
24-Jul-17 21:20:55.738617 | DEBUG    | MAIN LOGGER                    | get_project_dirpath() -> str: C:/Users/hayar/Documents/AutoExecDoc Projects/libre
24-Jul-17 21:20:55.739617 | DEBUG    | MAIN LOGGER                    | get_project_dirpath() -> str: C:/Users/hayar/Documents/AutoExecDoc Projects/libre
24-Jul-17 21:20:55.739617 | DEBUG    | MAIN LOGGER                    | IN add_forms_folders_to_new_project()                                           
24-Jul-17 21:20:55.740613 | DEBUG    | MAIN LOGGER                    | get_current_name() -> str: libre                                                
24-Jul-17 21:20:55.741611 | DEBUG    | MAIN LOGGER                    | get_project_dirpath() -> str: C:/Users/hayar/Documents/AutoExecDoc Projects/libre
24-Jul-17 21:20:55.743614 | DEBUG    | MAIN LOGGER                    | get_forms_folder_dirpath() -> str: C:/Users/hayar/Documents/AutoExecDoc Projects/libre\forms
24-Jul-17 21:20:55.744616 | DEBUG    | MAIN LOGGER                    | get_image_folder_dirpath() -> str: C:/Users/hayar/Documents/AutoExecDoc Projects/libre\images
24-Jul-17 21:20:55.745610 | DEBUG    | MAIN LOGGER                    | get_temp_dirpath() -> str:                                                      
24-Jul-17 21:20:55.746611 | DEBUG    | MAIN LOGGER                    | IN set_true_actives_project()                                                   
24-Jul-17 21:20:55.747612 | DEBUG    | MAIN LOGGER                    | set_message_for_statusbar(message):
message = Проект c именем libre открыт.     
24-Jul-17 21:20:55.757608 | DEBUG    | MAIN LOGGER                    | IN update_pages_template(node):
node = {'id_node': 10, 'name_node': 'Титульный лист', 'id_parent': 0, 'order_node': '1', 'type_node': 'FORM', 'id_active_template': 1, 'included': 1}
24-Jul-17 21:20:55.759609 | DEBUG    | MAIN LOGGER                    | get_conn() -> object                                                            
24-Jul-17 21:20:55.759609 | DEBUG    | MAIN LOGGER                    | get_db_project_dirpath() -> str: C:/Users/hayar/Documents/AutoExecDoc Projects/libre\project.db
24-Jul-17 21:20:55.761607 | DEBUG    | MAIN LOGGER                    | get_fetchone(cursor, conn) -> list                                              
24-Jul-17 21:20:55.762605 | DEBUG    | MAIN LOGGER                    | get_template_by_id(id_template) -> object: id_template = 1
result = {'id_template': 1, 'name_template': 'main', 'id_parent_node': 10}
24-Jul-17 21:20:55.763608 | DEBUG    | MAIN LOGGER                    | get_conn() -> object                                                            
24-Jul-17 21:20:55.763608 | DEBUG    | MAIN LOGGER                    | get_db_project_dirpath() -> str: C:/Users/hayar/Documents/AutoExecDoc Projects/libre\project.db
24-Jul-17 21:20:55.765613 | DEBUG    | MAIN LOGGER                    | get_fetchall(cursor, conn) -> list                                              
24-Jul-17 21:20:55.766619 | DEBUG    | MAIN LOGGER                    | get_pages_by_template(template) -> list: template = {'id_template': 1, 'name_template': 'main', 'id_parent_node': 10}
result = [{'id_page': 10, 'id_parent_template': 1, 'page_name': 'Л.1. Титульный лист.', 'page_filename': '1-ТЛ-1', 'order_page': 0, 'included': 1}, {'id_page': 11, 'id_parent_template': 1, 'page_name': 'Л.2. Титульный лист.', 'page_filename': '1-ТЛ-2', 'order_page': 1, 'included': 1}]
24-Jul-17 21:20:56.667844 | DEBUG    | MAIN LOGGER                    | IN item_page_updated(current):
current = <package.controllers.pagestemplate.MyListWidgetItem object at 0x000002C615097DC0>
24-Jul-17 21:20:56.668867 | DEBUG    | MAIN LOGGER                    | IN add_page_for_datas(page):
page = {'id_page': 10, 'id_parent_template': 1, 'page_name': 'Л.1. Титульный лист.', 'page_filename': '1-ТЛ-1', 'order_page': 0, 'included': 1}
24-Jul-17 21:20:56.669855 | DEBUG    | MAIN LOGGER                    | get_conn() -> object                                                            
24-Jul-17 21:20:56.669855 | DEBUG    | MAIN LOGGER                    | get_db_project_dirpath() -> str: C:/Users/hayar/Documents/AutoExecDoc Projects/libre\project.db
24-Jul-17 21:20:56.670855 | DEBUG    | MAIN LOGGER                    | get_fetchall(cursor, conn) -> list                                              
24-Jul-17 21:20:56.671854 | DEBUG    | MAIN LOGGER                    | get_page_data(page) -> list: page = {'id_page': 10, 'id_parent_template': 1, 'page_name': 'Л.1. Титульный лист.', 'page_filename': '1-ТЛ-1', 'order_page': 0, 'included': 1}
result = [{'id_pair': 100, 'id_page': 10, 'id_tag': 1007, 'name_tag': 'строительно_монтажная_организация', 'value': None}]
24-Jul-17 21:20:56.672846 | DEBUG    | MAIN LOGGER                    | get_conn() -> object                                                            
24-Jul-17 21:20:56.672846 | DEBUG    | MAIN LOGGER                    | get_db_project_dirpath() -> str: C:/Users/hayar/Documents/AutoExecDoc Projects/libre\project.db
24-Jul-17 21:20:56.673856 | DEBUG    | MAIN LOGGER                    | get_fetchone(cursor, conn) -> list                                              
24-Jul-17 21:20:56.673856 | DEBUG    | MAIN LOGGER                    | get_parent_template() -> object
result = {'id_template': 1, 'name_template': 'main', 'id_parent_node': 10}
24-Jul-17 21:20:56.674846 | DEBUG    | MAIN LOGGER                    | IN add_template_for_datas(page):
page = {'id_template': 1, 'name_template': 'main', 'id_parent_node': 10}
24-Jul-17 21:20:56.675850 | DEBUG    | MAIN LOGGER                    | get_conn() -> object                                                            
24-Jul-17 21:20:56.675850 | DEBUG    | MAIN LOGGER                    | get_db_project_dirpath() -> str: C:/Users/hayar/Documents/AutoExecDoc Projects/libre\project.db
24-Jul-17 21:20:56.676848 | DEBUG    | MAIN LOGGER                    | get_fetchall(cursor, conn) -> list                                              
24-Jul-17 21:20:56.677849 | DEBUG    | MAIN LOGGER                    | get_template_data(template) -> list: template = {'id_template': 1, 'name_template': 'main', 'id_parent_node': 10}
result = []
24-Jul-17 21:20:56.678849 | DEBUG    | MAIN LOGGER                    | get_conn() -> object                                                            
24-Jul-17 21:20:56.678849 | DEBUG    | MAIN LOGGER                    | get_db_project_dirpath() -> str: C:/Users/hayar/Documents/AutoExecDoc Projects/libre\project.db
24-Jul-17 21:20:56.679847 | DEBUG    | MAIN LOGGER                    | get_fetchone(cursor, conn) -> list                                              
24-Jul-17 21:20:56.680852 | DEBUG    | MAIN LOGGER                    | get_parent_node() -> object
result = {'id_node': 10, 'name_node': 'Титульный лист', 'id_parent': 0, 'order_node': '1', 'type_node': 'FORM', 'id_active_template': 1, 'included': 1}
24-Jul-17 21:20:56.681849 | DEBUG    | MAIN LOGGER                    | IN add_nodes_for_sections_info(node):
node = {'id_node': 10, 'name_node': 'Титульный лист', 'id_parent': 0, 'order_node': '1', 'type_node': 'FORM', 'id_active_template': 1, 'included': 1}
24-Jul-17 21:20:56.682856 | DEBUG    | MAIN LOGGER                    | IN add_node_for_datas(node):
node = {'id_node': 10, 'name_node': 'Титульный лист', 'id_parent': 0, 'order_node': '1', 'type_node': 'FORM', 'id_active_template': 1, 'included': 1}
24-Jul-17 21:20:56.682856 | DEBUG    | MAIN LOGGER                    | get_conn() -> object                                                            
24-Jul-17 21:20:56.683847 | DEBUG    | MAIN LOGGER                    | get_db_project_dirpath() -> str: C:/Users/hayar/Documents/AutoExecDoc Projects/libre\project.db
24-Jul-17 21:20:56.684853 | DEBUG    | MAIN LOGGER                    | get_fetchall(cursor, conn) -> list                                              
24-Jul-17 21:20:56.685850 | DEBUG    | MAIN LOGGER                    | get_node_data(node) -> list: node = {'id_node': 10, 'name_node': 'Титульный лист', 'id_parent': 0, 'order_node': '1', 'type_node': 'FORM', 'id_active_template': 1, 'included': 1}
result = [{'id_pair': 1000, 'id_node': 10, 'id_tag': 1000, 'name_tag': 'организационно_правовая_форма', 'value': None}, {'id_pair': 1001, 'id_node': 10, 'id_tag': 1002, 'name_tag': 'адрес_компании', 'value': None}, {'id_pair': 1004, 'id_node': 10, 'id_tag': 1005, 'name_tag': 'номер_кабеля', 'value': None}, {'id_pair': 1005, 'id_node': 10, 'id_tag': 1006, 'name_tag': 'заказчик', 'value': None}, {'id_pair': 1006, 'id_node': 10, 'id_tag': 1008, 'name_tag': 'город', 'value': None}, {'id_pair': 1007, 'id_node': 10, 'id_tag': 1009, 'name_tag': 'год', 'value': None}]
24-Jul-17 21:20:56.686847 | DEBUG    | MAIN LOGGER                    | get_conn() -> object                                                            
24-Jul-17 21:20:56.687850 | DEBUG    | MAIN LOGGER                    | get_db_project_dirpath() -> str: C:/Users/hayar/Documents/AutoExecDoc Projects/libre\project.db
24-Jul-17 21:20:56.687850 | DEBUG    | MAIN LOGGER                    | get_fetchone(cursor, conn) -> list                                              
24-Jul-17 21:20:56.688857 | DEBUG    | MAIN LOGGER                    | get_node_parent(node) -> object: node = {'id_node': 10, 'name_node': 'Титульный лист', 'id_parent': 0, 'order_node': '1', 'type_node': 'FORM', 'id_active_template': 1, 'included': 1}
result = {'id_node': 0, 'name_node': 'Проект', 'id_parent': None, 'order_node': '0', 'type_node': 'PROJECT', 'id_active_template': None, 'included': 1}
24-Jul-17 21:20:56.689849 | DEBUG    | MAIN LOGGER                    | IN add_node_for_datas(node):
node = {'id_node': 0, 'name_node': 'Проект', 'id_parent': None, 'order_node': '0', 'type_node': 'PROJECT', 'id_active_template': None, 'included': 1}
24-Jul-17 21:20:56.689849 | DEBUG    | MAIN LOGGER                    | get_conn() -> object                                                            
24-Jul-17 21:20:56.690850 | DEBUG    | MAIN LOGGER                    | get_db_project_dirpath() -> str: C:/Users/hayar/Documents/AutoExecDoc Projects/libre\project.db
24-Jul-17 21:20:56.691848 | DEBUG    | MAIN LOGGER                    | get_fetchall(cursor, conn) -> list                                              
24-Jul-17 21:20:56.692851 | DEBUG    | MAIN LOGGER                    | get_node_data(node) -> list: node = {'id_node': 0, 'name_node': 'Проект', 'id_parent': None, 'order_node': '0', 'type_node': 'PROJECT', 'id_active_template': None, 'included': 1}
result = [{'id_pair': 100, 'id_node': 0, 'id_tag': 1003, 'name_tag': 'название_объекта', 'value': None}, {'id_pair': 101, 'id_node': 0, 'id_tag': 1004, 'name_tag': 'участок', 'value': None}, {'id_pair': 102, 'id_node': 0, 'id_tag': 1001, 'name_tag': 'название_компании', 'value': None}]
24-Jul-17 21:20:56.693847 | DEBUG    | MAIN LOGGER                    | get_conn() -> object                                                            
24-Jul-17 21:20:56.693847 | DEBUG    | MAIN LOGGER                    | get_db_project_dirpath() -> str: C:/Users/hayar/Documents/AutoExecDoc Projects/libre\project.db
24-Jul-17 21:20:56.694845 | DEBUG    | MAIN LOGGER                    | get_fetchone(cursor, conn) -> list                                              
24-Jul-17 21:20:56.695851 | DEBUG    | MAIN LOGGER                    | get_node_parent(node) -> object: node = {'id_node': 0, 'name_node': 'Проект', 'id_parent': None, 'order_node': '0', 'type_node': 'PROJECT', 'id_active_template': None, 'included': 1}
result = {}
24-Jul-17 21:20:56.696854 | DEBUG    | MAIN LOGGER                    | IN update_scrollarea()                                                          
24-Jul-17 21:20:56.696854 | DEBUG    | MAIN LOGGER                    | IN delete_all_widgets_in_sa()                                                   
24-Jul-17 21:20:56.697848 | DEBUG    | MAIN LOGGER                    | IN add_page_for_datas(page):
page = {'id_page': 10, 'id_parent_template': 1, 'page_name': 'Л.1. Титульный лист.', 'page_filename': '1-ТЛ-1', 'order_page': 0, 'included': 1}
24-Jul-17 21:20:56.697848 | DEBUG    | MAIN LOGGER                    | get_conn() -> object                                                            
24-Jul-17 21:20:56.698847 | DEBUG    | MAIN LOGGER                    | get_db_project_dirpath() -> str: C:/Users/hayar/Documents/AutoExecDoc Projects/libre\project.db
24-Jul-17 21:20:56.698847 | DEBUG    | MAIN LOGGER                    | get_fetchall(cursor, conn) -> list                                              
24-Jul-17 21:20:56.699846 | DEBUG    | MAIN LOGGER                    | get_page_data(page) -> list: page = {'id_page': 10, 'id_parent_template': 1, 'page_name': 'Л.1. Титульный лист.', 'page_filename': '1-ТЛ-1', 'order_page': 0, 'included': 1}
result = [{'id_pair': 100, 'id_page': 10, 'id_tag': 1007, 'name_tag': 'строительно_монтажная_организация', 'value': None}]
24-Jul-17 21:20:56.700849 | DEBUG    | MAIN LOGGER                    | get_conn() -> object                                                            
24-Jul-17 21:20:56.700849 | DEBUG    | MAIN LOGGER                    | get_db_project_dirpath() -> str: C:/Users/hayar/Documents/AutoExecDoc Projects/libre\project.db
24-Jul-17 21:20:56.701852 | DEBUG    | MAIN LOGGER                    | get_fetchone(cursor, conn) -> list                                              
24-Jul-17 21:20:56.702852 | DEBUG    | MAIN LOGGER                    | get_parent_template() -> object
result = {'id_template': 1, 'name_template': 'main', 'id_parent_node': 10}
24-Jul-17 21:20:56.702852 | DEBUG    | MAIN LOGGER                    | IN add_template_for_datas(page):
page = {'id_template': 1, 'name_template': 'main', 'id_parent_node': 10}
24-Jul-17 21:20:56.703846 | DEBUG    | MAIN LOGGER                    | get_conn() -> object                                                            
24-Jul-17 21:20:56.703846 | DEBUG    | MAIN LOGGER                    | get_db_project_dirpath() -> str: C:/Users/hayar/Documents/AutoExecDoc Projects/libre\project.db
24-Jul-17 21:20:56.705849 | DEBUG    | MAIN LOGGER                    | get_fetchall(cursor, conn) -> list                                              
24-Jul-17 21:20:56.705849 | DEBUG    | MAIN LOGGER                    | get_template_data(template) -> list: template = {'id_template': 1, 'name_template': 'main', 'id_parent_node': 10}
result = []
24-Jul-17 21:20:56.706848 | DEBUG    | MAIN LOGGER                    | get_conn() -> object                                                            
24-Jul-17 21:20:56.707852 | DEBUG    | MAIN LOGGER                    | get_db_project_dirpath() -> str: C:/Users/hayar/Documents/AutoExecDoc Projects/libre\project.db
24-Jul-17 21:20:56.708850 | DEBUG    | MAIN LOGGER                    | get_fetchone(cursor, conn) -> list                                              
24-Jul-17 21:20:56.709855 | DEBUG    | MAIN LOGGER                    | get_parent_node() -> object
result = {'id_node': 10, 'name_node': 'Титульный лист', 'id_parent': 0, 'order_node': '1', 'type_node': 'FORM', 'id_active_template': 1, 'included': 1}
24-Jul-17 21:20:56.710850 | DEBUG    | MAIN LOGGER                    | IN add_nodes_for_sections_info(node):
node = {'id_node': 10, 'name_node': 'Титульный лист', 'id_parent': 0, 'order_node': '1', 'type_node': 'FORM', 'id_active_template': 1, 'included': 1}
24-Jul-17 21:20:56.710850 | DEBUG    | MAIN LOGGER                    | IN add_node_for_datas(node):
node = {'id_node': 10, 'name_node': 'Титульный лист', 'id_parent': 0, 'order_node': '1', 'type_node': 'FORM', 'id_active_template': 1, 'included': 1}
24-Jul-17 21:20:56.711848 | DEBUG    | MAIN LOGGER                    | get_conn() -> object                                                            
24-Jul-17 21:20:56.711848 | DEBUG    | MAIN LOGGER                    | get_db_project_dirpath() -> str: C:/Users/hayar/Documents/AutoExecDoc Projects/libre\project.db
24-Jul-17 21:20:56.712848 | DEBUG    | MAIN LOGGER                    | get_fetchall(cursor, conn) -> list                                              
24-Jul-17 21:20:56.713853 | DEBUG    | MAIN LOGGER                    | get_node_data(node) -> list: node = {'id_node': 10, 'name_node': 'Титульный лист', 'id_parent': 0, 'order_node': '1', 'type_node': 'FORM', 'id_active_template': 1, 'included': 1}
result = [{'id_pair': 1000, 'id_node': 10, 'id_tag': 1000, 'name_tag': 'организационно_правовая_форма', 'value': None}, {'id_pair': 1001, 'id_node': 10, 'id_tag': 1002, 'name_tag': 'адрес_компании', 'value': None}, {'id_pair': 1004, 'id_node': 10, 'id_tag': 1005, 'name_tag': 'номер_кабеля', 'value': None}, {'id_pair': 1005, 'id_node': 10, 'id_tag': 1006, 'name_tag': 'заказчик', 'value': None}, {'id_pair': 1006, 'id_node': 10, 'id_tag': 1008, 'name_tag': 'город', 'value': None}, {'id_pair': 1007, 'id_node': 10, 'id_tag': 1009, 'name_tag': 'год', 'value': None}]
24-Jul-17 21:20:56.714851 | DEBUG    | MAIN LOGGER                    | get_conn() -> object                                                            
24-Jul-17 21:20:56.715847 | DEBUG    | MAIN LOGGER                    | get_db_project_dirpath() -> str: C:/Users/hayar/Documents/AutoExecDoc Projects/libre\project.db
24-Jul-17 21:20:56.716851 | DEBUG    | MAIN LOGGER                    | get_fetchone(cursor, conn) -> list                                              
24-Jul-17 21:20:56.716851 | DEBUG    | MAIN LOGGER                    | get_node_parent(node) -> object: node = {'id_node': 10, 'name_node': 'Титульный лист', 'id_parent': 0, 'order_node': '1', 'type_node': 'FORM', 'id_active_template': 1, 'included': 1}
result = {'id_node': 0, 'name_node': 'Проект', 'id_parent': None, 'order_node': '0', 'type_node': 'PROJECT', 'id_active_template': None, 'included': 1}
24-Jul-17 21:20:56.717847 | DEBUG    | MAIN LOGGER                    | IN add_node_for_datas(node):
node = {'id_node': 0, 'name_node': 'Проект', 'id_parent': None, 'order_node': '0', 'type_node': 'PROJECT', 'id_active_template': None, 'included': 1}
24-Jul-17 21:20:56.718851 | DEBUG    | MAIN LOGGER                    | get_conn() -> object                                                            
24-Jul-17 21:20:56.719850 | DEBUG    | MAIN LOGGER                    | get_db_project_dirpath() -> str: C:/Users/hayar/Documents/AutoExecDoc Projects/libre\project.db
24-Jul-17 21:20:56.720850 | DEBUG    | MAIN LOGGER                    | get_fetchall(cursor, conn) -> list                                              
24-Jul-17 21:20:56.721848 | DEBUG    | MAIN LOGGER                    | get_node_data(node) -> list: node = {'id_node': 0, 'name_node': 'Проект', 'id_parent': None, 'order_node': '0', 'type_node': 'PROJECT', 'id_active_template': None, 'included': 1}
result = [{'id_pair': 100, 'id_node': 0, 'id_tag': 1003, 'name_tag': 'название_объекта', 'value': None}, {'id_pair': 101, 'id_node': 0, 'id_tag': 1004, 'name_tag': 'участок', 'value': None}, {'id_pair': 102, 'id_node': 0, 'id_tag': 1001, 'name_tag': 'название_компании', 'value': None}]
24-Jul-17 21:20:56.722850 | DEBUG    | MAIN LOGGER                    | get_conn() -> object                                                            
24-Jul-17 21:20:56.722850 | DEBUG    | MAIN LOGGER                    | get_db_project_dirpath() -> str: C:/Users/hayar/Documents/AutoExecDoc Projects/libre\project.db
24-Jul-17 21:20:56.723849 | DEBUG    | MAIN LOGGER                    | get_fetchone(cursor, conn) -> list                                              
24-Jul-17 21:20:56.724849 | DEBUG    | MAIN LOGGER                    | get_node_parent(node) -> object: node = {'id_node': 0, 'name_node': 'Проект', 'id_parent': None, 'order_node': '0', 'type_node': 'PROJECT', 'id_active_template': None, 'included': 1}
result = {}
24-Jul-17 21:20:56.725846 | DEBUG    | MAIN LOGGER                    | IN add_sections_in_sa()                                                         
24-Jul-17 21:20:56.726850 | DEBUG    | MAIN LOGGER                    | IN get_section_name(section_info):
section_info = {'type': 'page', 'page': {'id_page': 10, 'id_parent_template': 1, 'page_name': 'Л.1. Титульный лист.', 'page_filename': '1-ТЛ-1', 'order_page': 0, 'included': 1}, 'data': [{'id_pair': 100, 'id_page': 10, 'id_tag': 1007, 'name_tag': 'строительно_монтажная_организация', 'value': None}]}
24-Jul-17 21:20:56.728846 | DEBUG    | MAIN LOGGER                    | get_conn() -> object                                                            
24-Jul-17 21:20:56.728846 | DEBUG    | MAIN LOGGER                    | get_db_project_dirpath() -> str: C:/Users/hayar/Documents/AutoExecDoc Projects/libre\project.db
24-Jul-17 21:20:56.729849 | DEBUG    | MAIN LOGGER                    | get_fetchone(cursor, conn) -> list                                              
24-Jul-17 21:20:56.730851 | DEBUG    | MAIN LOGGER                    | get_config_tag(id_tag) -> list: id_tag = 1007
result = {'id_tag': 1007, 'name_tag': 'строительно_монтажная_организация', 'type_tag': 'TEXT', 'title_tag': 'Строительно-монтажная организация', 'description_tag': None, 'is_global': 0}
24-Jul-17 21:20:56.731846 | DEBUG    | MAIN LOGGER                    | FormText(self, pair, config_tag): pair = {'id_pair': 100, 'id_page': 10, 'id_tag': 1007, 'name_tag': 'строительно_монтажная_организация', 'value': None}, config_tag = {'id_tag': 1007, 'name_tag': 'строительно_монтажная_организация', 'type_tag': 'TEXT', 'title_tag': 'Строительно-монтажная организация', 'description_tag': None, 'is_global': 0}
24-Jul-17 21:20:56.735845 | DEBUG    | MAIN LOGGER                    | IN get_section_name(section_info):
section_info = {'type': 'project', 'project': {'id_node': 0, 'name_node': 'Проект', 'id_parent': None, 'order_node': '0', 'type_node': 'PROJECT', 'id_active_template': None, 'included': 1}, 'data': [{'id_pair': 100, 'id_node': 0, 'id_tag': 1003, 'name_tag': 'название_объекта', 'value': None}, {'id_pair': 101, 'id_node': 0, 'id_tag': 1004, 'name_tag': 'участок', 'value': None}, {'id_pair': 102, 'id_node': 0, 'id_tag': 1001, 'name_tag': 'название_компании', 'value': None}]}
24-Jul-17 21:20:56.738845 | DEBUG    | MAIN LOGGER                    | get_conn() -> object                                                            
24-Jul-17 21:20:56.738845 | DEBUG    | MAIN LOGGER                    | get_db_project_dirpath() -> str: C:/Users/hayar/Documents/AutoExecDoc Projects/libre\project.db
24-Jul-17 21:20:56.739847 | DEBUG    | MAIN LOGGER                    | get_fetchone(cursor, conn) -> list                                              
24-Jul-17 21:20:56.740849 | DEBUG    | MAIN LOGGER                    | get_config_tag(id_tag) -> list: id_tag = 1003
result = {'id_tag': 1003, 'name_tag': 'название_объекта', 'type_tag': 'TEXT', 'title_tag': 'Название объекта', 'description_tag': None, 'is_global': 0}
24-Jul-17 21:20:56.740849 | DEBUG    | MAIN LOGGER                    | FormText(self, pair, config_tag): pair = {'id_pair': 100, 'id_node': 0, 'id_tag': 1003, 'name_tag': 'название_объекта', 'value': None}, config_tag = {'id_tag': 1003, 'name_tag': 'название_объекта', 'type_tag': 'TEXT', 'title_tag': 'Название объекта', 'description_tag': None, 'is_global': 0}
24-Jul-17 21:20:56.742848 | DEBUG    | MAIN LOGGER                    | get_conn() -> object                                                            
24-Jul-17 21:20:56.743845 | DEBUG    | MAIN LOGGER                    | get_db_project_dirpath() -> str: C:/Users/hayar/Documents/AutoExecDoc Projects/libre\project.db
24-Jul-17 21:20:56.744855 | DEBUG    | MAIN LOGGER                    | get_fetchone(cursor, conn) -> list                                              
24-Jul-17 21:20:56.745846 | DEBUG    | MAIN LOGGER                    | get_config_tag(id_tag) -> list: id_tag = 1004
result = {'id_tag': 1004, 'name_tag': 'участок', 'type_tag': 'TEXT', 'title_tag': 'Участок', 'description_tag': None, 'is_global': 0}
24-Jul-17 21:20:56.745846 | DEBUG    | MAIN LOGGER                    | FormText(self, pair, config_tag): pair = {'id_pair': 101, 'id_node': 0, 'id_tag': 1004, 'name_tag': 'участок', 'value': None}, config_tag = {'id_tag': 1004, 'name_tag': 'участок', 'type_tag': 'TEXT', 'title_tag': 'Участок', 'description_tag': None, 'is_global': 0}
24-Jul-17 21:20:56.747850 | DEBUG    | MAIN LOGGER                    | get_conn() -> object                                                            
24-Jul-17 21:20:56.748846 | DEBUG    | MAIN LOGGER                    | get_db_project_dirpath() -> str: C:/Users/hayar/Documents/AutoExecDoc Projects/libre\project.db
24-Jul-17 21:20:56.749849 | DEBUG    | MAIN LOGGER                    | get_fetchone(cursor, conn) -> list                                              
24-Jul-17 21:20:56.750848 | DEBUG    | MAIN LOGGER                    | get_config_tag(id_tag) -> list: id_tag = 1001
result = {'id_tag': 1001, 'name_tag': 'название_компании', 'type_tag': 'TEXT', 'title_tag': 'Название компании', 'description_tag': None, 'is_global': 0}
24-Jul-17 21:20:56.750848 | DEBUG    | MAIN LOGGER                    | FormText(self, pair, config_tag): pair = {'id_pair': 102, 'id_node': 0, 'id_tag': 1001, 'name_tag': 'название_компании', 'value': None}, config_tag = {'id_tag': 1001, 'name_tag': 'название_компании', 'type_tag': 'TEXT', 'title_tag': 'Название компании', 'description_tag': None, 'is_global': 0}
24-Jul-17 21:20:56.756848 | DEBUG    | MAIN LOGGER                    | IN create_one_page_pdf(page):
page = {'id_page': 10, 'id_parent_template': 1, 'page_name': 'Л.1. Титульный лист.', 'page_filename': '1-ТЛ-1', 'order_page': 0, 'included': 1}
24-Jul-17 21:20:56.757849 | DEBUG    | MAIN LOGGER                    | IN create_one_page_pdf(page):
page = {'id_page': 10, 'id_parent_template': 1, 'page_name': 'Л.1. Титульный лист.', 'page_filename': '1-ТЛ-1', 'order_page': 0, 'included': 1}
24-Jul-17 21:20:56.758851 | DEBUG    | MAIN LOGGER                    | IN create_docx_page(sections_info, form_page_name, docx_pdf_page_name):
sections_info = [{'type': 'page', 'page': {'id_page': 10, 'id_parent_template': 1, 'page_name': 'Л.1. Титульный лист.', 'page_filename': '1-ТЛ-1', 'order_page': 0, 'included': 1}, 'data': [{'id_pair': 100, 'id_page': 10, 'id_tag': 1007, 'name_tag': 'строительно_монтажная_организация', 'value': None}]}, {'type': 'project', 'project': {'id_node': 0, 'name_node': 'Проект', 'id_parent': None, 'order_node': '0', 'type_node': 'PROJECT', 'id_active_template': None, 'included': 1}, 'data': [{'id_pair': 100, 'id_node': 0, 'id_tag': 1003, 'name_tag': 'название_объекта', 'value': None}, {'id_pair': 101, 'id_node': 0, 'id_tag': 1004, 'name_tag': 'участок', 'value': None}, {'id_pair': 102, 'id_node': 0, 'id_tag': 1001, 'name_tag': 'название_компании', 'value': None}]}],
form_page_name = 1-ТЛ-1,
docx_pdf_page_name = page_10_20240717212056757849
24-Jul-17 21:20:56.759847 | DEBUG    | MAIN LOGGER                    | IN get_form_page_fullname_and_docx_page_fullname(form_page_name, docx_pdf_page_name):
form_page_name = 1-ТЛ-1,
docx_pdf_page_name = page_10_20240717212056757849
24-Jul-17 21:20:56.760846 | DEBUG    | MAIN LOGGER                    | IN get_template_path_and_docx_path(form_page_fullname, docx_page_fullname):
form_page_fullname = 1-ТЛ-1.docx,
docx_page_fullname = page_10_20240717212056757849.docx
24-Jul-17 21:20:56.761848 | DEBUG    | MAIN LOGGER                    | get_forms_folder_dirpath() -> str: C:/Users/hayar/Documents/AutoExecDoc Projects/libre\forms
24-Jul-17 21:20:56.762850 | DEBUG    | MAIN LOGGER                    | get_temp_dirpath() -> str:                                                      
24-Jul-17 21:20:56.763847 | DEBUG    | MAIN LOGGER                    | IN check_type_tag_and_fill_data_tag(pair, data_tag, docx_template):
pair = {'id_pair': 100, 'id_page': 10, 'id_tag': 1007, 'name_tag': 'строительно_монтажная_организация', 'value': None},
data_tag = {},
docx_template = <docxtpl.template.DocxTemplate object at 0x000002C615079FD0>
24-Jul-17 21:20:56.763847 | DEBUG    | MAIN LOGGER                    | get_conn() -> object                                                            
24-Jul-17 21:20:56.764846 | DEBUG    | MAIN LOGGER                    | get_db_project_dirpath() -> str: C:/Users/hayar/Documents/AutoExecDoc Projects/libre\project.db
24-Jul-17 21:20:56.765847 | DEBUG    | MAIN LOGGER                    | get_fetchone(cursor, conn) -> list                                              
24-Jul-17 21:20:56.765847 | DEBUG    | MAIN LOGGER                    | get_config_tag(id_tag) -> list: id_tag = 1007
result = {'id_tag': 1007, 'name_tag': 'строительно_монтажная_организация', 'type_tag': 'TEXT', 'title_tag': 'Строительно-монтажная организация', 'description_tag': None, 'is_global': 0}
24-Jul-17 21:20:56.766846 | DEBUG    | MAIN LOGGER                    | IN type_tag_is_text(data_tag, name_tag, value):
data_tag = {},
name_tag = строительно_монтажная_организация,
value = None
24-Jul-17 21:20:56.767847 | DEBUG    | MAIN LOGGER                    | IN check_type_tag_and_fill_data_tag(pair, data_tag, docx_template):
pair = {'id_pair': 100, 'id_node': 0, 'id_tag': 1003, 'name_tag': 'название_объекта', 'value': None},
data_tag = {'строительно_монтажная_организация': None},
docx_template = <docxtpl.template.DocxTemplate object at 0x000002C615079FD0>
24-Jul-17 21:20:56.768847 | DEBUG    | MAIN LOGGER                    | get_conn() -> object                                                            
24-Jul-17 21:20:56.768847 | DEBUG    | MAIN LOGGER                    | get_db_project_dirpath() -> str: C:/Users/hayar/Documents/AutoExecDoc Projects/libre\project.db
24-Jul-17 21:20:56.769846 | DEBUG    | MAIN LOGGER                    | get_fetchone(cursor, conn) -> list                                              
24-Jul-17 21:20:56.770846 | DEBUG    | MAIN LOGGER                    | get_config_tag(id_tag) -> list: id_tag = 1003
result = {'id_tag': 1003, 'name_tag': 'название_объекта', 'type_tag': 'TEXT', 'title_tag': 'Название объекта', 'description_tag': None, 'is_global': 0}
24-Jul-17 21:20:56.770846 | DEBUG    | MAIN LOGGER                    | IN type_tag_is_text(data_tag, name_tag, value):
data_tag = {'строительно_монтажная_организация': None},
name_tag = название_объекта,
value = None
24-Jul-17 21:20:56.771851 | DEBUG    | MAIN LOGGER                    | IN check_type_tag_and_fill_data_tag(pair, data_tag, docx_template):
pair = {'id_pair': 101, 'id_node': 0, 'id_tag': 1004, 'name_tag': 'участок', 'value': None},
data_tag = {'строительно_монтажная_организация': None, 'название_объекта': None},
docx_template = <docxtpl.template.DocxTemplate object at 0x000002C615079FD0>
24-Jul-17 21:20:56.772852 | DEBUG    | MAIN LOGGER                    | get_conn() -> object                                                            
24-Jul-17 21:20:56.772852 | DEBUG    | MAIN LOGGER                    | get_db_project_dirpath() -> str: C:/Users/hayar/Documents/AutoExecDoc Projects/libre\project.db
24-Jul-17 21:20:56.773849 | DEBUG    | MAIN LOGGER                    | get_fetchone(cursor, conn) -> list                                              
24-Jul-17 21:20:56.774845 | DEBUG    | MAIN LOGGER                    | get_config_tag(id_tag) -> list: id_tag = 1004
result = {'id_tag': 1004, 'name_tag': 'участок', 'type_tag': 'TEXT', 'title_tag': 'Участок', 'description_tag': None, 'is_global': 0}
24-Jul-17 21:20:56.775855 | DEBUG    | MAIN LOGGER                    | IN type_tag_is_text(data_tag, name_tag, value):
data_tag = {'строительно_монтажная_организация': None, 'название_объекта': None},
name_tag = участок,
value = None
24-Jul-17 21:20:56.776850 | DEBUG    | MAIN LOGGER                    | IN check_type_tag_and_fill_data_tag(pair, data_tag, docx_template):
pair = {'id_pair': 102, 'id_node': 0, 'id_tag': 1001, 'name_tag': 'название_компании', 'value': None},
data_tag = {'строительно_монтажная_организация': None, 'название_объекта': None, 'участок': None},
docx_template = <docxtpl.template.DocxTemplate object at 0x000002C615079FD0>
24-Jul-17 21:20:56.777849 | DEBUG    | MAIN LOGGER                    | get_conn() -> object                                                            
24-Jul-17 21:20:56.778852 | DEBUG    | MAIN LOGGER                    | get_db_project_dirpath() -> str: C:/Users/hayar/Documents/AutoExecDoc Projects/libre\project.db
24-Jul-17 21:20:56.779854 | DEBUG    | MAIN LOGGER                    | get_fetchone(cursor, conn) -> list                                              
24-Jul-17 21:20:56.780855 | DEBUG    | MAIN LOGGER                    | get_config_tag(id_tag) -> list: id_tag = 1001
result = {'id_tag': 1001, 'name_tag': 'название_компании', 'type_tag': 'TEXT', 'title_tag': 'Название компании', 'description_tag': None, 'is_global': 0}
24-Jul-17 21:20:56.780855 | DEBUG    | MAIN LOGGER                    | IN type_tag_is_text(data_tag, name_tag, value):
data_tag = {'строительно_монтажная_организация': None, 'название_объекта': None, 'участок': None},
name_tag = название_компании,
value = None
24-Jul-17 21:20:56.815854 | DEBUG    | MAIN LOGGER                    | IN create_pdf_from_docx_page(docx_pdf_page_name) -> str:
docx_pdf_page_name = page_10_20240717212056757849
24-Jul-17 21:20:56.816847 | DEBUG    | MAIN LOGGER                    | get_temp_dirpath() -> str:                                                      
24-Jul-17 21:20:56.817848 | DEBUG    | MAIN LOGGER                    | get_temp_dirpath() -> str:                                                      
24-Jul-17 21:20:56.817848 | DEBUG    | MAIN LOGGER                    | IN convert_from_pdf_docx(docx_path, pdf_path):
docx_path = C:\Users\hayar\AppData\Local\Temp\tmpb4tzarn8\page_10_20240717212056757849.docx,
pdf_path = C:\Users\hayar\AppData\Local\Temp\tmpb4tzarn8\page_10_20240717212056757849.pdf
24-Jul-17 21:20:56.818846 | DEBUG    | MAIN LOGGER                    | IN get_app_converter()                                                          
24-Jul-17 21:20:56.818846 | DEBUG    | MAIN LOGGER                    | get_conn() -> object                                                            
24-Jul-17 21:20:56.819847 | DEBUG    | MAIN LOGGER                    | get_db_settings_dirpath() -> str: d:\work\project\AutoExecDoc\db\settings.db    
24-Jul-17 21:20:56.820850 | DEBUG    | MAIN LOGGER                    | get_fetchone(cursor, conn) -> list                                              
24-Jul-17 21:20:56.821846 | DEBUG    | MAIN LOGGER                    | IN convert_from_pdf_docx_using_msword(docx_path, pdf_path)                      
24-Jul-17 21:20:57.496160 | DEBUG    | MAIN LOGGER                    | IN load_and_show_pdf_document(pdf_path):
pdf_path = C:\Users\hayar\AppData\Local\Temp\tmpb4tzarn8\page_10_20240717212056757849.pdf
