24-Apr-25 20:21:02.217796 | DEBUG    | MAIN LOGGER                    | Config logger                                                                   
24-Apr-25 20:21:02.217796 | DEBUG    | MAIN LOGGER                    | self.current_directory = d:\work\project\AutoExecDoc                            
24-Apr-25 20:21:02.218789 | DEBUG    | MAIN LOGGER                    | IN create_and_config_files_and_folders()                                        
24-Apr-25 20:21:02.219782 | DEBUG    | MAIN LOGGER                    | get_default_folder_projects_dirpath() -> str: C:/Users/hayar/OneDrive/Документы\AutoExecDoc Projects
24-Apr-25 20:21:02.219782 | DEBUG    | MAIN LOGGER                    | IN create_and_config_db_settings()                                              
24-Apr-25 20:21:02.220782 | DEBUG    | MAIN LOGGER                    | get_db_settings_dirpath() -> str: d:\work\project\AutoExecDoc\db\settings.db    
24-Apr-25 20:21:02.221781 | DEBUG    | MAIN LOGGER                    | get_templates_main_dirpath() -> str: d:\work\project\AutoExecDoc\templates\main 
24-Apr-25 20:21:02.271008 | DEBUG    | MAIN LOGGER                    | IN config_controllers()                                                         
24-Apr-25 20:21:02.271008 | DEBUG    | MAIN LOGGER                    | IN connect_statusbar(statusbar)                                                 
24-Apr-25 20:21:02.272010 | DEBUG    | MAIN LOGGER                    | set_message_for_statusbar(Проект не открыт)                                     
24-Apr-25 20:21:02.272010 | DEBUG    | MAIN LOGGER                    | IN connect_structureexecdoc(tr_sed, title_sed)                                  
24-Apr-25 20:21:02.273009 | DEBUG    | MAIN LOGGER                    | IN clear_tr_sed()                                                               
24-Apr-25 20:21:02.273009 | DEBUG    | MAIN LOGGER                    | IN connect_pages_template(lw_pt)                                                
24-Apr-25 20:21:02.275011 | DEBUG    | MAIN LOGGER                    | IN connect_inputforms(sa_if, sa_ifl)                                            
24-Apr-25 20:21:02.275011 | DEBUG    | MAIN LOGGER                    | IN connecting_actions()                                                         
24-Apr-25 20:21:05.498197 | DEBUG    | MAIN LOGGER                    | IN open_project()                                                               
24-Apr-25 20:21:05.499198 | DEBUG    | MAIN LOGGER                    | get_default_folder_projects_dirpath() -> str: C:/Users/hayar/OneDrive/Документы\AutoExecDoc Projects
24-Apr-25 20:21:07.477404 | DEBUG    | MAIN LOGGER                    | select_folder_for_open_project() -> C:/Users/hayar/OneDrive/Документы/AutoExecDoc Projects/Новая папка
24-Apr-25 20:21:07.477404 | DEBUG    | MAIN LOGGER                    | IN set_project_dirpaths(folder_path: str): folder_path = C:/Users/hayar/OneDrive/Документы/AutoExecDoc Projects/Новая папка
24-Apr-25 20:21:07.478405 | DEBUG    | MAIN LOGGER                    | set_project_dirpath(dirpath: str): dirpath = C:/Users/hayar/OneDrive/Документы/AutoExecDoc Projects/Новая папка
24-Apr-25 20:21:07.478405 | DEBUG    | MAIN LOGGER                    | get_project_dirpath() -> str: C:/Users/hayar/OneDrive/Документы/AutoExecDoc Projects/Новая папка
24-Apr-25 20:21:07.479405 | DEBUG    | MAIN LOGGER                    | set_db_project_dirpath(dirpath: str): dirpath = C:/Users/hayar/OneDrive/Документы/AutoExecDoc Projects/Новая папка\project.db
24-Apr-25 20:21:07.480405 | DEBUG    | MAIN LOGGER                    | IN config_open_project()                                                        
24-Apr-25 20:21:07.480405 | DEBUG    | MAIN LOGGER                    | get_project_dirpath() -> str: C:/Users/hayar/OneDrive/Документы/AutoExecDoc Projects/Новая папка
24-Apr-25 20:21:07.480405 | DEBUG    | MAIN LOGGER                    | IN add_or_update_open_project_to_db()                                           
24-Apr-25 20:21:07.481405 | DEBUG    | MAIN LOGGER                    | get_db_settings_dirpath() -> str: d:\work\project\AutoExecDoc\db\settings.db    
24-Apr-25 20:21:07.481405 | DEBUG    | MAIN LOGGER                    | get_project_dirpath() -> str: C:/Users/hayar/OneDrive/Документы/AutoExecDoc Projects/Новая папка
24-Apr-25 20:21:07.482406 | DEBUG    | MAIN LOGGER                    | get_project_dirpath() -> str: C:/Users/hayar/OneDrive/Документы/AutoExecDoc Projects/Новая папка
24-Apr-25 20:21:07.483407 | DEBUG    | MAIN LOGGER                    | IN update_project_to_db()                                                       
24-Apr-25 20:21:07.484406 | DEBUG    | MAIN LOGGER                    | get_db_settings_dirpath() -> str: d:\work\project\AutoExecDoc\db\settings.db    
24-Apr-25 20:21:07.484406 | DEBUG    | MAIN LOGGER                    | get_project_dirpath() -> str: C:/Users/hayar/OneDrive/Документы/AutoExecDoc Projects/Новая папка
24-Apr-25 20:21:07.485407 | DEBUG    | MAIN LOGGER                    | get_project_dirpath() -> str: C:/Users/hayar/OneDrive/Документы/AutoExecDoc Projects/Новая папка
24-Apr-25 20:21:07.489407 | DEBUG    | MAIN LOGGER                    | IN create_and_config_db_project()                                               
24-Apr-25 20:21:07.490407 | DEBUG    | MAIN LOGGER                    | get_db_project_dirpath() -> str: C:/Users/hayar/OneDrive/Документы/AutoExecDoc Projects/Новая папка\project.db
24-Apr-25 20:21:07.491409 | DEBUG    | MAIN LOGGER                    | IN set_all_included_in_db_project_to_true()                                     
24-Apr-25 20:21:07.492410 | DEBUG    | MAIN LOGGER                    | get_db_project_dirpath() -> str: C:/Users/hayar/OneDrive/Документы/AutoExecDoc Projects/Новая папка\project.db
24-Apr-25 20:21:07.494411 | DEBUG    | MAIN LOGGER                    | IN update_structure_exec_doc()                                                  
24-Apr-25 20:21:07.495410 | DEBUG    | MAIN LOGGER                    | IN clear_tr_sed()                                                               
24-Apr-25 20:21:07.496410 | DEBUG    | MAIN LOGGER                    | get_current_name() -> str: Новая папка                                          
24-Apr-25 20:21:07.497411 | DEBUG    | MAIN LOGGER                    | IN get_project_node() -> object                                                 
24-Apr-25 20:21:07.498411 | DEBUG    | MAIN LOGGER                    | get_db_project_dirpath() -> str: C:/Users/hayar/OneDrive/Документы/AutoExecDoc Projects/Новая папка\project.db
24-Apr-25 20:21:07.499411 | DEBUG    | MAIN LOGGER                    | IN dfs(parent_node): parent_node = {'id_node': 0, 'name_node': 'Проект', 'id_parent': None, 'order_node': '0', 'type_node': 'PROJECT', 'template_name': None, 'included': 1}
24-Apr-25 20:21:07.500410 | DEBUG    | MAIN LOGGER                    | IN get_childs(parent_node) -> list: parent_node = {'id_node': 0, 'name_node': 'Проект', 'id_parent': None, 'order_node': '0', 'type_node': 'PROJECT', 'template_name': None, 'included': 1}
24-Apr-25 20:21:07.502416 | DEBUG    | MAIN LOGGER                    | get_db_project_dirpath() -> str: C:/Users/hayar/OneDrive/Документы/AutoExecDoc Projects/Новая папка\project.db
24-Apr-25 20:21:07.503410 | DEBUG    | MAIN LOGGER                    | IN set_item_in_nodes_to_items(node): node = {'id_node': 10, 'name_node': 'Титульный лист', 'id_parent': 0, 'order_node': '1', 'type_node': 'FORM', 'template_name': 'main', 'included': 1}
24-Apr-25 20:21:07.505411 | DEBUG    | MAIN LOGGER                    | IN set_state_included_for_childs(node, state): id_node = 10, state = False      
24-Apr-25 20:21:07.506413 | DEBUG    | MAIN LOGGER                    | IN set_included_for_node(node, state): node = {'id_node': 10, 'name_node': 'Титульный лист', 'id_parent': 0, 'order_node': '1', 'type_node': 'FORM', 'template_name': 'main', 'included': 1}, state = 0
24-Apr-25 20:21:07.508412 | DEBUG    | MAIN LOGGER                    | get_db_project_dirpath() -> str: C:/Users/hayar/OneDrive/Документы/AutoExecDoc Projects/Новая папка\project.db
24-Apr-25 20:21:07.515413 | DEBUG    | MAIN LOGGER                    | IN set_state_included_for_childs(node, state): id_node = 10, state = True       
24-Apr-25 20:21:07.516413 | DEBUG    | MAIN LOGGER                    | IN set_included_for_node(node, state): node = {'id_node': 10, 'name_node': 'Титульный лист', 'id_parent': 0, 'order_node': '1', 'type_node': 'FORM', 'template_name': 'main', 'included': 1}, state = 1
24-Apr-25 20:21:07.517414 | DEBUG    | MAIN LOGGER                    | get_db_project_dirpath() -> str: C:/Users/hayar/OneDrive/Документы/AutoExecDoc Projects/Новая папка\project.db
24-Apr-25 20:21:07.522414 | DEBUG    | MAIN LOGGER                    | IN dfs(parent_node): parent_node = {'id_node': 10, 'name_node': 'Титульный лист', 'id_parent': 0, 'order_node': '1', 'type_node': 'FORM', 'template_name': 'main', 'included': 1}
24-Apr-25 20:21:07.523416 | DEBUG    | MAIN LOGGER                    | IN get_childs(parent_node) -> list: parent_node = {'id_node': 10, 'name_node': 'Титульный лист', 'id_parent': 0, 'order_node': '1', 'type_node': 'FORM', 'template_name': 'main', 'included': 1}
24-Apr-25 20:21:07.524416 | DEBUG    | MAIN LOGGER                    | get_db_project_dirpath() -> str: C:/Users/hayar/OneDrive/Документы/AutoExecDoc Projects/Новая папка\project.db
24-Apr-25 20:21:07.526415 | DEBUG    | MAIN LOGGER                    | IN set_item_in_nodes_to_items(node): node = {'id_node': 11, 'name_node': 'Реестр документации', 'id_parent': 0, 'order_node': '2', 'type_node': 'FORM', 'template_name': 'main', 'included': 1}
24-Apr-25 20:21:07.527417 | DEBUG    | MAIN LOGGER                    | IN set_state_included_for_childs(node, state): id_node = 11, state = False      
24-Apr-25 20:21:07.528417 | DEBUG    | MAIN LOGGER                    | IN set_included_for_node(node, state): node = {'id_node': 11, 'name_node': 'Реестр документации', 'id_parent': 0, 'order_node': '2', 'type_node': 'FORM', 'template_name': 'main', 'included': 1}, state = 0
24-Apr-25 20:21:07.529861 | DEBUG    | MAIN LOGGER                    | get_db_project_dirpath() -> str: C:/Users/hayar/OneDrive/Документы/AutoExecDoc Projects/Новая папка\project.db
24-Apr-25 20:21:07.535896 | DEBUG    | MAIN LOGGER                    | IN set_state_included_for_childs(node, state): id_node = 11, state = True       
24-Apr-25 20:21:07.535896 | DEBUG    | MAIN LOGGER                    | IN set_included_for_node(node, state): node = {'id_node': 11, 'name_node': 'Реестр документации', 'id_parent': 0, 'order_node': '2', 'type_node': 'FORM', 'template_name': 'main', 'included': 1}, state = 1
24-Apr-25 20:21:07.536901 | DEBUG    | MAIN LOGGER                    | get_db_project_dirpath() -> str: C:/Users/hayar/OneDrive/Документы/AutoExecDoc Projects/Новая папка\project.db
24-Apr-25 20:21:07.543440 | DEBUG    | MAIN LOGGER                    | IN dfs(parent_node): parent_node = {'id_node': 11, 'name_node': 'Реестр документации', 'id_parent': 0, 'order_node': '2', 'type_node': 'FORM', 'template_name': 'main', 'included': 1}
24-Apr-25 20:21:07.544440 | DEBUG    | MAIN LOGGER                    | IN get_childs(parent_node) -> list: parent_node = {'id_node': 11, 'name_node': 'Реестр документации', 'id_parent': 0, 'order_node': '2', 'type_node': 'FORM', 'template_name': 'main', 'included': 1}
24-Apr-25 20:21:07.545440 | DEBUG    | MAIN LOGGER                    | get_db_project_dirpath() -> str: C:/Users/hayar/OneDrive/Документы/AutoExecDoc Projects/Новая папка\project.db
24-Apr-25 20:21:07.547440 | DEBUG    | MAIN LOGGER                    | IN set_item_in_nodes_to_items(node): node = {'id_node': 12, 'name_node': 'Паспорт трассы', 'id_parent': 0, 'order_node': '3', 'type_node': 'GROUP', 'template_name': None, 'included': 1}
24-Apr-25 20:21:07.548440 | DEBUG    | MAIN LOGGER                    | IN set_state_included_for_childs(node, state): id_node = 12, state = False      
24-Apr-25 20:21:07.548440 | DEBUG    | MAIN LOGGER                    | IN set_included_for_node(node, state): node = {'id_node': 12, 'name_node': 'Паспорт трассы', 'id_parent': 0, 'order_node': '3', 'type_node': 'GROUP', 'template_name': None, 'included': 1}, state = 0
24-Apr-25 20:21:07.549440 | DEBUG    | MAIN LOGGER                    | get_db_project_dirpath() -> str: C:/Users/hayar/OneDrive/Документы/AutoExecDoc Projects/Новая папка\project.db
24-Apr-25 20:21:07.553441 | DEBUG    | MAIN LOGGER                    | IN set_state_included_for_childs(node, state): id_node = 12, state = True       
24-Apr-25 20:21:07.554443 | DEBUG    | MAIN LOGGER                    | IN set_included_for_node(node, state): node = {'id_node': 12, 'name_node': 'Паспорт трассы', 'id_parent': 0, 'order_node': '3', 'type_node': 'GROUP', 'template_name': None, 'included': 1}, state = 1
24-Apr-25 20:21:07.555442 | DEBUG    | MAIN LOGGER                    | get_db_project_dirpath() -> str: C:/Users/hayar/OneDrive/Документы/AutoExecDoc Projects/Новая папка\project.db
24-Apr-25 20:21:07.562442 | DEBUG    | MAIN LOGGER                    | IN dfs(parent_node): parent_node = {'id_node': 12, 'name_node': 'Паспорт трассы', 'id_parent': 0, 'order_node': '3', 'type_node': 'GROUP', 'template_name': None, 'included': 1}
24-Apr-25 20:21:07.563443 | DEBUG    | MAIN LOGGER                    | IN get_childs(parent_node) -> list: parent_node = {'id_node': 12, 'name_node': 'Паспорт трассы', 'id_parent': 0, 'order_node': '3', 'type_node': 'GROUP', 'template_name': None, 'included': 1}
24-Apr-25 20:21:07.564444 | DEBUG    | MAIN LOGGER                    | get_db_project_dirpath() -> str: C:/Users/hayar/OneDrive/Документы/AutoExecDoc Projects/Новая папка\project.db
24-Apr-25 20:21:07.566444 | DEBUG    | MAIN LOGGER                    | IN set_item_in_nodes_to_items(node): node = {'id_node': 1201, 'name_node': 'ПТ-1', 'id_parent': 12, 'order_node': '1', 'type_node': 'FORM', 'template_name': 'main', 'included': 1}
24-Apr-25 20:21:07.567446 | DEBUG    | MAIN LOGGER                    | IN set_state_included_for_childs(node, state): id_node = 1201, state = False    
24-Apr-25 20:21:07.567446 | DEBUG    | MAIN LOGGER                    | IN set_included_for_node(node, state): node = {'id_node': 1201, 'name_node': 'ПТ-1', 'id_parent': 12, 'order_node': '1', 'type_node': 'FORM', 'template_name': 'main', 'included': 1}, state = 0
24-Apr-25 20:21:07.568445 | DEBUG    | MAIN LOGGER                    | get_db_project_dirpath() -> str: C:/Users/hayar/OneDrive/Документы/AutoExecDoc Projects/Новая папка\project.db
24-Apr-25 20:21:07.573445 | DEBUG    | MAIN LOGGER                    | IN set_state_included_for_childs(node, state): id_node = 1201, state = True     
24-Apr-25 20:21:07.574447 | DEBUG    | MAIN LOGGER                    | IN set_included_for_node(node, state): node = {'id_node': 1201, 'name_node': 'ПТ-1', 'id_parent': 12, 'order_node': '1', 'type_node': 'FORM', 'template_name': 'main', 'included': 1}, state = 1
24-Apr-25 20:21:07.574447 | DEBUG    | MAIN LOGGER                    | get_db_project_dirpath() -> str: C:/Users/hayar/OneDrive/Документы/AutoExecDoc Projects/Новая папка\project.db
24-Apr-25 20:21:07.582448 | DEBUG    | MAIN LOGGER                    | IN dfs(parent_node): parent_node = {'id_node': 1201, 'name_node': 'ПТ-1', 'id_parent': 12, 'order_node': '1', 'type_node': 'FORM', 'template_name': 'main', 'included': 1}
24-Apr-25 20:21:07.583447 | DEBUG    | MAIN LOGGER                    | IN get_childs(parent_node) -> list: parent_node = {'id_node': 1201, 'name_node': 'ПТ-1', 'id_parent': 12, 'order_node': '1', 'type_node': 'FORM', 'template_name': 'main', 'included': 1}
24-Apr-25 20:21:07.583447 | DEBUG    | MAIN LOGGER                    | get_db_project_dirpath() -> str: C:/Users/hayar/OneDrive/Документы/AutoExecDoc Projects/Новая папка\project.db
24-Apr-25 20:21:07.586450 | DEBUG    | MAIN LOGGER                    | IN set_item_in_nodes_to_items(node): node = {'id_node': 1202, 'name_node': 'ПТ-2', 'id_parent': 12, 'order_node': '2', 'type_node': 'FORM', 'template_name': 'main', 'included': 1}
24-Apr-25 20:21:07.586450 | DEBUG    | MAIN LOGGER                    | IN set_state_included_for_childs(node, state): id_node = 1202, state = False    
24-Apr-25 20:21:07.587450 | DEBUG    | MAIN LOGGER                    | IN set_included_for_node(node, state): node = {'id_node': 1202, 'name_node': 'ПТ-2', 'id_parent': 12, 'order_node': '2', 'type_node': 'FORM', 'template_name': 'main', 'included': 1}, state = 0
24-Apr-25 20:21:07.587450 | DEBUG    | MAIN LOGGER                    | get_db_project_dirpath() -> str: C:/Users/hayar/OneDrive/Документы/AutoExecDoc Projects/Новая папка\project.db
24-Apr-25 20:21:07.592449 | DEBUG    | MAIN LOGGER                    | IN set_state_included_for_childs(node, state): id_node = 1202, state = True     
24-Apr-25 20:21:07.593451 | DEBUG    | MAIN LOGGER                    | IN set_included_for_node(node, state): node = {'id_node': 1202, 'name_node': 'ПТ-2', 'id_parent': 12, 'order_node': '2', 'type_node': 'FORM', 'template_name': 'main', 'included': 1}, state = 1
24-Apr-25 20:21:07.594451 | DEBUG    | MAIN LOGGER                    | get_db_project_dirpath() -> str: C:/Users/hayar/OneDrive/Документы/AutoExecDoc Projects/Новая папка\project.db
24-Apr-25 20:21:07.601452 | DEBUG    | MAIN LOGGER                    | IN dfs(parent_node): parent_node = {'id_node': 1202, 'name_node': 'ПТ-2', 'id_parent': 12, 'order_node': '2', 'type_node': 'FORM', 'template_name': 'main', 'included': 1}
24-Apr-25 20:21:07.602455 | DEBUG    | MAIN LOGGER                    | IN get_childs(parent_node) -> list: parent_node = {'id_node': 1202, 'name_node': 'ПТ-2', 'id_parent': 12, 'order_node': '2', 'type_node': 'FORM', 'template_name': 'main', 'included': 1}
24-Apr-25 20:21:07.602455 | DEBUG    | MAIN LOGGER                    | get_db_project_dirpath() -> str: C:/Users/hayar/OneDrive/Документы/AutoExecDoc Projects/Новая папка\project.db
24-Apr-25 20:21:07.605454 | DEBUG    | MAIN LOGGER                    | IN set_item_in_nodes_to_items(node): node = {'id_node': 1203, 'name_node': 'ПТ-3', 'id_parent': 12, 'order_node': '3', 'type_node': 'FORM', 'template_name': 'main', 'included': 1}
24-Apr-25 20:21:07.605454 | DEBUG    | MAIN LOGGER                    | IN set_state_included_for_childs(node, state): id_node = 1203, state = False    
24-Apr-25 20:21:07.606457 | DEBUG    | MAIN LOGGER                    | IN set_included_for_node(node, state): node = {'id_node': 1203, 'name_node': 'ПТ-3', 'id_parent': 12, 'order_node': '3', 'type_node': 'FORM', 'template_name': 'main', 'included': 1}, state = 0
24-Apr-25 20:21:07.607454 | DEBUG    | MAIN LOGGER                    | get_db_project_dirpath() -> str: C:/Users/hayar/OneDrive/Документы/AutoExecDoc Projects/Новая папка\project.db
24-Apr-25 20:21:07.612454 | DEBUG    | MAIN LOGGER                    | IN set_state_included_for_childs(node, state): id_node = 1203, state = True     
24-Apr-25 20:21:07.613456 | DEBUG    | MAIN LOGGER                    | IN set_included_for_node(node, state): node = {'id_node': 1203, 'name_node': 'ПТ-3', 'id_parent': 12, 'order_node': '3', 'type_node': 'FORM', 'template_name': 'main', 'included': 1}, state = 1
24-Apr-25 20:21:07.613456 | DEBUG    | MAIN LOGGER                    | get_db_project_dirpath() -> str: C:/Users/hayar/OneDrive/Документы/AutoExecDoc Projects/Новая папка\project.db
24-Apr-25 20:21:07.620456 | DEBUG    | MAIN LOGGER                    | IN dfs(parent_node): parent_node = {'id_node': 1203, 'name_node': 'ПТ-3', 'id_parent': 12, 'order_node': '3', 'type_node': 'FORM', 'template_name': 'main', 'included': 1}
24-Apr-25 20:21:07.621458 | DEBUG    | MAIN LOGGER                    | IN get_childs(parent_node) -> list: parent_node = {'id_node': 1203, 'name_node': 'ПТ-3', 'id_parent': 12, 'order_node': '3', 'type_node': 'FORM', 'template_name': 'main', 'included': 1}
24-Apr-25 20:21:07.622459 | DEBUG    | MAIN LOGGER                    | get_db_project_dirpath() -> str: C:/Users/hayar/OneDrive/Документы/AutoExecDoc Projects/Новая папка\project.db
24-Apr-25 20:21:07.625457 | DEBUG    | MAIN LOGGER                    | set_new_dirpaths_for_project()                                                  
24-Apr-25 20:21:07.625457 | DEBUG    | MAIN LOGGER                    | get_project_dirpath() -> str: C:/Users/hayar/OneDrive/Документы/AutoExecDoc Projects/Новая папка
24-Apr-25 20:21:07.626460 | DEBUG    | MAIN LOGGER                    | get_project_dirpath() -> str: C:/Users/hayar/OneDrive/Документы/AutoExecDoc Projects/Новая папка
24-Apr-25 20:21:07.627458 | DEBUG    | MAIN LOGGER                    | IN add_forms_folders_to_new_project()                                           
24-Apr-25 20:21:07.627458 | DEBUG    | MAIN LOGGER                    | get_forms_folder_dirpath() -> str: C:/Users/hayar/OneDrive/Документы/AutoExecDoc Projects/Новая папка\forms
24-Apr-25 20:21:07.627458 | DEBUG    | MAIN LOGGER                    | get_image_folder_dirpath() -> str: C:/Users/hayar/OneDrive/Документы/AutoExecDoc Projects/Новая папка\images
24-Apr-25 20:21:07.628459 | DEBUG    | MAIN LOGGER                    | get_temp_dirpath() -> str:                                                      
24-Apr-25 20:21:07.628459 | DEBUG    | MAIN LOGGER                    | IN set_true_actives_project()                                                   
24-Apr-25 20:21:07.629459 | DEBUG    | MAIN LOGGER                    | set_message_for_statusbar(Проект c именем Новая папка открыт.)                  
24-Apr-25 20:21:08.397840 | DEBUG    | MAIN LOGGER                    | IN update_pages_template(node) : node = {'id_node': 10, 'name_node': 'Титульный лист', 'id_parent': 0, 'order_node': '1', 'type_node': 'FORM', 'template_name': 'main', 'included': 1}
24-Apr-25 20:21:08.398839 | DEBUG    | MAIN LOGGER                    | IN get_pages_by_node(node) -> list: node = {'id_node': 10, 'name_node': 'Титульный лист', 'id_parent': 0, 'order_node': '1', 'type_node': 'FORM', 'template_name': 'main', 'included': 1}
24-Apr-25 20:21:08.399839 | DEBUG    | MAIN LOGGER                    | get_db_project_dirpath() -> str: C:/Users/hayar/OneDrive/Документы/AutoExecDoc Projects/Новая папка\project.db
24-Apr-25 20:21:09.318956 | DEBUG    | MAIN LOGGER                    | IN item_page_updated(current): current = <package.controllers.pagestemplate.MyListWidgetItem object at 0x000001C68C8C7780>
24-Apr-25 20:21:09.319975 | DEBUG    | MAIN LOGGER                    | IN add_page_for_datas(page): page = {'id_page': 10, 'id_node_parent': 10, 'page_name': 'Л.1. Титульный лист.', 'template_name': '1-ТЛ-1', 'order_page': 0, 'included': 1}
24-Apr-25 20:21:09.320963 | DEBUG    | MAIN LOGGER                    | IN get_page_data(page) -> list: page = {'id_page': 10, 'id_node_parent': 10, 'page_name': 'Л.1. Титульный лист.', 'template_name': '1-ТЛ-1', 'order_page': 0, 'included': 1}
24-Apr-25 20:21:09.320963 | DEBUG    | MAIN LOGGER                    | get_db_project_dirpath() -> str: C:/Users/hayar/OneDrive/Документы/AutoExecDoc Projects/Новая папка\project.db
24-Apr-25 20:21:09.321969 | DEBUG    | MAIN LOGGER                    | IN add_nodes_for_datas()                                                        
24-Apr-25 20:21:09.322968 | DEBUG    | MAIN LOGGER                    | IN get_node_parent_from_pages(page) -> object: page = {'id_page': 10, 'id_node_parent': 10, 'page_name': 'Л.1. Титульный лист.', 'template_name': '1-ТЛ-1', 'order_page': 0, 'included': 1}
24-Apr-25 20:21:09.323975 | DEBUG    | MAIN LOGGER                    | get_db_project_dirpath() -> str: C:/Users/hayar/OneDrive/Документы/AutoExecDoc Projects/Новая папка\project.db
24-Apr-25 20:21:09.324963 | DEBUG    | MAIN LOGGER                    | IN add_node_for_datas(node): node = {'id_node': 10, 'name_node': 'Титульный лист', 'id_parent': 0, 'order_node': '1', 'type_node': 'FORM', 'template_name': 'main', 'included': 1}
24-Apr-25 20:21:09.325962 | DEBUG    | MAIN LOGGER                    | IN get_node_data(node) -> list: node = {'id_node': 10, 'name_node': 'Титульный лист', 'id_parent': 0, 'order_node': '1', 'type_node': 'FORM', 'template_name': 'main', 'included': 1}
24-Apr-25 20:21:09.326962 | DEBUG    | MAIN LOGGER                    | get_db_project_dirpath() -> str: C:/Users/hayar/OneDrive/Документы/AutoExecDoc Projects/Новая папка\project.db
24-Apr-25 20:21:09.327963 | DEBUG    | MAIN LOGGER                    | IN get_node_parent(node) -> object: node = {'id_node': 10, 'name_node': 'Титульный лист', 'id_parent': 0, 'order_node': '1', 'type_node': 'FORM', 'template_name': 'main', 'included': 1}
24-Apr-25 20:21:09.328965 | DEBUG    | MAIN LOGGER                    | get_db_project_dirpath() -> str: C:/Users/hayar/OneDrive/Документы/AutoExecDoc Projects/Новая папка\project.db
24-Apr-25 20:21:09.330964 | DEBUG    | MAIN LOGGER                    | IN add_node_for_datas(node): node = {'id_node': 0, 'name_node': 'Проект', 'id_parent': None, 'order_node': '0', 'type_node': 'PROJECT', 'template_name': None, 'included': 1}
24-Apr-25 20:21:09.331974 | DEBUG    | MAIN LOGGER                    | IN get_node_data(node) -> list: node = {'id_node': 0, 'name_node': 'Проект', 'id_parent': None, 'order_node': '0', 'type_node': 'PROJECT', 'template_name': None, 'included': 1}
24-Apr-25 20:21:09.332964 | DEBUG    | MAIN LOGGER                    | get_db_project_dirpath() -> str: C:/Users/hayar/OneDrive/Документы/AutoExecDoc Projects/Новая папка\project.db
24-Apr-25 20:21:09.333964 | DEBUG    | MAIN LOGGER                    | IN get_node_parent(node) -> object: node = {'id_node': 0, 'name_node': 'Проект', 'id_parent': None, 'order_node': '0', 'type_node': 'PROJECT', 'template_name': None, 'included': 1}
24-Apr-25 20:21:09.333964 | DEBUG    | MAIN LOGGER                    | get_db_project_dirpath() -> str: C:/Users/hayar/OneDrive/Документы/AutoExecDoc Projects/Новая папка\project.db
24-Apr-25 20:21:09.335964 | DEBUG    | MAIN LOGGER                    | IN update_scrollarea()                                                          
24-Apr-25 20:21:09.335964 | DEBUG    | MAIN LOGGER                    | IN delete_all_widgets_in_sa()                                                   
24-Apr-25 20:21:09.335964 | DEBUG    | MAIN LOGGER                    | IN add_page_for_datas(page): page = {'id_page': 10, 'id_node_parent': 10, 'page_name': 'Л.1. Титульный лист.', 'template_name': '1-ТЛ-1', 'order_page': 0, 'included': 1}
24-Apr-25 20:21:09.336965 | DEBUG    | MAIN LOGGER                    | IN get_page_data(page) -> list: page = {'id_page': 10, 'id_node_parent': 10, 'page_name': 'Л.1. Титульный лист.', 'template_name': '1-ТЛ-1', 'order_page': 0, 'included': 1}
24-Apr-25 20:21:09.337965 | DEBUG    | MAIN LOGGER                    | get_db_project_dirpath() -> str: C:/Users/hayar/OneDrive/Документы/AutoExecDoc Projects/Новая папка\project.db
24-Apr-25 20:21:09.338964 | DEBUG    | MAIN LOGGER                    | IN add_nodes_for_datas()                                                        
24-Apr-25 20:21:09.338964 | DEBUG    | MAIN LOGGER                    | IN get_node_parent_from_pages(page) -> object: page = {'id_page': 10, 'id_node_parent': 10, 'page_name': 'Л.1. Титульный лист.', 'template_name': '1-ТЛ-1', 'order_page': 0, 'included': 1}
24-Apr-25 20:21:09.339965 | DEBUG    | MAIN LOGGER                    | get_db_project_dirpath() -> str: C:/Users/hayar/OneDrive/Документы/AutoExecDoc Projects/Новая папка\project.db
24-Apr-25 20:21:09.340965 | DEBUG    | MAIN LOGGER                    | IN add_node_for_datas(node): node = {'id_node': 10, 'name_node': 'Титульный лист', 'id_parent': 0, 'order_node': '1', 'type_node': 'FORM', 'template_name': 'main', 'included': 1}
24-Apr-25 20:21:09.341968 | DEBUG    | MAIN LOGGER                    | IN get_node_data(node) -> list: node = {'id_node': 10, 'name_node': 'Титульный лист', 'id_parent': 0, 'order_node': '1', 'type_node': 'FORM', 'template_name': 'main', 'included': 1}
24-Apr-25 20:21:09.342966 | DEBUG    | MAIN LOGGER                    | get_db_project_dirpath() -> str: C:/Users/hayar/OneDrive/Документы/AutoExecDoc Projects/Новая папка\project.db
24-Apr-25 20:21:09.344966 | DEBUG    | MAIN LOGGER                    | IN get_node_parent(node) -> object: node = {'id_node': 10, 'name_node': 'Титульный лист', 'id_parent': 0, 'order_node': '1', 'type_node': 'FORM', 'template_name': 'main', 'included': 1}
24-Apr-25 20:21:09.344966 | DEBUG    | MAIN LOGGER                    | get_db_project_dirpath() -> str: C:/Users/hayar/OneDrive/Документы/AutoExecDoc Projects/Новая папка\project.db
24-Apr-25 20:21:09.345969 | DEBUG    | MAIN LOGGER                    | IN add_node_for_datas(node): node = {'id_node': 0, 'name_node': 'Проект', 'id_parent': None, 'order_node': '0', 'type_node': 'PROJECT', 'template_name': None, 'included': 1}
24-Apr-25 20:21:09.346968 | DEBUG    | MAIN LOGGER                    | IN get_node_data(node) -> list: node = {'id_node': 0, 'name_node': 'Проект', 'id_parent': None, 'order_node': '0', 'type_node': 'PROJECT', 'template_name': None, 'included': 1}
24-Apr-25 20:21:09.347967 | DEBUG    | MAIN LOGGER                    | get_db_project_dirpath() -> str: C:/Users/hayar/OneDrive/Документы/AutoExecDoc Projects/Новая папка\project.db
24-Apr-25 20:21:09.348968 | DEBUG    | MAIN LOGGER                    | IN get_node_parent(node) -> object: node = {'id_node': 0, 'name_node': 'Проект', 'id_parent': None, 'order_node': '0', 'type_node': 'PROJECT', 'template_name': None, 'included': 1}
24-Apr-25 20:21:09.349967 | DEBUG    | MAIN LOGGER                    | get_db_project_dirpath() -> str: C:/Users/hayar/OneDrive/Документы/AutoExecDoc Projects/Новая папка\project.db
24-Apr-25 20:21:09.350968 | DEBUG    | MAIN LOGGER                    | IN add_sections_in_sa()                                                         
24-Apr-25 20:21:09.354970 | DEBUG    | MAIN LOGGER                    | IN get_config_content(id_content) -> list: id_content = 1007                    
24-Apr-25 20:21:09.354970 | DEBUG    | MAIN LOGGER                    | get_db_project_dirpath() -> str: C:/Users/hayar/OneDrive/Документы/AutoExecDoc Projects/Новая папка\project.db
24-Apr-25 20:21:09.356973 | DEBUG    | MAIN LOGGER                    | FormText(self, pair, config_content): pair = {'id_pair': 100, 'id_page': 10, 'id_content': 1007, 'name_content': 'строительно_монтажная_организация', 'value': None}, config_content = {'id_content': 1007, 'name_content': 'строительно_монтажная_организация', 'type_content': 'TEXT', 'title_content': 'Строительно-монтажная организация', 'description_content': None, 'enable': None}
24-Apr-25 20:21:09.365971 | DEBUG    | MAIN LOGGER                    | IN get_config_content(id_content) -> list: id_content = 1000                    
24-Apr-25 20:21:09.366973 | DEBUG    | MAIN LOGGER                    | get_db_project_dirpath() -> str: C:/Users/hayar/OneDrive/Документы/AutoExecDoc Projects/Новая папка\project.db
24-Apr-25 20:21:09.368972 | DEBUG    | MAIN LOGGER                    | FormText(self, pair, config_content): pair = {'id_pair': 1000, 'id_node': 10, 'id_content': 1000, 'name_content': 'организационно_правовая_форма', 'value': None}, config_content = {'id_content': 1000, 'name_content': 'организационно_правовая_форма', 'type_content': 'TEXT', 'title_content': 'Организационно-правовая форма', 'description_content': None, 'enable': None}
24-Apr-25 20:21:09.371973 | DEBUG    | MAIN LOGGER                    | IN get_config_content(id_content) -> list: id_content = 1002                    
24-Apr-25 20:21:09.371973 | DEBUG    | MAIN LOGGER                    | get_db_project_dirpath() -> str: C:/Users/hayar/OneDrive/Документы/AutoExecDoc Projects/Новая папка\project.db
24-Apr-25 20:21:09.373975 | DEBUG    | MAIN LOGGER                    | FormText(self, pair, config_content): pair = {'id_pair': 1001, 'id_node': 10, 'id_content': 1002, 'name_content': 'адрес_компании', 'value': None}, config_content = {'id_content': 1002, 'name_content': 'адрес_компании', 'type_content': 'TEXT', 'title_content': 'Адрес компании', 'description_content': None, 'enable': None}
24-Apr-25 20:21:09.376977 | DEBUG    | MAIN LOGGER                    | IN get_config_content(id_content) -> list: id_content = 1005                    
24-Apr-25 20:21:09.377976 | DEBUG    | MAIN LOGGER                    | get_db_project_dirpath() -> str: C:/Users/hayar/OneDrive/Документы/AutoExecDoc Projects/Новая папка\project.db
24-Apr-25 20:21:09.378974 | DEBUG    | MAIN LOGGER                    | FormText(self, pair, config_content): pair = {'id_pair': 1004, 'id_node': 10, 'id_content': 1005, 'name_content': 'номер_кабеля', 'value': None}, config_content = {'id_content': 1005, 'name_content': 'номер_кабеля', 'type_content': 'TEXT', 'title_content': 'Номер кабеля', 'description_content': None, 'enable': None}
24-Apr-25 20:21:09.380975 | DEBUG    | MAIN LOGGER                    | IN get_config_content(id_content) -> list: id_content = 1006                    
24-Apr-25 20:21:09.381976 | DEBUG    | MAIN LOGGER                    | get_db_project_dirpath() -> str: C:/Users/hayar/OneDrive/Документы/AutoExecDoc Projects/Новая папка\project.db
24-Apr-25 20:21:09.382976 | DEBUG    | MAIN LOGGER                    | FormText(self, pair, config_content): pair = {'id_pair': 1005, 'id_node': 10, 'id_content': 1006, 'name_content': 'заказчик', 'value': None}, config_content = {'id_content': 1006, 'name_content': 'заказчик', 'type_content': 'TEXT', 'title_content': 'Заказчик', 'description_content': None, 'enable': None}
24-Apr-25 20:21:09.384977 | DEBUG    | MAIN LOGGER                    | IN get_config_content(id_content) -> list: id_content = 1008                    
24-Apr-25 20:21:09.385976 | DEBUG    | MAIN LOGGER                    | get_db_project_dirpath() -> str: C:/Users/hayar/OneDrive/Документы/AutoExecDoc Projects/Новая папка\project.db
24-Apr-25 20:21:09.386977 | DEBUG    | MAIN LOGGER                    | FormText(self, pair, config_content): pair = {'id_pair': 1006, 'id_node': 10, 'id_content': 1008, 'name_content': 'город', 'value': None}, config_content = {'id_content': 1008, 'name_content': 'город', 'type_content': 'TEXT', 'title_content': 'Город', 'description_content': None, 'enable': None}
24-Apr-25 20:21:09.389977 | DEBUG    | MAIN LOGGER                    | IN get_config_content(id_content) -> list: id_content = 1009                    
24-Apr-25 20:21:09.390977 | DEBUG    | MAIN LOGGER                    | get_db_project_dirpath() -> str: C:/Users/hayar/OneDrive/Документы/AutoExecDoc Projects/Новая папка\project.db
24-Apr-25 20:21:09.391977 | DEBUG    | MAIN LOGGER                    | IN get_config_date(id_content) -> list: name_content = 1009                     
24-Apr-25 20:21:09.392331 | DEBUG    | MAIN LOGGER                    | get_db_project_dirpath() -> str: C:/Users/hayar/OneDrive/Документы/AutoExecDoc Projects/Новая папка\project.db
24-Apr-25 20:21:09.393840 | DEBUG    | MAIN LOGGER                    | FormDate(self, pair, config_content, config_date): pair = {'id_pair': 1007, 'id_node': 10, 'id_content': 1009, 'name_content': 'год', 'value': None}, config_content = {'id_content': 1009, 'name_content': 'год', 'type_content': 'DATE', 'title_content': 'Год', 'description_content': None, 'enable': None}, config_date = [{'id_config': 101, 'id_content': 1009, 'type_config': 'FORMAT', 'value_config': 'yyyy', 'note_config': None}]
24-Apr-25 20:21:09.407892 | DEBUG    | MAIN LOGGER                    | IN get_config_content(id_content) -> list: id_content = 1003                    
24-Apr-25 20:21:09.407892 | DEBUG    | MAIN LOGGER                    | get_db_project_dirpath() -> str: C:/Users/hayar/OneDrive/Документы/AutoExecDoc Projects/Новая папка\project.db
24-Apr-25 20:21:09.410893 | DEBUG    | MAIN LOGGER                    | FormText(self, pair, config_content): pair = {'id_pair': 100, 'id_node': 0, 'id_content': 1003, 'name_content': 'название_объекта', 'value': None}, config_content = {'id_content': 1003, 'name_content': 'название_объекта', 'type_content': 'TEXT', 'title_content': 'Название объекта', 'description_content': None, 'enable': None}
24-Apr-25 20:21:09.412892 | DEBUG    | MAIN LOGGER                    | IN get_config_content(id_content) -> list: id_content = 1004                    
24-Apr-25 20:21:09.413892 | DEBUG    | MAIN LOGGER                    | get_db_project_dirpath() -> str: C:/Users/hayar/OneDrive/Документы/AutoExecDoc Projects/Новая папка\project.db
24-Apr-25 20:21:09.414892 | DEBUG    | MAIN LOGGER                    | FormText(self, pair, config_content): pair = {'id_pair': 101, 'id_node': 0, 'id_content': 1004, 'name_content': 'участок', 'value': None}, config_content = {'id_content': 1004, 'name_content': 'участок', 'type_content': 'TEXT', 'title_content': 'Участок', 'description_content': None, 'enable': None}
24-Apr-25 20:21:09.417892 | DEBUG    | MAIN LOGGER                    | IN get_config_content(id_content) -> list: id_content = 1001                    
24-Apr-25 20:21:09.417892 | DEBUG    | MAIN LOGGER                    | get_db_project_dirpath() -> str: C:/Users/hayar/OneDrive/Документы/AutoExecDoc Projects/Новая папка\project.db
24-Apr-25 20:21:09.418893 | DEBUG    | MAIN LOGGER                    | FormText(self, pair, config_content): pair = {'id_pair': 102, 'id_node': 0, 'id_content': 1001, 'name_content': 'название_компании', 'value': None}, config_content = {'id_content': 1001, 'name_content': 'название_компании', 'type_content': 'TEXT', 'title_content': 'Название компании', 'description_content': None, 'enable': None}
24-Apr-25 20:21:09.424913 | DEBUG    | MAIN LOGGER                    | IN create_one_page_pdf(page): page = {'id_page': 10, 'id_node_parent': 10, 'page_name': 'Л.1. Титульный лист.', 'template_name': '1-ТЛ-1', 'order_page': 0, 'included': 1}
24-Apr-25 20:21:09.425894 | DEBUG    | MAIN LOGGER                    | IN create_one_page_pdf(page): page = {'id_page': 10, 'id_node_parent': 10, 'page_name': 'Л.1. Титульный лист.', 'template_name': '1-ТЛ-1', 'order_page': 0, 'included': 1}
24-Apr-25 20:21:09.427895 | DEBUG    | MAIN LOGGER                    | IN create_docx_page(page): form_page_name = 1-ТЛ-1, docx_pdf_page_name = page_10_20240425202109426896
24-Apr-25 20:21:09.427895 | DEBUG    | MAIN LOGGER                    | get_forms_folder_dirpath() -> str: C:/Users/hayar/OneDrive/Документы/AutoExecDoc Projects/Новая папка\forms
24-Apr-25 20:21:09.428896 | DEBUG    | MAIN LOGGER                    | get_temp_dirpath() -> str:                                                      
24-Apr-25 20:21:09.429895 | DEBUG    | MAIN LOGGER                    | IN get_config_content(id_content) -> list: id_content = 1007                    
24-Apr-25 20:21:09.430895 | DEBUG    | MAIN LOGGER                    | get_db_project_dirpath() -> str: C:/Users/hayar/OneDrive/Документы/AutoExecDoc Projects/Новая папка\project.db
24-Apr-25 20:21:09.431895 | DEBUG    | MAIN LOGGER                    | IN get_config_content(id_content) -> list: id_content = 1000                    
24-Apr-25 20:21:09.432895 | DEBUG    | MAIN LOGGER                    | get_db_project_dirpath() -> str: C:/Users/hayar/OneDrive/Документы/AutoExecDoc Projects/Новая папка\project.db
24-Apr-25 20:21:09.433897 | DEBUG    | MAIN LOGGER                    | IN get_config_content(id_content) -> list: id_content = 1002                    
24-Apr-25 20:21:09.434897 | DEBUG    | MAIN LOGGER                    | get_db_project_dirpath() -> str: C:/Users/hayar/OneDrive/Документы/AutoExecDoc Projects/Новая папка\project.db
24-Apr-25 20:21:09.435897 | DEBUG    | MAIN LOGGER                    | IN get_config_content(id_content) -> list: id_content = 1005                    
24-Apr-25 20:21:09.436896 | DEBUG    | MAIN LOGGER                    | get_db_project_dirpath() -> str: C:/Users/hayar/OneDrive/Документы/AutoExecDoc Projects/Новая папка\project.db
24-Apr-25 20:21:09.437898 | DEBUG    | MAIN LOGGER                    | IN get_config_content(id_content) -> list: id_content = 1006                    
24-Apr-25 20:21:09.437898 | DEBUG    | MAIN LOGGER                    | get_db_project_dirpath() -> str: C:/Users/hayar/OneDrive/Документы/AutoExecDoc Projects/Новая папка\project.db
24-Apr-25 20:21:09.438898 | DEBUG    | MAIN LOGGER                    | IN get_config_content(id_content) -> list: id_content = 1008                    
24-Apr-25 20:21:09.439898 | DEBUG    | MAIN LOGGER                    | get_db_project_dirpath() -> str: C:/Users/hayar/OneDrive/Документы/AutoExecDoc Projects/Новая папка\project.db
24-Apr-25 20:21:09.440902 | DEBUG    | MAIN LOGGER                    | IN get_config_content(id_content) -> list: id_content = 1009                    
24-Apr-25 20:21:09.441897 | DEBUG    | MAIN LOGGER                    | get_db_project_dirpath() -> str: C:/Users/hayar/OneDrive/Документы/AutoExecDoc Projects/Новая папка\project.db
24-Apr-25 20:21:09.442900 | DEBUG    | MAIN LOGGER                    | IN get_config_content(id_content) -> list: id_content = 1003                    
24-Apr-25 20:21:09.443898 | DEBUG    | MAIN LOGGER                    | get_db_project_dirpath() -> str: C:/Users/hayar/OneDrive/Документы/AutoExecDoc Projects/Новая папка\project.db
24-Apr-25 20:21:09.444900 | DEBUG    | MAIN LOGGER                    | IN get_config_content(id_content) -> list: id_content = 1004                    
24-Apr-25 20:21:09.444900 | DEBUG    | MAIN LOGGER                    | get_db_project_dirpath() -> str: C:/Users/hayar/OneDrive/Документы/AutoExecDoc Projects/Новая папка\project.db
24-Apr-25 20:21:09.446899 | DEBUG    | MAIN LOGGER                    | IN get_config_content(id_content) -> list: id_content = 1001                    
24-Apr-25 20:21:09.446899 | DEBUG    | MAIN LOGGER                    | get_db_project_dirpath() -> str: C:/Users/hayar/OneDrive/Документы/AutoExecDoc Projects/Новая папка\project.db
24-Apr-25 20:21:09.486970 | DEBUG    | MAIN LOGGER                    | IN create_pdf_from_docx_page(docx_pdf_page_name) -> str: docx_pdf_page_name = page_10_20240425202109426896
24-Apr-25 20:21:09.487972 | DEBUG    | MAIN LOGGER                    | get_temp_dirpath() -> str:                                                      
24-Apr-25 20:21:09.488970 | DEBUG    | MAIN LOGGER                    | get_temp_dirpath() -> str:                                                      
24-Apr-25 20:21:12.061273 | DEBUG    | MAIN LOGGER                    | load_and_show_pdf_document(pdf_path): pdf_path = C:\Users\hayar\AppData\Local\Temp\tmplz_5sibt\page_10_20240425202109426896.pdf
24-Apr-25 20:21:14.992193 | DEBUG    | MAIN LOGGER                    | IN closeEvent(self, event): event = <PySide6.QtCore.QEvent(QEvent::Close)>      
24-Apr-25 20:21:14.993184 | DEBUG    | MAIN LOGGER                    | get_temp_dirpath() -> str:                                                      
24-Apr-25 20:21:14.994186 | DEBUG    | MAIN LOGGER                    | IN clear_temp_folder(is_del_folder): is_del_folder = True, temp_dirpath = C:\Users\hayar\AppData\Local\Temp\tmplz_5sibt
24-Apr-25 20:21:14.994186 | DEBUG    | MAIN LOGGER                    | get_temp_dirpath() -> str:                                                      
24-Apr-25 20:21:14.996192 | ERROR    | MAIN LOGGER                    | [WinError 32] Процесс не может получить доступ к файлу, так как этот файл занят другим процессом: 'C:\\Users\\hayar\\AppData\\Local\\Temp\\tmplz_5sibt\\page_10_20240425202109426896.pdf'
24-Apr-25 20:21:14.997192 | DEBUG    | MAIN LOGGER                    | set_temp_dirpath(dirpath: str): __temp_dirpath = C:\Users\hayar\AppData\Local\Temp\tmpz2vthhnp
