24-May-11 16:13:35.171209 | DEBUG    | MAIN LOGGER                    | Config logger                                                                   
24-May-11 16:13:35.173189 | DEBUG    | MAIN LOGGER                    | self.current_directory = d:\work\project\AutoExecDoc                            
24-May-11 16:13:35.173189 | DEBUG    | MAIN LOGGER                    | IN create_and_config_files_and_folders()                                        
24-May-11 16:13:35.173189 | DEBUG    | MAIN LOGGER                    | get_default_folder_projects_dirpath() -> str: C:/Users/hayar/Documents\AutoExecDoc Projects
24-May-11 16:13:35.174197 | DEBUG    | MAIN LOGGER                    | IN create_and_config_db_settings()                                              
24-May-11 16:13:35.174197 | DEBUG    | MAIN LOGGER                    | get_db_settings_dirpath() -> str: d:\work\project\AutoExecDoc\db\settings.db    
24-May-11 16:13:35.174197 | DEBUG    | MAIN LOGGER                    | get_templates_main_dirpath() -> str: d:\work\project\AutoExecDoc\templates\main 
24-May-11 16:13:35.218088 | DEBUG    | MAIN LOGGER                    | IN config_controllers()                                                         
24-May-11 16:13:35.218088 | DEBUG    | MAIN LOGGER                    | IN connect_statusbar(statusbar)                                                 
24-May-11 16:13:35.219089 | DEBUG    | MAIN LOGGER                    | set_message_for_statusbar(Проект не открыт)                                     
24-May-11 16:13:35.219089 | DEBUG    | MAIN LOGGER                    | IN connect_structureexecdoc(tr_sed, title_sed)                                  
24-May-11 16:13:35.220088 | DEBUG    | MAIN LOGGER                    | IN clear_tr_sed()                                                               
24-May-11 16:13:35.220088 | DEBUG    | MAIN LOGGER                    | IN connect_pages_template(lw_pt)                                                
24-May-11 16:13:35.221098 | DEBUG    | MAIN LOGGER                    | IN connect_inputforms(sa_if, sa_ifl)                                            
24-May-11 16:13:35.221098 | DEBUG    | MAIN LOGGER                    | IN connecting_actions()                                                         
24-May-11 16:13:36.487270 | DEBUG    | MAIN LOGGER                    | IN open_project()                                                               
24-May-11 16:13:36.488282 | DEBUG    | MAIN LOGGER                    | get_default_folder_projects_dirpath() -> str: C:/Users/hayar/Documents\AutoExecDoc Projects
24-May-11 16:13:41.619304 | DEBUG    | MAIN LOGGER                    | select_folder_for_open_project() -> D:/общая папка/Новосергеевка                
24-May-11 16:13:41.619304 | DEBUG    | MAIN LOGGER                    | IN set_project_dirpaths(folder_path: str): folder_path = D:/общая папка/Новосергеевка
24-May-11 16:13:41.620306 | DEBUG    | MAIN LOGGER                    | set_project_dirpath(dirpath: str): dirpath = D:/общая папка/Новосергеевка       
24-May-11 16:13:41.620306 | DEBUG    | MAIN LOGGER                    | get_project_dirpath() -> str: D:/общая папка/Новосергеевка                      
24-May-11 16:13:41.620306 | DEBUG    | MAIN LOGGER                    | set_db_project_dirpath(dirpath: str): dirpath = D:/общая папка/Новосергеевка\project.db
24-May-11 16:13:41.621304 | DEBUG    | MAIN LOGGER                    | IN config_open_project()                                                        
24-May-11 16:13:41.621304 | DEBUG    | MAIN LOGGER                    | get_project_dirpath() -> str: D:/общая папка/Новосергеевка                      
24-May-11 16:13:41.621304 | DEBUG    | MAIN LOGGER                    | IN add_or_update_open_project_to_db()                                           
24-May-11 16:13:41.621304 | DEBUG    | MAIN LOGGER                    | get_db_settings_dirpath() -> str: d:\work\project\AutoExecDoc\db\settings.db    
24-May-11 16:13:41.622304 | DEBUG    | MAIN LOGGER                    | get_project_dirpath() -> str: D:/общая папка/Новосергеевка                      
24-May-11 16:13:41.622304 | DEBUG    | MAIN LOGGER                    | get_project_dirpath() -> str: D:/общая папка/Новосергеевка                      
24-May-11 16:13:41.622304 | DEBUG    | MAIN LOGGER                    | IN update_project_to_db()                                                       
24-May-11 16:13:41.623306 | DEBUG    | MAIN LOGGER                    | get_db_settings_dirpath() -> str: d:\work\project\AutoExecDoc\db\settings.db    
24-May-11 16:13:41.623306 | DEBUG    | MAIN LOGGER                    | get_project_dirpath() -> str: D:/общая папка/Новосергеевка                      
24-May-11 16:13:41.623306 | DEBUG    | MAIN LOGGER                    | get_project_dirpath() -> str: D:/общая папка/Новосергеевка                      
24-May-11 16:13:41.626798 | DEBUG    | MAIN LOGGER                    | IN create_and_config_db_project()                                               
24-May-11 16:13:41.627799 | DEBUG    | MAIN LOGGER                    | get_db_project_dirpath() -> str: D:/общая папка/Новосергеевка\project.db        
24-May-11 16:13:41.627799 | DEBUG    | MAIN LOGGER                    | IN set_all_included_in_db_project_to_true()                                     
24-May-11 16:13:41.628800 | DEBUG    | MAIN LOGGER                    | get_db_project_dirpath() -> str: D:/общая папка/Новосергеевка\project.db        
24-May-11 16:13:41.629802 | DEBUG    | MAIN LOGGER                    | IN update_structure_exec_doc()                                                  
24-May-11 16:13:41.629802 | DEBUG    | MAIN LOGGER                    | IN clear_tr_sed()                                                               
24-May-11 16:13:41.630804 | DEBUG    | MAIN LOGGER                    | get_current_name() -> str: Новосергеевка                                        
24-May-11 16:13:41.630804 | DEBUG    | MAIN LOGGER                    | IN get_project_node() -> object                                                 
24-May-11 16:13:41.631801 | DEBUG    | MAIN LOGGER                    | get_db_project_dirpath() -> str: D:/общая папка/Новосергеевка\project.db        
24-May-11 16:13:41.632802 | DEBUG    | MAIN LOGGER                    | IN dfs(parent_node): parent_node = {'id_node': 0, 'name_node': 'Проект', 'id_parent': None, 'order_node': '0', 'type_node': 'PROJECT', 'template_name': None, 'included': 1}
24-May-11 16:13:41.632802 | DEBUG    | MAIN LOGGER                    | IN get_childs(parent_node) -> list: parent_node = {'id_node': 0, 'name_node': 'Проект', 'id_parent': None, 'order_node': '0', 'type_node': 'PROJECT', 'template_name': None, 'included': 1}
24-May-11 16:13:41.633803 | DEBUG    | MAIN LOGGER                    | get_db_project_dirpath() -> str: D:/общая папка/Новосергеевка\project.db        
24-May-11 16:13:41.634803 | DEBUG    | MAIN LOGGER                    | IN set_item_in_nodes_to_items(node): node = {'id_node': 10, 'name_node': 'Титульный лист', 'id_parent': 0, 'order_node': '1', 'type_node': 'FORM', 'template_name': 'main', 'included': 1}
24-May-11 16:13:41.635843 | DEBUG    | MAIN LOGGER                    | IN set_state_included_for_childs(node, state): id_node = 10, state = False      
24-May-11 16:13:41.636845 | DEBUG    | MAIN LOGGER                    | IN set_included_for_node(node, state): node = {'id_node': 10, 'name_node': 'Титульный лист', 'id_parent': 0, 'order_node': '1', 'type_node': 'FORM', 'template_name': 'main', 'included': 1}, state = 0
24-May-11 16:13:41.636845 | DEBUG    | MAIN LOGGER                    | get_db_project_dirpath() -> str: D:/общая папка/Новосергеевка\project.db        
24-May-11 16:13:41.640616 | DEBUG    | MAIN LOGGER                    | IN set_state_included_for_childs(node, state): id_node = 10, state = True       
24-May-11 16:13:41.640616 | DEBUG    | MAIN LOGGER                    | IN set_included_for_node(node, state): node = {'id_node': 10, 'name_node': 'Титульный лист', 'id_parent': 0, 'order_node': '1', 'type_node': 'FORM', 'template_name': 'main', 'included': 1}, state = 1
24-May-11 16:13:41.641620 | DEBUG    | MAIN LOGGER                    | get_db_project_dirpath() -> str: D:/общая папка/Новосергеевка\project.db        
24-May-11 16:13:41.644619 | DEBUG    | MAIN LOGGER                    | IN dfs(parent_node): parent_node = {'id_node': 10, 'name_node': 'Титульный лист', 'id_parent': 0, 'order_node': '1', 'type_node': 'FORM', 'template_name': 'main', 'included': 1}
24-May-11 16:13:41.645621 | DEBUG    | MAIN LOGGER                    | IN get_childs(parent_node) -> list: parent_node = {'id_node': 10, 'name_node': 'Титульный лист', 'id_parent': 0, 'order_node': '1', 'type_node': 'FORM', 'template_name': 'main', 'included': 1}
24-May-11 16:13:41.646620 | DEBUG    | MAIN LOGGER                    | get_db_project_dirpath() -> str: D:/общая папка/Новосергеевка\project.db        
24-May-11 16:13:41.647623 | DEBUG    | MAIN LOGGER                    | IN set_item_in_nodes_to_items(node): node = {'id_node': 11, 'name_node': 'Реестр документации', 'id_parent': 0, 'order_node': '2', 'type_node': 'FORM', 'template_name': 'main', 'included': 1}
24-May-11 16:13:41.647623 | DEBUG    | MAIN LOGGER                    | IN set_state_included_for_childs(node, state): id_node = 11, state = False      
24-May-11 16:13:41.648620 | DEBUG    | MAIN LOGGER                    | IN set_included_for_node(node, state): node = {'id_node': 11, 'name_node': 'Реестр документации', 'id_parent': 0, 'order_node': '2', 'type_node': 'FORM', 'template_name': 'main', 'included': 1}, state = 0
24-May-11 16:13:41.648620 | DEBUG    | MAIN LOGGER                    | get_db_project_dirpath() -> str: D:/общая папка/Новосергеевка\project.db        
24-May-11 16:13:41.652713 | DEBUG    | MAIN LOGGER                    | IN set_state_included_for_childs(node, state): id_node = 11, state = True       
24-May-11 16:13:41.652713 | DEBUG    | MAIN LOGGER                    | IN set_included_for_node(node, state): node = {'id_node': 11, 'name_node': 'Реестр документации', 'id_parent': 0, 'order_node': '2', 'type_node': 'FORM', 'template_name': 'main', 'included': 1}, state = 1
24-May-11 16:13:41.653716 | DEBUG    | MAIN LOGGER                    | get_db_project_dirpath() -> str: D:/общая папка/Новосергеевка\project.db        
24-May-11 16:13:41.657425 | DEBUG    | MAIN LOGGER                    | IN dfs(parent_node): parent_node = {'id_node': 11, 'name_node': 'Реестр документации', 'id_parent': 0, 'order_node': '2', 'type_node': 'FORM', 'template_name': 'main', 'included': 1}
24-May-11 16:13:41.658424 | DEBUG    | MAIN LOGGER                    | IN get_childs(parent_node) -> list: parent_node = {'id_node': 11, 'name_node': 'Реестр документации', 'id_parent': 0, 'order_node': '2', 'type_node': 'FORM', 'template_name': 'main', 'included': 1}
24-May-11 16:13:41.659426 | DEBUG    | MAIN LOGGER                    | get_db_project_dirpath() -> str: D:/общая папка/Новосергеевка\project.db        
24-May-11 16:13:41.659426 | DEBUG    | MAIN LOGGER                    | IN set_item_in_nodes_to_items(node): node = {'id_node': 12, 'name_node': 'Паспорт трассы', 'id_parent': 0, 'order_node': '3', 'type_node': 'GROUP', 'template_name': None, 'included': 1}
24-May-11 16:13:41.660425 | DEBUG    | MAIN LOGGER                    | IN set_state_included_for_childs(node, state): id_node = 12, state = False      
24-May-11 16:13:41.660425 | DEBUG    | MAIN LOGGER                    | IN set_included_for_node(node, state): node = {'id_node': 12, 'name_node': 'Паспорт трассы', 'id_parent': 0, 'order_node': '3', 'type_node': 'GROUP', 'template_name': None, 'included': 1}, state = 0
24-May-11 16:13:41.661426 | DEBUG    | MAIN LOGGER                    | get_db_project_dirpath() -> str: D:/общая папка/Новосергеевка\project.db        
24-May-11 16:13:41.665226 | DEBUG    | MAIN LOGGER                    | IN set_state_included_for_childs(node, state): id_node = 12, state = True       
24-May-11 16:13:41.665226 | DEBUG    | MAIN LOGGER                    | IN set_included_for_node(node, state): node = {'id_node': 12, 'name_node': 'Паспорт трассы', 'id_parent': 0, 'order_node': '3', 'type_node': 'GROUP', 'template_name': None, 'included': 1}, state = 1
24-May-11 16:13:41.666230 | DEBUG    | MAIN LOGGER                    | get_db_project_dirpath() -> str: D:/общая папка/Новосергеевка\project.db        
24-May-11 16:13:41.669881 | DEBUG    | MAIN LOGGER                    | IN dfs(parent_node): parent_node = {'id_node': 12, 'name_node': 'Паспорт трассы', 'id_parent': 0, 'order_node': '3', 'type_node': 'GROUP', 'template_name': None, 'included': 1}
24-May-11 16:13:41.670885 | DEBUG    | MAIN LOGGER                    | IN get_childs(parent_node) -> list: parent_node = {'id_node': 12, 'name_node': 'Паспорт трассы', 'id_parent': 0, 'order_node': '3', 'type_node': 'GROUP', 'template_name': None, 'included': 1}
24-May-11 16:13:41.670885 | DEBUG    | MAIN LOGGER                    | get_db_project_dirpath() -> str: D:/общая папка/Новосергеевка\project.db        
24-May-11 16:13:41.671884 | DEBUG    | MAIN LOGGER                    | IN set_item_in_nodes_to_items(node): node = {'id_node': 1201, 'name_node': 'ПТ-1', 'id_parent': 12, 'order_node': '1', 'type_node': 'FORM', 'template_name': 'main', 'included': 1}
24-May-11 16:13:41.672886 | DEBUG    | MAIN LOGGER                    | IN set_state_included_for_childs(node, state): id_node = 1201, state = False    
24-May-11 16:13:41.672886 | DEBUG    | MAIN LOGGER                    | IN set_included_for_node(node, state): node = {'id_node': 1201, 'name_node': 'ПТ-1', 'id_parent': 12, 'order_node': '1', 'type_node': 'FORM', 'template_name': 'main', 'included': 1}, state = 0
24-May-11 16:13:41.672886 | DEBUG    | MAIN LOGGER                    | get_db_project_dirpath() -> str: D:/общая папка/Новосергеевка\project.db        
24-May-11 16:13:41.676746 | DEBUG    | MAIN LOGGER                    | IN set_state_included_for_childs(node, state): id_node = 1201, state = True     
24-May-11 16:13:41.677749 | DEBUG    | MAIN LOGGER                    | IN set_included_for_node(node, state): node = {'id_node': 1201, 'name_node': 'ПТ-1', 'id_parent': 12, 'order_node': '1', 'type_node': 'FORM', 'template_name': 'main', 'included': 1}, state = 1
24-May-11 16:13:41.677749 | DEBUG    | MAIN LOGGER                    | get_db_project_dirpath() -> str: D:/общая папка/Новосергеевка\project.db        
24-May-11 16:13:41.681407 | DEBUG    | MAIN LOGGER                    | IN dfs(parent_node): parent_node = {'id_node': 1201, 'name_node': 'ПТ-1', 'id_parent': 12, 'order_node': '1', 'type_node': 'FORM', 'template_name': 'main', 'included': 1}
24-May-11 16:13:41.682411 | DEBUG    | MAIN LOGGER                    | IN get_childs(parent_node) -> list: parent_node = {'id_node': 1201, 'name_node': 'ПТ-1', 'id_parent': 12, 'order_node': '1', 'type_node': 'FORM', 'template_name': 'main', 'included': 1}
24-May-11 16:13:41.682411 | DEBUG    | MAIN LOGGER                    | get_db_project_dirpath() -> str: D:/общая папка/Новосергеевка\project.db        
24-May-11 16:13:41.683410 | DEBUG    | MAIN LOGGER                    | IN set_item_in_nodes_to_items(node): node = {'id_node': 1202, 'name_node': 'ПТ-2', 'id_parent': 12, 'order_node': '2', 'type_node': 'FORM', 'template_name': 'main', 'included': 1}
24-May-11 16:13:41.684413 | DEBUG    | MAIN LOGGER                    | IN set_state_included_for_childs(node, state): id_node = 1202, state = False    
24-May-11 16:13:41.684413 | DEBUG    | MAIN LOGGER                    | IN set_included_for_node(node, state): node = {'id_node': 1202, 'name_node': 'ПТ-2', 'id_parent': 12, 'order_node': '2', 'type_node': 'FORM', 'template_name': 'main', 'included': 1}, state = 0
24-May-11 16:13:41.685410 | DEBUG    | MAIN LOGGER                    | get_db_project_dirpath() -> str: D:/общая папка/Новосергеевка\project.db        
24-May-11 16:13:41.688412 | DEBUG    | MAIN LOGGER                    | IN set_state_included_for_childs(node, state): id_node = 1202, state = True     
24-May-11 16:13:41.689412 | DEBUG    | MAIN LOGGER                    | IN set_included_for_node(node, state): node = {'id_node': 1202, 'name_node': 'ПТ-2', 'id_parent': 12, 'order_node': '2', 'type_node': 'FORM', 'template_name': 'main', 'included': 1}, state = 1
24-May-11 16:13:41.690414 | DEBUG    | MAIN LOGGER                    | get_db_project_dirpath() -> str: D:/общая папка/Новосергеевка\project.db        
24-May-11 16:13:41.693789 | DEBUG    | MAIN LOGGER                    | IN dfs(parent_node): parent_node = {'id_node': 1202, 'name_node': 'ПТ-2', 'id_parent': 12, 'order_node': '2', 'type_node': 'FORM', 'template_name': 'main', 'included': 1}
24-May-11 16:13:41.694173 | DEBUG    | MAIN LOGGER                    | IN get_childs(parent_node) -> list: parent_node = {'id_node': 1202, 'name_node': 'ПТ-2', 'id_parent': 12, 'order_node': '2', 'type_node': 'FORM', 'template_name': 'main', 'included': 1}
24-May-11 16:13:41.695181 | DEBUG    | MAIN LOGGER                    | get_db_project_dirpath() -> str: D:/общая папка/Новосергеевка\project.db        
24-May-11 16:13:41.695181 | DEBUG    | MAIN LOGGER                    | IN set_item_in_nodes_to_items(node): node = {'id_node': 1203, 'name_node': 'ПТ-3', 'id_parent': 12, 'order_node': '3', 'type_node': 'FORM', 'template_name': 'main', 'included': 1}
24-May-11 16:13:41.696175 | DEBUG    | MAIN LOGGER                    | IN set_state_included_for_childs(node, state): id_node = 1203, state = False    
24-May-11 16:13:41.696175 | DEBUG    | MAIN LOGGER                    | IN set_included_for_node(node, state): node = {'id_node': 1203, 'name_node': 'ПТ-3', 'id_parent': 12, 'order_node': '3', 'type_node': 'FORM', 'template_name': 'main', 'included': 1}, state = 0
24-May-11 16:13:41.697179 | DEBUG    | MAIN LOGGER                    | get_db_project_dirpath() -> str: D:/общая папка/Новосергеевка\project.db        
24-May-11 16:13:41.702180 | DEBUG    | MAIN LOGGER                    | IN set_state_included_for_childs(node, state): id_node = 1203, state = True     
24-May-11 16:13:41.702180 | DEBUG    | MAIN LOGGER                    | IN set_included_for_node(node, state): node = {'id_node': 1203, 'name_node': 'ПТ-3', 'id_parent': 12, 'order_node': '3', 'type_node': 'FORM', 'template_name': 'main', 'included': 1}, state = 1
24-May-11 16:13:41.703178 | DEBUG    | MAIN LOGGER                    | get_db_project_dirpath() -> str: D:/общая папка/Новосергеевка\project.db        
24-May-11 16:13:41.706521 | DEBUG    | MAIN LOGGER                    | IN dfs(parent_node): parent_node = {'id_node': 1203, 'name_node': 'ПТ-3', 'id_parent': 12, 'order_node': '3', 'type_node': 'FORM', 'template_name': 'main', 'included': 1}
24-May-11 16:13:41.707493 | DEBUG    | MAIN LOGGER                    | IN get_childs(parent_node) -> list: parent_node = {'id_node': 1203, 'name_node': 'ПТ-3', 'id_parent': 12, 'order_node': '3', 'type_node': 'FORM', 'template_name': 'main', 'included': 1}
24-May-11 16:13:41.708013 | DEBUG    | MAIN LOGGER                    | get_db_project_dirpath() -> str: D:/общая папка/Новосергеевка\project.db        
24-May-11 16:13:41.709005 | DEBUG    | MAIN LOGGER                    | set_new_dirpaths_for_project()                                                  
24-May-11 16:13:41.709005 | DEBUG    | MAIN LOGGER                    | get_project_dirpath() -> str: D:/общая папка/Новосергеевка                      
24-May-11 16:13:41.709005 | DEBUG    | MAIN LOGGER                    | get_project_dirpath() -> str: D:/общая папка/Новосергеевка                      
24-May-11 16:13:41.710004 | DEBUG    | MAIN LOGGER                    | IN add_forms_folders_to_new_project()                                           
24-May-11 16:13:41.710004 | DEBUG    | MAIN LOGGER                    | get_forms_folder_dirpath() -> str: D:/общая папка/Новосергеевка\forms           
24-May-11 16:13:41.711010 | DEBUG    | MAIN LOGGER                    | get_image_folder_dirpath() -> str: D:/общая папка/Новосергеевка\images          
24-May-11 16:13:41.711010 | DEBUG    | MAIN LOGGER                    | get_temp_dirpath() -> str:                                                      
24-May-11 16:13:41.712007 | DEBUG    | MAIN LOGGER                    | IN set_true_actives_project()                                                   
24-May-11 16:13:41.712007 | DEBUG    | MAIN LOGGER                    | set_message_for_statusbar(Проект c именем Новосергеевка открыт.)                
24-May-11 16:13:43.833387 | DEBUG    | MAIN LOGGER                    | IN update_pages_template(node) : node = {'id_node': 1202, 'name_node': 'ПТ-2', 'id_parent': 12, 'order_node': '2', 'type_node': 'FORM', 'template_name': 'main', 'included': 1}
24-May-11 16:13:43.834403 | DEBUG    | MAIN LOGGER                    | IN get_pages_by_node(node) -> list: node = {'id_node': 1202, 'name_node': 'ПТ-2', 'id_parent': 12, 'order_node': '2', 'type_node': 'FORM', 'template_name': 'main', 'included': 1}
24-May-11 16:13:43.834403 | DEBUG    | MAIN LOGGER                    | get_db_project_dirpath() -> str: D:/общая папка/Новосергеевка\project.db        
24-May-11 16:13:44.946307 | DEBUG    | MAIN LOGGER                    | IN item_page_updated(current): current = <package.controllers.pagestemplate.MyListWidgetItem object at 0x0000024520B89340>
24-May-11 16:13:44.947285 | DEBUG    | MAIN LOGGER                    | IN add_page_for_datas(page): page = {'id_page': 40, 'id_node_parent': 1202, 'page_name': 'Л.1. Паспорт трассы волоконно-оптической линии связи на участке.', 'template_name': '3-ПТ2-1', 'order_page': 0, 'included': 1}
24-May-11 16:13:44.947285 | DEBUG    | MAIN LOGGER                    | IN get_page_data(page) -> list: page = {'id_page': 40, 'id_node_parent': 1202, 'page_name': 'Л.1. Паспорт трассы волоконно-оптической линии связи на участке.', 'template_name': '3-ПТ2-1', 'order_page': 0, 'included': 1}
24-May-11 16:13:44.948287 | DEBUG    | MAIN LOGGER                    | get_db_project_dirpath() -> str: D:/общая папка/Новосергеевка\project.db        
24-May-11 16:13:44.949294 | DEBUG    | MAIN LOGGER                    | IN add_nodes_for_datas()                                                        
24-May-11 16:13:44.949294 | DEBUG    | MAIN LOGGER                    | IN get_node_parent_from_pages(page) -> object: page = {'id_page': 40, 'id_node_parent': 1202, 'page_name': 'Л.1. Паспорт трассы волоконно-оптической линии связи на участке.', 'template_name': '3-ПТ2-1', 'order_page': 0, 'included': 1}
24-May-11 16:13:44.950294 | DEBUG    | MAIN LOGGER                    | get_db_project_dirpath() -> str: D:/общая папка/Новосергеевка\project.db        
24-May-11 16:13:44.951287 | DEBUG    | MAIN LOGGER                    | IN add_node_for_datas(node): node = {'id_node': 1202, 'name_node': 'ПТ-2', 'id_parent': 12, 'order_node': '2', 'type_node': 'FORM', 'template_name': 'main', 'included': 1}
24-May-11 16:13:44.951287 | DEBUG    | MAIN LOGGER                    | IN get_node_data(node) -> list: node = {'id_node': 1202, 'name_node': 'ПТ-2', 'id_parent': 12, 'order_node': '2', 'type_node': 'FORM', 'template_name': 'main', 'included': 1}
24-May-11 16:13:44.952287 | DEBUG    | MAIN LOGGER                    | get_db_project_dirpath() -> str: D:/общая папка/Новосергеевка\project.db        
24-May-11 16:13:44.953287 | DEBUG    | MAIN LOGGER                    | IN get_node_parent(node) -> object: node = {'id_node': 1202, 'name_node': 'ПТ-2', 'id_parent': 12, 'order_node': '2', 'type_node': 'FORM', 'template_name': 'main', 'included': 1}
24-May-11 16:13:44.953287 | DEBUG    | MAIN LOGGER                    | get_db_project_dirpath() -> str: D:/общая папка/Новосергеевка\project.db        
24-May-11 16:13:44.954287 | DEBUG    | MAIN LOGGER                    | IN add_node_for_datas(node): node = {'id_node': 12, 'name_node': 'Паспорт трассы', 'id_parent': 0, 'order_node': '3', 'type_node': 'GROUP', 'template_name': None, 'included': 1}
24-May-11 16:13:44.954287 | DEBUG    | MAIN LOGGER                    | IN get_node_data(node) -> list: node = {'id_node': 12, 'name_node': 'Паспорт трассы', 'id_parent': 0, 'order_node': '3', 'type_node': 'GROUP', 'template_name': None, 'included': 1}
24-May-11 16:13:44.955295 | DEBUG    | MAIN LOGGER                    | get_db_project_dirpath() -> str: D:/общая папка/Новосергеевка\project.db        
24-May-11 16:13:44.956296 | DEBUG    | MAIN LOGGER                    | IN get_node_parent(node) -> object: node = {'id_node': 12, 'name_node': 'Паспорт трассы', 'id_parent': 0, 'order_node': '3', 'type_node': 'GROUP', 'template_name': None, 'included': 1}
24-May-11 16:13:44.956296 | DEBUG    | MAIN LOGGER                    | get_db_project_dirpath() -> str: D:/общая папка/Новосергеевка\project.db        
24-May-11 16:13:44.957289 | DEBUG    | MAIN LOGGER                    | IN add_node_for_datas(node): node = {'id_node': 0, 'name_node': 'Проект', 'id_parent': None, 'order_node': '0', 'type_node': 'PROJECT', 'template_name': None, 'included': 1}
24-May-11 16:13:44.958290 | DEBUG    | MAIN LOGGER                    | IN get_node_data(node) -> list: node = {'id_node': 0, 'name_node': 'Проект', 'id_parent': None, 'order_node': '0', 'type_node': 'PROJECT', 'template_name': None, 'included': 1}
24-May-11 16:13:44.958290 | DEBUG    | MAIN LOGGER                    | get_db_project_dirpath() -> str: D:/общая папка/Новосергеевка\project.db        
24-May-11 16:13:44.959289 | DEBUG    | MAIN LOGGER                    | IN get_node_parent(node) -> object: node = {'id_node': 0, 'name_node': 'Проект', 'id_parent': None, 'order_node': '0', 'type_node': 'PROJECT', 'template_name': None, 'included': 1}
24-May-11 16:13:44.959289 | DEBUG    | MAIN LOGGER                    | get_db_project_dirpath() -> str: D:/общая папка/Новосергеевка\project.db        
24-May-11 16:13:44.960288 | DEBUG    | MAIN LOGGER                    | IN update_scrollarea()                                                          
24-May-11 16:13:44.960288 | DEBUG    | MAIN LOGGER                    | IN delete_all_widgets_in_sa()                                                   
24-May-11 16:13:44.961289 | DEBUG    | MAIN LOGGER                    | IN add_page_for_datas(page): page = {'id_page': 40, 'id_node_parent': 1202, 'page_name': 'Л.1. Паспорт трассы волоконно-оптической линии связи на участке.', 'template_name': '3-ПТ2-1', 'order_page': 0, 'included': 1}
24-May-11 16:13:44.961289 | DEBUG    | MAIN LOGGER                    | IN get_page_data(page) -> list: page = {'id_page': 40, 'id_node_parent': 1202, 'page_name': 'Л.1. Паспорт трассы волоконно-оптической линии связи на участке.', 'template_name': '3-ПТ2-1', 'order_page': 0, 'included': 1}
24-May-11 16:13:44.962290 | DEBUG    | MAIN LOGGER                    | get_db_project_dirpath() -> str: D:/общая папка/Новосергеевка\project.db        
24-May-11 16:13:44.962290 | DEBUG    | MAIN LOGGER                    | IN add_nodes_for_datas()                                                        
24-May-11 16:13:44.963289 | DEBUG    | MAIN LOGGER                    | IN get_node_parent_from_pages(page) -> object: page = {'id_page': 40, 'id_node_parent': 1202, 'page_name': 'Л.1. Паспорт трассы волоконно-оптической линии связи на участке.', 'template_name': '3-ПТ2-1', 'order_page': 0, 'included': 1}
24-May-11 16:13:44.963289 | DEBUG    | MAIN LOGGER                    | get_db_project_dirpath() -> str: D:/общая папка/Новосергеевка\project.db        
24-May-11 16:13:44.964290 | DEBUG    | MAIN LOGGER                    | IN add_node_for_datas(node): node = {'id_node': 1202, 'name_node': 'ПТ-2', 'id_parent': 12, 'order_node': '2', 'type_node': 'FORM', 'template_name': 'main', 'included': 1}
24-May-11 16:13:44.965291 | DEBUG    | MAIN LOGGER                    | IN get_node_data(node) -> list: node = {'id_node': 1202, 'name_node': 'ПТ-2', 'id_parent': 12, 'order_node': '2', 'type_node': 'FORM', 'template_name': 'main', 'included': 1}
24-May-11 16:13:44.965291 | DEBUG    | MAIN LOGGER                    | get_db_project_dirpath() -> str: D:/общая папка/Новосергеевка\project.db        
24-May-11 16:13:44.966291 | DEBUG    | MAIN LOGGER                    | IN get_node_parent(node) -> object: node = {'id_node': 1202, 'name_node': 'ПТ-2', 'id_parent': 12, 'order_node': '2', 'type_node': 'FORM', 'template_name': 'main', 'included': 1}
24-May-11 16:13:44.966291 | DEBUG    | MAIN LOGGER                    | get_db_project_dirpath() -> str: D:/общая папка/Новосергеевка\project.db        
24-May-11 16:13:44.967290 | DEBUG    | MAIN LOGGER                    | IN add_node_for_datas(node): node = {'id_node': 12, 'name_node': 'Паспорт трассы', 'id_parent': 0, 'order_node': '3', 'type_node': 'GROUP', 'template_name': None, 'included': 1}
24-May-11 16:13:44.968292 | DEBUG    | MAIN LOGGER                    | IN get_node_data(node) -> list: node = {'id_node': 12, 'name_node': 'Паспорт трассы', 'id_parent': 0, 'order_node': '3', 'type_node': 'GROUP', 'template_name': None, 'included': 1}
24-May-11 16:13:44.968292 | DEBUG    | MAIN LOGGER                    | get_db_project_dirpath() -> str: D:/общая папка/Новосергеевка\project.db        
24-May-11 16:13:44.969292 | DEBUG    | MAIN LOGGER                    | IN get_node_parent(node) -> object: node = {'id_node': 12, 'name_node': 'Паспорт трассы', 'id_parent': 0, 'order_node': '3', 'type_node': 'GROUP', 'template_name': None, 'included': 1}
24-May-11 16:13:44.970292 | DEBUG    | MAIN LOGGER                    | get_db_project_dirpath() -> str: D:/общая папка/Новосергеевка\project.db        
24-May-11 16:13:44.970292 | DEBUG    | MAIN LOGGER                    | IN add_node_for_datas(node): node = {'id_node': 0, 'name_node': 'Проект', 'id_parent': None, 'order_node': '0', 'type_node': 'PROJECT', 'template_name': None, 'included': 1}
24-May-11 16:13:44.971292 | DEBUG    | MAIN LOGGER                    | IN get_node_data(node) -> list: node = {'id_node': 0, 'name_node': 'Проект', 'id_parent': None, 'order_node': '0', 'type_node': 'PROJECT', 'template_name': None, 'included': 1}
24-May-11 16:13:44.971292 | DEBUG    | MAIN LOGGER                    | get_db_project_dirpath() -> str: D:/общая папка/Новосергеевка\project.db        
24-May-11 16:13:44.972293 | DEBUG    | MAIN LOGGER                    | IN get_node_parent(node) -> object: node = {'id_node': 0, 'name_node': 'Проект', 'id_parent': None, 'order_node': '0', 'type_node': 'PROJECT', 'template_name': None, 'included': 1}
24-May-11 16:13:44.973293 | DEBUG    | MAIN LOGGER                    | get_db_project_dirpath() -> str: D:/общая папка/Новосергеевка\project.db        
24-May-11 16:13:44.973293 | DEBUG    | MAIN LOGGER                    | IN add_sections_in_sa()                                                         
24-May-11 16:13:44.979294 | DEBUG    | MAIN LOGGER                    | IN get_config_content(id_content) -> list: id_content = 1220                    
24-May-11 16:13:44.980293 | DEBUG    | MAIN LOGGER                    | get_db_project_dirpath() -> str: D:/общая папка/Новосергеевка\project.db        
24-May-11 16:13:44.980293 | DEBUG    | MAIN LOGGER                    | IN get_config_table(id_content) -> list: id_content = 1220                      
24-May-11 16:13:44.981295 | DEBUG    | MAIN LOGGER                    | get_db_project_dirpath() -> str: D:/общая папка/Новосергеевка\project.db        
24-May-11 16:13:44.986415 | DEBUG    | MAIN LOGGER                    | create_table_from_value(self, json_data): data = [["\u0414\u041f\u041e-048E08-06-1,5/0,3-\u043d\u0433(\u0410)-\u041dF", "750", "761", "- \u043f\u0440\u043e\u043a\u043b\u0430\u0434\u043a\u0430 \u0412\u041e\u041a \u0431\u0435\u0442\u043e\u043d\u043d\u043e\u043c \u043a\u043e\u0440\u043e\u0431\u0435 \u043f\u043e \u0441\u0443\u0449. \u043c\u0435\u0442\u0430\u043b\u043b\u0438\u0447\u0435\u0441\u043a\u043c \u043b\u043e\u0442\u043a\u0430\u043c \u0438 \u043f\u043e \u0437\u0434\u0430\u043d\u0438\u044e - 700 \u043c (\u0432 \u0442.\u0447. \u0437\u0430\u043f\u0430\u0441\u044b \u0412\u041e\u041a); - \u043f\u0440\u043e\u043a\u043b\u0430\u0434\u043a\u0430 \u0412\u041e\u041a \u0432 \u0433\u0440\u0443\u043d\u0442\u0435 \u0440\u0443\u0447\u043d\u044b\u043c \u0441\u043f\u043e\u0441\u043e\u0431\u043e\u043c - 50 \u043c (\u0432 \u0442.\u0447 \u0437\u0430\u043f\u0430\u0441\u044b \u0412\u041e\u041a)"], ["\u0414\u041f\u0422-048E08-06-7,0/0,3-\u0425", "809", "821", "- \u043f\u043e\u0434\u0432\u0435\u0441 \u0412\u041e\u041a \u043f\u043e \u043e\u043f\u043e\u0440\u0430\u043c \u041f\u0410\u041e \"\u0420\u043e\u0441\u0441\u0435\u0442\u0438 \u041b\u0435\u043d\u044d\u043d\u0435\u0440\u0433\u043e\" - 500 \u043c (\u0432 \u0442.\u0447. \u0437\u0430\u043f\u0430\u0441\u044b \u0412\u041e\u041a); \u043f\u0440\u043e\u043a\u043b\u0430\u0434\u043a\u0430 \u0412\u041e\u041a \u0432 \u043f\u043e\u0441\u0442\u0440\u043e\u0435\u043d\u043d\u043e\u0439 \u043c\u0435\u0442\u043e\u0434\u043e\u043c \u0413\u041d\u0411 \u043a\u0430\u0431\u0435\u043b\u044c\u043d\u043e\u0439 \u043a\u0430\u043d\u0430\u043b\u0438\u0437\u0430\u0446\u0438\u0438 \u0438 \u043f\u0440\u043e\u043a\u043b\u0430\u0434\u043a\u0430 \u0412\u041e\u041a \u0432 \u0433\u0440\u0443\u043d\u0442\u0435 \u0440\u0443\u0447\u043d\u044b\u043c \u0441\u043f\u043e\u0441\u043e\u0431\u043e\u043c - 309 \u043c (\u0432 \u0442.\u0447.\r\u0437\u0430\u043f\u0430\u0441\u044b \u0412\u041e\u041a)"]]
24-May-11 16:13:44.989417 | DEBUG    | MAIN LOGGER                    | IN get_config_content(id_content) -> list: id_content = 1225                    
24-May-11 16:13:44.989417 | DEBUG    | MAIN LOGGER                    | get_db_project_dirpath() -> str: D:/общая папка/Новосергеевка\project.db        
24-May-11 16:13:44.991419 | DEBUG    | MAIN LOGGER                    | FormText(self, pair, config_content): pair = {'id_pair': 501, 'id_page': 40, 'id_content': 1225, 'name_content': 'общая_физ_длина', 'value': '1559'}, config_content = {'id_content': 1225, 'name_content': 'общая_физ_длина', 'type_content': 'TEXT', 'title_content': 'Общая физическая длина', 'description_content': None, 'enable': None}
24-May-11 16:13:44.993420 | DEBUG    | MAIN LOGGER                    | IN get_config_content(id_content) -> list: id_content = 1226                    
24-May-11 16:13:44.993420 | DEBUG    | MAIN LOGGER                    | get_db_project_dirpath() -> str: D:/общая папка/Новосергеевка\project.db        
24-May-11 16:13:44.994419 | DEBUG    | MAIN LOGGER                    | FormText(self, pair, config_content): pair = {'id_pair': 502, 'id_page': 40, 'id_content': 1226, 'name_content': 'общая_опт_длина', 'value': '1582'}, config_content = {'id_content': 1226, 'name_content': 'общая_опт_длина', 'type_content': 'TEXT', 'title_content': 'Общая оптическая длина', 'description_content': None, 'enable': None}
24-May-11 16:13:44.997420 | DEBUG    | MAIN LOGGER                    | IN get_config_content(id_content) -> list: id_content = 1227                    
24-May-11 16:13:44.997420 | DEBUG    | MAIN LOGGER                    | get_db_project_dirpath() -> str: D:/общая папка/Новосергеевка\project.db        
24-May-11 16:13:44.998423 | DEBUG    | MAIN LOGGER                    | IN get_config_date(id_content) -> list: name_content = 1227                     
24-May-11 16:13:44.999422 | DEBUG    | MAIN LOGGER                    | get_db_project_dirpath() -> str: D:/общая папка/Новосергеевка\project.db        
24-May-11 16:13:44.999422 | DEBUG    | MAIN LOGGER                    | FormDate(self, pair, config_content, config_date): pair = {'id_pair': 503, 'id_page': 40, 'id_content': 1227, 'name_content': 'год_прокладки_кабеля', 'value': '2023'}, config_content = {'id_content': 1227, 'name_content': 'год_прокладки_кабеля', 'type_content': 'DATE', 'title_content': 'Год прокладки кабеля', 'description_content': None, 'enable': None}, config_date = [{'id_config': 103, 'id_content': 1227, 'type_config': 'FORMAT', 'value_config': 'yyyy', 'note_config': None}]
24-May-11 16:13:45.001422 | DEBUG    | MAIN LOGGER                    | string_to_date(self, str_date, str_format): str_date = 2023, str_format = yyyy  
24-May-11 16:13:45.003421 | DEBUG    | MAIN LOGGER                    | IN get_config_content(id_content) -> list: id_content = 1228                    
24-May-11 16:13:45.003421 | DEBUG    | MAIN LOGGER                    | get_db_project_dirpath() -> str: D:/общая папка/Новосергеевка\project.db        
24-May-11 16:13:45.004422 | DEBUG    | MAIN LOGGER                    | IN get_config_date(id_content) -> list: name_content = 1228                     
24-May-11 16:13:45.005422 | DEBUG    | MAIN LOGGER                    | get_db_project_dirpath() -> str: D:/общая папка/Новосергеевка\project.db        
24-May-11 16:13:45.006421 | DEBUG    | MAIN LOGGER                    | FormDate(self, pair, config_content, config_date): pair = {'id_pair': 504, 'id_page': 40, 'id_content': 1228, 'name_content': 'год_составления_паспорта', 'value': '2023'}, config_content = {'id_content': 1228, 'name_content': 'год_составления_паспорта', 'type_content': 'DATE', 'title_content': 'Год составления паспорта', 'description_content': None, 'enable': None}, config_date = [{'id_config': 104, 'id_content': 1228, 'type_config': 'FORMAT', 'value_config': 'yyyy', 'note_config': None}]
24-May-11 16:13:45.008231 | DEBUG    | MAIN LOGGER                    | string_to_date(self, str_date, str_format): str_date = 2023, str_format = yyyy  
24-May-11 16:13:45.009234 | DEBUG    | MAIN LOGGER                    | IN get_config_content(id_content) -> list: id_content = 1229                    
24-May-11 16:13:45.009234 | DEBUG    | MAIN LOGGER                    | get_db_project_dirpath() -> str: D:/общая папка/Новосергеевка\project.db        
24-May-11 16:13:45.010237 | DEBUG    | MAIN LOGGER                    | FormText(self, pair, config_content): pair = {'id_pair': 505, 'id_page': 40, 'id_content': 1229, 'name_content': 'отв_пред_орг_фио', 'value': 'А. В. Паршков'}, config_content = {'id_content': 1229, 'name_content': 'отв_пред_орг_фио ', 'type_content': 'TEXT', 'title_content': 'ФИО ответственного представителя организации', 'description_content': None, 'enable': None}
24-May-11 16:13:45.022240 | DEBUG    | MAIN LOGGER                    | IN get_config_content(id_content) -> list: id_content = 1101                    
24-May-11 16:13:45.023238 | DEBUG    | MAIN LOGGER                    | get_db_project_dirpath() -> str: D:/общая папка/Новосергеевка\project.db        
24-May-11 16:13:45.024235 | DEBUG    | MAIN LOGGER                    | FormText(self, pair, config_content): pair = {'id_pair': 1200, 'id_node': 12, 'id_content': 1101, 'name_content': 'инж_про_ком_фио', 'value': 'А. В. Селяков'}, config_content = {'id_content': 1101, 'name_content': 'инж_про_ком_фио', 'type_content': 'TEXT', 'title_content': 'ФИО инженера-проектировщика', 'description_content': None, 'enable': None}
24-May-11 16:13:45.026346 | DEBUG    | MAIN LOGGER                    | IN get_config_content(id_content) -> list: id_content = 1208                    
24-May-11 16:13:45.027338 | DEBUG    | MAIN LOGGER                    | get_db_project_dirpath() -> str: D:/общая папка/Новосергеевка\project.db        
24-May-11 16:13:45.028346 | DEBUG    | MAIN LOGGER                    | IN get_config_date(id_content) -> list: name_content = 1208                     
24-May-11 16:13:45.028346 | DEBUG    | MAIN LOGGER                    | get_db_project_dirpath() -> str: D:/общая папка/Новосергеевка\project.db        
24-May-11 16:13:45.029339 | DEBUG    | MAIN LOGGER                    | FormDate(self, pair, config_content, config_date): pair = {'id_pair': 1201, 'id_node': 12, 'id_content': 1208, 'name_content': 'дата', 'value': '2023'}, config_content = {'id_content': 1208, 'name_content': 'дата', 'type_content': 'DATE', 'title_content': 'Дата', 'description_content': None, 'enable': None}, config_date = [{'id_config': 100, 'id_content': 1208, 'type_config': 'FORMAT', 'value_config': 'yyyy', 'note_config': None}]
24-May-11 16:13:45.031341 | DEBUG    | MAIN LOGGER                    | string_to_date(self, str_date, str_format): str_date = 2023, str_format = yyyy  
24-May-11 16:13:45.037340 | DEBUG    | MAIN LOGGER                    | IN get_config_content(id_content) -> list: id_content = 1003                    
24-May-11 16:13:45.038343 | DEBUG    | MAIN LOGGER                    | get_db_project_dirpath() -> str: D:/общая папка/Новосергеевка\project.db        
24-May-11 16:13:45.039341 | DEBUG    | MAIN LOGGER                    | FormText(self, pair, config_content): pair = {'id_pair': 100, 'id_node': 0, 'id_content': 1003, 'name_content': 'название_объекта', 'value': '"Строительство ВОЛС ПАО "МегаФон" до клиента БС «Новосергиевка» по адресу\rЛенинградская обл. Всеволожский р-н. 7-й км"'}, config_content = {'id_content': 1003, 'name_content': 'название_объекта', 'type_content': 'TEXT', 'title_content': 'Название объекта', 'description_content': None, 'enable': None}
24-May-11 16:13:45.042252 | DEBUG    | MAIN LOGGER                    | IN get_config_content(id_content) -> list: id_content = 1004                    
24-May-11 16:13:45.043259 | DEBUG    | MAIN LOGGER                    | get_db_project_dirpath() -> str: D:/общая папка/Новосергеевка\project.db        
24-May-11 16:13:45.044264 | DEBUG    | MAIN LOGGER                    | FormText(self, pair, config_content): pair = {'id_pair': 101, 'id_node': 0, 'id_content': 1004, 'name_content': 'участок', 'value': 'Ленинградская обл., Всеволожский район, БС\r"Новосергиевка" - ОПУ №2 ПС-330 «Восточная»'}, config_content = {'id_content': 1004, 'name_content': 'участок', 'type_content': 'TEXT', 'title_content': 'Участок', 'description_content': None, 'enable': None}
24-May-11 16:13:45.047256 | DEBUG    | MAIN LOGGER                    | IN get_config_content(id_content) -> list: id_content = 1001                    
24-May-11 16:13:45.048257 | DEBUG    | MAIN LOGGER                    | get_db_project_dirpath() -> str: D:/общая папка/Новосергеевка\project.db        
24-May-11 16:13:45.049256 | DEBUG    | MAIN LOGGER                    | FormText(self, pair, config_content): pair = {'id_pair': 102, 'id_node': 0, 'id_content': 1001, 'name_content': 'название_компании', 'value': 'ТрансСвязь'}, config_content = {'id_content': 1001, 'name_content': 'название_компании', 'type_content': 'TEXT', 'title_content': 'Название компании', 'description_content': None, 'enable': None}
24-May-11 16:13:45.053271 | DEBUG    | MAIN LOGGER                    | IN create_one_page_pdf(page): page = {'id_page': 40, 'id_node_parent': 1202, 'page_name': 'Л.1. Паспорт трассы волоконно-оптической линии связи на участке.', 'template_name': '3-ПТ2-1', 'order_page': 0, 'included': 1}
24-May-11 16:13:45.054260 | DEBUG    | MAIN LOGGER                    | IN create_one_page_pdf(page): page = {'id_page': 40, 'id_node_parent': 1202, 'page_name': 'Л.1. Паспорт трассы волоконно-оптической линии связи на участке.', 'template_name': '3-ПТ2-1', 'order_page': 0, 'included': 1}
24-May-11 16:13:45.055258 | DEBUG    | MAIN LOGGER                    | IN create_docx_page(page): form_page_name = 3-ПТ2-1, docx_pdf_page_name = page_40_20240511161345055258
24-May-11 16:13:45.056267 | DEBUG    | MAIN LOGGER                    | get_forms_folder_dirpath() -> str: D:/общая папка/Новосергеевка\forms           
24-May-11 16:13:45.056267 | DEBUG    | MAIN LOGGER                    | get_temp_dirpath() -> str:                                                      
24-May-11 16:13:45.059259 | DEBUG    | MAIN LOGGER                    | IN get_config_content(id_content) -> list: id_content = 1220                    
24-May-11 16:13:45.059259 | DEBUG    | MAIN LOGGER                    | get_db_project_dirpath() -> str: D:/общая папка/Новосергеевка\project.db        
24-May-11 16:13:45.060259 | DEBUG    | MAIN LOGGER                    | IN get_config_table(id_content) -> list: id_content = 1220                      
24-May-11 16:13:45.061258 | DEBUG    | MAIN LOGGER                    | get_db_project_dirpath() -> str: D:/общая папка/Новосергеевка\project.db        
24-May-11 16:13:45.063260 | DEBUG    | MAIN LOGGER                    | IN get_config_content(id_content) -> list: id_content = 1225                    
24-May-11 16:13:45.064260 | DEBUG    | MAIN LOGGER                    | get_db_project_dirpath() -> str: D:/общая папка/Новосергеевка\project.db        
24-May-11 16:13:45.064260 | DEBUG    | MAIN LOGGER                    | IN get_config_content(id_content) -> list: id_content = 1226                    
24-May-11 16:13:45.065273 | DEBUG    | MAIN LOGGER                    | get_db_project_dirpath() -> str: D:/общая папка/Новосергеевка\project.db        
24-May-11 16:13:45.066268 | DEBUG    | MAIN LOGGER                    | IN get_config_content(id_content) -> list: id_content = 1227                    
24-May-11 16:13:45.066268 | DEBUG    | MAIN LOGGER                    | get_db_project_dirpath() -> str: D:/общая папка/Новосергеевка\project.db        
24-May-11 16:13:45.067268 | DEBUG    | MAIN LOGGER                    | IN get_config_content(id_content) -> list: id_content = 1228                    
24-May-11 16:13:45.067268 | DEBUG    | MAIN LOGGER                    | get_db_project_dirpath() -> str: D:/общая папка/Новосергеевка\project.db        
24-May-11 16:13:45.068268 | DEBUG    | MAIN LOGGER                    | IN get_config_content(id_content) -> list: id_content = 1229                    
24-May-11 16:13:45.068268 | DEBUG    | MAIN LOGGER                    | get_db_project_dirpath() -> str: D:/общая папка/Новосергеевка\project.db        
24-May-11 16:13:45.069276 | DEBUG    | MAIN LOGGER                    | IN get_config_content(id_content) -> list: id_content = 1101                    
24-May-11 16:13:45.070263 | DEBUG    | MAIN LOGGER                    | get_db_project_dirpath() -> str: D:/общая папка/Новосергеевка\project.db        
24-May-11 16:13:45.071265 | DEBUG    | MAIN LOGGER                    | IN get_config_content(id_content) -> list: id_content = 1208                    
24-May-11 16:13:45.071265 | DEBUG    | MAIN LOGGER                    | get_db_project_dirpath() -> str: D:/общая папка/Новосергеевка\project.db        
24-May-11 16:13:45.072265 | DEBUG    | MAIN LOGGER                    | IN get_config_content(id_content) -> list: id_content = 1003                    
24-May-11 16:13:45.072265 | DEBUG    | MAIN LOGGER                    | get_db_project_dirpath() -> str: D:/общая папка/Новосергеевка\project.db        
24-May-11 16:13:45.073262 | DEBUG    | MAIN LOGGER                    | IN get_config_content(id_content) -> list: id_content = 1004                    
24-May-11 16:13:45.074263 | DEBUG    | MAIN LOGGER                    | get_db_project_dirpath() -> str: D:/общая папка/Новосергеевка\project.db        
24-May-11 16:13:45.074263 | DEBUG    | MAIN LOGGER                    | IN get_config_content(id_content) -> list: id_content = 1001                    
24-May-11 16:13:45.075262 | DEBUG    | MAIN LOGGER                    | get_db_project_dirpath() -> str: D:/общая папка/Новосергеевка\project.db        
24-May-11 16:13:45.135814 | DEBUG    | MAIN LOGGER                    | IN create_pdf_from_docx_page(docx_pdf_page_name) -> str: docx_pdf_page_name = page_40_20240511161345055258
24-May-11 16:13:45.135814 | DEBUG    | MAIN LOGGER                    | get_temp_dirpath() -> str:                                                      
24-May-11 16:13:45.136814 | DEBUG    | MAIN LOGGER                    | get_temp_dirpath() -> str:                                                      
24-May-11 16:13:45.137813 | DEBUG    | MAIN LOGGER                    | IN convert_from_pdf_docx(docx_path, pdf_path): docx_path = C:\Users\hayar\AppData\Local\Temp\tmp3v22ixmu\page_40_20240511161345055258.docx, pdf_path = C:\Users\hayar\AppData\Local\Temp\tmp3v22ixmu\page_40_20240511161345055258.pdf
24-May-11 16:13:45.679564 | DEBUG    | MAIN LOGGER                    | load_and_show_pdf_document(pdf_path): pdf_path = C:\Users\hayar\AppData\Local\Temp\tmp3v22ixmu\page_40_20240511161345055258.pdf
24-May-11 16:13:47.477415 | DEBUG    | MAIN LOGGER                    | IN closeEvent(self, event): event = <PySide6.QtCore.QEvent(QEvent::Close)>      
24-May-11 16:13:47.477941 | DEBUG    | MAIN LOGGER                    | get_temp_dirpath() -> str:                                                      
24-May-11 16:13:47.477941 | DEBUG    | MAIN LOGGER                    | IN clear_temp_folder(is_del_folder): is_del_folder = True, temp_dirpath = C:\Users\hayar\AppData\Local\Temp\tmp3v22ixmu
24-May-11 16:13:47.478943 | DEBUG    | MAIN LOGGER                    | get_temp_dirpath() -> str:                                                      
24-May-11 16:13:47.478943 | ERROR    | MAIN LOGGER                    | [WinError 32] Процесс не может получить доступ к файлу, так как этот файл занят другим процессом: 'C:\\Users\\hayar\\AppData\\Local\\Temp\\tmp3v22ixmu\\page_40_20240511161345055258.pdf'
24-May-11 16:13:47.479947 | DEBUG    | MAIN LOGGER                    | set_temp_dirpath(dirpath: str): __temp_dirpath = C:\Users\hayar\AppData\Local\Temp\tmp2nq5bora
